###############################################################################
#
# IAR ANSI C/C++ Compiler V7.50.1.10123/W32 for ARM       13/Dec/2017  10:41:13
# Copyright 1999-2015 IAR Systems AB.
#
#    Cpu mode     =  thumb
#    Endian       =  little
#    Source file  =  F:\iar\NC199B-100\Library\Source\APP\Protocol\app_chk.c
#    Command line =  
#        F:\iar\NC199B-100\Library\Source\APP\Protocol\app_chk.c -D
#        USE_STDPERIPH_DRIVER -D _STM32F10X_HD -D STM32F10X_CL -D DEBUG -D
#        STM32F103RC -D STM32_FLASH_SIZE=256 -D HSE_VALUE=25000000 -lCN
#        F:\iar\NC199B-100\Library\Project\IAR\..\..\..\Output\Lib\Debug-RC\List\
#        -o
#        F:\iar\NC199B-100\Library\Project\IAR\..\..\..\Output\Lib\Debug-RC\Obj\
#        --no_unroll --no_inline --no_tbaa --no_scheduling --debug
#        --endian=little --cpu=Cortex-M3 -e --fpu=None --dlib_config
#        "C:\Program Files (x86)\IAR Systems\Embedded Workbench
#        7.3\arm\INC\c\DLib_Config_Full.h" -I
#        F:\iar\NC199B-100\Library\Project\IAR\ -I
#        F:\iar\NC199B-100\Library\Project\IAR\..\..\Source\APP\ -I
#        F:\iar\NC199B-100\Library\Project\IAR\..\..\Source\APP\User\ -I
#        F:\iar\NC199B-100\Library\Project\IAR\..\..\Source\APP\AES\ -I
#        F:\iar\NC199B-100\Library\Project\IAR\..\..\Source\APP\Config\ -I
#        F:\iar\NC199B-100\Library\Project\IAR\..\..\Source\APP\OS\ -I
#        F:\iar\NC199B-100\Library\Project\IAR\..\..\Source\APP\User\ -I
#        F:\iar\NC199B-100\Library\Project\IAR\..\..\Source\APP\SIM900A\Source\
#        -I
#        F:\iar\NC199B-100\Library\Project\IAR\..\..\Source\APP\SIM900A\Port\
#        -I F:\iar\NC199B-100\Library\Project\IAR\..\..\Source\APP\SIM900A\OS\
#        -I
#        F:\iar\NC199B-100\Library\Project\IAR\..\..\Source\APP\SIM900A\Config\
#        -I F:\iar\NC199B-100\Library\Project\IAR\..\..\Source\APP\Protocol\ -I
#        F:\iar\NC199B-100\Library\Project\IAR\..\..\Source\APP\Iap\ -I
#        F:\iar\NC199B-100\Library\Project\IAR\..\..\Source\BSP\ -I
#        F:\iar\NC199B-100\Library\Project\IAR\..\..\Source\BSP\Driver\ -I
#        F:\iar\NC199B-100\Library\Project\IAR\..\..\Source\BSP\IAR\ -I
#        F:\iar\NC199B-100\Library\Project\IAR\..\..\Source\BSP\Os\ -I
#        F:\iar\NC199B-100\Library\Project\IAR\..\..\Source\BSP\Os\uCOS-III\ -I
#        F:\iar\NC199B-100\Library\Project\IAR\..\..\Source\BSP\St\ -I
#        F:\iar\NC199B-100\Library\Project\IAR\..\..\Source\BSP\St\FWLib\CMSIS\CM3\CoreSupport\
#        -I
#        F:\iar\NC199B-100\Library\Project\IAR\..\..\Source\BSP\St\FWLib\CMSIS\CM3\DeviceSupport\ST\STM32F10x\
#        -I
#        F:\iar\NC199B-100\Library\Project\IAR\..\..\Source\BSP\St\FWLib\STM32F10x_StdPeriph_Driver\inc\
#        -I F:\iar\NC199B-100\Library\Project\IAR\..\..\Source\Micrium\uC-CPU\
#        -I
#        F:\iar\NC199B-100\Library\Project\IAR\..\..\Source\Micrium\uC-CPU\ARM-Cortex-M3\IAR\
#        -I F:\iar\NC199B-100\Library\Project\IAR\..\..\Source\Micrium\uC-LIB\
#        -I F:\iar\NC199B-100\Library\Project\IAR\..\..\Source\BSP\Os\OSAL\ -I
#        F:\iar\NC199B-100\Library\Project\IAR\..\..\Source\OSAL\OS\ -I
#        F:\iar\NC199B-100\Library\Project\IAR\..\..\Source\Micrium\uC-MB\ -I
#        F:\iar\NC199B-100\Library\Project\IAR\..\..\Source\Micrium\uC-MB\Cfg\Template\
#        -I
#        F:\iar\NC199B-100\Library\Project\IAR\..\..\Source\Micrium\uC-MB\OS\uCOS-III\
#        -I
#        F:\iar\NC199B-100\Library\Project\IAR\..\..\Source\Micrium\uC-MB\Source\
#        -I
#        F:\iar\NC199B-100\Library\Project\IAR\..\..\Source\Micrium\uC-OS-III\
#        -I
#        F:\iar\NC199B-100\Library\Project\IAR\..\..\Source\Micrium\uC-OS-III\Ports\ARM-Cortex-M3\Generic\IAR\
#        -I
#        F:\iar\NC199B-100\Library\Project\IAR\..\..\Source\Micrium\uC-OS-III\Source\
#        -I F:\iar\NC199B-100\Library\Project\IAR\..\..\Source\FatFs\ -I
#        F:\iar\NC199B-100\Library\Project\IAR\..\..\Source\FatFs\option\ -Om
#        --use_c++_inline -I "C:\Program Files (x86)\IAR Systems\Embedded
#        Workbench 7.3\arm\CMSIS\Include\"
#    List file    =  
#        F:\iar\NC199B-100\Library\Project\IAR\..\..\..\Output\Lib\Debug-RC\List\app_chk.lst
#    Object file  =  
#        F:\iar\NC199B-100\Library\Project\IAR\..\..\..\Output\Lib\Debug-RC\Obj\app_chk.o
#
###############################################################################

F:\iar\NC199B-100\Library\Source\APP\Protocol\app_chk.c
      1          /*******************************************************************************
      2           *   Filename:      app_tax.c
      3           *   Revised:       $Date: 2017-07-25$
      4           *   Revision:      $
      5           *	 Writer:		Wuming Shen.
      6           *
      7           *   Description:
      8           *   Notes:
      9           *					QQ:276193028
     10           *     				E-mail:shenchangwei945@163.com
     11           *
     12           *   All copyrights reserved to Wuming Shen.
     13           *
     14           *******************************************************************************/
     15          
     16          /*******************************************************************************
     17           * INCLUDES
     18           */
     19          #define  SNL_APP_SOURCE
     20          #include "includes.h"  
     21          
     22          #ifdef VSC_INCLUDE_SOURCE_FILE_NAMES
     23          const  CPU_CHAR  *app_chk__c = "$Id: $";
     24          #endif
     25          
     26          /*******************************************************************************
     27           * CONSTANTS
     28           */

   \                                 In section .text, align 4, keep-with-next
     29          const uint16_t APP_SD_CRC16_TAB[256] = {    
   \                     APP_SD_CRC16_TAB:
   \   00000000   0x0000 0x1021      DC16 0, 4129, 8258, 12387, 16516, 20645, 24774, 28903, 33032, 37161
   \              0x2042 0x3063
   \              0x4084 0x50A5
   \              0x60C6 0x70E7
   \              0x8108 0x9129
   \   00000014   0xA14A 0xB16B      DC16 41290, 45419, 49548, 53677, 57806, 61935, 4657, 528, 12915, 8786
   \              0xC18C 0xD1AD
   \              0xE1CE 0xF1EF
   \              0x1231 0x0210
   \              0x3273 0x2252
   \   00000028   0x52B5 0x4294      DC16 21173, 17044, 29431, 25302, 37689, 33560, 45947, 41818, 54205
   \              0x72F7 0x62D6
   \              0x9339 0x8318
   \              0xB37B 0xA35A
   \              0xD3BD       
   \   0000003A   0xC39C 0xF3FF      DC16 50076, 62463, 58334, 9314, 13379, 1056, 5121, 25830, 29895, 17572
   \              0xE3DE 0x2462
   \              0x3443 0x0420
   \              0x1401 0x64E6
   \              0x74C7 0x44A4
   \   0000004E   0x5485 0xA56A      DC16 21637, 42346, 46411, 34088, 38153, 58862, 62927, 50604, 54669
   \              0xB54B 0x8528
   \              0x9509 0xE5EE
   \              0xF5CF 0xC5AC
   \              0xD58D       
   \   00000060   0x3653 0x2672      DC16 13907, 9842, 5649, 1584, 30423, 26358, 22165, 18100, 46939, 42874
   \              0x1611 0x0630
   \              0x76D7 0x66F6
   \              0x5695 0x46B4
   \              0xB75B 0xA77A
   \   00000074   0x9719 0x8738      DC16 38681, 34616, 63455, 59390, 55197, 51132, 18628, 22757, 26758
   \              0xF7DF 0xE7FE
   \              0xD79D 0xC7BC
   \              0x48C4 0x58E5
   \              0x6886       
   \   00000086   0x78A7 0x0840      DC16 30887, 2112, 6241, 10242, 14371, 51660, 55789, 59790, 63919, 35144
   \              0x1861 0x2802
   \              0x3823 0xC9CC
   \              0xD9ED 0xE98E
   \              0xF9AF 0x8948
   \   0000009A   0x9969 0xA90A      DC16 39273, 43274, 47403, 23285, 19156, 31415, 27286, 6769, 2640, 14899
   \              0xB92B 0x5AF5
   \              0x4AD4 0x7AB7
   \              0x6A96 0x1A71
   \              0x0A50 0x3A33
   \   000000AE   0x2A12 0xDBFD      DC16 10770, 56317, 52188, 64447, 60318, 39801, 35672, 47931, 43802
   \              0xCBDC 0xFBBF
   \              0xEB9E 0x9B79
   \              0x8B58 0xBB3B
   \              0xAB1A       
   \   000000C0   0x6CA6 0x7C87      DC16 27814, 31879, 19684, 23749, 11298, 15363, 3168, 7233, 60846, 64911
   \              0x4CE4 0x5CC5
   \              0x2C22 0x3C03
   \              0x0C60 0x1C41
   \              0xEDAE 0xFD8F
   \   000000D4   0xCDEC 0xDDCD      DC16 52716, 56781, 44330, 48395, 36200, 40265, 32407, 28342, 24277
   \              0xAD2A 0xBD0B
   \              0x8D68 0x9D49
   \              0x7E97 0x6EB6
   \              0x5ED5       
   \   000000E6   0x4EF4 0x3E13      DC16 20212, 15891, 11826, 7761, 3696, 65439, 61374, 57309, 53244, 48923
   \              0x2E32 0x1E51
   \              0x0E70 0xFF9F
   \              0xEFBE 0xDFDD
   \              0xCFFC 0xBF1B
   \   000000FA   0xAF3A 0x9F59      DC16 44858, 40793, 36728, 37256, 33193, 45514, 41451, 53516, 49453
   \              0x8F78 0x9188
   \              0x81A9 0xB1CA
   \              0xA1EB 0xD10C
   \              0xC12D       
   \   0000010C   0xF14E 0xE16F      DC16 61774, 57711, 4224, 161, 12482, 8419, 20484, 16421, 28742, 24679
   \              0x1080 0x00A1
   \              0x30C2 0x20E3
   \              0x5004 0x4025
   \              0x7046 0x6067
   \   00000120   0x83B9 0x9398      DC16 33721, 37784, 41979, 46042, 49981, 54044, 58239, 62302, 689, 4752
   \              0xA3FB 0xB3DA
   \              0xC33D 0xD31C
   \              0xE37F 0xF35E
   \              0x02B1 0x1290
   \   00000134   0x22F3 0x32D2      DC16 8947, 13010, 16949, 21012, 25207, 29270, 46570, 42443, 38312
   \              0x4235 0x5214
   \              0x6277 0x7256
   \              0xB5EA 0xA5CB
   \              0x95A8       
   \   00000146   0x8589 0xF56E      DC16 34185, 62830, 58703, 54572, 50445, 13538, 9411, 5280, 1153, 29798
   \              0xE54F 0xD52C
   \              0xC50D 0x34E2
   \              0x24C3 0x14A0
   \              0x0481 0x7466
   \   0000015A   0x6447 0x5424      DC16 25671, 21540, 17413, 42971, 47098, 34713, 38840, 59231, 63358
   \              0x4405 0xA7DB
   \              0xB7FA 0x8799
   \              0x97B8 0xE75F
   \              0xF77E       
   \   0000016C   0xC71D 0xD73C      DC16 50973, 55100, 9939, 14066, 1681, 5808, 26199, 30326, 17941, 22068
   \              0x26D3 0x36F2
   \              0x0691 0x16B0
   \              0x6657 0x7676
   \              0x4615 0x5634
   \   00000180   0xD94C 0xC96D      DC16 55628, 51565, 63758, 59695, 39368, 35305, 47498, 43435, 22596
   \              0xF90E 0xE92F
   \              0x99C8 0x89E9
   \              0xB98A 0xA9AB
   \              0x5844       
   \   00000192   0x4865 0x7806      DC16 18533, 30726, 26663, 6336, 2273, 14466, 10403, 52093, 56156, 60223
   \              0x6827 0x18C0
   \              0x08E1 0x3882
   \              0x28A3 0xCB7D
   \              0xDB5C 0xEB3F
   \   000001A6   0xFB1E 0x8BF9      DC16 64286, 35833, 39896, 43963, 48026, 19061, 23124, 27191, 31254
   \              0x9BD8 0xABBB
   \              0xBB9A 0x4A75
   \              0x5A54 0x6A37
   \              0x7A16       
   \   000001B8   0x0AF1 0x1AD0      DC16 2801, 6864, 10931, 14994, 64814, 60687, 56684, 52557, 48554, 44427
   \              0x2AB3 0x3A92
   \              0xFD2E 0xED0F
   \              0xDD6C 0xCD4D
   \              0xBDAA 0xAD8B
   \   000001CC   0x9DE8 0x8DC9      DC16 40424, 36297, 31782, 27655, 23652, 19525, 15522, 11395, 7392, 3265
   \              0x7C26 0x6C07
   \              0x5C64 0x4C45
   \              0x3CA2 0x2C83
   \              0x1CE0 0x0CC1
   \   000001E0   0xEF1F 0xFF3E      DC16 61215, 65342, 53085, 57212, 44955, 49082, 36825, 40952, 28183
   \              0xCF5D 0xDF7C
   \              0xAF9B 0xBFBA
   \              0x8FD9 0x9FF8
   \              0x6E17       
   \   000001F2   0x7E36 0x4E55      DC16 32310, 20053, 24180, 11923, 16050, 3793, 7920
   \              0x5E74 0x2E93
   \              0x3EB2 0x0ED1
   \              0x1EF0       
     30              0x0000, 0x1021, 0x2042, 0x3063, 0x4084, 0x50A5, 0x60C6, 0x70E7,
     31              0x8108, 0x9129, 0xA14A, 0xB16B, 0xC18C, 0xD1AD, 0xE1CE, 0xF1EF,
     32              0x1231, 0x0210, 0x3273, 0x2252, 0x52B5, 0x4294, 0x72F7, 0x62D6,
     33              0x9339, 0x8318, 0xB37B, 0xA35A, 0xD3BD, 0xC39C, 0xF3FF, 0xE3DE,
     34              0x2462, 0x3443, 0x0420, 0x1401, 0x64E6, 0x74C7, 0x44A4, 0x5485,
     35              0xA56A, 0xB54B, 0x8528, 0x9509, 0xE5EE, 0xF5CF, 0xC5AC, 0xD58D,
     36              0x3653, 0x2672, 0x1611, 0x0630, 0x76D7, 0x66F6, 0x5695, 0x46B4,
     37              0xB75B, 0xA77A, 0x9719, 0x8738, 0xF7DF, 0xE7FE, 0xD79D, 0xC7BC,
     38              0x48C4, 0x58E5, 0x6886, 0x78A7, 0x0840, 0x1861, 0x2802, 0x3823,
     39              0xC9CC, 0xD9ED, 0xE98E, 0xF9AF, 0x8948, 0x9969, 0xA90A, 0xB92B,
     40              0x5AF5, 0x4AD4, 0x7AB7, 0x6A96, 0x1A71, 0x0A50, 0x3A33, 0x2A12,
     41              0xDBFD, 0xCBDC, 0xFBBF, 0xEB9E, 0x9B79, 0x8B58, 0xBB3B, 0xAB1A,
     42              0x6CA6, 0x7C87, 0x4CE4, 0x5CC5, 0x2C22, 0x3C03, 0x0C60, 0x1C41,
     43              0xEDAE, 0xFD8F, 0xCDEC, 0xDDCD, 0xAD2A, 0xBD0B, 0x8D68, 0x9D49,
     44              0x7E97, 0x6EB6, 0x5ED5, 0x4EF4, 0x3E13, 0x2E32, 0x1E51, 0x0E70,
     45              0xFF9F, 0xEFBE, 0xDFDD, 0xCFFC, 0xBF1B, 0xAF3A, 0x9F59, 0x8F78,
     46              0x9188, 0x81A9, 0xB1CA, 0xA1EB, 0xD10C, 0xC12D, 0xF14E, 0xE16F,
     47              0x1080, 0x00A1, 0x30C2, 0x20E3, 0x5004, 0x4025, 0x7046, 0x6067,
     48              0x83B9, 0x9398, 0xA3FB, 0xB3DA, 0xC33D, 0xD31C, 0xE37F, 0xF35E,
     49              0x02B1, 0x1290, 0x22F3, 0x32D2, 0x4235, 0x5214, 0x6277, 0x7256,
     50              0xB5EA, 0xA5CB, 0x95A8, 0x8589, 0xF56E, 0xE54F, 0xD52C, 0xC50D,
     51              0x34E2, 0x24C3, 0x14A0, 0x0481, 0x7466, 0x6447, 0x5424, 0x4405,
     52              0xA7DB, 0xB7FA, 0x8799, 0x97B8, 0xE75F, 0xF77E, 0xC71D, 0xD73C,
     53              0x26D3, 0x36F2, 0x0691, 0x16B0, 0x6657, 0x7676, 0x4615, 0x5634,
     54              0xD94C, 0xC96D, 0xF90E, 0xE92F, 0x99C8, 0x89E9, 0xB98A, 0xA9AB,
     55              0x5844, 0x4865, 0x7806, 0x6827, 0x18C0, 0x08E1, 0x3882, 0x28A3,
     56              0xCB7D, 0xDB5C, 0xEB3F, 0xFB1E, 0x8BF9, 0x9BD8, 0xABBB, 0xBB9A,
     57              0x4A75, 0x5A54, 0x6A37, 0x7A16, 0x0AF1, 0x1AD0, 0x2AB3, 0x3A92,
     58              0xFD2E, 0xED0F, 0xDD6C, 0xCD4D, 0xBDAA, 0xAD8B, 0x9DE8, 0x8DC9,
     59              0x7C26, 0x6C07, 0x5C64, 0x4C45, 0x3CA2, 0x2C83, 0x1CE0, 0x0CC1,
     60              0xEF1F, 0xFF3E, 0xCF5D, 0xDF7C, 0xAF9B, 0xBFBA, 0x8FD9, 0x9FF8,
     61              0x6E17, 0x7E36, 0x4E55, 0x5E74, 0x2E93, 0x3EB2, 0x0ED1, 0x1EF0
     62          };
     63          

   \                                 In section .text, align 4, keep-with-next
     64          const uint16_t APP_CRC16_TAB[256] = { 
   \                     APP_CRC16_TAB:
   \   00000000   0x0000 0xC0C1      DC16 0, 49345, 49537, 320, 49921, 960, 640, 49729, 50689, 1728, 1920
   \              0xC181 0x0140
   \              0xC301 0x03C0
   \              0x0280 0xC241
   \              0xC601 0x06C0
   \              0x0780       
   \   00000016   0xC741 0x0500      DC16 51009, 1280, 50625, 50305, 1088, 52225, 3264, 3456, 52545, 3840
   \              0xC5C1 0xC481
   \              0x0440 0xCC01
   \              0x0CC0 0x0D80
   \              0xCD41 0x0F00
   \   0000002A   0xCFC1 0xCE81      DC16 53185, 52865, 3648, 2560, 51905, 52097, 2880, 51457, 2496, 2176
   \              0x0E40 0x0A00
   \              0xCAC1 0xCB81
   \              0x0B40 0xC901
   \              0x09C0 0x0880
   \   0000003E   0xC841 0xD801      DC16 51265, 55297, 6336, 6528, 55617, 6912, 56257, 55937, 6720, 7680
   \              0x18C0 0x1980
   \              0xD941 0x1B00
   \              0xDBC1 0xDA81
   \              0x1A40 0x1E00
   \   00000052   0xDEC1 0xDF81      DC16 57025, 57217, 8000, 56577, 7616, 7296, 56385, 5120, 54465, 54657
   \              0x1F40 0xDD01
   \              0x1DC0 0x1C80
   \              0xDC41 0x1400
   \              0xD4C1 0xD581
   \   00000066   0x1540 0xD701      DC16 5440, 55041, 6080, 5760, 54849, 53761, 4800, 4992, 54081, 4352
   \              0x17C0 0x1680
   \              0xD641 0xD201
   \              0x12C0 0x1380
   \              0xD341 0x1100
   \   0000007A   0xD1C1 0xD081      DC16 53697, 53377, 4160, 61441, 12480, 12672, 61761, 13056, 62401
   \              0x1040 0xF001
   \              0x30C0 0x3180
   \              0xF141 0x3300
   \              0xF3C1       
   \   0000008C   0xF281 0x3240      DC16 62081, 12864, 13824, 63169, 63361, 14144, 62721, 13760, 13440
   \              0x3600 0xF6C1
   \              0xF781 0x3740
   \              0xF501 0x35C0
   \              0x3480       
   \   0000009E   0xF441 0x3C00      DC16 62529, 15360, 64705, 64897, 15680, 65281, 16320, 16000, 65089
   \              0xFCC1 0xFD81
   \              0x3D40 0xFF01
   \              0x3FC0 0x3E80
   \              0xFE41       
   \   000000B0   0xFA01 0x3AC0      DC16 64001, 15040, 15232, 64321, 14592, 63937, 63617, 14400, 10240
   \              0x3B80 0xFB41
   \              0x3900 0xF9C1
   \              0xF881 0x3840
   \              0x2800       
   \   000000C2   0xE8C1 0xE981      DC16 59585, 59777, 10560, 60161, 11200, 10880, 59969, 60929, 11968
   \              0x2940 0xEB01
   \              0x2BC0 0x2A80
   \              0xEA41 0xEE01
   \              0x2EC0       
   \   000000D4   0x2F80 0xEF41      DC16 12160, 61249, 11520, 60865, 60545, 11328, 58369, 9408, 9600, 58689
   \              0x2D00 0xEDC1
   \              0xEC81 0x2C40
   \              0xE401 0x24C0
   \              0x2580 0xE541
   \   000000E8   0x2700 0xE7C1      DC16 9984, 59329, 59009, 9792, 8704, 58049, 58241, 9024, 57601, 8640
   \              0xE681 0x2640
   \              0x2200 0xE2C1
   \              0xE381 0x2340
   \              0xE101 0x21C0
   \   000000FC   0x2080 0xE041      DC16 8320, 57409, 40961, 24768, 24960, 41281, 25344, 41921, 41601
   \              0xA001 0x60C0
   \              0x6180 0xA141
   \              0x6300 0xA3C1
   \              0xA281       
   \   0000010E   0x6240 0x6600      DC16 25152, 26112, 42689, 42881, 26432, 42241, 26048, 25728, 42049
   \              0xA6C1 0xA781
   \              0x6740 0xA501
   \              0x65C0 0x6480
   \              0xA441       
   \   00000120   0x6C00 0xACC1      DC16 27648, 44225, 44417, 27968, 44801, 28608, 28288, 44609, 43521
   \              0xAD81 0x6D40
   \              0xAF01 0x6FC0
   \              0x6E80 0xAE41
   \              0xAA01       
   \   00000132   0x6AC0 0x6B80      DC16 27328, 27520, 43841, 26880, 43457, 43137, 26688, 30720, 47297
   \              0xAB41 0x6900
   \              0xA9C1 0xA881
   \              0x6840 0x7800
   \              0xB8C1       
   \   00000144   0xB981 0x7940      DC16 47489, 31040, 47873, 31680, 31360, 47681, 48641, 32448, 32640
   \              0xBB01 0x7BC0
   \              0x7A80 0xBA41
   \              0xBE01 0x7EC0
   \              0x7F80       
   \   00000156   0xBF41 0x7D00      DC16 48961, 32000, 48577, 48257, 31808, 46081, 29888, 30080, 46401
   \              0xBDC1 0xBC81
   \              0x7C40 0xB401
   \              0x74C0 0x7580
   \              0xB541       
   \   00000168   0x7700 0xB7C1      DC16 30464, 47041, 46721, 30272, 29184, 45761, 45953, 29504, 45313
   \              0xB681 0x7640
   \              0x7200 0xB2C1
   \              0xB381 0x7340
   \              0xB101       
   \   0000017A   0x71C0 0x7080      DC16 29120, 28800, 45121, 20480, 37057, 37249, 20800, 37633, 21440
   \              0xB041 0x5000
   \              0x90C1 0x9181
   \              0x5140 0x9301
   \              0x53C0       
   \   0000018C   0x5280 0x9241      DC16 21120, 37441, 38401, 22208, 22400, 38721, 21760, 38337, 38017
   \              0x9601 0x56C0
   \              0x5780 0x9741
   \              0x5500 0x95C1
   \              0x9481       
   \   0000019E   0x5440 0x9C01      DC16 21568, 39937, 23744, 23936, 40257, 24320, 40897, 40577, 24128
   \              0x5CC0 0x5D80
   \              0x9D41 0x5F00
   \              0x9FC1 0x9E81
   \              0x5E40       
   \   000001B0   0x5A00 0x9AC1      DC16 23040, 39617, 39809, 23360, 39169, 22976, 22656, 38977, 34817
   \              0x9B81 0x5B40
   \              0x9901 0x59C0
   \              0x5880 0x9841
   \              0x8801       
   \   000001C2   0x48C0 0x4980      DC16 18624, 18816, 35137, 19200, 35777, 35457, 19008, 19968, 36545
   \              0x8941 0x4B00
   \              0x8BC1 0x8A81
   \              0x4A40 0x4E00
   \              0x8EC1       
   \   000001D4   0x8F81 0x4F40      DC16 36737, 20288, 36097, 19904, 19584, 35905, 17408, 33985, 34177
   \              0x8D01 0x4DC0
   \              0x4C80 0x8C41
   \              0x4400 0x84C1
   \              0x8581       
   \   000001E6   0x4540 0x8701      DC16 17728, 34561, 18368, 18048, 34369, 33281, 17088, 17280, 33601
   \              0x47C0 0x4680
   \              0x8641 0x8201
   \              0x42C0 0x4380
   \              0x8341       
   \   000001F8   0x4100 0x81C1      DC16 16640, 33217, 32897, 16448
   \              0x8081 0x4040
     65              0x0000, 0xC0C1, 0xC181, 0x0140, 0xC301, 0x03C0, 0x0280, 0xC241,   
     66              0xC601, 0x06C0, 0x0780, 0xC741, 0x0500, 0xC5C1, 0xC481, 0x0440,   
     67              0xCC01, 0x0CC0, 0x0D80, 0xCD41, 0x0F00, 0xCFC1, 0xCE81, 0x0E40,   
     68              0x0A00, 0xCAC1, 0xCB81, 0x0B40, 0xC901, 0x09C0, 0x0880, 0xC841,   
     69              0xD801, 0x18C0, 0x1980, 0xD941, 0x1B00, 0xDBC1, 0xDA81, 0x1A40,   
     70              0x1E00, 0xDEC1, 0xDF81, 0x1F40, 0xDD01, 0x1DC0, 0x1C80, 0xDC41,   
     71              0x1400, 0xD4C1, 0xD581, 0x1540, 0xD701, 0x17C0, 0x1680, 0xD641,   
     72              0xD201, 0x12C0, 0x1380, 0xD341, 0x1100, 0xD1C1, 0xD081, 0x1040,   
     73              0xF001, 0x30C0, 0x3180, 0xF141, 0x3300, 0xF3C1, 0xF281, 0x3240,   
     74              0x3600, 0xF6C1, 0xF781, 0x3740, 0xF501, 0x35C0, 0x3480, 0xF441,   
     75              0x3C00, 0xFCC1, 0xFD81, 0x3D40, 0xFF01, 0x3FC0, 0x3E80, 0xFE41,   
     76              0xFA01, 0x3AC0, 0x3B80, 0xFB41, 0x3900, 0xF9C1, 0xF881, 0x3840,   
     77              0x2800, 0xE8C1, 0xE981, 0x2940, 0xEB01, 0x2BC0, 0x2A80, 0xEA41,   
     78              0xEE01, 0x2EC0, 0x2F80, 0xEF41, 0x2D00, 0xEDC1, 0xEC81, 0x2C40,   
     79              0xE401, 0x24C0, 0x2580, 0xE541, 0x2700, 0xE7C1, 0xE681, 0x2640,   
     80              0x2200, 0xE2C1, 0xE381, 0x2340, 0xE101, 0x21C0, 0x2080, 0xE041,   
     81              0xA001, 0x60C0, 0x6180, 0xA141, 0x6300, 0xA3C1, 0xA281, 0x6240,   
     82              0x6600, 0xA6C1, 0xA781, 0x6740, 0xA501, 0x65C0, 0x6480, 0xA441,   
     83              0x6C00, 0xACC1, 0xAD81, 0x6D40, 0xAF01, 0x6FC0, 0x6E80, 0xAE41,   
     84              0xAA01, 0x6AC0, 0x6B80, 0xAB41, 0x6900, 0xA9C1, 0xA881, 0x6840,   
     85              0x7800, 0xB8C1, 0xB981, 0x7940, 0xBB01, 0x7BC0, 0x7A80, 0xBA41,   
     86              0xBE01, 0x7EC0, 0x7F80, 0xBF41, 0x7D00, 0xBDC1, 0xBC81, 0x7C40,   
     87              0xB401, 0x74C0, 0x7580, 0xB541, 0x7700, 0xB7C1, 0xB681, 0x7640,   
     88              0x7200, 0xB2C1, 0xB381, 0x7340, 0xB101, 0x71C0, 0x7080, 0xB041,   
     89              0x5000, 0x90C1, 0x9181, 0x5140, 0x9301, 0x53C0, 0x5280, 0x9241,   
     90              0x9601, 0x56C0, 0x5780, 0x9741, 0x5500, 0x95C1, 0x9481, 0x5440,   
     91              0x9C01, 0x5CC0, 0x5D80, 0x9D41, 0x5F00, 0x9FC1, 0x9E81, 0x5E40,   
     92              0x5A00, 0x9AC1, 0x9B81, 0x5B40, 0x9901, 0x59C0, 0x5880, 0x9841,   
     93              0x8801, 0x48C0, 0x4980, 0x8941, 0x4B00, 0x8BC1, 0x8A81, 0x4A40,   
     94              0x4E00, 0x8EC1, 0x8F81, 0x4F40, 0x8D01, 0x4DC0, 0x4C80, 0x8C41,   
     95              0x4400, 0x84C1, 0x8581, 0x4540, 0x8701, 0x47C0, 0x4680, 0x8641,   
     96              0x8201, 0x42C0, 0x4380, 0x8341, 0x4100, 0x81C1, 0x8081, 0x4040
     97                  
     98          };
     99          
    100          //modbus采用的CRC校验

   \                                 In section .text, align 4, keep-with-next
    101          const uint8_t APP_AUCH_CRC_HI[] = {
   \                     APP_AUCH_CRC_HI:
   \   00000000   0x00 0xC1          DC8 0, 193, 129, 64, 1, 192, 128, 65, 1, 192, 128, 65, 0, 193, 129, 64
   \              0x81 0x40    
   \              0x01 0xC0    
   \              0x80 0x41    
   \              0x01 0xC0    
   \              0x80 0x41    
   \              0x00 0xC1    
   \              0x81 0x40    
   \   00000010   0x01 0xC0          DC8 1, 192, 128, 65, 0, 193, 129, 64, 0, 193, 129, 64, 1, 192, 128, 65
   \              0x80 0x41    
   \              0x00 0xC1    
   \              0x81 0x40    
   \              0x00 0xC1    
   \              0x81 0x40    
   \              0x01 0xC0    
   \              0x80 0x41    
   \   00000020   0x01 0xC0          DC8 1, 192, 128, 65, 0, 193, 129, 64, 0, 193, 129, 64, 1, 192, 128, 65
   \              0x80 0x41    
   \              0x00 0xC1    
   \              0x81 0x40    
   \              0x00 0xC1    
   \              0x81 0x40    
   \              0x01 0xC0    
   \              0x80 0x41    
   \   00000030   0x00 0xC1          DC8 0, 193, 129, 64, 1, 192, 128, 65, 1, 192, 128, 65, 0, 193, 129, 64
   \              0x81 0x40    
   \              0x01 0xC0    
   \              0x80 0x41    
   \              0x01 0xC0    
   \              0x80 0x41    
   \              0x00 0xC1    
   \              0x81 0x40    
   \   00000040   0x01 0xC0          DC8 1, 192, 128, 65, 0, 193, 129, 64, 0, 193, 129, 64, 1, 192, 128, 65
   \              0x80 0x41    
   \              0x00 0xC1    
   \              0x81 0x40    
   \              0x00 0xC1    
   \              0x81 0x40    
   \              0x01 0xC0    
   \              0x80 0x41    
   \   00000050   0x00 0xC1          DC8 0, 193, 129, 64, 1, 192, 128, 65, 1, 192, 128, 65, 0, 193, 129, 64
   \              0x81 0x40    
   \              0x01 0xC0    
   \              0x80 0x41    
   \              0x01 0xC0    
   \              0x80 0x41    
   \              0x00 0xC1    
   \              0x81 0x40    
   \   00000060   0x00 0xC1          DC8 0, 193, 129, 64, 1, 192, 128, 65, 1, 192, 128, 65, 0, 193, 129, 64
   \              0x81 0x40    
   \              0x01 0xC0    
   \              0x80 0x41    
   \              0x01 0xC0    
   \              0x80 0x41    
   \              0x00 0xC1    
   \              0x81 0x40    
   \   00000070   0x01 0xC0          DC8 1, 192, 128, 65, 0, 193, 129, 64, 0, 193, 129, 64, 1, 192, 128, 65
   \              0x80 0x41    
   \              0x00 0xC1    
   \              0x81 0x40    
   \              0x00 0xC1    
   \              0x81 0x40    
   \              0x01 0xC0    
   \              0x80 0x41    
   \   00000080   0x01 0xC0          DC8 1, 192, 128, 65, 0, 193, 129, 64, 0, 193, 129, 64, 1, 192, 128, 65
   \              0x80 0x41    
   \              0x00 0xC1    
   \              0x81 0x40    
   \              0x00 0xC1    
   \              0x81 0x40    
   \              0x01 0xC0    
   \              0x80 0x41    
   \   00000090   0x00 0xC1          DC8 0, 193, 129, 64, 1, 192, 128, 65, 1, 192, 128, 65, 0, 193, 129, 64
   \              0x81 0x40    
   \              0x01 0xC0    
   \              0x80 0x41    
   \              0x01 0xC0    
   \              0x80 0x41    
   \              0x00 0xC1    
   \              0x81 0x40    
   \   000000A0   0x00 0xC1          DC8 0, 193, 129, 64, 1, 192, 128, 65, 1, 192, 128, 65, 0, 193, 129, 64
   \              0x81 0x40    
   \              0x01 0xC0    
   \              0x80 0x41    
   \              0x01 0xC0    
   \              0x80 0x41    
   \              0x00 0xC1    
   \              0x81 0x40    
   \   000000B0   0x01 0xC0          DC8 1, 192, 128, 65, 0, 193, 129, 64, 0, 193, 129, 64, 1, 192, 128, 65
   \              0x80 0x41    
   \              0x00 0xC1    
   \              0x81 0x40    
   \              0x00 0xC1    
   \              0x81 0x40    
   \              0x01 0xC0    
   \              0x80 0x41    
   \   000000C0   0x00 0xC1          DC8 0, 193, 129, 64, 1, 192, 128, 65, 1, 192, 128, 65, 0, 193, 129, 64
   \              0x81 0x40    
   \              0x01 0xC0    
   \              0x80 0x41    
   \              0x01 0xC0    
   \              0x80 0x41    
   \              0x00 0xC1    
   \              0x81 0x40    
   \   000000D0   0x01 0xC0          DC8 1, 192, 128, 65, 0, 193, 129, 64, 0, 193, 129, 64, 1, 192, 128, 65
   \              0x80 0x41    
   \              0x00 0xC1    
   \              0x81 0x40    
   \              0x00 0xC1    
   \              0x81 0x40    
   \              0x01 0xC0    
   \              0x80 0x41    
   \   000000E0   0x01 0xC0          DC8 1, 192, 128, 65, 0, 193, 129, 64, 0, 193, 129, 64, 1, 192, 128, 65
   \              0x80 0x41    
   \              0x00 0xC1    
   \              0x81 0x40    
   \              0x00 0xC1    
   \              0x81 0x40    
   \              0x01 0xC0    
   \              0x80 0x41    
   \   000000F0   0x00 0xC1          DC8 0, 193, 129, 64, 1, 192, 128, 65, 1, 192, 128, 65, 0, 193, 129, 64
   \              0x81 0x40    
   \              0x01 0xC0    
   \              0x80 0x41    
   \              0x01 0xC0    
   \              0x80 0x41    
   \              0x00 0xC1    
   \              0x81 0x40    
    102              0x00, 0xC1, 0x81, 0x40, 0x01, 0xC0, 0x80, 0x41, 0x01, 0xC0,
    103              0x80, 0x41, 0x00, 0xC1, 0x81, 0x40, 0x01, 0xC0, 0x80, 0x41,
    104              0x00, 0xC1, 0x81, 0x40, 0x00, 0xC1, 0x81, 0x40, 0x01, 0xC0,
    105              0x80, 0x41, 0x01, 0xC0, 0x80, 0x41, 0x00, 0xC1, 0x81, 0x40,
    106              0x00, 0xC1, 0x81, 0x40, 0x01, 0xC0, 0x80, 0x41, 0x00, 0xC1,
    107              0x81, 0x40, 0x01, 0xC0, 0x80, 0x41, 0x01, 0xC0, 0x80, 0x41,
    108              0x00, 0xC1, 0x81, 0x40, 0x01, 0xC0, 0x80, 0x41, 0x00, 0xC1,
    109              0x81, 0x40, 0x00, 0xC1, 0x81, 0x40, 0x01, 0xC0, 0x80, 0x41,
    110              0x00, 0xC1, 0x81, 0x40, 0x01, 0xC0, 0x80, 0x41, 0x01, 0xC0,
    111              0x80, 0x41, 0x00, 0xC1, 0x81, 0x40, 0x00, 0xC1, 0x81, 0x40,
    112              0x01, 0xC0, 0x80, 0x41, 0x01, 0xC0, 0x80, 0x41, 0x00, 0xC1,
    113              0x81, 0x40, 0x01, 0xC0, 0x80, 0x41, 0x00, 0xC1, 0x81, 0x40,
    114              0x00, 0xC1, 0x81, 0x40, 0x01, 0xC0, 0x80, 0x41, 0x01, 0xC0,
    115              0x80, 0x41, 0x00, 0xC1, 0x81, 0x40, 0x00, 0xC1, 0x81, 0x40,
    116              0x01, 0xC0, 0x80, 0x41, 0x00, 0xC1, 0x81, 0x40, 0x01, 0xC0,
    117              0x80, 0x41, 0x01, 0xC0, 0x80, 0x41, 0x00, 0xC1, 0x81, 0x40,
    118              0x00, 0xC1, 0x81, 0x40, 0x01, 0xC0, 0x80, 0x41, 0x01, 0xC0,
    119              0x80, 0x41, 0x00, 0xC1, 0x81, 0x40, 0x01, 0xC0, 0x80, 0x41,
    120              0x00, 0xC1, 0x81, 0x40, 0x00, 0xC1, 0x81, 0x40, 0x01, 0xC0,
    121              0x80, 0x41, 0x00, 0xC1, 0x81, 0x40, 0x01, 0xC0, 0x80, 0x41,
    122              0x01, 0xC0, 0x80, 0x41, 0x00, 0xC1, 0x81, 0x40, 0x01, 0xC0,
    123              0x80, 0x41, 0x00, 0xC1, 0x81, 0x40, 0x00, 0xC1, 0x81, 0x40,
    124              0x01, 0xC0, 0x80, 0x41, 0x01, 0xC0, 0x80, 0x41, 0x00, 0xC1,
    125              0x81, 0x40, 0x00, 0xC1, 0x81, 0x40, 0x01, 0xC0, 0x80, 0x41,
    126              0x00, 0xC1, 0x81, 0x40, 0x01, 0xC0, 0x80, 0x41, 0x01, 0xC0,
    127              0x80, 0x41, 0x00, 0xC1, 0x81, 0x40
    128          };
    129          

   \                                 In section .text, align 4, keep-with-next
    130          const char APP_AUCH_CRC_LO[] = {
   \                     APP_AUCH_CRC_LO:
   \   00000000   0x00 0xC0          DC8 0, 192, 193, 1, 195, 3, 2, 194, 198, 6, 7, 199, 5, 197, 196, 4, 204
   \              0xC1 0x01    
   \              0xC3 0x03    
   \              0x02 0xC2    
   \              0xC6 0x06    
   \              0x07 0xC7    
   \              0x05 0xC5    
   \              0xC4 0x04    
   \              0xCC         
   \   00000011   0x0C 0x0D          DC8 12, 13, 205, 15, 207, 206, 14, 10, 202, 203, 11, 201, 9, 8, 200
   \              0xCD 0x0F    
   \              0xCF 0xCE    
   \              0x0E 0x0A    
   \              0xCA 0xCB    
   \              0x0B 0xC9    
   \              0x09 0x08    
   \              0xC8         
   \   00000020   0xD8 0x18          DC8 216, 24, 25, 217, 27, 219, 218, 26, 30, 222, 223, 31, 221, 29, 28
   \              0x19 0xD9    
   \              0x1B 0xDB    
   \              0xDA 0x1A    
   \              0x1E 0xDE    
   \              0xDF 0x1F    
   \              0xDD 0x1D    
   \              0x1C         
   \   0000002F   0xDC 0x14          DC8 220, 20, 212, 213, 21, 215, 23, 22, 214, 210, 18, 19, 211, 17, 209
   \              0xD4 0xD5    
   \              0x15 0xD7    
   \              0x17 0x16    
   \              0xD6 0xD2    
   \              0x12 0x13    
   \              0xD3 0x11    
   \              0xD1         
   \   0000003E   0xD0 0x10          DC8 208, 16, 240, 48, 49, 241, 51, 243, 242, 50, 54, 246, 247, 55, 245
   \              0xF0 0x30    
   \              0x31 0xF1    
   \              0x33 0xF3    
   \              0xF2 0x32    
   \              0x36 0xF6    
   \              0xF7 0x37    
   \              0xF5         
   \   0000004D   0x35 0x34          DC8 53, 52, 244, 60, 252, 253, 61, 255, 63, 62, 254, 250, 58, 59, 251
   \              0xF4 0x3C    
   \              0xFC 0xFD    
   \              0x3D 0xFF    
   \              0x3F 0x3E    
   \              0xFE 0xFA    
   \              0x3A 0x3B    
   \              0xFB         
   \   0000005C   0x39 0xF9          DC8 57, 249, 248, 56, 40, 232, 233, 41, 235, 43, 42, 234, 238, 46, 47
   \              0xF8 0x38    
   \              0x28 0xE8    
   \              0xE9 0x29    
   \              0xEB 0x2B    
   \              0x2A 0xEA    
   \              0xEE 0x2E    
   \              0x2F         
   \   0000006B   0xEF 0x2D          DC8 239, 45, 237, 236, 44, 228, 36, 37, 229, 39, 231, 230, 38, 34, 226
   \              0xED 0xEC    
   \              0x2C 0xE4    
   \              0x24 0x25    
   \              0xE5 0x27    
   \              0xE7 0xE6    
   \              0x26 0x22    
   \              0xE2         
   \   0000007A   0xE3 0x23          DC8 227, 35, 225, 33, 32, 224, 160, 96, 97, 161, 99, 163, 162, 98, 102
   \              0xE1 0x21    
   \              0x20 0xE0    
   \              0xA0 0x60    
   \              0x61 0xA1    
   \              0x63 0xA3    
   \              0xA2 0x62    
   \              0x66         
   \   00000089   0xA6 0xA7          DC8 166, 167, 103, 165, 101, 100, 164, 108, 172, 173, 109, 175, 111
   \              0x67 0xA5    
   \              0x65 0x64    
   \              0xA4 0x6C    
   \              0xAC 0xAD    
   \              0x6D 0xAF    
   \              0x6F         
   \   00000096   0x6E 0xAE          DC8 110, 174, 170, 106, 107, 171, 105, 169, 168, 104, 120, 184, 185
   \              0xAA 0x6A    
   \              0x6B 0xAB    
   \              0x69 0xA9    
   \              0xA8 0x68    
   \              0x78 0xB8    
   \              0xB9         
   \   000000A3   0x79 0xBB          DC8 121, 187, 123, 122, 186, 190, 126, 127, 191, 125, 189, 188, 124
   \              0x7B 0x7A    
   \              0xBA 0xBE    
   \              0x7E 0x7F    
   \              0xBF 0x7D    
   \              0xBD 0xBC    
   \              0x7C         
   \   000000B0   0xB4 0x74          DC8 180, 116, 117, 181, 119, 183, 182, 118, 114, 178, 179, 115, 177
   \              0x75 0xB5    
   \              0x77 0xB7    
   \              0xB6 0x76    
   \              0x72 0xB2    
   \              0xB3 0x73    
   \              0xB1         
   \   000000BD   0x71 0x70          DC8 113, 112, 176, 80, 144, 145, 81, 147, 83, 82, 146, 150, 86, 87, 151
   \              0xB0 0x50    
   \              0x90 0x91    
   \              0x51 0x93    
   \              0x53 0x52    
   \              0x92 0x96    
   \              0x56 0x57    
   \              0x97         
   \   000000CC   0x55 0x95          DC8 85, 149, 148, 84, 156, 92, 93, 157, 95, 159, 158, 94, 90, 154, 155
   \              0x94 0x54    
   \              0x9C 0x5C    
   \              0x5D 0x9D    
   \              0x5F 0x9F    
   \              0x9E 0x5E    
   \              0x5A 0x9A    
   \              0x9B         
   \   000000DB   0x5B 0x99          DC8 91, 153, 89, 88, 152, 136, 72, 73, 137, 75, 139, 138, 74, 78, 142
   \              0x59 0x58    
   \              0x98 0x88    
   \              0x48 0x49    
   \              0x89 0x4B    
   \              0x8B 0x8A    
   \              0x4A 0x4E    
   \              0x8E         
   \   000000EA   0x8F 0x4F          DC8 143, 79, 141, 77, 76, 140, 68, 132, 133, 69, 135, 71, 70, 134, 130
   \              0x8D 0x4D    
   \              0x4C 0x8C    
   \              0x44 0x84    
   \              0x85 0x45    
   \              0x87 0x47    
   \              0x46 0x86    
   \              0x82         
   \   000000F9   0x42 0x43          DC8 66, 67, 131, 65, 129, 128, 64
   \              0x83 0x41    
   \              0x81 0x80    
   \              0x40         
    131              0x00, 0xC0, 0xC1, 0x01, 0xC3, 0x03, 0x02, 0xC2, 0xC6, 0x06,
    132              0x07, 0xC7, 0x05, 0xC5, 0xC4, 0x04, 0xCC, 0x0C, 0x0D, 0xCD,
    133              0x0F, 0xCF, 0xCE, 0x0E, 0x0A, 0xCA, 0xCB, 0x0B, 0xC9, 0x09,
    134              0x08, 0xC8, 0xD8, 0x18, 0x19, 0xD9, 0x1B, 0xDB, 0xDA, 0x1A,
    135              0x1E, 0xDE, 0xDF, 0x1F, 0xDD, 0x1D, 0x1C, 0xDC, 0x14, 0xD4,
    136              0xD5, 0x15, 0xD7, 0x17, 0x16, 0xD6, 0xD2, 0x12, 0x13, 0xD3,
    137              0x11, 0xD1, 0xD0, 0x10, 0xF0, 0x30, 0x31, 0xF1, 0x33, 0xF3,
    138              0xF2, 0x32, 0x36, 0xF6, 0xF7, 0x37, 0xF5, 0x35, 0x34, 0xF4,
    139              0x3C, 0xFC, 0xFD, 0x3D, 0xFF, 0x3F, 0x3E, 0xFE, 0xFA, 0x3A,
    140              0x3B, 0xFB, 0x39, 0xF9, 0xF8, 0x38, 0x28, 0xE8, 0xE9, 0x29,
    141              0xEB, 0x2B, 0x2A, 0xEA, 0xEE, 0x2E, 0x2F, 0xEF, 0x2D, 0xED,
    142              0xEC, 0x2C, 0xE4, 0x24, 0x25, 0xE5, 0x27, 0xE7, 0xE6, 0x26,
    143              0x22, 0xE2, 0xE3, 0x23, 0xE1, 0x21, 0x20, 0xE0, 0xA0, 0x60,
    144              0x61, 0xA1, 0x63, 0xA3, 0xA2, 0x62, 0x66, 0xA6, 0xA7, 0x67,
    145              0xA5, 0x65, 0x64, 0xA4, 0x6C, 0xAC, 0xAD, 0x6D, 0xAF, 0x6F,
    146              0x6E, 0xAE, 0xAA, 0x6A, 0x6B, 0xAB, 0x69, 0xA9, 0xA8, 0x68,
    147              0x78, 0xB8, 0xB9, 0x79, 0xBB, 0x7B, 0x7A, 0xBA, 0xBE, 0x7E,
    148              0x7F, 0xBF, 0x7D, 0xBD, 0xBC, 0x7C, 0xB4, 0x74, 0x75, 0xB5,
    149              0x77, 0xB7, 0xB6, 0x76, 0x72, 0xB2, 0xB3, 0x73, 0xB1, 0x71,
    150              0x70, 0xB0, 0x50, 0x90, 0x91, 0x51, 0x93, 0x53, 0x52, 0x92,
    151              0x96, 0x56, 0x57, 0x97, 0x55, 0x95, 0x94, 0x54, 0x9C, 0x5C,
    152              0x5D, 0x9D, 0x5F, 0x9F, 0x9E, 0x5E, 0x5A, 0x9A, 0x9B, 0x5B,
    153              0x99, 0x59, 0x58, 0x98, 0x88, 0x48, 0x49, 0x89, 0x4B, 0x8B,
    154              0x8A, 0x4A, 0x4E, 0x8E, 0x8F, 0x4F, 0x8D, 0x4D, 0x4C, 0x8C,
    155              0x44, 0x84, 0x85, 0x45, 0x87, 0x47, 0x46, 0x86, 0x82, 0x42,
    156              0x43, 0x83, 0x41, 0x81, 0x80, 0x40
    157          }; 
    158          
    159          

   \                                 In section .text, align 4, keep-with-next
    160          const uint16 sd_crc16_table[256]={
   \                     sd_crc16_table:
   \   00000000   0x0000 0x1021      DC16 0, 4129, 8258, 12387, 16516, 20645, 24774, 28903, 33032, 37161
   \              0x2042 0x3063
   \              0x4084 0x50A5
   \              0x60C6 0x70E7
   \              0x8108 0x9129
   \   00000014   0xA14A 0xB16B      DC16 41290, 45419, 49548, 53677, 57806, 61935, 4657, 528, 12915, 8786
   \              0xC18C 0xD1AD
   \              0xE1CE 0xF1EF
   \              0x1231 0x0210
   \              0x3273 0x2252
   \   00000028   0x52B5 0x4294      DC16 21173, 17044, 29431, 25302, 37689, 33560, 45947, 41818, 54205
   \              0x72F7 0x62D6
   \              0x9339 0x8318
   \              0xB37B 0xA35A
   \              0xD3BD       
   \   0000003A   0xC39C 0xF3FF      DC16 50076, 62463, 58334, 9314, 13379, 1056, 5121, 25830, 29895, 17572
   \              0xE3DE 0x2462
   \              0x3443 0x0420
   \              0x1401 0x64E6
   \              0x74C7 0x44A4
   \   0000004E   0x5485 0xA56A      DC16 21637, 42346, 46411, 34088, 38153, 58862, 62927, 50604, 54669
   \              0xB54B 0x8528
   \              0x9509 0xE5EE
   \              0xF5CF 0xC5AC
   \              0xD58D       
   \   00000060   0x3653 0x2672      DC16 13907, 9842, 5649, 1584, 30423, 26358, 22165, 18100, 46939, 42874
   \              0x1611 0x0630
   \              0x76D7 0x66F6
   \              0x5695 0x46B4
   \              0xB75B 0xA77A
   \   00000074   0x9719 0x8738      DC16 38681, 34616, 63455, 59390, 55197, 51132, 18628, 22757, 26758
   \              0xF7DF 0xE7FE
   \              0xD79D 0xC7BC
   \              0x48C4 0x58E5
   \              0x6886       
   \   00000086   0x78A7 0x0840      DC16 30887, 2112, 6241, 10242, 14371, 51660, 55789, 59790, 63919, 35144
   \              0x1861 0x2802
   \              0x3823 0xC9CC
   \              0xD9ED 0xE98E
   \              0xF9AF 0x8948
   \   0000009A   0x9969 0xA90A      DC16 39273, 43274, 47403, 23285, 19156, 31415, 27286, 6769, 2640, 14899
   \              0xB92B 0x5AF5
   \              0x4AD4 0x7AB7
   \              0x6A96 0x1A71
   \              0x0A50 0x3A33
   \   000000AE   0x2A12 0xDBFD      DC16 10770, 56317, 52188, 64447, 60318, 39801, 35672, 47931, 43802
   \              0xCBDC 0xFBBF
   \              0xEB9E 0x9B79
   \              0x8B58 0xBB3B
   \              0xAB1A       
   \   000000C0   0x6CA6 0x7C87      DC16 27814, 31879, 19684, 23749, 11298, 15363, 3168, 7233, 60846, 64911
   \              0x4CE4 0x5CC5
   \              0x2C22 0x3C03
   \              0x0C60 0x1C41
   \              0xEDAE 0xFD8F
   \   000000D4   0xCDEC 0xDDCD      DC16 52716, 56781, 44330, 48395, 36200, 40265, 32407, 28342, 24277
   \              0xAD2A 0xBD0B
   \              0x8D68 0x9D49
   \              0x7E97 0x6EB6
   \              0x5ED5       
   \   000000E6   0x4EF4 0x3E13      DC16 20212, 15891, 11826, 7761, 3696, 65439, 61374, 57309, 53244, 48923
   \              0x2E32 0x1E51
   \              0x0E70 0xFF9F
   \              0xEFBE 0xDFDD
   \              0xCFFC 0xBF1B
   \   000000FA   0xAF3A 0x9F59      DC16 44858, 40793, 36728, 37256, 33193, 45514, 41451, 53516, 49453
   \              0x8F78 0x9188
   \              0x81A9 0xB1CA
   \              0xA1EB 0xD10C
   \              0xC12D       
   \   0000010C   0xF14E 0xE16F      DC16 61774, 57711, 4224, 161, 12482, 8419, 20484, 16421, 28742, 24679
   \              0x1080 0x00A1
   \              0x30C2 0x20E3
   \              0x5004 0x4025
   \              0x7046 0x6067
   \   00000120   0x83B9 0x9398      DC16 33721, 37784, 41979, 46042, 49981, 54044, 58239, 62302, 689, 4752
   \              0xA3FB 0xB3DA
   \              0xC33D 0xD31C
   \              0xE37F 0xF35E
   \              0x02B1 0x1290
   \   00000134   0x22F3 0x32D2      DC16 8947, 13010, 16949, 21012, 25207, 29270, 46570, 42443, 38312
   \              0x4235 0x5214
   \              0x6277 0x7256
   \              0xB5EA 0xA5CB
   \              0x95A8       
   \   00000146   0x8589 0xF56E      DC16 34185, 62830, 58703, 54572, 50445, 13538, 9411, 5280, 1153, 29798
   \              0xE54F 0xD52C
   \              0xC50D 0x34E2
   \              0x24C3 0x14A0
   \              0x0481 0x7466
   \   0000015A   0x6447 0x5424      DC16 25671, 21540, 17413, 42971, 47098, 34713, 38840, 59231, 63358
   \              0x4405 0xA7DB
   \              0xB7FA 0x8799
   \              0x97B8 0xE75F
   \              0xF77E       
   \   0000016C   0xC71D 0xD73C      DC16 50973, 55100, 9939, 14066, 1681, 5808, 26199, 30326, 17941, 22068
   \              0x26D3 0x36F2
   \              0x0691 0x16B0
   \              0x6657 0x7676
   \              0x4615 0x5634
   \   00000180   0xD94C 0xC96D      DC16 55628, 51565, 63758, 59695, 39368, 35305, 47498, 43435, 22596
   \              0xF90E 0xE92F
   \              0x99C8 0x89E9
   \              0xB98A 0xA9AB
   \              0x5844       
   \   00000192   0x4865 0x7806      DC16 18533, 30726, 26663, 6336, 2273, 14466, 10403, 52093, 56156, 60223
   \              0x6827 0x18C0
   \              0x08E1 0x3882
   \              0x28A3 0xCB7D
   \              0xDB5C 0xEB3F
   \   000001A6   0xFB1E 0x8BF9      DC16 64286, 35833, 39896, 43963, 48026, 19061, 23124, 27191, 31254
   \              0x9BD8 0xABBB
   \              0xBB9A 0x4A75
   \              0x5A54 0x6A37
   \              0x7A16       
   \   000001B8   0x0AF1 0x1AD0      DC16 2801, 6864, 10931, 14994, 64814, 60687, 56684, 52557, 48554, 44427
   \              0x2AB3 0x3A92
   \              0xFD2E 0xED0F
   \              0xDD6C 0xCD4D
   \              0xBDAA 0xAD8B
   \   000001CC   0x9DE8 0x8DC9      DC16 40424, 36297, 31782, 27655, 23652, 19525, 15522, 11395, 7392, 3265
   \              0x7C26 0x6C07
   \              0x5C64 0x4C45
   \              0x3CA2 0x2C83
   \              0x1CE0 0x0CC1
   \   000001E0   0xEF1F 0xFF3E      DC16 61215, 65342, 53085, 57212, 44955, 49082, 36825, 40952, 28183
   \              0xCF5D 0xDF7C
   \              0xAF9B 0xBFBA
   \              0x8FD9 0x9FF8
   \              0x6E17       
   \   000001F2   0x7E36 0x4E55      DC16 32310, 20053, 24180, 11923, 16050, 3793, 7920
   \              0x5E74 0x2E93
   \              0x3EB2 0x0ED1
   \              0x1EF0       
    161          
    162          0x0000, 0x1021, 0x2042, 0x3063, 0x4084, 0x50A5, 0x60C6, 0x70E7,
    163          0x8108, 0x9129, 0xA14A, 0xB16B, 0xC18C, 0xD1AD, 0xE1CE, 0xF1EF,
    164          0x1231, 0x0210, 0x3273, 0x2252, 0x52B5, 0x4294, 0x72F7, 0x62D6,
    165          0x9339, 0x8318, 0xB37B, 0xA35A, 0xD3BD, 0xC39C, 0xF3FF, 0xE3DE,
    166          0x2462, 0x3443, 0x0420, 0x1401, 0x64E6, 0x74C7, 0x44A4, 0x5485,
    167          0xA56A, 0xB54B, 0x8528, 0x9509, 0xE5EE, 0xF5CF, 0xC5AC, 0xD58D,
    168          0x3653, 0x2672, 0x1611, 0x0630, 0x76D7, 0x66F6, 0x5695, 0x46B4,
    169          0xB75B, 0xA77A, 0x9719, 0x8738, 0xF7DF, 0xE7FE, 0xD79D, 0xC7BC,
    170          0x48C4, 0x58E5, 0x6886, 0x78A7, 0x0840, 0x1861, 0x2802, 0x3823,
    171          0xC9CC, 0xD9ED, 0xE98E, 0xF9AF, 0x8948, 0x9969, 0xA90A, 0xB92B,
    172          0x5AF5, 0x4AD4, 0x7AB7, 0x6A96, 0x1A71, 0x0A50, 0x3A33, 0x2A12,
    173          0xDBFD, 0xCBDC, 0xFBBF, 0xEB9E, 0x9B79, 0x8B58, 0xBB3B, 0xAB1A,
    174          0x6CA6, 0x7C87, 0x4CE4, 0x5CC5, 0x2C22, 0x3C03, 0x0C60, 0x1C41,
    175          0xEDAE, 0xFD8F, 0xCDEC, 0xDDCD, 0xAD2A, 0xBD0B, 0x8D68, 0x9D49,
    176          0x7E97, 0x6EB6, 0x5ED5, 0x4EF4, 0x3E13, 0x2E32, 0x1E51, 0x0E70,
    177          0xFF9F, 0xEFBE, 0xDFDD, 0xCFFC, 0xBF1B, 0xAF3A, 0x9F59, 0x8F78,
    178          0x9188, 0x81A9, 0xB1CA, 0xA1EB, 0xD10C, 0xC12D, 0xF14E, 0xE16F,
    179          0x1080, 0x00A1, 0x30C2, 0x20E3, 0x5004, 0x4025, 0x7046, 0x6067,
    180          0x83B9, 0x9398, 0xA3FB, 0xB3DA, 0xC33D, 0xD31C, 0xE37F, 0xF35E,
    181          0x02B1, 0x1290, 0x22F3, 0x32D2, 0x4235, 0x5214, 0x6277, 0x7256,
    182          0xB5EA, 0xA5CB, 0x95A8, 0x8589, 0xF56E, 0xE54F, 0xD52C, 0xC50D,
    183          0x34E2, 0x24C3, 0x14A0, 0x0481, 0x7466, 0x6447, 0x5424, 0x4405,
    184          0xA7DB, 0xB7FA, 0x8799, 0x97B8, 0xE75F, 0xF77E, 0xC71D, 0xD73C,
    185          0x26D3, 0x36F2, 0x0691, 0x16B0, 0x6657, 0x7676, 0x4615, 0x5634,
    186          0xD94C, 0xC96D, 0xF90E, 0xE92F, 0x99C8, 0x89E9, 0xB98A, 0xA9AB,
    187          0x5844, 0x4865, 0x7806, 0x6827, 0x18C0, 0x08E1, 0x3882, 0x28A3,
    188          0xCB7D, 0xDB5C, 0xEB3F, 0xFB1E, 0x8BF9, 0x9BD8, 0xABBB, 0xBB9A,
    189          0x4A75, 0x5A54, 0x6A37, 0x7A16, 0x0AF1, 0x1AD0, 0x2AB3, 0x3A92,
    190          0xFD2E, 0xED0F, 0xDD6C, 0xCD4D, 0xBDAA, 0xAD8B, 0x9DE8, 0x8DC9,
    191          0x7C26, 0x6C07, 0x5C64, 0x4C45, 0x3CA2, 0x2C83, 0x1CE0, 0x0CC1,
    192          0xEF1F, 0xFF3E, 0xCF5D, 0xDF7C, 0xAF9B, 0xBFBA, 0x8FD9, 0x9FF8,
    193          0x6E17, 0x7E36, 0x4E55, 0x5E74, 0x2E93, 0x3EB2, 0x0ED1, 0x1EF0
    194          
    195          };
    196          /*******************************************************************************
    197           * MACROS
    198           */
    199          
    200          /*******************************************************************************
    201           * TYPEDEFS
    202           */
    203          
    204          /*******************************************************************************
    205           * LOCAL VARIABLES
    206           */
    207          
    208          /*******************************************************************************
    209           * GLOBAL VARIABLES
    210           */
    211          
    212          /*******************************************************************************
    213           * LOCAL FUNCTIONS
    214           */
    215          
    216          /*******************************************************************************
    217           * GLOBAL FUNCTIONS
    218           */
    219          
    220          /*******************************************************************************
    221           * EXTERN VARIABLES
    222           */
    223          
    224          /*******************************************************************************
    225           * EXTERN FUNCTIONS
    226           */
    227          
    228          /*******************************************************************************
    229           * 名    称： AppGetCrc16Chk
    230           * 功    能： 取CRC16校验和（长沙南车协议CRC校验）
    231           * 入口参数： 无
    232           * 出口参数： 无
    233           * 作    者： 无名沈.
    234           * 创建日期： 2017-07-26
    235           * 修    改：
    236           * 修改日期：
    237           *******************************************************************************/

   \                                 In section .text, align 2, keep-with-next
    238          uint16_t GetCrc16Chk1(uint8_t *buf, uint16_t len)
    239          {
   \                     GetCrc16Chk1: (+1)
   \   00000000   0xB430             PUSH     {R4,R5}
    240              uint16_t crc = 0x0;
   \   00000002   0x2200             MOVS     R2,#+0
    241              uint16_t i, tmp;
    242              
    243              for (i=0; i< len; i++) {
   \   00000004   0x4613             MOV      R3,R2
   \   00000006   0xE00B             B.N      ??GetCrc16Chk1_0
    244                  tmp = crc;
   \                     ??GetCrc16Chk1_1: (+1)
   \   00000008   0xB292             UXTH     R2,R2
    245                  crc = APP_SD_CRC16_TAB[(tmp>>8) ^ *buf++];
   \   0000000A   0x.... 0x....      ADR.W    R4,APP_SD_CRC16_TAB
   \   0000000E   0xF810 0x5B01      LDRB     R5,[R0], #+1
   \   00000012   0xEA85 0x2522      EOR      R5,R5,R2, ASR #+8
   \   00000016   0xF834 0x4015      LDRH     R4,[R4, R5, LSL #+1]
    246                  crc = crc ^ (tmp<<8);
   \   0000001A   0xEA84 0x2202      EOR      R2,R4,R2, LSL #+8
    247              }
   \   0000001E   0x1C5B             ADDS     R3,R3,#+1
   \                     ??GetCrc16Chk1_0: (+1)
   \   00000020   0xB29B             UXTH     R3,R3
   \   00000022   0x428B             CMP      R3,R1
   \   00000024   0xD3F0             BCC.N    ??GetCrc16Chk1_1
    248              
    249              return(crc);
   \   00000026   0x4610             MOV      R0,R2
   \   00000028   0xB280             UXTH     R0,R0
   \   0000002A   0xBC30             POP      {R4,R5}
   \   0000002C   0x4770             BX       LR               ;; return
    250          }
    251          
    252          //extern	void	NOP(void);
    253          //----------------------------------------------------------------------------
    254          // 名    称：   uint16 GetCRC16(uint8 *Buf, uint16 Len)
    255          // 功    能：   取CRC16校验和
    256          // 入口参数：  
    257          // 出口参数：   
    258          //----------------------------------------------------------------------------

   \                                 In section .text, align 2, keep-with-next
    259          uint16 GetCrc16Check(uint8 *Buf, uint16 Len)
    260          {
   \                     GetCrc16Check: (+1)
   \   00000000   0xB430             PUSH     {R4,R5}
    261              uint16 crc = 0x0;
   \   00000002   0x2200             MOVS     R2,#+0
    262              uint16 i, tmp1;										
    263              
    264              //PrintfCOM0("%u");
    265          //    NOP();
    266              
    267              for (i=0; i< Len; i++)
   \   00000004   0x4613             MOV      R3,R2
   \   00000006   0xE00B             B.N      ??GetCrc16Check_0
    268              {
    269                  tmp1 = crc;
   \                     ??GetCrc16Check_1: (+1)
   \   00000008   0xB292             UXTH     R2,R2
    270                  crc = sd_crc16_table[(tmp1>>8) ^ *Buf++];
   \   0000000A   0x.... 0x....      ADR.W    R4,sd_crc16_table
   \   0000000E   0xF810 0x5B01      LDRB     R5,[R0], #+1
   \   00000012   0xEA85 0x2522      EOR      R5,R5,R2, ASR #+8
   \   00000016   0xF834 0x4015      LDRH     R4,[R4, R5, LSL #+1]
    271                  crc = crc ^ (tmp1<<8);
   \   0000001A   0xEA84 0x2202      EOR      R2,R4,R2, LSL #+8
    272              }
   \   0000001E   0x1C5B             ADDS     R3,R3,#+1
   \                     ??GetCrc16Check_0: (+1)
   \   00000020   0xB29B             UXTH     R3,R3
   \   00000022   0x428B             CMP      R3,R1
   \   00000024   0xD3F0             BCC.N    ??GetCrc16Check_1
    273          
    274              return(crc);
   \   00000026   0x4610             MOV      R0,R2
   \   00000028   0xB280             UXTH     R0,R0
   \   0000002A   0xBC30             POP      {R4,R5}
   \   0000002C   0x4770             BX       LR               ;; return
    275          }
    276          
    277          /*******************************************************************************
    278           * 名    称： AppGetCrc16Chk
    279           * 功    能： 
    280           * 入口参数： 无
    281           * 出口参数： 无
    282           * 作    者： 无名沈.
    283           * 创建日期： 2017-07-26
    284           * 修    改：
    285           * 修改日期： 
    286           *******************************************************************************/

   \                                 In section .text, align 2, keep-with-next
    287          uint16_t GetCrc16Chk2(uint8_t *buf, uint16_t len)
    288          {
   \                     GetCrc16Chk2: (+1)
   \   00000000   0xB470             PUSH     {R4-R6}
    289          	uint16_t i;
    290          	uint16_t crc =0xFFFF;
   \   00000002   0xF64F 0x72FF      MOVW     R2,#+65535
    291          	for(i=0;i<len;i++) {
   \   00000006   0x2300             MOVS     R3,#+0
   \   00000008   0xE00A             B.N      ??GetCrc16Chk2_0
    292          		crc=( crc >> 8 ) ^ APP_CRC16_TAB[ ( crc & 0xFF ) ^ buf[i]]; 
   \                     ??GetCrc16Chk2_1: (+1)
   \   0000000A   0x.... 0x....      ADR.W    R4,APP_CRC16_TAB
   \   0000000E   0xB2D5             UXTB     R5,R2
   \   00000010   0x5C1E             LDRB     R6,[R3, R0]
   \   00000012   0x4075             EORS     R5,R6,R5
   \   00000014   0xF834 0x4015      LDRH     R4,[R4, R5, LSL #+1]
   \   00000018   0xEA84 0x2222      EOR      R2,R4,R2, ASR #+8
   \   0000001C   0xB292             UXTH     R2,R2
    293          	}
   \   0000001E   0x1C5B             ADDS     R3,R3,#+1
   \                     ??GetCrc16Chk2_0: (+1)
   \   00000020   0xB29B             UXTH     R3,R3
   \   00000022   0x428B             CMP      R3,R1
   \   00000024   0xD3F1             BCC.N    ??GetCrc16Chk2_1
    294              
    295          	return crc;
   \   00000026   0x4610             MOV      R0,R2
   \   00000028   0xBC70             POP      {R4-R6}
   \   0000002A   0x4770             BX       LR               ;; return
    296          }
    297          
    298          /*******************************************************************************
    299           * 名    称： AppGetMBCrc16Chk
    300           * 功    能： 
    301           * 入口参数： 无
    302           * 出口参数： 无
    303           * 作    者： 无名沈.
    304           * 创建日期： 2017-07-26
    305           * 修    改：
    306           * 修改日期：
    307           *******************************************************************************/

   \                                 In section .text, align 2, keep-with-next
    308          uint16_t GetMBCrc16Chk(uint8_t *buf, uint16_t  len)
    309          {
   \                     GetMBCrc16Chk: (+1)
   \   00000000   0xB410             PUSH     {R4}
    310              uint8_t uchCRCHi = 0xFF ;                           /* 高CRC字节初始化 */
   \   00000002   0x22FF             MOVS     R2,#+255
    311              uint8_t uchCRCLo = 0xFF ;                           /* 低CRC 字节初始化 */
   \   00000004   0x4613             MOV      R3,R2
   \   00000006   0xE009             B.N      ??GetMBCrc16Chk_0
    312              unsigned uIndex ;                                   /* CRC循环中的索引 */
    313              
    314              while (len--) {                                     /* 传输消息缓冲区 */
    315                  uIndex = uchCRCHi ^ *buf++ ;                    /* 计算CRC */
   \                     ??GetMBCrc16Chk_1: (+1)
   \   00000008   0xF810 0x4B01      LDRB     R4,[R0], #+1
   \   0000000C   0x4054             EORS     R4,R4,R2
    316                  uchCRCHi = uchCRCLo ^ APP_AUCH_CRC_HI[uIndex];
   \   0000000E   0x.... 0x....      ADR.W    R2,APP_AUCH_CRC_HI
   \   00000012   0x5CA2             LDRB     R2,[R4, R2]
   \   00000014   0x405A             EORS     R2,R2,R3
    317                  uchCRCLo = APP_AUCH_CRC_LO[uIndex] ;
   \   00000016   0x.... 0x....      ADR.W    R3,APP_AUCH_CRC_LO
   \   0000001A   0x5CE3             LDRB     R3,[R4, R3]
    318              }
   \                     ??GetMBCrc16Chk_0: (+1)
   \   0000001C   0x460C             MOV      R4,R1
   \   0000001E   0x1E61             SUBS     R1,R4,#+1
   \   00000020   0xB2A4             UXTH     R4,R4
   \   00000022   0x2C00             CMP      R4,#+0
   \   00000024   0xD1F0             BNE.N    ??GetMBCrc16Chk_1
    319              
    320              return (uchCRCHi << 8 | uchCRCLo) ;
   \   00000026   0xEA43 0x2002      ORR      R0,R3,R2, LSL #+8
   \   0000002A   0xBC10             POP      {R4}
   \   0000002C   0x4770             BX       LR               ;; return
    321          } 
    322          /*******************************************************************************
    323           * 名    称： GetModBusCrc16Up
    324           * 功    能： 
    325           * 入口参数： 无
    326           * 出口参数： 无
    327           * 作    者： 无名沈.
    328           * 创建日期： 2017-07-26
    329           * 修    改：
    330           * 修改日期：
    331           *******************************************************************************/

   \                                 In section .text, align 2, keep-with-next
    332          uint16_t GetMBCrc16Up(uint8_t *buf,uint16_t  len)
    333          {
   \                     GetMBCrc16Up: (+1)
   \   00000000   0xB410             PUSH     {R4}
    334              uint8_t uchCRCHi = 0xFF ;         /* 高CRC字节初始化 */
   \   00000002   0x22FF             MOVS     R2,#+255
    335              uint8_t uchCRCLo = 0xFF ;         /* 低CRC 字节初始化 */
   \   00000004   0x4613             MOV      R3,R2
   \   00000006   0xE009             B.N      ??GetMBCrc16Up_0
    336              unsigned uIndex ;                       /* CRC循环中的索引 */
    337              
    338              while (len--)                     /* 传输消息缓冲区 */
    339              {
    340                  uIndex      = uchCRCHi ^ *buf++ ;    /* 计算CRC */
   \                     ??GetMBCrc16Up_1: (+1)
   \   00000008   0xF810 0x4B01      LDRB     R4,[R0], #+1
   \   0000000C   0x4054             EORS     R4,R4,R2
    341                  uchCRCHi    = uchCRCLo ^ APP_AUCH_CRC_HI[uIndex] ;
   \   0000000E   0x.... 0x....      ADR.W    R2,APP_AUCH_CRC_HI
   \   00000012   0x5CA2             LDRB     R2,[R4, R2]
   \   00000014   0x405A             EORS     R2,R2,R3
    342                  uchCRCLo    = APP_AUCH_CRC_LO[uIndex] ;
   \   00000016   0x.... 0x....      ADR.W    R3,APP_AUCH_CRC_LO
   \   0000001A   0x5CE3             LDRB     R3,[R4, R3]
    343              }
   \                     ??GetMBCrc16Up_0: (+1)
   \   0000001C   0x460C             MOV      R4,R1
   \   0000001E   0x1E61             SUBS     R1,R4,#+1
   \   00000020   0xB2A4             UXTH     R4,R4
   \   00000022   0x2C00             CMP      R4,#+0
   \   00000024   0xD1F0             BNE.N    ??GetMBCrc16Up_1
    344              
    345              return (uchCRCLo << 8 | uchCRCHi) ;
   \   00000026   0xEA42 0x2003      ORR      R0,R2,R3, LSL #+8
   \   0000002A   0xBC10             POP      {R4}
   \   0000002C   0x4770             BX       LR               ;; return
    346          } 
    347          
    348          /*******************************************************************************
    349           * 名    称： GetSumChk
    350           * 功    能： 取校验和
    351           * 入口参数： Buf：求数组   Len：数组长度
    352           * 出口参数： 校验和
    353           * 作    者： 无名沈.
    354           * 创建日期： 2017-07-26
    355           * 修    改：
    356           * 修改日期：
    357           *******************************************************************************/

   \                                 In section .text, align 2, keep-with-next
    358          uint8_t GetSumChk(uint8_t  *buf, uint16_t len)
    359          {
   \                     GetSumChk: (+1)
   \   00000000   0xB410             PUSH     {R4}
    360              uint16_t    i;
    361              int8_t      sum = 0;
   \   00000002   0x2200             MOVS     R2,#+0
    362              
    363              for(i = 0;i < len; i++) {
   \   00000004   0x4613             MOV      R3,R2
   \   00000006   0xE002             B.N      ??GetSumChk_0
    364                  sum += buf[i];                             //求和
   \                     ??GetSumChk_1: (+1)
   \   00000008   0x5C1C             LDRB     R4,[R3, R0]
   \   0000000A   0x18A2             ADDS     R2,R4,R2
    365              }
   \   0000000C   0x1C5B             ADDS     R3,R3,#+1
   \                     ??GetSumChk_0: (+1)
   \   0000000E   0xB29B             UXTH     R3,R3
   \   00000010   0x428B             CMP      R3,R1
   \   00000012   0xD3F9             BCC.N    ??GetSumChk_1
    366              
    367              return  sum;
   \   00000014   0x4610             MOV      R0,R2
   \   00000016   0xB2C0             UXTB     R0,R0
   \   00000018   0xBC10             POP      {R4}
   \   0000001A   0x4770             BX       LR               ;; return
    368          }
    369          /*******************************************************************************
    370           * 名    称： GetSumXorChk
    371           * 功    能： 取校验和补码
    372           * 入口参数： Buf：求数组   Len：数组长度
    373           * 出口参数： 校验和
    374           * 作    者： 无名沈.
    375           * 创建日期： 2017-07-26
    376           * 修    改：
    377           * 修改日期：
    378           *******************************************************************************/

   \                                 In section .text, align 2, keep-with-next
    379          uint8_t GetSumXorChk(uint8_t  *buf, uint16_t len)
    380          {
   \                     GetSumXorChk: (+1)
   \   00000000   0xB410             PUSH     {R4}
    381              uint16_t  i;
    382              int8_t   sum = 0;
   \   00000002   0x2200             MOVS     R2,#+0
    383              
    384              for(i = 0;i < len; i++) {
   \   00000004   0x4613             MOV      R3,R2
   \   00000006   0xE002             B.N      ??GetSumXorChk_0
    385                  sum += buf[i];                             //求和
   \                     ??GetSumXorChk_1: (+1)
   \   00000008   0x5C1C             LDRB     R4,[R3, R0]
   \   0000000A   0x18A2             ADDS     R2,R4,R2
    386              }
   \   0000000C   0x1C5B             ADDS     R3,R3,#+1
   \                     ??GetSumXorChk_0: (+1)
   \   0000000E   0xB29B             UXTH     R3,R3
   \   00000010   0x428B             CMP      R3,R1
   \   00000012   0xD3F9             BCC.N    ??GetSumXorChk_1
    387              sum = ~sum + 1;
    388              //if((uint8_t)sum > 0x7f) {
    389              //	sum = ~sum + 1;// + 0x80;                  //取反+1
    390              //}
    391              
    392              return  sum;
   \   00000014   0x43D0             MVNS     R0,R2
   \   00000016   0x1C40             ADDS     R0,R0,#+1
   \   00000018   0xB2C0             UXTB     R0,R0
   \   0000001A   0xBC10             POP      {R4}
   \   0000001C   0x4770             BX       LR               ;; return
    393          }
    394          
    395          /*******************************************************************************
    396           * 名    称： GetSum16Chk
    397           * 功    能： 取校验和校
    398           * 入口参数： Buf：求数组   Len：数组长度
    399           * 出口参数： 验和
    400           * 作    者： 无名沈.
    401           * 创建日期： 2017-07-26
    402           * 修    改：
    403           * 修改日期：
    404           *******************************************************************************/

   \                                 In section .text, align 2, keep-with-next
    405          uint16_t GetSum16Chk(uint8_t *buf, uint16_t len)
    406          {
   \                     GetSum16Chk: (+1)
   \   00000000   0xB410             PUSH     {R4}
    407              uint16_t  	i;
    408              uint16_t   	sum = 0;
   \   00000002   0x2200             MOVS     R2,#+0
    409              
    410              for(i = 0;i < len; i++) {
   \   00000004   0x4613             MOV      R3,R2
   \   00000006   0xE003             B.N      ??GetSum16Chk_0
    411                  sum += buf[i];                              //求和
   \                     ??GetSum16Chk_1: (+1)
   \   00000008   0x5C1C             LDRB     R4,[R3, R0]
   \   0000000A   0x18A2             ADDS     R2,R4,R2
   \   0000000C   0xB292             UXTH     R2,R2
    412              }
   \   0000000E   0x1C5B             ADDS     R3,R3,#+1
   \                     ??GetSum16Chk_0: (+1)
   \   00000010   0xB29B             UXTH     R3,R3
   \   00000012   0x428B             CMP      R3,R1
   \   00000014   0xD3F8             BCC.N    ??GetSum16Chk_1
    413              
    414              return  sum;
   \   00000016   0x4610             MOV      R0,R2
   \   00000018   0xBC10             POP      {R4}
   \   0000001A   0x4770             BX       LR               ;; return
    415          }
    416          /*******************************************************************************
    417           * 名    称： GetSum16XorChk
    418           * 功    能： 取校验和校补码
    419           * 入口参数： Buf：求数组   Len：数组长度
    420           * 出口参数： 验和
    421           * 作    者： 无名沈.
    422           * 创建日期： 2017-07-26
    423           * 修    改：
    424           * 修改日期：
    425           *******************************************************************************/

   \                                 In section .text, align 2, keep-with-next
    426          uint16_t GetSum16XorChk(uint8_t *buf, uint16_t len)
    427          {
   \                     GetSum16XorChk: (+1)
   \   00000000   0xB410             PUSH     {R4}
    428              uint16_t  	i;
    429              uint16_t   	sum = 0;
   \   00000002   0x2200             MOVS     R2,#+0
    430              
    431              for(i = 0;i < len; i++) {
   \   00000004   0x4613             MOV      R3,R2
   \   00000006   0xE003             B.N      ??GetSum16XorChk_0
    432                  sum += buf[i];                              //求和
   \                     ??GetSum16XorChk_1: (+1)
   \   00000008   0x5C1C             LDRB     R4,[R3, R0]
   \   0000000A   0x18A2             ADDS     R2,R4,R2
   \   0000000C   0xB292             UXTH     R2,R2
    433              }
   \   0000000E   0x1C5B             ADDS     R3,R3,#+1
   \                     ??GetSum16XorChk_0: (+1)
   \   00000010   0xB29B             UXTH     R3,R3
   \   00000012   0x428B             CMP      R3,R1
   \   00000014   0xD3F8             BCC.N    ??GetSum16XorChk_1
    434              
    435              if((uint16_t)sum > 0x7fff) {
   \   00000016   0x4610             MOV      R0,R2
   \   00000018   0xF5B0 0x4F00      CMP      R0,#+32768
   \   0000001C   0xDB04             BLT.N    ??GetSum16XorChk_2
    436              	sum = ~sum + 1 + 0x8000;                    //取反+1
   \   0000001E   0x43D0             MVNS     R0,R2
   \   00000020   0xF647 0x71FF      MOVW     R1,#+32767
   \   00000024   0x1A42             SUBS     R2,R0,R1
   \   00000026   0xB292             UXTH     R2,R2
    437              }
    438              return  sum;
   \                     ??GetSum16XorChk_2: (+1)
   \   00000028   0x4610             MOV      R0,R2
   \   0000002A   0xBC10             POP      {R4}
   \   0000002C   0x4770             BX       LR               ;; return
    439          }
    440          
    441          
    442          /*******************************************************************************
    443          * 名    称： GetCheckSumNR
    444          * 功    能： 
    445          * 入口参数： 无
    446          * 出口参数： 无
    447          * 作　 　者： wumingshen.
    448          * 创建日期： 2015-12-07
    449          * 修    改：
    450          * 修改日期：
    451          * 备    注：
    452          *******************************************************************************/

   \                                 In section .text, align 2, keep-with-next
    453          INT08U GetCheckSumNR(INT08U  Buf[], INT32U Len)
    454          {
   \                     GetCheckSumNR: (+1)
   \   00000000   0xB410             PUSH     {R4}
    455              INT32S  i;
    456              INT08U   CheckSum = 0;
   \   00000002   0x2200             MOVS     R2,#+0
    457              
    458              for(i = 0;i < Len; i++) {
   \   00000004   0x4613             MOV      R3,R2
   \   00000006   0xE003             B.N      ??GetCheckSumNR_0
    459                  CheckSum += Buf[i];                         //求和
   \                     ??GetCheckSumNR_1: (+1)
   \   00000008   0x5C1C             LDRB     R4,[R3, R0]
   \   0000000A   0x18A2             ADDS     R2,R4,R2
   \   0000000C   0xB2D2             UXTB     R2,R2
    460              }
   \   0000000E   0x1C5B             ADDS     R3,R3,#+1
   \                     ??GetCheckSumNR_0: (+1)
   \   00000010   0x428B             CMP      R3,R1
   \   00000012   0xD3F9             BCC.N    ??GetCheckSumNR_1
    461              
    462              if((unsigned char)CheckSum >= 0x80) {
   \   00000014   0x4610             MOV      R0,R2
   \   00000016   0x2880             CMP      R0,#+128
   \   00000018   0xDB03             BLT.N    ??GetCheckSumNR_2
    463              	CheckSum = ~CheckSum + 1 +0x80;             //取反+1
   \   0000001A   0x43D0             MVNS     R0,R2
   \   0000001C   0xF1A0 0x027F      SUB      R2,R0,#+127
   \   00000020   0xB2D2             UXTB     R2,R2
    464              } else {
    465              	CheckSum = CheckSum;                       	//取反+1
    466              }
    467              return  CheckSum;
   \                     ??GetCheckSumNR_2: (+1)
   \   00000022   0x4610             MOV      R0,R2
   \   00000024   0xBC10             POP      {R4}
   \   00000026   0x4770             BX       LR               ;; return
    468          }
    469          
    470          
    471          ////extern	void	NOP(void);
    472          ////----------------------------------------------------------------------------
    473          //// 名    称：   uint16 GetCRC16(uint8 *Buf, uint16 Len)
    474          //// 功    能：   取CRC16校验和
    475          //// 入口参数：  
    476          //// 出口参数：   
    477          ////----------------------------------------------------------------------------
    478          //uint8 GetCheckSum(uint8  Buf[], uint32 Len)
    479          //{
    480          //    uint32  i;
    481          //    uint8   CheckSum = 0;
    482          //    
    483          //    for(i = 0;i < Len; i++)
    484          //    {
    485          //        CheckSum += Buf[i];                             //?óoí
    486          //    }
    487          //    
    488          //    CheckSum = ~CheckSum + 1;                           //è?・′+1
    489          //    
    490          //    return  CheckSum;
    491          //}
    492          
    493          /*******************************************************************************
    494           * 				end of file
    495           *******************************************************************************/

   Maximum stack usage in bytes:

   .cstack Function
   ------- --------
       4   GetCheckSumNR
       8   GetCrc16Check
       8   GetCrc16Chk1
      12   GetCrc16Chk2
       4   GetMBCrc16Chk
       4   GetMBCrc16Up
       4   GetSum16Chk
       4   GetSum16XorChk
       4   GetSumChk
       4   GetSumXorChk


   Section sizes:

   Bytes  Function/Label
   -----  --------------
     256  APP_AUCH_CRC_HI
     256  APP_AUCH_CRC_LO
     512  APP_CRC16_TAB
     512  APP_SD_CRC16_TAB
      40  GetCheckSumNR
      46  GetCrc16Check
      46  GetCrc16Chk1
      44  GetCrc16Chk2
      46  GetMBCrc16Chk
      46  GetMBCrc16Up
      28  GetSum16Chk
      46  GetSum16XorChk
      28  GetSumChk
      30  GetSumXorChk
     512  sd_crc16_table

 
 2 448 bytes in section .text
 
 2 448 bytes of CODE memory

Errors: none
Warnings: none
