###############################################################################
#
# IAR ANSI C/C++ Compiler V7.50.1.10123/W32 for ARM       26/Dec/2017  15:21:28
# Copyright 1999-2015 IAR Systems AB.
#
#    Cpu mode     =  thumb
#    Endian       =  little
#    Source file  =  F:\iar\NC199B-100\Library\Source\APP\Tasks\app_task_comm.c
#    Command line =  
#        F:\iar\NC199B-100\Library\Source\APP\Tasks\app_task_comm.c -D
#        USE_STDPERIPH_DRIVER -D _STM32F10X_HD -D STM32F10X_CL -D DEBUG -D
#        STM32F103RC -D STM32_FLASH_SIZE=256 -D HSE_VALUE=25000000 -lCN
#        F:\iar\NC199B-100\Library\Project\IAR\..\..\..\Output\Lib\Debug-RC\List\
#        -o
#        F:\iar\NC199B-100\Library\Project\IAR\..\..\..\Output\Lib\Debug-RC\Obj\
#        --no_unroll --no_inline --no_tbaa --no_scheduling --debug
#        --endian=little --cpu=Cortex-M3 -e --fpu=None --dlib_config
#        "C:\Program Files (x86)\IAR Systems\Embedded Workbench
#        7.3\arm\INC\c\DLib_Config_Full.h" -I
#        F:\iar\NC199B-100\Library\Project\IAR\ -I
#        F:\iar\NC199B-100\Library\Project\IAR\..\..\Source\APP\ -I
#        F:\iar\NC199B-100\Library\Project\IAR\..\..\Source\APP\User\ -I
#        F:\iar\NC199B-100\Library\Project\IAR\..\..\Source\APP\AES\ -I
#        F:\iar\NC199B-100\Library\Project\IAR\..\..\Source\APP\Config\ -I
#        F:\iar\NC199B-100\Library\Project\IAR\..\..\Source\APP\OS\ -I
#        F:\iar\NC199B-100\Library\Project\IAR\..\..\Source\APP\User\ -I
#        F:\iar\NC199B-100\Library\Project\IAR\..\..\Source\APP\SIM900A\Source\
#        -I
#        F:\iar\NC199B-100\Library\Project\IAR\..\..\Source\APP\SIM900A\Port\
#        -I F:\iar\NC199B-100\Library\Project\IAR\..\..\Source\APP\SIM900A\OS\
#        -I
#        F:\iar\NC199B-100\Library\Project\IAR\..\..\Source\APP\SIM900A\Config\
#        -I F:\iar\NC199B-100\Library\Project\IAR\..\..\Source\APP\Protocol\ -I
#        F:\iar\NC199B-100\Library\Project\IAR\..\..\Source\APP\Iap\ -I
#        F:\iar\NC199B-100\Library\Project\IAR\..\..\Source\BSP\ -I
#        F:\iar\NC199B-100\Library\Project\IAR\..\..\Source\BSP\Driver\ -I
#        F:\iar\NC199B-100\Library\Project\IAR\..\..\Source\BSP\IAR\ -I
#        F:\iar\NC199B-100\Library\Project\IAR\..\..\Source\BSP\Os\ -I
#        F:\iar\NC199B-100\Library\Project\IAR\..\..\Source\BSP\Os\uCOS-III\ -I
#        F:\iar\NC199B-100\Library\Project\IAR\..\..\Source\BSP\St\ -I
#        F:\iar\NC199B-100\Library\Project\IAR\..\..\Source\BSP\St\FWLib\CMSIS\CM3\CoreSupport\
#        -I
#        F:\iar\NC199B-100\Library\Project\IAR\..\..\Source\BSP\St\FWLib\CMSIS\CM3\DeviceSupport\ST\STM32F10x\
#        -I
#        F:\iar\NC199B-100\Library\Project\IAR\..\..\Source\BSP\St\FWLib\STM32F10x_StdPeriph_Driver\inc\
#        -I F:\iar\NC199B-100\Library\Project\IAR\..\..\Source\Micrium\uC-CPU\
#        -I
#        F:\iar\NC199B-100\Library\Project\IAR\..\..\Source\Micrium\uC-CPU\ARM-Cortex-M3\IAR\
#        -I F:\iar\NC199B-100\Library\Project\IAR\..\..\Source\Micrium\uC-LIB\
#        -I F:\iar\NC199B-100\Library\Project\IAR\..\..\Source\BSP\Os\OSAL\ -I
#        F:\iar\NC199B-100\Library\Project\IAR\..\..\Source\OSAL\OS\ -I
#        F:\iar\NC199B-100\Library\Project\IAR\..\..\Source\Micrium\uC-MB\ -I
#        F:\iar\NC199B-100\Library\Project\IAR\..\..\Source\Micrium\uC-MB\Cfg\Template\
#        -I
#        F:\iar\NC199B-100\Library\Project\IAR\..\..\Source\Micrium\uC-MB\OS\uCOS-III\
#        -I
#        F:\iar\NC199B-100\Library\Project\IAR\..\..\Source\Micrium\uC-MB\Source\
#        -I
#        F:\iar\NC199B-100\Library\Project\IAR\..\..\Source\Micrium\uC-OS-III\
#        -I
#        F:\iar\NC199B-100\Library\Project\IAR\..\..\Source\Micrium\uC-OS-III\Ports\ARM-Cortex-M3\Generic\IAR\
#        -I
#        F:\iar\NC199B-100\Library\Project\IAR\..\..\Source\Micrium\uC-OS-III\Source\
#        -I F:\iar\NC199B-100\Library\Project\IAR\..\..\Source\FatFs\ -I
#        F:\iar\NC199B-100\Library\Project\IAR\..\..\Source\FatFs\option\ -Om
#        --use_c++_inline -I "C:\Program Files (x86)\IAR Systems\Embedded
#        Workbench 7.3\arm\CMSIS\Include\"
#    List file    =  
#        F:\iar\NC199B-100\Library\Project\IAR\..\..\..\Output\Lib\Debug-RC\List\app_task_comm.lst
#    Object file  =  
#        F:\iar\NC199B-100\Library\Project\IAR\..\..\..\Output\Lib\Debug-RC\Obj\app_task_comm.o
#
###############################################################################

F:\iar\NC199B-100\Library\Source\APP\Tasks\app_task_comm.c
      1          /*******************************************************************************
      2          *   Filename:       app_task_comm.c
      3          *   Revised:        All copyrights reserved to wumingshen.
      4          *   Revision:       v1.0
      5          *   Writer:	     wumingshen.
      6          *
      7          *   Description:    双击选中 comm 按 Ctrl + H, 钩选 Match the case, Replace with
      8          *                   输入您要的名字，点击 Replace All
      9          *                   双击选中 Comm 按 Ctrl + H, 钩选 Match the case, Replace with
     10          *                   输入您要的名字，点击 Replace All
     11          *                   双击选中 COMM 按 Ctrl + H, 钩选 Match the case, Replace with
     12          *                   输入您要的名字，点击 Replace All
     13          *                   在 app_cfg.h 中指定本任务的 优先级  （ APP_TASK_COMM_PRIO     ）
     14          *                                            和 任务堆栈（ APP_TASK_COMM_STK_SIZE ）大小
     15          *
     16          *   Notes:
     17          *     				E-mail: shenchangwei945@163.com
     18          *
     19          *******************************************************************************/
     20          
     21          /*******************************************************************************
     22          * INCLUDES
     23          */
     24          #define  SNL_APP_SOURCE
     25          #include <includes.h>
     26          #include <app_comm_protocol.h>
     27          #include <app_ctrl.h>
     28          #include <os_cfg_app.h>
     29          #include <bsp_timer.h>
     30          #include "csnc_package_deal.h"
     31          #include "app_chk.h"
     32          
     33          //#include <bsp_flash.h>
     34          //#include <iap.h>
     35          
     36          #ifdef VSC_INCLUDE_SOURCE_FILE_NAMES
     37          const  CPU_CHAR  *app_task_comm__c = "$Id: $";
     38          #endif
     39          
     40          #define APP_TASK_COMM_EN     DEF_ENABLED
     41          #if APP_TASK_COMM_EN == DEF_ENABLED
     42          /*******************************************************************************
     43          * CONSTANTS
     44          */
     45          
     46          /*******************************************************************************
     47          * MACROS
     48          */
     49          #define CYCLE_TIME_TICKS            (OS_TICKS_PER_SEC * 1)
     50          
     51          /*******************************************************************************
     52          * TYPEDEFS
     53          */
     54          
     55          
     56          
     57          /***********************************************
     58          * 描述： 任务控制块（TCB）
     59          */

   \                                 In section .bss, align 4
     60          static  OS_TCB   AppTaskCommTCB;
   \                     AppTaskCommTCB:
   \   00000000                      DS8 184
   \   000000B8                      DS8 1024
     61          
     62          /***********************************************
     63          * 描述： 任务堆栈（STACKS）
     64          */
     65          static  CPU_STK  AppTaskCommStk[ APP_TASK_COMM_STK_SIZE ];
     66          
     67          //StrCtrlDCB       Ctrl;
     68          

   \                                 In section .bss, align 4
     69          OS_Q             MTR_RxQ;
   \                     MTR_RxQ:
   \   00000000                      DS8 36
     70          /*******************************************************************************
     71          * LOCAL VARIABLES
     72          */
     73          
     74          /*******************************************************************************
     75          * GLOBAL VARIABLES
     76          */
     77          
     78          /***********************************************
     79          * 描述： 软定时器声明
     80          */

   \                                 In section .bss, align 4
     81          OS_TMR          OSTmr1;                         //定时器1
   \                     OSTmr1:
   \   00000000                      DS8 44
     82          
     83          /***********************************************
     84          * 描述： 软定时器回调函数
     85          */
     86          void            OSTmr1_callback             (OS_TMR *ptmr,void *p_arg);
     87          CPU_BOOLEAN     APP_CSNC_CommHandler        (MODBUS_CH  *pch);
     88          CPU_BOOLEAN     APP_MaterCommHandler        (MODBUS_CH  *pch);
     89          
     90          /*******************************************************************************
     91          * LOCAL FUNCTIONS
     92          */
     93          static void    AppTaskComm                 (void *p_arg);
     94          static void    APP_CommInit                (void);
     95          INT08U          APP_CommRxDataDealCB        (MODBUS_CH  *pch);
     96          INT08U          IAP_CommRxDataDealCB        (MODBUS_CH  *pch);
     97          /*******************************************************************************
     98          * GLOBAL FUNCTIONS
     99          */
    100          
    101          /*******************************************************************************
    102          * EXTERN VARIABLES
    103          */
    104          
    105          /*******************************************************************************
    106          * EXTERN FUNCTIONS
    107          */
    108          extern  void    app_comm_mtr(void);
    109          extern  void    app_comm_dtu(void);
    110          extern  void    app_comm_otr(void);
    111          
    112          
    113          /*******************************************************************************
    114          * 入口参数： 无
    115          * 出口参数： 无
    116          * 作　 　者： redmoringcn.
    117          * 创建日期： 2017-11-17
    118          * 修    改：
    119          * 修改日期：
    120          * 备    注： 任务创建函数需要在app.h文件中声明
    121          *******************************************************************************/

   \                                 In section .text, align 2, keep-with-next
    122          void  App_TaskCommCreate(void)
    123          {
   \                     App_TaskCommCreate: (+1)
   \   00000000   0xB500             PUSH     {LR}
   \   00000002   0xB08B             SUB      SP,SP,#+44
    124              OS_ERR  err;
    125              
    126              /***********************************************
    127              * 描述： 任务创建
    128              */
    129              OSTaskCreate((OS_TCB     *)&AppTaskCommTCB,                     // 任务控制块  （当前文件中定义）
    130                           (CPU_CHAR   *)"App Task Comm",                     // 任务名称
    131                           (OS_TASK_PTR ) AppTaskComm,                        // 任务函数指针（当前文件中定义）
    132                           (void       *) 0,                                  // 任务函数参数
    133                           (OS_PRIO     ) APP_TASK_COMM_PRIO,                 // 任务优先级，不同任务优先级可以相同，0 < 优先级 < OS_CFG_PRIO_MAX - 2（app_cfg.h中定义）
    134                           (CPU_STK    *)&AppTaskCommStk[0],                  // 任务栈顶
    135                           (CPU_STK_SIZE) APP_TASK_COMM_STK_SIZE / 10,        // 任务栈溢出报警值
    136                           (CPU_STK_SIZE) APP_TASK_COMM_STK_SIZE,             // 任务栈大小（CPU数据宽度 * 8 * size = 4 * 8 * size(字节)）（app_cfg.h中定义）
    137                           (OS_MSG_QTY  ) 0u,                                 // 可以发送给任务的最大消息队列数量
    138                           (OS_TICK     ) 0u,                                 // 相同优先级任务的轮循时间（ms），0为默认
    139                           (void       *) 0,                                  // 是一个指向它被用作一个TCB扩展用户提供的存储器位置
    140                           (OS_OPT      )(OS_OPT_TASK_STK_CHK |               // 允许堆栈检查该任务
    141                                          OS_OPT_TASK_STK_CLR),               // 创建任务时堆栈清零
    142                           (OS_ERR     *)&err);                               // 指向错误代码的指针，用于创建结果处理
   \   00000004   0x....             LDR.N    R0,??DataTable7
   \   00000006   0xA909             ADD      R1,SP,#+36
   \   00000008   0x9108             STR      R1,[SP, #+32]
   \   0000000A   0x2103             MOVS     R1,#+3
   \   0000000C   0x9107             STR      R1,[SP, #+28]
   \   0000000E   0x2100             MOVS     R1,#+0
   \   00000010   0x9106             STR      R1,[SP, #+24]
   \   00000012   0x9105             STR      R1,[SP, #+20]
   \   00000014   0x9104             STR      R1,[SP, #+16]
   \   00000016   0xF44F 0x7180      MOV      R1,#+256
   \   0000001A   0x9103             STR      R1,[SP, #+12]
   \   0000001C   0x2119             MOVS     R1,#+25
   \   0000001E   0x9102             STR      R1,[SP, #+8]
   \   00000020   0xF100 0x01B8      ADD      R1,R0,#+184
   \   00000024   0x9101             STR      R1,[SP, #+4]
   \   00000026   0x2112             MOVS     R1,#+18
   \   00000028   0x9100             STR      R1,[SP, #+0]
   \   0000002A   0x2300             MOVS     R3,#+0
   \   0000002C   0x.... 0x....      ADR.W    R2,AppTaskComm
   \   00000030   0x.... 0x....      ADR.W    R1,?_0
   \   00000034   0x.... 0x....      BL       OSTaskCreate
    143              
    144          }
   \   00000038   0xB00B             ADD      SP,SP,#+44
   \   0000003A   0xBD00             POP      {PC}             ;; return
    145          
    146          /*******************************************************************************
    147          * 名    称： AppTaskComm
    148          * 功    能： 控制任务
    149          * 入口参数： p_arg - 由任务创建函数传入
    150          * 出口参数： 无
    151          * 作　 　者： wumingshen.
    152          * 创建日期： 2015-02-05
    153          * 修    改：
    154          * 修改日期：
    155          *******************************************************************************/

   \                                 In section .text, align 4, keep-with-next
    156          static  void  AppTaskComm (void *p_arg)
    157          {
   \                     AppTaskComm: (+1)
   \   00000000   0xB5FE             PUSH     {R1-R7,LR}
    158              OS_ERR      err;
    159              
    160              OS_TICK     dly     = CYCLE_TIME_TICKS;
    161              OS_TICK     ticks;
    162              /***********************************************
    163              * 描述： 任务初始化
    164              */
    165              APP_CommInit();         
   \   00000002   0x.... 0x....      BL       APP_CommInit
   \   00000006   0x....             LDR.N    R4,??DataTable7_1
   \   00000008   0xF204 0x4562      ADDW     R5,R4,#+1122
   \   0000000C   0xE00A             B.N      ??AppTaskComm_0
    166              
    167              /***********************************************
    168              * 描述： Task body, always written as an infinite loop.
    169              */
    170              while (DEF_TRUE) { 
    171                  /***********************************************
    172                  * 描述： 本任务看门狗标志置位
    173                  */
    174                  OS_FlagPost(( OS_FLAG_GRP *)&WdtFlagGRP,
    175                              ( OS_FLAGS     ) WDT_FLAG_COMM,
    176                              ( OS_OPT       ) OS_OPT_POST_FLAG_SET,
    177                              ( CPU_TS       ) 0,
    178                              ( OS_ERR      *) &err);
    179                  
    180                  OS_ERR      terr;
    181                  
    182                  ticks   = OSTimeGet(&terr);                        // 获取当前OSTick
    183                  /***********************************************
    184                  * 描述： 等待COMM的标识组
    185                  */
    186                  OS_FLAGS    flags = 
    187                  OSFlagPend( ( OS_FLAG_GRP *)&Ctrl.Os.CommEvtFlagGrp,
    188                             ( OS_FLAGS     ) Ctrl.Os.CommEvtFlag,
    189                             ( OS_TICK      ) dly,
    190                             ( OS_OPT       ) OS_OPT_PEND_FLAG_SET_ANY,
    191                             ( CPU_TS      *) NULL,
    192                             ( OS_ERR      *)&err);
    193                  
    194                  
    195                  /***********************************************
    196                  * 描述： 没有错误,有事件发生
    197                  */
    198                  if ( err == OS_ERR_NONE ) {
    199                      OS_FLAGS    flagClr = 0;
    200                      /***********************************************
    201                      * 和测量某块通讯有关事件发生，调用MTR通讯处理函数
    202                      */           
    203                      if(   flags & COMM_EVT_FLAG_MTR_TIMEOUT ) {
    204                          
    205                          Ctrl.Para.dat.sRunPara.SysSta.mtrsend = 1;
    206                          app_comm_mtr();                             
    207                          
    208                          flagClr |= COMM_EVT_FLAG_MTR_TIMEOUT;   //超时，清接收数据标示
    209                      }
    210                      
    211                      /***********************************************
    212                      * 和无线发送模块事件发生，调用DTU通讯处理函数
    213                      */           
    214                      //else  
    215                      if(    flags & COMM_EVT_FLAG_DTU_RX 
    216                         ||  flags & COMM_EVT_FLAG_DTU_TIMEOUT ) {
    217                             
    218                             //调用DTU通讯处理函数
    219                             app_comm_dtu();                            
    220                             
    221                             if( flags &    COMM_EVT_FLAG_DTU_RX) {      
    222                                 flagClr |= COMM_EVT_FLAG_DTU_RX;        //接收到数据，清接收数据标示
    223                             }else{
    224                                 flagClr |= COMM_EVT_FLAG_DTU_TIMEOUT;   //接收到数据，清接收数据标示
   \                     ??AppTaskComm_1: (+1)
   \   0000000E   0xF047 0x0710      ORR      R7,R7,#0x10
    225                             }
    226                         }
    227                      
    228                      /***********************************************
    229                      * 描述： 清除标志
    230                      */
    231                      if ( !flagClr ) {
   \                     ??AppTaskComm_2: (+1)
   \   00000012   0x2F00             CMP      R7,#+0
   \   00000014   0xD100             BNE.N    ??AppTaskComm_3
    232                          flagClr = flags;
   \   00000016   0x4637             MOV      R7,R6
    233                      }
    234                      
    235                      /***********************************************
    236                      * 描述： 清除标志位
    237                      */
    238                      OSFlagPost( ( OS_FLAG_GRP  *)&Ctrl.Os.CommEvtFlagGrp,
    239                                 ( OS_FLAGS      )flagClr,
    240                                 ( OS_OPT        )OS_OPT_POST_FLAG_CLR,
    241                                 ( OS_ERR       *)&err);
   \                     ??AppTaskComm_3: (+1)
   \   00000018   0xAB02             ADD      R3,SP,#+8
   \   0000001A   0x2201             MOVS     R2,#+1
   \   0000001C   0x4639             MOV      R1,R7
   \   0000001E   0x4628             MOV      R0,R5
   \   00000020   0x.... 0x....      BL       OSFlagPost
   \                     ??AppTaskComm_0: (+1)
   \   00000024   0xA802             ADD      R0,SP,#+8
   \   00000026   0x9000             STR      R0,[SP, #+0]
   \   00000028   0x2300             MOVS     R3,#+0
   \   0000002A   0x461A             MOV      R2,R3
   \   0000002C   0x2101             MOVS     R1,#+1
   \   0000002E   0x....             LDR.N    R0,??DataTable7_2
   \   00000030   0x.... 0x....      BL       OS_FlagPost
   \   00000034   0xF10D 0x000A      ADD      R0,SP,#+10
   \   00000038   0x.... 0x....      BL       OSTimeGet
   \   0000003C   0xA802             ADD      R0,SP,#+8
   \   0000003E   0x9001             STR      R0,[SP, #+4]
   \   00000040   0x2000             MOVS     R0,#+0
   \   00000042   0x9000             STR      R0,[SP, #+0]
   \   00000044   0x2308             MOVS     R3,#+8
   \   00000046   0xF44F 0x727A      MOV      R2,#+1000
   \   0000004A   0xF8D4 0x147E      LDR      R1,[R4, #+1150]
   \   0000004E   0x4628             MOV      R0,R5
   \   00000050   0x.... 0x....      BL       OSFlagPend
   \   00000054   0x4606             MOV      R6,R0
   \   00000056   0xF8BD 0x0008      LDRH     R0,[SP, #+8]
   \   0000005A   0x2800             CMP      R0,#+0
   \   0000005C   0xD1E2             BNE.N    ??AppTaskComm_0
   \   0000005E   0x2700             MOVS     R7,#+0
   \   00000060   0x0730             LSLS     R0,R6,#+28
   \   00000062   0xD508             BPL.N    ??AppTaskComm_4
   \   00000064   0xF894 0x004C      LDRB     R0,[R4, #+76]
   \   00000068   0xF040 0x0040      ORR      R0,R0,#0x40
   \   0000006C   0xF884 0x004C      STRB     R0,[R4, #+76]
   \   00000070   0x.... 0x....      BL       app_comm_mtr
   \   00000074   0x2708             MOVS     R7,#+8
   \                     ??AppTaskComm_4: (+1)
   \   00000076   0xF016 0x0F12      TST      R6,#0x12
   \   0000007A   0xD0CA             BEQ.N    ??AppTaskComm_2
   \   0000007C   0x.... 0x....      BL       app_comm_dtu
   \   00000080   0x07B0             LSLS     R0,R6,#+30
   \   00000082   0xD5C4             BPL.N    ??AppTaskComm_1
   \   00000084   0xF047 0x0702      ORR      R7,R7,#0x2
   \   00000088   0xE7C3             B.N      ??AppTaskComm_2
    242                  }
    243              }
    244          }
    245          
    246          /*******************************************************************************
    247          * 名    称： APP_ModbusInit
    248          * 功    能： MODBUS初始化
    249          * 入口参数： 无
    250          * 出口参数： 无
    251          * 作　 　者： 无名沈
    252          * 创建日期： 2015-03-28
    253          * 修    改：
    254          * 修改日期：
    255          * 备    注： 该初始化会创建Modbus任务。
    256          *******************************************************************************/

   \                                 In section .text, align 2, keep-with-next
    257          void App_ModbusInit(void)
    258          {
   \                     App_ModbusInit: (+1)
   \   00000000   0xB570             PUSH     {R4-R6,LR}
   \   00000002   0xB086             SUB      SP,SP,#+24
    259              MODBUS_CH   *pch;
    260              /***********************************************
    261              * 描述： uCModBus初始化，RTU时钟频率为1000HZ
    262              *        使用了定时器2（TIM2）
    263              */
    264              MB_Init(1000);
   \   00000004   0xF44F 0x707A      MOV      R0,#+1000
   \   00000008   0x.... 0x....      BL       MB_Init
    265              
    266              // UART1
    267              /***********************************************
    268              * 描述：  UART1串口和测量装置连接。master
    269              *        用作主机。
    270              */
    271          //#if MODBUS_CFG_MASTER_EN == DEF_TRUE
    272          //    pch         = MB_CfgCh( ModbusNode,             // ... Modbus Node # for this slave channel
    273          //                           MODBUS_SLAVE,          // ... This is a MASTER
    274          //                           500,                    // ... 0 when a slave
    275          //                           MODBUS_MODE_RTU,        // ... Modbus Mode (_ASCII or _RTU)
    276          //                           1,                      // ... Specify UART #1
    277          //                           9600,                   // ... Baud Rate
    278          //                           USART_WordLength_8b,         // ... Number of data bits 7 or 8
    279          //                           USART_Parity_No,       // ... Parity: _NONE, _ODD or _EVEN
    280          //                           USART_StopBits_1,         // ... Number of stop bits 1 or 2
    281          //                           MODBUS_WR_EN);          // ... Enable (_EN) or disable (_DIS) writes
    282          //    pch->AesEn          = DEF_DISABLED;             // ... AES加密禁止
    283          //    pch->NonModbusEn    = DEF_ENABLED;              // ... 支持非MODBUS通信
    284          //    pch->IapModbusEn    = DEF_ENABLED;              // ... 支持IAP MODBUS通信
    285          //    
    286          //    pch->RxFrameHead    = 0x1028;                   // ... 添加匹配帧头
    287          //    pch->RxFrameTail    = 0x102C;                   // ... 添加匹配帧尾
    288          //    
    289          //    Ctrl.Mtr.pch       = pch;                      // ... modbus控制块和全局结构体建立连接
    290          //    
    291          //#endif
    292              // UART2
    293              /***********************************************
    294              * 描述:   UART2串口和测量装置通讯。master
    295              */
    296              
    297          #if MODBUS_CFG_MASTER_EN == DEF_TRUE
    298              pch         = MB_CfgCh( ModbusNode,             // ... Modbus Node # for this slave channel
    299                                     MODBUS_MASTER,           // ... This is a MASTER
    300                                     500,                    // ... 0 when a slave
    301                                     MODBUS_MODE_RTU,        // ... Modbus Mode (_ASCII or _RTU)
    302                                     1,                      // ... Specify UART #3
    303                                     9600,                  // ... Baud Rate
    304                                     USART_WordLength_8b,         // ... Number of data bits 7 or 8
    305                                     USART_Parity_No,       // ... Parity: _NONE, _ODD or _EVEN
    306                                     USART_StopBits_1,         // ... Number of stop bits 1 or 2
    307                                     MODBUS_WR_EN);          // ... Enable (_EN) or disable (_DIS) writes
   \   0000000C   0x2001             MOVS     R0,#+1
   \   0000000E   0x9005             STR      R0,[SP, #+20]
   \   00000010   0x2000             MOVS     R0,#+0
   \   00000012   0x9004             STR      R0,[SP, #+16]
   \   00000014   0x9003             STR      R0,[SP, #+12]
   \   00000016   0x9002             STR      R0,[SP, #+8]
   \   00000018   0xF44F 0x5016      MOV      R0,#+9600
   \   0000001C   0x9001             STR      R0,[SP, #+4]
   \   0000001E   0x2001             MOVS     R0,#+1
   \   00000020   0x9000             STR      R0,[SP, #+0]
   \   00000022   0x2300             MOVS     R3,#+0
   \   00000024   0xF44F 0x72FA      MOV      R2,#+500
   \   00000028   0x4601             MOV      R1,R0
   \   0000002A   0x.... 0x....      BL       MB_CfgCh
    308              pch->AesEn          =   DEF_DISABLED;           // ... AES加密禁止
   \   0000002E   0xF890 0x1452      LDRB     R1,[R0, #+1106]
   \   00000032   0xF001 0x01FE      AND      R1,R1,#0xFE
   \   00000036   0xF880 0x1452      STRB     R1,[R0, #+1106]
    309              pch->NonModbusEn    =   DEF_ENABLED;            // ... 支持非MODBUS通信
   \   0000003A   0xF041 0x0102      ORR      R1,R1,#0x2
   \   0000003E   0xF880 0x1452      STRB     R1,[R0, #+1106]
    310              pch->IapModbusEn    =   DEF_ENABLED;            // ... 支持IAP MODBUS通信
   \   00000042   0xF041 0x0104      ORR      R1,R1,#0x4
   \   00000046   0xF880 0x1452      STRB     R1,[R0, #+1106]
    311              
    312              pch->RxFrameHead    = 0x1028;                   // ... 添加匹配帧头
   \   0000004A   0xF200 0x314A      ADDW     R1,R0,#+842
   \   0000004E   0xF241 0x0428      MOVW     R4,#+4136
   \   00000052   0x800C             STRH     R4,[R1, #+0]
    313              pch->RxFrameTail    = 0x102C;                   // ... 添加匹配帧尾
   \   00000054   0xF241 0x052C      MOVW     R5,#+4140
   \   00000058   0x804D             STRH     R5,[R1, #+2]
    314              
    315              
    316              Ctrl.Mtr.pch       = pch;                      // ... modbus控制块和全局结构体建立连接
   \   0000005A   0x....             LDR.N    R6,??DataTable7_1
   \   0000005C   0xF8C6 0x02DC      STR      R0,[R6, #+732]
    317          #endif
    318              
    319              // UART3
    320              /***********************************************
    321              * 描述：  UART3串口和无线发送模块连接。master
    322              *        
    323              */
    324          #if MODBUS_CFG_MASTER_EN == DEF_TRUE
    325              
    326              pch         = MB_CfgCh( ModbusNode,             // ... Modbus Node # for this slave channel
    327                                     MODBUS_SLAVE,           // ... This is a SLAVE
    328                                     500,                    // ... 0 when a slave
    329                                     MODBUS_MODE_RTU,        // ... Modbus Mode (_ASCII or _RTU)
    330                                     2,                      // ... Specify UART #3
    331                                     57600,                   // ... Baud Rate
    332                                     USART_WordLength_8b,         // ... Number of data bits 7 or 8
    333                                     USART_Parity_No,       // ... Parity: _NONE, _ODD or _EVEN
    334                                     USART_StopBits_1,         // ... Number of stop bits 1 or 2
    335                                     MODBUS_WR_EN);          // ... Enable (_EN) or disable (_DIS) writes
   \   00000060   0x2001             MOVS     R0,#+1
   \   00000062   0x9005             STR      R0,[SP, #+20]
   \   00000064   0x2000             MOVS     R0,#+0
   \   00000066   0x9004             STR      R0,[SP, #+16]
   \   00000068   0x9003             STR      R0,[SP, #+12]
   \   0000006A   0x9002             STR      R0,[SP, #+8]
   \   0000006C   0xF44F 0x4061      MOV      R0,#+57600
   \   00000070   0x9001             STR      R0,[SP, #+4]
   \   00000072   0x2002             MOVS     R0,#+2
   \   00000074   0x9000             STR      R0,[SP, #+0]
   \   00000076   0x2300             MOVS     R3,#+0
   \   00000078   0xF44F 0x72FA      MOV      R2,#+500
   \   0000007C   0x4619             MOV      R1,R3
   \   0000007E   0x2001             MOVS     R0,#+1
   \   00000080   0x.... 0x....      BL       MB_CfgCh
    336              pch->AesEn          = DEF_DISABLED;             // ... AES加密禁止
   \   00000084   0xF890 0x1452      LDRB     R1,[R0, #+1106]
   \   00000088   0xF001 0x01FE      AND      R1,R1,#0xFE
   \   0000008C   0xF880 0x1452      STRB     R1,[R0, #+1106]
    337              pch->NonModbusEn    = DEF_ENABLED;              // ... 支持非MODBUS通信
   \   00000090   0xF041 0x0102      ORR      R1,R1,#0x2
   \   00000094   0xF880 0x1452      STRB     R1,[R0, #+1106]
    338              pch->IapModbusEn    = DEF_ENABLED;              // ... 支持IAP MODBUS通信
   \   00000098   0xF041 0x0104      ORR      R1,R1,#0x4
   \   0000009C   0xF880 0x1452      STRB     R1,[R0, #+1106]
    339              
    340              pch->RxFrameHead    = 0x1028;                   // ... 添加匹配帧头
   \   000000A0   0xF200 0x314A      ADDW     R1,R0,#+842
   \   000000A4   0x800C             STRH     R4,[R1, #+0]
    341              pch->RxFrameTail    = 0x102C;                   // ... 添加匹配帧尾
   \   000000A6   0x804D             STRH     R5,[R1, #+2]
    342              
    343              Ctrl.Dtu.pch       = pch;                      // ... modbus控制块和全局结构体建立连接
   \   000000A8   0xF8C6 0x043D      STR      R0,[R6, #+1085]
    344          #endif
    345              
    346              // UART3
    347              /***********************************************
    348              * 描述：  UART0串口和TAX连接。slave
    349              *        
    350              */
    351          //#if MODBUS_CFG_MASTER_EN == DEF_TRUE
    352          //    
    353          //    pch         = MB_CfgCh( ModbusNode,             // ... Modbus Node # for this slave channel
    354          //                           MODBUS_SLAVE,           // ... This is a SLAVE
    355          //                           500,                    // ... 0 when a slave
    356          //                           MODBUS_MODE_RTU,        // ... Modbus Mode (_ASCII or _RTU)
    357          //                           0,                      // ... Specify UART #0
    358          //                           28800,                   // ... Baud Rate
    359          //                           USART_WordLength_8b,         // ... Number of data bits 7 or 8
    360          //                           //UART_PARITY_NONE,       // ... Parity: _NONE, _ODD or _EVEN
    361          //                           USART_Parity_No,
    362          //                           USART_StopBits_1,         // ... Number of stop bits 1 or 2
    363          //                           MODBUS_WR_EN);          // ... Enable (_EN) or disable (_DIS) writes
    364          //    pch->AesEn          = DEF_DISABLED;             // ... AES加密禁止
    365          //    pch->NonModbusEn    = DEF_ENABLED;              // ... 支持非MODBUS通信
    366          //    pch->IapModbusEn    = DEF_ENABLED;              // ... 支持IAP MODBUS通信
    367          //    
    368          //    pch->RxFrameHead    = 0x1028;                   // ... 添加匹配帧头
    369          //    pch->RxFrameTail    = 0x102C;                   // ... 添加匹配帧尾
    370          //    
    371          //    pch->RTU_TimeoutCnts = 50;
    372          //    pch->RTU_TimeoutCtr  = 50;
    373          //    
    374          //    Ctrl.DevTax.pch    = pch;                      // ... modbus控制块和全局结构体建立连接
    375          //#endif
    376              
    377          }
   \   000000AC   0xB006             ADD      SP,SP,#+24
   \   000000AE   0xBD70             POP      {R4-R6,PC}       ;; return
    378          
    379          
    380          /*******************************************************************************
    381          * 名    称： APP_CommInit
    382          * 功    能： 任务初始化
    383          * 入口参数： 无
    384          * 出口参数： 无
    385          * 作　 　者： wumingshen.
    386          * 创建日期： 2015-03-28
    387          * 修    改：
    388          * 修改日期：
    389          *******************************************************************************/

   \                                 In section .text, align 2, keep-with-next
    390          void APP_CommInit(void)
    391          {
   \                     APP_CommInit: (+1)
   \   00000000   0xB510             PUSH     {R4,LR}
   \   00000002   0xB082             SUB      SP,SP,#+8
    392              OS_ERR err;
    393              
    394              /***********************************************
    395              * 描述： 创建事件标志组,协调comm收发
    396              */
    397              OSFlagCreate(( OS_FLAG_GRP  *)&Ctrl.Os.CommEvtFlagGrp,
    398                           ( CPU_CHAR     *)"App_CommFlag",
    399                           ( OS_FLAGS      )0,
    400                           ( OS_ERR       *)&err);
   \   00000004   0x....             LDR.N    R4,??DataTable7_1
   \   00000006   0x466B             MOV      R3,SP
   \   00000008   0x2200             MOVS     R2,#+0
   \   0000000A   0x.... 0x....      ADR.W    R1,?_1
   \   0000000E   0xF204 0x4062      ADDW     R0,R4,#+1122
   \   00000012   0x.... 0x....      BL       OSFlagCreate
    401              
    402              Ctrl.Os.CommEvtFlag= 
    403                  //COMM_EVT_FLAG_MTR_RX        // MTR 接收事件
    404                   COMM_EVT_FLAG_DTU_RX          // DTU 接收事件
    405                  //    + COMM_EVT_FLAG_OTR_RX        // OTR 接收事件
    406                          + COMM_EVT_FLAG_MTR_TIMEOUT   // MTR 操作超时，定时发送使用
    407                              + COMM_EVT_FLAG_DTU_TIMEOUT   // DTU 操作超时，定时发送使用
    408                 //                 + COMM_EVT_FLAG_OTR_TIMEOUT  // OTR 操作超时，定时发送使用   
    409                  //                    + COMM_EVT_FLAG_TAX_RX   // TAX 操作超时，定时发送使用
    410                  //                        + COMM_EVT_FLAG_TAX_TIMEOUT;  // TAX 操作超时，定时发送使用  
    411                                              ;
   \   00000016   0x201A             MOVS     R0,#+26
   \   00000018   0xF8C4 0x047E      STR      R0,[R4, #+1150]
    412              
    413              /***********************************************
    414              * 描述： 初始化MODBUS通信
    415              */        
    416              App_ModbusInit();
   \   0000001C   0x.... 0x....      BL       App_ModbusInit
    417              
    418              
    419              /***********************************************
    420              * 描述： 在看门狗标志组注册本任务的看门狗标志
    421              */
    422              WdtFlags |= WDT_FLAG_COMM;
   \   00000020   0x....             LDR.N    R0,??DataTable7_3
   \   00000022   0x6801             LDR      R1,[R0, #+0]
   \   00000024   0xF041 0x0101      ORR      R1,R1,#0x1
   \   00000028   0x6001             STR      R1,[R0, #+0]
    423          }
   \   0000002A   0xBD13             POP      {R0,R1,R4,PC}    ;; return
    424          

   \                                 In section .bss, align 4
    425          uint8       g_recbuf[256];
   \                     g_recbuf:
   \   00000000                      DS8 256
    426          
    427          /*******************************************************************************
    428          * 名    称： APP_CommRxDataDealCB
    429          * 功    能： 串口数据处理回调函数，由MB_DATA.C调用
    430          * 入口参数： 无
    431          * 出口参数： 无
    432          * 作    者： 无名沈
    433          * 创建日期： 2016-01-04
    434          * 修    改：
    435          * 修改日期：
    436          * 备    注： 
    437          *******************************************************************************/

   \                                 In section .text, align 2, keep-with-next
    438          INT08U APP_CommRxDataDealCB(MODBUS_CH  *pch)
    439          {
   \                     APP_CommRxDataDealCB: (+1)
   \   00000000   0xB530             PUSH     {R4,R5,LR}
   \   00000002   0xB087             SUB      SP,SP,#+28
   \   00000004   0x4605             MOV      R5,R0
    440              /***********************************************
    441              * 描述： 2016/01/08增加，用于非MODBBUS IAP升级通信
    442              */
    443          #if MB_IAPMODBUS_EN == DEF_ENABLED
    444              //    /***********************************************
    445              //    * 描述： 如果程序处在升级模式
    446              //    */
    447              //    if ( ( Iap.Status != IAP_STS_DEF ) && 
    448              //         ( Iap.Status != IAP_STS_SUCCEED ) &&
    449              //         ( Iap.Status != IAP_STS_FAILED ) ) {
    450              //        return IAP_CommRxDataDealCB(pch);
    451              //    }
    452          #endif
    453              /***********************************************
    454              * 描述： 获取帧头
    455              */
    456              //CPU_SR_ALLOC();
    457              
    458              //redmorningcn 数据复制功能由MBS_RTU_Task 已经执行。此处无需重复拷贝。
    459              
    460              //    CPU_CRITICAL_ENTER();
    461              //    //u8  Len     = pch->RxBufByteCtr;
    462              //u8  Len     = pch->RxBufByteCnt;
    463              //    memcpy( (INT08U *)&pch->RxFrameData, (INT08U *)pch->RxBuf, Len );
    464              //    CPU_CRITICAL_EXIT();
    465              
    466              OS_ERR      err;
    467              
    468              //DataBuf = pch->RxFrameData;
    469              
    470              //INT08U  *DataBuf = 0 ;
    471              /***********************************************
    472              * 描述： 接收数据处理,
    473              * 根据协议，返回数据是            源地址
    474              *           目标地址由           GetRecSlaveAddr （）获得。
    475              *           数据区长度在          Len
    476              *           数据区                 DataBuf
    477              *           接收序号            GetRecvFrameNbr（）
    478              */  
    479              
    480               //在此增加新的V2.0   
    481              stcCsncProtocolPara sCsncPara;      //csnsY
    482              sCsncPara.destaddr = 0;             //地址赋值
   \   00000006   0x2000             MOVS     R0,#+0
   \   00000008   0xF88D 0x0009      STRB     R0,[SP, #+9]
    483              
    484              uint8       flg; 
    485              sCsncPara.databuf = g_recbuf;
   \   0000000C   0x....             LDR.N    R4,??DataTable7_4
   \   0000000E   0x9403             STR      R4,[SP, #+12]
    486              sCsncPara.rxtxbuf = (uint8 *)pch->RxFrameData;
   \   00000010   0xF505 0x7011      ADD      R0,R5,#+580
   \   00000014   0x9004             STR      R0,[SP, #+16]
    487              sCsncPara.rxtxlen = pch->RxBufByteCnt;
   \   00000016   0x8E68             LDRH     R0,[R5, #+50]
   \   00000018   0xF88D 0x0015      STRB     R0,[SP, #+21]
    488              flg = DataUnpack_CSNC(&sCsncPara);   
   \   0000001C   0xA802             ADD      R0,SP,#+8
   \   0000001E   0x.... 0x....      BL       DataUnpack_CSNC
    489          //   
    490          //    //fhV1.0
    491          //    uint8   DataPos;
    492          //    u8  SourceAddr = 
    493          //        CSNC_GetData(	(uint8 *)pch->RxFrameData,      //RecBuf,
    494          //                     (uint16 )Len,                      //RecLen, 
    495          //                     (uint8 *)&DataPos,                 //DataBuf,
    496          //                     (uint16 *)&Len);                   //InfoLen)
    497              /***********************************************
    498              * 描述： 如果接收地址和装置地址不符，则不处理，接收数据错误。
    499              */
    500              
    501          //    if ( MASTE_ADDR_HOST != GetRecSlaveAddr() ) 
    502          //        return FALSE;
    503              //fhDl考]
    504              if ( MASTE_ADDR_HOST != sCsncPara.destaddr || flg == 0 ) //解析错误、地址错误，退出。
   \   00000022   0xF89D 0x1009      LDRB     R1,[SP, #+9]
   \   00000026   0x2982             CMP      R1,#+130
   \   00000028   0xD101             BNE.N    ??APP_CommRxDataDealCB_0
   \   0000002A   0x2800             CMP      R0,#+0
   \   0000002C   0xD101             BNE.N    ??APP_CommRxDataDealCB_1
    505                  return FALSE;
   \                     ??APP_CommRxDataDealCB_0: (+1)
   \   0000002E   0x2000             MOVS     R0,#+0
   \   00000030   0xE054             B.N      ??APP_CommRxDataDealCB_2
    506              
    507              /***********************************************
    508              * 描述： 根据 地址  pch来源  判断数据是 否 合理 ，
    509              *       并赋值。
    510              */
    511              //switch  (pch->Ch )
    512              switch  (pch->PortNbr )     //根据端口号定义
   \                     ??APP_CommRxDataDealCB_1: (+1)
   \   00000032   0x7A68             LDRB     R0,[R5, #+9]
   \   00000034   0x2802             CMP      R0,#+2
   \   00000036   0xD150             BNE.N    ??APP_CommRxDataDealCB_3
    513              {
    514                  /***********************************************
    515                  * 描述： UART0接收到数据
    516                  */
    517              case 0:
    518                  break;
    519                  
    520                  /***********************************************
    521                  * 描述： UART1接收到数据。数据发送地址：A1、A2
    522                  *                         数据接收地址：80
    523                  */        
    524              case 1:
    525          ////        if(     SLAVE_ADDR_DIP1 == SourceAddr 
    526          ////           ||   SLAVE_ADDR_DIP2 == SourceAddr    
    527          //        if(     SLAVE_ADDR_DIP1 == sCsncPara.sourceaddr 
    528          //           ||   SLAVE_ADDR_DIP2 == sCsncPara.sourceaddr                   
    529          //               
    530          //               )   
    531          //        {
    532          ////            Ctrl.Mtr.RxCtrl.SourceAddr = SourceAddr;           //源地址
    533          ////            Ctrl.Mtr.RxCtrl.DestAddr   = GetRecSlaveAddr();    //目标地址
    534          ////            Ctrl.Mtr.RxCtrl.FramNum    = GetRecvFrameNbr();    //接收到的帧号
    535          ////            Ctrl.Mtr.RxCtrl.Code       = 0;                    //指令码 ，测量装置未定义 
    536          ////            Ctrl.Mtr.RxCtrl.Len        = Len;                  //数据区长度
    537          //            
    538          //            Ctrl.Mtr.RxCtrl.SourceAddr = sCsncPara.sourceaddr;   	//源地址
    539          //            Ctrl.Mtr.RxCtrl.DestAddr   = sCsncPara.destaddr;    	//目标地址
    540          //            Ctrl.Mtr.RxCtrl.FramNum    = sCsncPara.framnum;    	//接收到的帧号
    541          //            Ctrl.Mtr.RxCtrl.FrameCode  = (uint8)sCsncPara.framcode & (0x0f);//指令码 ，测量装置未定义 
    542          //            Ctrl.Mtr.RxCtrl.Len        = sCsncPara.datalen;       	//数据区长度    
    543          //            
    544          //            //取数据记录，将数据记录保存到接收区
    545          //            //OS_CRITICAL_ENTER();
    546          ////            memcpy( (INT08U *)&Ctrl.Mtr.Rd.Buf[0], (INT08U *)&pch->RxFrameData[DataPos], Len );
    547          //            //memcpy( (INT08U *)&Ctrl.Mtr.Rd.Buf[0], buf, Len );
    548          //            memcpy( (INT08U *)&Ctrl.Mtr.Rd.Buf[0], buf, sCsncPara.datalen );
    549          //            //OS_CRITICAL_EXIT();
    550          //            
    551          //            /***********************************************
    552          //            * 描述： UART1连接状态描述
    553          //            */       
    554          //            for(uint8 i = 0;i< COMM_DEV_MTR_CONN_NUM;i++)
    555          //            {
    556          ////                if( Ctrl.Mtr.ConnCtrl[i].SlaveAddr == SourceAddr)
    557          //                if( Ctrl.Mtr.ConnCtrl[i].SlaveAddr == sCsncPara.sourceaddr )
    558          //                {
    559          //                    Ctrl.Mtr.ConnCtrl[i].RecvEndFlg   = 1;      //接收到数据，置1。数据处理后置0
    560          //                    Ctrl.Mtr.ConnCtrl[i].TimeOut      = 0;      //超时计数器清零。
    561          //                }
    562          //            }
    563          //            
    564          //            OS_FlagPost(( OS_FLAG_GRP *)&Ctrl.Os.CommEvtFlagGrp,
    565          //                        ( OS_FLAGS     ) COMM_EVT_FLAG_MTR_RX,
    566          //                        ( OS_OPT       ) OS_OPT_POST_FLAG_SET,
    567          //                        ( CPU_TS       ) 0,
    568          //                        ( OS_ERR      *) &err);       
    569          //        }
    570          //        
    571          //        Ctrl.Mtr.ConnectFlag       = 1;
    572          //        Ctrl.Mtr.ConnectTimeOut    = 0;   
    573                  
    574                  break;
    575                  
    576                  /***********************************************
    577                  * 描述： UART3接收到数据。数据发送地址：CA、C2
    578                  *                         数据接收地址:80
    579                  */   
    580              case 2:
    581                  if(        SLAVE_ADDR_DTU   == sCsncPara.sourceaddr 
    582                     ||      SLAVE_ADDR_SET   == sCsncPara.sourceaddr    
    583                         )   
   \   00000038   0xF89D 0x0008      LDRB     R0,[SP, #+8]
   \   0000003C   0x28CA             CMP      R0,#+202
   \   0000003E   0xD001             BEQ.N    ??APP_CommRxDataDealCB_4
   \   00000040   0x28C2             CMP      R0,#+194
   \   00000042   0xD146             BNE.N    ??APP_CommRxDataDealCB_5
    584                  {
    585                      Ctrl.Dtu.RxCtrl.SourceAddr = sCsncPara.sourceaddr;   	//源地址
   \                     ??APP_CommRxDataDealCB_4: (+1)
   \   00000044   0x....             LDR.N    R5,??DataTable7_1
   \   00000046   0xF205 0x4021      ADDW     R0,R5,#+1057
   \   0000004A   0xF89D 0x2008      LDRB     R2,[SP, #+8]
   \   0000004E   0x7042             STRB     R2,[R0, #+1]
    586                      Ctrl.Dtu.RxCtrl.DestAddr   = sCsncPara.destaddr;    	//目标地址
   \   00000050   0x7001             STRB     R1,[R0, #+0]
    587                      Ctrl.Dtu.RxCtrl.FramNum    = sCsncPara.framnum;    	//接收到的帧号
   \   00000052   0xF89D 0x100A      LDRB     R1,[SP, #+10]
   \   00000056   0x7081             STRB     R1,[R0, #+2]
    588                      Ctrl.Dtu.RxCtrl.FrameCode  = (uint8)sCsncPara.framcode & (0x0f);//指令码 ，测量装置未定义 
   \   00000058   0xF89D 0x100B      LDRB     R1,[SP, #+11]
   \   0000005C   0xF001 0x010F      AND      R1,R1,#0xF
   \   00000060   0x7101             STRB     R1,[R0, #+4]
    589                      Ctrl.Dtu.RxCtrl.Len        = sCsncPara.datalen;       	//数据区长度               
   \   00000062   0xF89D 0x2014      LDRB     R2,[SP, #+20]
   \   00000066   0x70C2             STRB     R2,[R0, #+3]
    590          
    591          			/***********************************************
    592                      * 描述：无线通讯及IC卡通讯，定义数据区的前 4 个字节为命令字，   
    593                      *                           ，4字节后才是真正的数据。                        
    594                      */                   
    595                      //if(Len >=4)     
    596                      if(sCsncPara.datalen >=4 && Ctrl.Dtu.RxCtrl.FrameCode == 0) 
   \   00000068   0x2A04             CMP      R2,#+4
   \   0000006A   0xDB12             BLT.N    ??APP_CommRxDataDealCB_6
   \   0000006C   0x2900             CMP      R1,#+0
   \   0000006E   0xD110             BNE.N    ??APP_CommRxDataDealCB_6
    597                      {
    598                          //Ctrl.Dtu.RxCtrl.Len        = Len - 4;                  //数据区长度
    599                          Ctrl.Dtu.RxCtrl.Len        = sCsncPara.datalen - 4;                  //数据区长度
   \   00000070   0x1F11             SUBS     R1,R2,#+4
   \   00000072   0x70C1             STRB     R1,[R0, #+3]
    600                          //取数据记录，将数据记录保存到接收区
    601                          //OS_CRITICAL_ENTER();
    602                          //memcpy( (INT08U *)&Ctrl.Dtu.RxCtrl.Code, (INT08U *)&pch->RxFrameData[DataPos], 4);        //功能码
    603                          //memcpy( (INT08U *)&Ctrl.Dtu.Rd.Buf[0],   (INT08U *)&pch->RxFrameData[DataPos+4], Len-4 );   //数据区
    604                          memcpy( (INT08U *)&Ctrl.Dtu.RxCtrl.DataCode, g_recbuf, 4);        //功能码
   \   00000074   0x2204             MOVS     R2,#+4
   \   00000076   0x4621             MOV      R1,R4
   \   00000078   0xF205 0x4029      ADDW     R0,R5,#+1065
   \   0000007C   0x.... 0x....      BL       __aeabi_memcpy
    605                          memcpy( (INT08U *)&Ctrl.Dtu.Rd.Buf[0],   (INT08U *)&g_recbuf[4], sCsncPara.datalen-4 );   //数据区
   \   00000080   0xF89D 0x0014      LDRB     R0,[SP, #+20]
   \   00000084   0x1F02             SUBS     R2,R0,#+4
   \   00000086   0x1D21             ADDS     R1,R4,#+4
   \   00000088   0xF205 0x20E1      ADDW     R0,R5,#+737
   \   0000008C   0x.... 0x....      BL       __aeabi_memcpy
    606          
    607                          //OS_CRITICAL_EXIT();                    
    608                      }
   \   00000090   0xE004             B.N      ??APP_CommRxDataDealCB_7
    609                      else        //V2.0协议操作  //将数据拷贝数据区，在根据协议解析   
    610                      {
    611                          memcpy( (INT08U *)&Ctrl.Dtu.Rd.Buf[0],   (INT08U *)&g_recbuf[0], sCsncPara.datalen );
   \                     ??APP_CommRxDataDealCB_6: (+1)
   \   00000092   0x4621             MOV      R1,R4
   \   00000094   0xF205 0x20E1      ADDW     R0,R5,#+737
   \   00000098   0x.... 0x....      BL       __aeabi_memcpy
    612                      }
    613                      /***********************************************
    614                      * 描述： UART3连接状态描述
    615                      */       
    616                      for(uint8 i = 0;i< COMM_DEV_DTU_CONN_NUM;i++)
   \                     ??APP_CommRxDataDealCB_7: (+1)
   \   0000009C   0x2000             MOVS     R0,#+0
   \   0000009E   0xE00D             B.N      ??APP_CommRxDataDealCB_8
    617                      {
    618                          //if( Ctrl.Dtu.ConnCtrl[i].SlaveAddr == SourceAddr)
    619                          if( Ctrl.Dtu.ConnCtrl[i].SlaveAddr == sCsncPara.sourceaddr)
   \                     ??APP_CommRxDataDealCB_9: (+1)
   \   000000A0   0xEB05 0x01C0      ADD      R1,R5,R0, LSL #+3
   \   000000A4   0xF201 0x412E      ADDW     R1,R1,#+1070
   \   000000A8   0x78CA             LDRB     R2,[R1, #+3]
   \   000000AA   0xF89D 0x3008      LDRB     R3,[SP, #+8]
   \   000000AE   0x429A             CMP      R2,R3
   \   000000B0   0xD103             BNE.N    ??APP_CommRxDataDealCB_10
    620                          {
    621                              Ctrl.Dtu.ConnCtrl[i].RecvEndFlg  = 1;              //接收到数据，置1。数据处理后置0
   \   000000B2   0x2201             MOVS     R2,#+1
   \   000000B4   0x700A             STRB     R2,[R1, #+0]
    622                              Ctrl.Dtu.ConnCtrl[i].TimeOut     = 0;              //超时计数器清零。
   \   000000B6   0x2200             MOVS     R2,#+0
   \   000000B8   0x704A             STRB     R2,[R1, #+1]
    623                          }
    624                      }
   \                     ??APP_CommRxDataDealCB_10: (+1)
   \   000000BA   0x1C40             ADDS     R0,R0,#+1
   \                     ??APP_CommRxDataDealCB_8: (+1)
   \   000000BC   0x2802             CMP      R0,#+2
   \   000000BE   0xDBEF             BLT.N    ??APP_CommRxDataDealCB_9
    625                      
    626                      OS_FlagPost(( OS_FLAG_GRP *)&Ctrl.Os.CommEvtFlagGrp,
    627                                  ( OS_FLAGS     ) COMM_EVT_FLAG_DTU_RX,
    628                                  ( OS_OPT       ) OS_OPT_POST_FLAG_SET,
    629                                  ( CPU_TS       ) 0,
    630                                  ( OS_ERR      *) &err);       
   \   000000C0   0xA801             ADD      R0,SP,#+4
   \   000000C2   0x9000             STR      R0,[SP, #+0]
   \   000000C4   0x2300             MOVS     R3,#+0
   \   000000C6   0x461A             MOV      R2,R3
   \   000000C8   0x2102             MOVS     R1,#+2
   \   000000CA   0xF205 0x4062      ADDW     R0,R5,#+1122
   \   000000CE   0x.... 0x....      BL       OS_FlagPost
    631                  }
    632                  
    633                  Ctrl.Dtu.ConnectFlag       = 1;
    634                  Ctrl.Dtu.ConnectTimeOut    = 0;   
   \                     ??APP_CommRxDataDealCB_5: (+1)
   \   000000D2   0x2080             MOVS     R0,#+128
   \   000000D4   0x....             LDR.N    R1,??DataTable7_1
   \   000000D6   0xF881 0x0441      STRB     R0,[R1, #+1089]
    635                  
    636                  break;
    637                  /***********************************************
    638                  * 描述： UART4接收到数据
    639                  */   
    640              case 3:
    641          ////        if(         SLAVE_ADDR_OTR == SourceAddr 
    642          ////           ||      SLAVE_ADDR_SET  == SourceAddr    
    643          ////               
    644          //        if(         SLAVE_ADDR_OTR == sCsncPara.sourceaddr 
    645          //           ||      SLAVE_ADDR_SET  == sCsncPara.sourceaddr    
    646          //               )   
    647          //        {
    648          ////            Ctrl.Otr.RxCtrl.SourceAddr = SourceAddr;           //源地址
    649          ////            Ctrl.Otr.RxCtrl.DestAddr   = GetRecSlaveAddr();    //目标地址
    650          ////            Ctrl.Otr.RxCtrl.FramNum    = GetRecvFrameNbr();    //接收到的帧号
    651          //
    652          //            Ctrl.Otr.RxCtrl.SourceAddr = sCsncPara.sourceaddr;   	//源地址
    653          //            Ctrl.Otr.RxCtrl.DestAddr   = sCsncPara.destaddr;    	//目标地址
    654          //            Ctrl.Otr.RxCtrl.FramNum    = sCsncPara.framnum;    	//接收到的帧号
    655          //            Ctrl.Otr.RxCtrl.FrameCode  = (uint8)sCsncPara.framcode & (0x0f);//指令码 ，测量装置未定义 
    656          //            Ctrl.Otr.RxCtrl.Len        = sCsncPara.datalen;       	//数据区长度               
    657          //
    658          //            /***********************************************
    659          //            * 描述：无线通讯及IC卡通讯，定义数据区的前 4 个字节为命令字，   
    660          //            *                           ，4字节后才是真正的数据。                        
    661          //            */                   
    662          //            //if(Len >=4)  //V1.0协议操作
    663          //            if(sCsncPara.datalen >=4 && Ctrl.Otr.RxCtrl.FrameCode == 0) 
    664          //            {
    665          //                //Ctrl.Otr.RxCtrl.Len        = Len - 4;                  //数据区长度
    666          //                Ctrl.Otr.RxCtrl.Len        = Ctrl.Otr.RxCtrl.Len  - 4;                  //数据区长度 - 4;                  //数据区长度
    667          //                //取数据记录，将数据记录保存到接收区
    668          //                //OS_CRITICAL_ENTER();
    669          //                //memcpy( (INT08U *)&Ctrl.Otr.RxCtrl.Code, (INT08U *)&pch->RxFrameData[DataPos], 4);        //功能码
    670          //                //memcpy( (INT08U *)&Ctrl.Otr.Rd.Buf[0],   (INT08U *)&pch->RxFrameData[DataPos+4], Len-4 );   //数据区
    671          //
    672          //                memcpy( (INT08U *)&Ctrl.Otr.RxCtrl.DataCode, buf, 4);        //功能码
    673          //                memcpy( (INT08U *)&Ctrl.Otr.Rd.Buf[0],   (INT08U *)&buf[4], sCsncPara.datalen-4 );   //数据区                //OS_CRITICAL_EXIT();                    
    674          //            }
    675          //            else        //V2.0协议操作    //将数据拷贝数据区，在根据协议解析 
    676          //            {
    677          //                memcpy( (INT08U *)&Ctrl.Otr.Rd.Buf[0],   (INT08U *)&buf[0], sCsncPara.datalen );
    678          //            }
    679          //            /***********************************************
    680          //            * 描述： UART2连接状态描述
    681          //            */       
    682          //            for(uint8 i = 0;i< COMM_DEV_OTR_CONN_NUM;i++)
    683          //            {
    684          //                //if( Ctrl.Otr.ConnCtrl[i].SlaveAddr == SourceAddr)
    685          //                if( Ctrl.Otr.ConnCtrl[i].SlaveAddr == sCsncPara.sourceaddr)
    686          //                {
    687          //                    Ctrl.Otr.ConnCtrl[i].RecvEndFlg  = 1;      //接收到数据，置1。数据处理后置0
    688          //                    Ctrl.Otr.ConnCtrl[i].TimeOut     = 0;      //超时计数器清零。
    689          //                }
    690          //            } 
    691          //            
    692          //            OS_FlagPost(( OS_FLAG_GRP *)&Ctrl.Os.CommEvtFlagGrp,
    693          //                        ( OS_FLAGS     ) COMM_EVT_FLAG_OTR_RX,
    694          //                        ( OS_OPT       ) OS_OPT_POST_FLAG_SET,
    695          //                        ( CPU_TS       ) 0,
    696          //                        ( OS_ERR      *) &err);       
    697          //        }
    698          //        
    699          //        Ctrl.Otr.ConnectFlag       = 1;
    700          //        Ctrl.Otr.ConnectTimeOut    = 0;   
    701          //        
    702                  break;
    703              }
    704              
    705              return TRUE;
   \                     ??APP_CommRxDataDealCB_3: (+1)
   \   000000DA   0x2001             MOVS     R0,#+1
   \                     ??APP_CommRxDataDealCB_2: (+1)
   \   000000DC   0xB007             ADD      SP,SP,#+28
   \   000000DE   0xBD30             POP      {R4,R5,PC}       ;; return
    706          }
    707          
    708          /***********************************************
    709          * 描述： 2016/01/08增加，用于非MODBBUS IAP升级通信
    710          */
    711          #if MB_IAPMODBUS_EN == DEF_ENABLED
    712          /*******************************************************************************
    713          * 名    称： APP_CommRxDataDealCB
    714          * 功    能： 串口数据处理回调函数，由MB_DATA.C调用
    715          * 入口参数： 无
    716          * 出口参数： 无
    717          * 作    者： 无名沈
    718          * 创建日期： 2016-01-04
    719          * 修    改：
    720          * 修改日期：
    721          * 备    注： 
    722          *******************************************************************************/

   \                                 In section .text, align 2, keep-with-next
    723          INT08U IAP_CommRxDataDealCB(MODBUS_CH  *pch)
    724          {
    725              //    CPU_SR_ALLOC();
    726              //    CPU_CRITICAL_ENTER();
    727              //    u8  Len     = pch->RxBufByteCtr;
    728              //    memcpy( (INT08U *)&pch->RxFrameData, (INT08U *)pch->RxBuf, Len );
    729              //    CPU_CRITICAL_EXIT();
    730              //    
    731              //    /***********************************************
    732              //    * 描述： 获取帧头
    733              //    */    
    734              //    INT08U  *DataBuf    = pch->RxFrameData;
    735              //    
    736              //    /***********************************************
    737              //    * 描述： 接收数据处理
    738              //    */
    739              //    u8  DstAddr = 
    740              //    CSNC_GetData(	(unsigned char *)pch->RxFrameData,          //RecBuf,
    741              //                    (unsigned char	 )Len,                       //RecLen, 
    742              //                    (unsigned char *)DataBuf,                   //DataBuf,
    743              //                    (unsigned short *)&Len);                    //InfoLen)
    744              //    /***********************************************
    745              //    * 描述： 检测接收结束
    746              //    */
    747              //    if ( ( Len == 16) && 
    748              //         ( 0 >= memcmp((const char *)"IAP_pragram end!",(const char *)&pch->RxFrameData[8], 16) ) ) {
    749              //        /***********************************************
    750              //        * 描述： 发送数据处理
    751              //        */
    752              //        CSNC_SendData(	(MODBUS_CH      *)Ctrl.Com.pch,
    753              //                        (unsigned char  ) Ctrl.Com.SlaveAddr,          // SourceAddr,
    754              //                        (unsigned char  ) Ctrl.Com.Rd.Head.SrcAddr,    // DistAddr,
    755              //                        (unsigned char *)&pch->RxFrameData[8],          // DataBuf,
    756              //                        (unsigned short ) Len); 
    757              //        /***********************************************
    758              //        * 描述： 置位IAP结束标志位
    759              //        */
    760              //        OS_ERR err;
    761              //        OS_FlagPost(( OS_FLAG_GRP *)&Ctrl.Os.CommEvtFlagGrp,
    762              //                    ( OS_FLAGS     ) COMM_EVT_FLAG_IAP_END,
    763              //                    ( OS_OPT       ) OS_OPT_POST_FLAG_SET,
    764              //                    ( CPU_TS       ) 0,
    765              //                    ( OS_ERR      *) &err);
    766              //        
    767              //        return TRUE;
    768              //    }
    769              //    
    770              //    if ( ( Len == 18) && 
    771              //         ( 0 >= memcmp((const char *)"IAP_pragram start!",(const char *)&pch->RxFrameData[8], 18) ) ) {
    772              //        
    773              //#if defined     (IMAGE_A) || defined   (IMAGE_B)
    774              //#else
    775              //        /***********************************************
    776              //        * 描述： 发送数据处理
    777              //        */
    778              //        CSNC_SendData(	(MODBUS_CH      *)Ctrl.Com.pch,
    779              //                        (unsigned char  ) Ctrl.Com.SlaveAddr,          // SourceAddr,
    780              //                        (unsigned char  ) Ctrl.Com.Rd.Head.SrcAddr,    // DistAddr,
    781              //                        (unsigned char *)&pch->RxFrameData[8],         // DataBuf,
    782              //                        (unsigned int	 ) Len);                        // DataLen 
    783              //#endif
    784              //        IAP_Restart();
    785              //        Iap.FrameIdx    = 0;
    786              //        return TRUE;
    787              //    }
    788              //    
    789              //    if ( Iap.Status < IAP_STS_START )
    790              //        return TRUE;
    791              //    /***********************************************
    792              //    * 描述： 写数据
    793              //    */
    794              //    /***********************************************
    795              //    * 描述： 将数据打包给发送结构
    796              //    */
    797              //    Ctrl.Com.Wr.Head.DataLen       = 0;
    798              //    /***********************************************
    799              //    * 描述： 编辑应答内容
    800              //    */
    801              //    char str[20];
    802              //    usprintf(str,"\n%d",Iap.FrameIdx);
    803              //    str[19]  = 0;
    804              //    /***********************************************
    805              //    * 描述： 写数据到Flash
    806              //    */
    807              //    IAP_Program((StrIapState *)&Iap, (INT16U *)&pch->RxFrameData[8], Len, (INT16U )GetRecvFrameNbr() );
    808              //    /***********************************************
    809              //    * 描述： 发送数据处理
    810              //    */
    811              //    CSNC_SendData(	(MODBUS_CH     *) Ctrl.Com.pch,
    812              //                    (unsigned char  ) Ctrl.Com.SlaveAddr,                    // SourceAddr,
    813              //                    (unsigned char  ) Ctrl.Com.Rd.Head.SrcAddr,              // DistAddr,
    814              //                    (unsigned char *) str,                                    // DataBuf,
    815              //                    (unsigned short ) strlen(str));                           // DataLen 
    816              //    if ( Len < 128 ) {
    817              //        /***********************************************
    818              //        * 描述： 置位IAP结束标志位
    819              //        */
    820              //        OS_ERR err;
    821              //        OS_FlagPost(( OS_FLAG_GRP *)&Ctrl.Os.CommEvtFlagGrp,
    822              //                    ( OS_FLAGS     ) COMM_EVT_FLAG_IAP_END,
    823              //                    ( OS_OPT       ) OS_OPT_POST_FLAG_SET,
    824              //                    ( CPU_TS       ) 0,
    825              //                    ( OS_ERR      *) &err);
    826              //    } else {
    827              //        IAP_Programing();                               // 复位超时计数器
    828              //    }
    829              //        
    830              //    /***********************************************
    831              //    * 描述： 串口接受COMM模组的消息并处理
    832              //    */
    833              //    Ctrl.Com.ConnectTimeOut    = 0;                // 超时计数器清零
    834              //    Ctrl.Com.ConnectFlag       = TRUE;             // 转连接成功标志
    835              //    
    836                  return TRUE;
   \                     IAP_CommRxDataDealCB: (+1)
   \   00000000   0x2001             MOVS     R0,#+1
   \   00000002   0x4770             BX       LR               ;; return
    837          }
    838          #endif
    839          
    840          /*******************************************************************************
    841          * 名    称： NMBS_FCxx_Handler
    842          * 功    能： 非MODBUS串口数据处理回调函数，由mbs_core.d调用。处理接收中断应答。
    843          * 入口参数： 无
    844          * 出口参数： 无
    845          * 作    者： 无名沈
    846          * 创建日期： 2017-02-03
    847          * 修    改：
    848          * 修改日期：
    849          * 备    注： 
    850          *******************************************************************************/
    851          extern OS_Q                MTR_RxQ;
    852          extern OS_Q                COM_RxQ;
    853          extern OS_Q                DTU_RxQ;

   \                                 In section .text, align 2, keep-with-next
    854          CPU_BOOLEAN  NMBS_FCxx_Handler (MODBUS_CH  *pch)
    855          {
   \                     NMBS_FCxx_Handler: (+1)
   \   00000000   0xB5F0             PUSH     {R4-R7,LR}
   \   00000002   0xB083             SUB      SP,SP,#+12
   \   00000004   0x4604             MOV      R4,R0
    856              //OS_ERR      err;
    857              //   CPU_INT16U  head    = BUILD_INT16U(pch->RxBuf[1], pch->RxBuf[0]);
    858              //    CPU_INT16U  tail    = BUILD_INT16U(pch->RxBuf[pch->RxBufByteCtr-1],
    859              //                                       pch->RxBuf[pch->RxBufByteCtr-2]);
    860              CPU_INT16U  head    = BUILD_INT16U( pch->RxFrameData[1], pch->RxFrameData[0]);
   \   00000006   0xF504 0x7511      ADD      R5,R4,#+580
   \   0000000A   0x7868             LDRB     R0,[R5, #+1]
   \   0000000C   0x7829             LDRB     R1,[R5, #+0]
   \   0000000E   0xEB00 0x2001      ADD      R0,R0,R1, LSL #+8
   \   00000012   0xB280             UXTH     R0,R0
    861              CPU_INT16U  tail    = BUILD_INT16U( pch->RxFrameData[pch->RxBufByteCnt-1],
    862                                                 pch->RxFrameData[pch->RxBufByteCnt-2]);           //20170526 RxBufByteCtr 中断函数中动态更新。
    863              
    864              /***********************************************
    865              * 描述： 长沙南车DTU协议处理
    866              */
    867              
    868              if ( ( pch->RxFrameHead == head ) &&              
    869                  ( pch->RxFrameTail == tail ) ) {
   \   00000014   0xF204 0x314A      ADDW     R1,R4,#+842
   \   00000018   0x880A             LDRH     R2,[R1, #+0]
   \   0000001A   0x4282             CMP      R2,R0
   \   0000001C   0xD110             BNE.N    ??NMBS_FCxx_Handler_0
   \   0000001E   0x8E62             LDRH     R2,[R4, #+50]
   \   00000020   0x1912             ADDS     R2,R2,R4
   \   00000022   0xF202 0x2242      ADDW     R2,R2,#+578
   \   00000026   0x8849             LDRH     R1,[R1, #+2]
   \   00000028   0x7853             LDRB     R3,[R2, #+1]
   \   0000002A   0x7812             LDRB     R2,[R2, #+0]
   \   0000002C   0xEB03 0x2202      ADD      R2,R3,R2, LSL #+8
   \   00000030   0xB292             UXTH     R2,R2
   \   00000032   0x4291             CMP      R1,R2
   \   00000034   0xD104             BNE.N    ??NMBS_FCxx_Handler_0
    870                      APP_CommRxDataDealCB(pch);
   \   00000036   0x4620             MOV      R0,R4
   \   00000038   0x.... 0x....      BL       APP_CommRxDataDealCB
    871                      /***********************************************
    872                      * 描述： 电表调试协议协议,电表协议协议处理处理
    873                      */
    874                  } else  if ( ( 0xAA55 == head ) || ( 0xAAAA == head ) ) {
    875                      OS_ERR  err;
    876                      
    877                      CPU_SR_ALLOC();
    878                      OS_CRITICAL_ENTER();
    879                      memcpy( (INT08U *)&pch->RxFrameData, (INT08U *)pch->RxBuf, pch->RxBufByteCnt );
    880                      OS_CRITICAL_EXIT();
    881                      
    882                      (void)OSQPost((OS_Q         *)&MTR_RxQ,
    883                                    (void         *) pch,
    884                                    //(OS_MSG_SIZE   ) pch->RxBufByteCtr,
    885                                    (OS_MSG_SIZE   ) pch->RxBufByteCnt,
    886                                    (OS_OPT        ) OS_OPT_POST_FIFO,
    887                                    (OS_ERR       *)&err);
    888                       //BSP_OS_TimeDly(5);
    889                       /***********************************************
    890                       * 描述： tax通讯协议
    891                       */  
    892                  } else {
    893          //            if(pch->PortNbr == 0)                       //串口0，做 
    894          //                if(TAX_FCxx_Handler(pch) == FALSE)     //tax通讯处理
    895                              return DEF_FALSE;
    896                  }
    897              return DEF_TRUE;
   \                     ??NMBS_FCxx_Handler_1: (+1)
   \   0000003C   0x2001             MOVS     R0,#+1
   \   0000003E   0xBDFE             POP      {R1-R7,PC}       ;; return
   \                     ??NMBS_FCxx_Handler_0: (+1)
   \   00000040   0xF64A 0x2155      MOVW     R1,#+43605
   \   00000044   0x4288             CMP      R0,R1
   \   00000046   0xD003             BEQ.N    ??NMBS_FCxx_Handler_2
   \   00000048   0xF64A 0x21AA      MOVW     R1,#+43690
   \   0000004C   0x4288             CMP      R0,R1
   \   0000004E   0xD138             BNE.N    ??NMBS_FCxx_Handler_3
   \                     ??NMBS_FCxx_Handler_2: (+1)
   \   00000050   0x.... 0x....      BL       CPU_SR_Save
   \   00000054   0x4607             MOV      R7,R0
   \   00000056   0x.... 0x....      BL       CPU_IntDisMeasStart
   \   0000005A   0x....             LDR.N    R6,??DataTable7_5
   \   0000005C   0x7830             LDRB     R0,[R6, #+0]
   \   0000005E   0x1C40             ADDS     R0,R0,#+1
   \   00000060   0x7030             STRB     R0,[R6, #+0]
   \   00000062   0x.... 0x....      BL       CPU_IntDisMeasStop
   \   00000066   0x4638             MOV      R0,R7
   \   00000068   0x.... 0x....      BL       CPU_SR_Restore
   \   0000006C   0x8E62             LDRH     R2,[R4, #+50]
   \   0000006E   0xF104 0x0138      ADD      R1,R4,#+56
   \   00000072   0x4628             MOV      R0,R5
   \   00000074   0x.... 0x....      BL       __aeabi_memcpy
   \   00000078   0x.... 0x....      BL       CPU_SR_Save
   \   0000007C   0x4605             MOV      R5,R0
   \   0000007E   0x.... 0x....      BL       CPU_IntDisMeasStart
   \   00000082   0x7830             LDRB     R0,[R6, #+0]
   \   00000084   0x1E40             SUBS     R0,R0,#+1
   \   00000086   0x7030             STRB     R0,[R6, #+0]
   \   00000088   0xB2C0             UXTB     R0,R0
   \   0000008A   0x2800             CMP      R0,#+0
   \   0000008C   0xD10B             BNE.N    ??NMBS_FCxx_Handler_4
   \   0000008E   0x....             LDR.N    R0,??DataTable7_6
   \   00000090   0x8800             LDRH     R0,[R0, #+0]
   \   00000092   0x2800             CMP      R0,#+0
   \   00000094   0xD007             BEQ.N    ??NMBS_FCxx_Handler_4
   \   00000096   0x.... 0x....      BL       CPU_IntDisMeasStop
   \   0000009A   0x4628             MOV      R0,R5
   \   0000009C   0x.... 0x....      BL       CPU_SR_Restore
   \   000000A0   0x.... 0x....      BL       OS_Sched0
   \   000000A4   0xE004             B.N      ??NMBS_FCxx_Handler_5
   \                     ??NMBS_FCxx_Handler_4: (+1)
   \   000000A6   0x.... 0x....      BL       CPU_IntDisMeasStop
   \   000000AA   0x4628             MOV      R0,R5
   \   000000AC   0x.... 0x....      BL       CPU_SR_Restore
   \                     ??NMBS_FCxx_Handler_5: (+1)
   \   000000B0   0xA801             ADD      R0,SP,#+4
   \   000000B2   0x9000             STR      R0,[SP, #+0]
   \   000000B4   0x2300             MOVS     R3,#+0
   \   000000B6   0x8E62             LDRH     R2,[R4, #+50]
   \   000000B8   0x4621             MOV      R1,R4
   \   000000BA   0x....             LDR.N    R0,??DataTable7_7
   \   000000BC   0x.... 0x....      BL       OSQPost
   \   000000C0   0xE7BC             B.N      ??NMBS_FCxx_Handler_1
   \                     ??NMBS_FCxx_Handler_3: (+1)
   \   000000C2   0x2000             MOVS     R0,#+0
   \   000000C4   0xBDFE             POP      {R1-R7,PC}
    898          }
    899          
    900          
    901          /*******************************************************************************
    902          * 名    称： APP_MaterCommHandler
    903          * 功    能： 电表串口数据处理函数
    904          * 入口参数： 无
    905          * 出口参数： 无
    906          * 作　　者： wumingshen.
    907          * 创建日期： 2015-03-28
    908          * 修    改：
    909          * 修改日期：
    910          *******************************************************************************/
    911          /***********************************************
    912          * 描述： 2015/12/07增加，用于非MODBBUS通信
    913          *        非MODBUS通信，带帧头帧尾的通信数据处理
    914          */
    915          #if MB_NONMODBUS_EN == DEF_ENABLED

   \                                 In section .text, align 2, keep-with-next
    916          CPU_BOOLEAN APP_MaterCommHandler (MODBUS_CH  *pch)
    917          {    
   \                     APP_MaterCommHandler: (+1)
   \   00000000   0xB570             PUSH     {R4-R6,LR}
    918          //    uint8_t     fram_clr[4]     = {0};
    919          //	uint8_t     IDBuf[4]        = {0};
    920          //	uint8_t     clear_buf[24]   = {0};
    921          //	uint32_t    ID              = 0;
    922          //	uint32_t    utemp;
    923              
    924          	//TIME        system; 
    925              
    926              /***********************************************
    927              * 描述： 拷贝数据到数据区
    928              */
    929              //CPU_SR_ALLOC();
    930              //CPU_CRITICAL_ENTER();
    931              //uint32_t  Len     = pch->RxBufByteCnt;
    932              //memcpy( (INT08U *)&pch->RxFrameData, (INT08U *)pch->RxBuf, Len );
    933              //CPU_CRITICAL_EXIT();
    934              uint32_t    Len       = pch->RxBufByteCnt;
   \   00000002   0xF100 0x0332      ADD      R3,R0,#+50
   \   00000006   0x881C             LDRH     R4,[R3, #+0]
   \   00000008   0x4621             MOV      R1,R4
    935              INT08U      *DataBuf  = pch->RxFrameData;
   \   0000000A   0xF500 0x7211      ADD      R2,R0,#+580
    936              
    937              
    938              CPU_INT16U  head    = BUILD_INT16U(pch->RxBuf[1], pch->RxBuf[0]);
   \   0000000E   0x79DD             LDRB     R5,[R3, #+7]
   \   00000010   0x799B             LDRB     R3,[R3, #+6]
   \   00000012   0xEB05 0x2303      ADD      R3,R5,R3, LSL #+8
    939              CPU_INT16U  tail    = BUILD_INT16U(pch->RxBuf[pch->RxBufByteCnt-1],
    940                                                 pch->RxBuf[pch->RxBufByteCnt-2]);
    941              /***********************************************
    942              * 描述： 长沙南车DTU协议处理
    943              */
    944              if ( ( pch->RxFrameHead == head ) &&
    945                  ( pch->RxFrameTail == tail ) ) {
   \   00000016   0xF200 0x354A      ADDW     R5,R0,#+842
   \   0000001A   0x882E             LDRH     R6,[R5, #+0]
   \   0000001C   0xB29B             UXTH     R3,R3
   \   0000001E   0x429E             CMP      R6,R3
   \   00000020   0xD10F             BNE.N    ??APP_MaterCommHandler_0
   \   00000022   0x1824             ADDS     R4,R4,R0
   \   00000024   0x3436             ADDS     R4,R4,#+54
   \   00000026   0x886D             LDRH     R5,[R5, #+2]
   \   00000028   0x7866             LDRB     R6,[R4, #+1]
   \   0000002A   0x7824             LDRB     R4,[R4, #+0]
   \   0000002C   0xEB06 0x2404      ADD      R4,R6,R4, LSL #+8
   \   00000030   0xB2A4             UXTH     R4,R4
   \   00000032   0x42A5             CMP      R5,R4
   \   00000034   0xD105             BNE.N    ??APP_MaterCommHandler_0
    946                      DataBuf = &pch->RxFrameData[8];
   \   00000036   0xF500 0x7213      ADD      R2,R0,#+588
    947                      //        Len     = Ctrl.Com.Rd.Head.DataLen;        
    948                      head    = BUILD_INT16U(DataBuf[1], DataBuf[0]);
   \   0000003A   0x7850             LDRB     R0,[R2, #+1]
   \   0000003C   0x7813             LDRB     R3,[R2, #+0]
   \   0000003E   0xEB00 0x2303      ADD      R3,R0,R3, LSL #+8
    949                  }
    950              
    951              /***********************************************
    952              * 描述： 
    953              序号    内容       字节数 内容说明
    954              1       帧头       2      0xAA 0xAA
    955              2       帧长度     1      0x08 帧长度固定为8字节
    956              3       命令类型   2      0x00 0x01
    957              4       预留       2      0x00 0x00
    958              5       累加和     1      前7个字节的累加和
    959              */ 
    960              if ( 0xAAAA == head ) {
   \                     ??APP_MaterCommHandler_0: (+1)
   \   00000042   0xB29B             UXTH     R3,R3
   \   00000044   0xF64A 0x20AA      MOVW     R0,#+43690
   \   00000048   0x4283             CMP      R3,R0
   \   0000004A   0xD103             BNE.N    ??APP_MaterCommHandler_1
    961                  Len            -= 1;
    962                  int8_t chkSum   = GetCheckSum(DataBuf,Len);
   \   0000004C   0x1E49             SUBS     R1,R1,#+1
   \   0000004E   0x4610             MOV      R0,R2
   \   00000050   0x.... 0x....      BL       GetCheckSum
    963                  
    964                  if ( chkSum ==  DataBuf[Len] ) {
    965                      //            pch->TxFrameData[0]     = 0xAA;
    966                      //            pch->TxFrameData[1]     = 0xAA;
    967                      //            pch->TxFrameData[2]     = 0x30;
    968                      //            pch->TxFrameData[3]     = 0x00;
    969                      //            pch->TxFrameData[4]     = 0x71;
    970                      //            
    971                      //            CPU_SR  cpu_sr;
    972                      //            OS_CRITICAL_ENTER();
    973                      //            memcpy(&pch->TxFrameData[5],(uint8_t *)&Mater.Energy, sizeof(StrEnergy));
    974                      //            OS_CRITICAL_EXIT();
    975                      //            
    976                      //            pch->TxFrameData[45]    = 0x00;
    977                      //            pch->TxFrameData[46]    = 0x00;
    978                      //            
    979                      //            pch->TxFrameData[47]    = GetCheckSum(pch->TxFrameData,47);
    980                      //            
    981                      //            NMB_Tx((MODBUS_CH   *)pch,
    982                      //                   (CPU_INT08U  *)pch->TxFrameData,
    983                      //                   (CPU_INT16U   )48);
    984                      return TRUE;
    985                  }
    986                  /***********************************************
    987                  * 描述： 调试参数
    988                  */
    989              } else if ( ( 0xAA55 == head ) && ( Len > 10 )) {
    990                  /***********************************************
    991                  * 描述： 检测是否有帧尾，没有帧尾则进行CRC校验
    992                  */
    993                  if ( tail != 0x55AA  ) {
    994                      //uint16_t crc16_Cal = crc16((uint8_t *)&DataBuf[0],9);
    995                      //uint16_t crc16_Rec = BUILD_INT16U(DataBuf[9],DataBuf[10]);
    996                      //if(crc16_Cal != crc16_Rec) {                
    997                      //    return TRUE;
    998                      //}
    999                  }
   1000                  switch(DataBuf[2])
   1001                  {
   1002                      /***********************************************
   1003                      * 描述： 设置序列号
   1004                      */
   1005                  case 0xA1:
   1006                      //ID = BUILD_INT32U(DataBuf[3], DataBuf[4], DataBuf[5], DataBuf[6]);
   1007                      //WriteFM24CL64(64 , (uint8_t *)&ID , 4);
   1008                      //ReadFM24CL64(64 , (uint8_t *)&ID , 4);
   1009                      //uartprintf(pch,"\r\n 本装置ID设置为：%d\r\n" , ID);
   1010                      break;            
   1011                      /***********************************************
   1012                      * 描述： 设置机车型号/机车号
   1013                      */
   1014                  case 0xA2:	
   1015                      //Mater.LocoTyp   = BUILD_INT16U(DataBuf[3],DataBuf[4]);
   1016                      //Mater.LocoNbr   = BUILD_INT16U(DataBuf[5],DataBuf[6]);
   1017                      //WriteFM24CL64(68 , (uint8_t *)&Mater.LocoTyp, 2);
   1018                      //WriteFM24CL64(70 , (uint8_t *)&Mater.LocoNbr, 2);
   1019                      //ReadFM24CL64(68 ,  (uint8_t *)&Mater.LocoTyp, 2);
   1020                      //ReadFM24CL64(70 ,  (uint8_t *)&Mater.LocoNbr, 2);
   1021                      //uartprintf(pch,"\r\n 当前车型：%d；当前车号：%d\r\n", Mater.LocoTyp,Mater.LocoNbr);
   1022                      break; 
   1023                      /***********************************************
   1024                      * 描述： 设置时间
   1025                      */
   1026                  case 0xA3:
   1027                      //            system.Year     =DataBuf[3];
   1028                      //            system.Month    =DataBuf[4];
   1029                      //            system.Day      =DataBuf[5];
   1030                      //            system.Hour     =DataBuf[6];
   1031                      //            system.Min      =DataBuf[7];
   1032                      //            system.Sec      =DataBuf[8];
   1033                      //            WriteTime(system);
   1034                      //            GetTime((TIME *)&recordsfr.Time[0]);
   1035                      //            uartprintf(pch,"\r\n 当前时间为：20%02d-%02d-%02d  %02d:%02d:%02d", 
   1036                      //                       recordsfr.Time[0], recordsfr.Time[1], recordsfr.Time[2],
   1037                      //                       recordsfr.Time[3], recordsfr.Time[4], recordsfr.Time[5]);
   1038                      break;
   1039                      
   1040                  default:
   1041                      break;
   1042                  }
   1043              }
   1044              /***********************************************
   1045              * 描述： 调用串口数据处理回调函数
   1046              */ 
   1047              return TRUE;
   \                     ??APP_MaterCommHandler_1: (+1)
   \   00000054   0x2001             MOVS     R0,#+1
   \   00000056   0xBD70             POP      {R4-R6,PC}       ;; return
   1048          }
   1049          
   1050          /*******************************************************************************
   1051          * 名    称： APP_CSNC_CommHandler
   1052          * 功    能： 串口数据处理函数
   1053          * 入口参数： 无
   1054          * 出口参数： 无
   1055          * 作　　者： wumingshen.
   1056          * 创建日期： 2015-03-28
   1057          * 修    改：
   1058          * 修改日期：
   1059          *******************************************************************************/

   \                                 In section .text, align 2, keep-with-next
   1060          CPU_BOOLEAN APP_CSNC_CommHandler (MODBUS_CH  *pch)
   1061          {   
   1062              //    if ( pch->PortNbr == Ctrl.Dtu.pch->PortNbr ) {
   1063              //        if ( GetRecvFrameNbr() == Ctrl.Com.Rd.Head.PacketSn ) {
   1064              //            /***********************************************
   1065              //            * 描述： 清除定时上传标志
   1066              //            */
   1067              //            //SetSendFrameNbr();
   1068              //            //extern void UpdateRecordPoint(uint8_t storeflag);
   1069              //            //UpdateRecordPoint(1);
   1070              //            //pch->StatNoRespCtr  = 0;
   1071              //            
   1072              //            //osal_set_event( OS_TASK_ID_TMR, OS_EVT_TMR_MIN);
   1073              //        }
   1074              //    } else {
   1075              //        /***********************************************
   1076              //        * 描述： 将数据打包给发送结构
   1077              //        */ 
   1078              //        APP_MaterCommHandler(pch);
   1079              //    }
   1080              //    
   1081              //    /***********************************************
   1082              //    * 描述： 串口接受COMM模组的消息并处理
   1083              //    */
   1084              //    Ctrl.Com.ConnectTimeOut    = 0;                // 超时计数器清零
   1085              //    Ctrl.Com.ConnectFlag       = TRUE;             // 转连接成功标志
   1086              //    
   1087              return TRUE;
   \                     APP_CSNC_CommHandler: (+1)
   \   00000000   0x2001             MOVS     R0,#+1
   \   00000002   0x4770             BX       LR               ;; return
   1088          }

   \                                 In section .text, align 4, keep-with-next
   \                     ??DataTable7:
   \   00000000   0x........         DC32     AppTaskCommTCB

   \                                 In section .text, align 4, keep-with-next
   \                     ??DataTable7_1:
   \   00000000   0x........         DC32     Ctrl

   \                                 In section .text, align 4, keep-with-next
   \                     ??DataTable7_2:
   \   00000000   0x........         DC32     WdtFlagGRP

   \                                 In section .text, align 4, keep-with-next
   \                     ??DataTable7_3:
   \   00000000   0x........         DC32     WdtFlags

   \                                 In section .text, align 4, keep-with-next
   \                     ??DataTable7_4:
   \   00000000   0x........         DC32     g_recbuf

   \                                 In section .text, align 4, keep-with-next
   \                     ??DataTable7_5:
   \   00000000   0x........         DC32     OSSchedLockNestingCtr

   \                                 In section .text, align 4, keep-with-next
   \                     ??DataTable7_6:
   \   00000000   0x........         DC32     OSIntQNbrEntries

   \                                 In section .text, align 4, keep-with-next
   \                     ??DataTable7_7:
   \   00000000   0x........         DC32     MTR_RxQ

   \                                 In section .text, align 4, keep-with-next
   \                     ?_0:
   \   00000000   0x41 0x70          DC8 "App Task Comm"
   \              0x70 0x20    
   \              0x54 0x61    
   \              0x73 0x6B    
   \              0x20 0x43    
   \              0x6F 0x6D    
   \              0x6D 0x00    
   \   0000000E   0x00 0x00          DC8 0, 0

   \                                 In section .text, align 4, keep-with-next
   \                     ?_1:
   \   00000000   0x41 0x70          DC8 "App_CommFlag"
   \              0x70 0x5F    
   \              0x43 0x6F    
   \              0x6D 0x6D    
   \              0x46 0x6C    
   \              0x61 0x67    
   \              0x00         
   \   0000000D   0x00 0x00          DC8 0, 0, 0
   \              0x00         
   1089          #endif
   1090          /*******************************************************************************
   1091          * 				end of file
   1092          *******************************************************************************/
   1093          #endif

   Maximum stack usage in bytes:

   .cstack Function
   ------- --------
       0   APP_CSNC_CommHandler
      16   APP_CommInit
        16   -> App_ModbusInit
        16   -> OSFlagCreate
      40   APP_CommRxDataDealCB
        40   -> DataUnpack_CSNC
        40   -> OS_FlagPost
        40   -> __aeabi_memcpy
      16   APP_MaterCommHandler
        16   -> GetCheckSum
      32   AppTaskComm
        32   -> APP_CommInit
        32   -> OSFlagPend
        32   -> OSFlagPost
        32   -> OSTimeGet
        32   -> OS_FlagPost
        32   -> app_comm_dtu
        32   -> app_comm_mtr
      40   App_ModbusInit
        40   -> MB_CfgCh
        40   -> MB_Init
      48   App_TaskCommCreate
        48   -> OSTaskCreate
       0   IAP_CommRxDataDealCB
      32   NMBS_FCxx_Handler
        32   -> APP_CommRxDataDealCB
        32   -> CPU_IntDisMeasStart
        32   -> CPU_IntDisMeasStop
        32   -> CPU_SR_Restore
        32   -> CPU_SR_Save
        32   -> OSQPost
        32   -> OS_Sched0
        32   -> __aeabi_memcpy


   Section sizes:

   Bytes  Function/Label
   -----  --------------
       4  ??DataTable7
       4  ??DataTable7_1
       4  ??DataTable7_2
       4  ??DataTable7_3
       4  ??DataTable7_4
       4  ??DataTable7_5
       4  ??DataTable7_6
       4  ??DataTable7_7
      16  ?_0
      16  ?_1
       4  APP_CSNC_CommHandler
      44  APP_CommInit
     224  APP_CommRxDataDealCB
      88  APP_MaterCommHandler
     138  AppTaskComm
    1208  AppTaskCommTCB
          AppTaskCommStk
     176  App_ModbusInit
      60  App_TaskCommCreate
       4  IAP_CommRxDataDealCB
      36  MTR_RxQ
     198  NMBS_FCxx_Handler
      44  OSTmr1
     256  g_recbuf

 
 1 544 bytes in section .bss
 1 000 bytes in section .text
 
 1 000 bytes of CODE memory
 1 544 bytes of DATA memory

Errors: none
Warnings: 1
