###############################################################################
#
# IAR ANSI C/C++ Compiler V7.50.1.10123/W32 for ARM       23/Nov/2017  14:26:55
# Copyright 1999-2015 IAR Systems AB.
#
#    Cpu mode     =  thumb
#    Endian       =  little
#    Source file  =  
#        F:\iar\NC199B-200 主板\Software\APP\comm\app_comm_dtu_otr_deal.c
#    Command line =  
#        "F:\iar\NC199B-200 主板\Software\APP\comm\app_comm_dtu_otr_deal.c" -D
#        USE_STDPERIPH_DRIVER -D _STM32F10X_HD -D STM32F10X_CL -D DEBUG -D
#        STM32F103RC -D STM32_FLASH_SIZE=256 -D HSE_VALUE=25000000 -lCN
#        F:\iar\NC199B-100\Library\Project\IAR\..\..\..\Output\Lib\Debug-RC\List\
#        -o
#        F:\iar\NC199B-100\Library\Project\IAR\..\..\..\Output\Lib\Debug-RC\Obj\
#        --no_unroll --no_inline --no_tbaa --no_scheduling --debug
#        --endian=little --cpu=Cortex-M3 -e --fpu=None --dlib_config
#        "C:\Program Files (x86)\IAR Systems\Embedded Workbench
#        7.3\arm\INC\c\DLib_Config_Full.h" -I
#        F:\iar\NC199B-100\Library\Project\IAR\ -I
#        F:\iar\NC199B-100\Library\Project\IAR\..\..\Source\APP\ -I
#        F:\iar\NC199B-100\Library\Project\IAR\..\..\Source\APP\User\ -I
#        F:\iar\NC199B-100\Library\Project\IAR\..\..\Source\APP\AES\ -I
#        F:\iar\NC199B-100\Library\Project\IAR\..\..\Source\APP\Config\ -I
#        F:\iar\NC199B-100\Library\Project\IAR\..\..\Source\APP\OS\ -I
#        F:\iar\NC199B-100\Library\Project\IAR\..\..\Source\APP\User\ -I
#        F:\iar\NC199B-100\Library\Project\IAR\..\..\Source\APP\SIM900A\Source\
#        -I
#        F:\iar\NC199B-100\Library\Project\IAR\..\..\Source\APP\SIM900A\Port\
#        -I F:\iar\NC199B-100\Library\Project\IAR\..\..\Source\APP\SIM900A\OS\
#        -I
#        F:\iar\NC199B-100\Library\Project\IAR\..\..\Source\APP\SIM900A\Config\
#        -I F:\iar\NC199B-100\Library\Project\IAR\..\..\Source\APP\Protocol\ -I
#        F:\iar\NC199B-100\Library\Project\IAR\..\..\Source\APP\Iap\ -I
#        F:\iar\NC199B-100\Library\Project\IAR\..\..\Source\BSP\ -I
#        F:\iar\NC199B-100\Library\Project\IAR\..\..\Source\BSP\Driver\ -I
#        F:\iar\NC199B-100\Library\Project\IAR\..\..\Source\BSP\IAR\ -I
#        F:\iar\NC199B-100\Library\Project\IAR\..\..\Source\BSP\Os\ -I
#        F:\iar\NC199B-100\Library\Project\IAR\..\..\Source\BSP\Os\uCOS-III\ -I
#        F:\iar\NC199B-100\Library\Project\IAR\..\..\Source\BSP\St\ -I
#        F:\iar\NC199B-100\Library\Project\IAR\..\..\Source\BSP\St\FWLib\CMSIS\CM3\CoreSupport\
#        -I
#        F:\iar\NC199B-100\Library\Project\IAR\..\..\Source\BSP\St\FWLib\CMSIS\CM3\DeviceSupport\ST\STM32F10x\
#        -I
#        F:\iar\NC199B-100\Library\Project\IAR\..\..\Source\BSP\St\FWLib\STM32F10x_StdPeriph_Driver\inc\
#        -I F:\iar\NC199B-100\Library\Project\IAR\..\..\Source\Micrium\uC-CPU\
#        -I
#        F:\iar\NC199B-100\Library\Project\IAR\..\..\Source\Micrium\uC-CPU\ARM-Cortex-M3\IAR\
#        -I F:\iar\NC199B-100\Library\Project\IAR\..\..\Source\Micrium\uC-LIB\
#        -I F:\iar\NC199B-100\Library\Project\IAR\..\..\Source\BSP\Os\OSAL\ -I
#        F:\iar\NC199B-100\Library\Project\IAR\..\..\Source\OSAL\OS\ -I
#        F:\iar\NC199B-100\Library\Project\IAR\..\..\Source\Micrium\uC-MB\ -I
#        F:\iar\NC199B-100\Library\Project\IAR\..\..\Source\Micrium\uC-MB\Cfg\Template\
#        -I
#        F:\iar\NC199B-100\Library\Project\IAR\..\..\Source\Micrium\uC-MB\OS\uCOS-III\
#        -I
#        F:\iar\NC199B-100\Library\Project\IAR\..\..\Source\Micrium\uC-MB\Source\
#        -I
#        F:\iar\NC199B-100\Library\Project\IAR\..\..\Source\Micrium\uC-OS-III\
#        -I
#        F:\iar\NC199B-100\Library\Project\IAR\..\..\Source\Micrium\uC-OS-III\Ports\ARM-Cortex-M3\Generic\IAR\
#        -I
#        F:\iar\NC199B-100\Library\Project\IAR\..\..\Source\Micrium\uC-OS-III\Source\
#        -I F:\iar\NC199B-100\Library\Project\IAR\..\..\Source\FatFs\ -I
#        F:\iar\NC199B-100\Library\Project\IAR\..\..\Source\FatFs\option\ -Om
#        --use_c++_inline -I "C:\Program Files (x86)\IAR Systems\Embedded
#        Workbench 7.3\arm\CMSIS\Include\"
#    List file    =  
#        F:\iar\NC199B-100\Library\Project\IAR\..\..\..\Output\Lib\Debug-RC\List\app_comm_dtu_otr_deal.lst
#    Object file  =  
#        F:\iar\NC199B-100\Library\Project\IAR\..\..\..\Output\Lib\Debug-RC\Obj\app_comm_dtu_otr_deal.o
#
###############################################################################

F:\iar\NC199B-200 主板\Software\APP\comm\app_comm_dtu_otr_deal.c
      1          /*******************************************************************************
      2          *   Filename:       app_comm_dtu_otr_deal.c
      3          *   Revised:        All copyrights reserved to redmorningcn.
      4          *   Revision:       v1.0
      5          *   Writer:	        redmorningcn.
      6          *
      7          *   Description:    双击选中 dtu 按 Ctrl + H, 钩选 Match the case, Replace with
      8          *                   输入您要的名字，点击 Replace All
      9          *                   双击选中 Dtu 按 Ctrl + H, 钩选 Match the case, Replace with
     10          *                   输入您要的名字，点击 Replace All
     11          *                   双击选中 DTU 按 Ctrl + H, 钩选 Match the case, Replace with
     12          *                   输入您要的名字，点击 Replace All
     13          *                   在 app_cfg.h 中指定本任务的 优先级  （ APP_TASK_COMM_PRIO     ）
     14          *                                            和 任务堆栈（ APP_TASK_COMM_STK_SIZE ）大小
     15          *
     16          *   Notes:
     17          *     				E-mail: redmorningcn@qq.com
     18          *
     19          *******************************************************************************/
     20          
     21          /*******************************************************************************
     22          * INCLUDES
     23          */
     24          #define  SNL_APP_SOURCE
     25          #include <includes.h>
     26          #include <app_comm_protocol.h>
     27          #include <app_ctrl.h>
     28          #include <app.h>
     29          #include <os_cfg_app.h>
     30          #include <bsp_FRAM.h>
     31          #include <bsp_DS3231.h>
     32          #include  <global.h>
     33          
     34          
     35          
     36          #ifdef VSC_INCLUDE_SOURCE_FILE_NAMES
     37          const  CPU_CHAR  *app_comm_dtu_otr__c = "$Id: $";
     38          #endif
     39          
     40          #define APP_TASK_COMM_EN     DEF_ENABLED
     41          #if APP_TASK_COMM_EN == DEF_ENABLED
     42          /*******************************************************************************
     43          * CONSTANTS
     44          */
     45          
     46          /*******************************************************************************
     47          * MACROS
     48          */
     49          #define CYCLE_TIME_TICKS            (OS_TICKS_PER_SEC * 1)
     50          
     51          /*******************************************************************************
     52          * TYPEDEFS
     53          */
     54          
     55          #define		DATA_CARD           0x0001			//数据卡-----暂时未用
     56          //#define		DENSITY_CARD		0x0020			//密度卡
     57          #define		AIR_PARA_SET        0x00000020      //空气运算参数设置
     58          
     59          #define		MODEL_CARD			0x0040			//模型卡-----暂时未用
     60          #define		TIME_CARD           0x0100			//时间卡-----
     61          #define		COM_MODEL_CARD	    0x0100		    //串口模型卡-暂时未用
     62          //#define		HIGHT_CARD			0x0200			//高度卡-----
     63          #define		MEASURE_ONCE        0x00000200      //启动一次测试
     64          
     65          #define		COPY_CARD           0x0400			//复制卡-----暂时未用
     66          #define		MODEL_SELECT_CARD	0x1000			//模型选择卡-
     67          #define		FIX_CARD            0x2000			//装车卡-----
     68          #define		COPY_FRAM_CARD	    0x4000			//铁电复制卡-暂时未用
     69          #define		SET_DATA_CARD		0x0080			//置数卡-----按时未用
     70          #define		DEBUG_CARD			0x0800			//调试卡-----暂时未用
     71          
     72          #define		EXPAND_CARD			0x8000			//扩展卡-----暂时未用
     73          
     74          #define		DATA_CARD_DIS		0x10000			//数据卡指示
     75          #define		DATA_CARD_FIN		0x20000			//数据卡结束
     76          #define		SYS_RUN_PARA		0x40000			//系统参数卡--暂未使用
     77          #define		CLEAR_ALL			0x80000			//清零卡，数据记录清零
     78          
     79          #define		RST_SYS				0x100000		//复位指令
     80          #define		CALC_PARA           0x200000		//计算斜率
     81          #define		RUN_MODEL_PARA      0x400000		//运算模型卡
     82          
     83          #define    OIL_BOX_MODEL_ADDR				2000    //油箱模型存储地址
     84          
     85          
     86          /*******************************************************************************
     87          * LOCAL VARIABLES
     88          */
     89          
     90          /*******************************************************************************
     91          * GLOBAL VARIABLES
     92          */
     93          
     94          /***********************************************
     95          * 描述： 软定时器声明
     96          */
     97          
     98          /***********************************************
     99          * 描述： 软定时器回调函数
    100          */
    101          
    102          
    103          /*******************************************************************************
    104          * LOCAL FUNCTIONS
    105          */
    106          uint8   comm_record_send_one(StrDevDtu * sDtu,uint8 addrnum);
    107          void    comm_record_send(StrDevDtu * sDtu,uint8 addrnum);
    108          void    comm_para_flow(StrDevDtu * sDtu,uint8 addrnum);
    109          uint8	ReadFlshRec(stcFlshRec * sFlshRec,uint32	FlshRecNum);
    110          
    111          //void    Restart(void);
    112          
    113          
    114          
    115          /*******************************************************************************
    116          * GLOBAL FUNCTIONS
    117          */
    118          
    119          /*******************************************************************************
    120          * EXTERN VARIABLES
    121          */
    122          
    123          /*******************************************************************************
    124          * EXTERN FUNCTIONS
    125          */
    126          
    127          void    BSP_DispClrAll(void);       
    128          void    GetOilPara(void);
    129          void    SetDispNow(void);
    130          //uint8   comm_tinyrec_send(StcDevOtr * sOtr,uint8    addrnum);
    131          
    132          /*******************************************************************************/
    133          
    134          
    135          /*******************************************************************************
    136          * 名    称： comm_para_flow
    137          * 功    能： 参数流。根据具体参数进行操作
    138          *            
    139          * 入口参数： 无线设备数据结构
    140          * 出口参数： 无
    141          * 作　 　者： redmorningcn.
    142          * 创建日期： 2017-05-19
    143          * 修    改：
    144          * 修改日期：
    145          * 备    注： 任务创建函数需要在app.h文件中声明
    146          *******************************************************************************/

   \                                 In section .text, align 2, keep-with-next
    147          void    comm_para_flow(StrDevDtu * sDtu,uint8 addrnum)
    148          {
   \                     comm_para_flow: (+1)
   \   00000000   0xB57F             PUSH     {R0-R6,LR}
   \   00000002   0x4604             MOV      R4,R0
    149              uint8       i = 0;
   \   00000004   0x2500             MOVS     R5,#+0
    150              uint32      modelrecvnum =0;
    151              uint32      tmp32;
    152              static     uint32      modelstoreaddr = 0;
    153              uint16      crc16;
    154              uint8       *p;
    155          
    156              BSP_DispClrAll();                               //清原显示值，立即显示设定值                 
   \   00000006   0x.... 0x....      BL       BSP_DispClrAll
    157              
    158              switch (sDtu->RxCtrl.DataCode)  
   \   0000000A   0xF8D4 0x0148      LDR      R0,[R4, #+328]
   \   0000000E   0x2820             CMP      R0,#+32
   \   00000010   0xD026             BEQ.N    ??comm_para_flow_0
   \   00000012   0x2840             CMP      R0,#+64
   \   00000014   0xF000 0x80E9      BEQ.W    ??comm_para_flow_1
   \   00000018   0xF5B0 0x7F80      CMP      R0,#+256
   \   0000001C   0xD070             BEQ.N    ??comm_para_flow_2
   \   0000001E   0xF5B0 0x7F00      CMP      R0,#+512
   \   00000022   0xF000 0x8080      BEQ.W    ??comm_para_flow_3
   \   00000026   0xF5B0 0x5F00      CMP      R0,#+8192
   \   0000002A   0xF000 0x807F      BEQ.W    ??comm_para_flow_4
   \   0000002E   0xF5B0 0x3F80      CMP      R0,#+65536
   \   00000032   0xF000 0x808C      BEQ.W    ??comm_para_flow_5
   \   00000036   0xF5B0 0x3F00      CMP      R0,#+131072
   \   0000003A   0xF000 0x8091      BEQ.W    ??comm_para_flow_6
   \   0000003E   0xF5B0 0x2F80      CMP      R0,#+262144
   \   00000042   0xF000 0x80BE      BEQ.W    ??comm_para_flow_7
   \   00000046   0xF5B0 0x2F00      CMP      R0,#+524288
   \   0000004A   0xF000 0x8095      BEQ.W    ??comm_para_flow_8
   \   0000004E   0xF5B0 0x1F80      CMP      R0,#+1048576
   \   00000052   0xF000 0x809F      BEQ.W    ??comm_para_flow_9
   \   00000056   0xF5B0 0x0F80      CMP      R0,#+4194304
   \   0000005A   0xF000 0x80C9      BEQ.W    ??comm_para_flow_10
   \   0000005E   0xBD7F             POP      {R0-R6,PC}
    159              {
    160                  //设置密度
    161              case    AIR_PARA_SET: 
    162                  uprintf("test");
   \                     ??comm_para_flow_0: (+1)
   \   00000060   0x.... 0x....      ADR.W    R5,?_0
   \   00000064   0x4628             MOV      R0,R5
   \   00000066   0x.... 0x....      BL       uprintf
    163                  uprintf("test");
   \   0000006A   0x4628             MOV      R0,R5
   \   0000006C   0x.... 0x....      BL       uprintf
    164          
    165                  if(sDtu->Rd.sAirPara.SetFlg.SetVocStand)    //voc-s
   \   00000070   0x....             LDR.N    R5,??DataTable11_1
   \   00000072   0x8C60             LDRH     R0,[R4, #+34]
   \   00000074   0xF3C0 0x0040      UBFX     R0,R0,#+1,#+1
   \   00000078   0x2800             CMP      R0,#+0
   \   0000007A   0xD005             BEQ.N    ??comm_para_flow_11
    166                  {
    167                      memcpy((uint8 *)&Ctrl.Para.dat.sAirPara.sStandard_VOC,
    168                             (uint8 *)&sDtu->Rd.sAirPara.sStandard_VOC,
    169                             sizeof(sDtu->Rd.sAirPara.sStandard_VOC)
    170                             );
   \   0000007C   0x2204             MOVS     R2,#+4
   \   0000007E   0x1D21             ADDS     R1,R4,#+4
   \   00000080   0xF105 0x0024      ADD      R0,R5,#+36
   \   00000084   0x.... 0x....      BL       __aeabi_memcpy
    171                  }
    172                  
    173                  if(sDtu->Rd.sAirPara.SetFlg.SetHumStand)    //hum-s
   \                     ??comm_para_flow_11: (+1)
   \   00000088   0xF894 0x0022      LDRB     R0,[R4, #+34]
   \   0000008C   0x07C0             LSLS     R0,R0,#+31
   \   0000008E   0xD505             BPL.N    ??comm_para_flow_12
    174                  {
    175                      memcpy((uint8 *)&Ctrl.Para.dat.sAirPara.sStandard_Hum,
    176                             (uint8 *)&sDtu->Rd.sAirPara.sStandard_Hum,
    177                             sizeof(sDtu->Rd.sAirPara.sStandard_Hum)
    178                             );
   \   00000090   0x2204             MOVS     R2,#+4
   \   00000092   0x4621             MOV      R1,R4
   \   00000094   0xF105 0x0020      ADD      R0,R5,#+32
   \   00000098   0x.... 0x....      BL       __aeabi_memcpy
    179                  }
    180                  
    181                  if(sDtu->Rd.sAirPara.SetFlg.SetDustStand)   //dust-s
   \                     ??comm_para_flow_12: (+1)
   \   0000009C   0x8C60             LDRH     R0,[R4, #+34]
   \   0000009E   0xF3C0 0x0080      UBFX     R0,R0,#+2,#+1
   \   000000A2   0x2800             CMP      R0,#+0
   \   000000A4   0xD006             BEQ.N    ??comm_para_flow_13
    182                  {
    183                      memcpy((uint8 *)&Ctrl.Para.dat.sAirPara.sStandard_Dust,
    184                             (uint8 *)&sDtu->Rd.sAirPara.sStandard_Dust,
    185                             sizeof(sDtu->Rd.sAirPara.sStandard_Dust)
    186                             );
   \   000000A6   0x2204             MOVS     R2,#+4
   \   000000A8   0xF104 0x0108      ADD      R1,R4,#+8
   \   000000AC   0xF105 0x0028      ADD      R0,R5,#+40
   \   000000B0   0x.... 0x....      BL       __aeabi_memcpy
    187                  }
    188                  
    189                  if(sDtu->Rd.sAirPara.SetFlg.SetVocModefy)   //voc-m
   \                     ??comm_para_flow_13: (+1)
   \   000000B4   0x8C60             LDRH     R0,[R4, #+34]
   \   000000B6   0xF3C0 0x1000      UBFX     R0,R0,#+4,#+1
   \   000000BA   0x2800             CMP      R0,#+0
   \   000000BC   0xD006             BEQ.N    ??comm_para_flow_14
    190                  {
    191                      memcpy((uint8 *)&Ctrl.Para.dat.sAirPara.Voc_modefy,
    192                             (uint8 *)&sDtu->Rd.sAirPara.Voc_modefy,
    193                             sizeof(sDtu->Rd.sAirPara.Voc_modefy)
    194                             );
   \   000000BE   0x2202             MOVS     R2,#+2
   \   000000C0   0xF104 0x0112      ADD      R1,R4,#+18
   \   000000C4   0xF105 0x0032      ADD      R0,R5,#+50
   \   000000C8   0x.... 0x....      BL       __aeabi_memcpy
    195                  }
    196                  
    197                  if(sDtu->Rd.sAirPara.SetFlg.SetHumModefy)   //hum-m
   \                     ??comm_para_flow_14: (+1)
   \   000000CC   0x8C60             LDRH     R0,[R4, #+34]
   \   000000CE   0xF3C0 0x00C0      UBFX     R0,R0,#+3,#+1
   \   000000D2   0x2800             CMP      R0,#+0
   \   000000D4   0xD006             BEQ.N    ??comm_para_flow_15
    198                  {
    199                      memcpy((uint8 *)&Ctrl.Para.dat.sAirPara.Hum_modefy,
    200                             (uint8 *)&sDtu->Rd.sAirPara.Hum_modefy,
    201                             sizeof(sDtu->Rd.sAirPara.Hum_modefy)
    202                             );
   \   000000D6   0x2202             MOVS     R2,#+2
   \   000000D8   0xF104 0x010E      ADD      R1,R4,#+14
   \   000000DC   0xF105 0x002E      ADD      R0,R5,#+46
   \   000000E0   0x.... 0x....      BL       __aeabi_memcpy
    203                  }
    204                  
    205                  if(sDtu->Rd.sAirPara.SetFlg.SetDustModefy)  //dust-m
   \                     ??comm_para_flow_15: (+1)
   \   000000E4   0x8C60             LDRH     R0,[R4, #+34]
   \   000000E6   0xF3C0 0x1040      UBFX     R0,R0,#+5,#+1
   \   000000EA   0x2800             CMP      R0,#+0
   \   000000EC   0xF000 0x808B      BEQ.W    ??comm_para_flow_16
    206                  {
    207                      memcpy((uint8 *)&Ctrl.Para.dat.sAirPara.Dust_modefy,
    208                             (uint8 *)&sDtu->Rd.sAirPara.Dust_modefy,
    209                             sizeof(sDtu->Rd.sAirPara.Dust_modefy)
    210                             );
   \   000000F0   0x2202             MOVS     R2,#+2
   \   000000F2   0xF104 0x0110      ADD      R1,R4,#+16
   \   000000F6   0xF105 0x0030      ADD      R0,R5,#+48
   \   000000FA   0x.... 0x....      BL       __aeabi_memcpy
    211                  }
   \   000000FE   0xBD7F             POP      {R0-R6,PC}
   \                     ??comm_para_flow_2: (+1)
   \   00000100   0x4668             MOV      R0,SP
   \   00000102   0x4621             MOV      R1,R4
   \   00000104   0x2206             MOVS     R2,#+6
   \   00000106   0x.... 0x....      BL       __aeabi_memcpy
    212                  
    213          //        Ctrl.SOilPara.Density = sDtu->Rd.Density;          
    214          //        
    215          //        FRAM_StoreOilPara((StrOilPara *)&Ctrl.SOilPara);   //存数据。关键数据存储时保护
    216          //        
    217          //        uprintf("%8d",Ctrl.SOilPara.Density);   //立即显示设定值 
    218                  
    219                  break;
    220                  
    221                  //设置时间
    222              case    TIME_CARD:                
    223                  
    224                  WriteTime(sDtu->Rd.sTime);          
   \   0000010A   0xE9DD 0x0100      LDRD     R0,R1,[SP, #+0]
   \   0000010E   0x.... 0x....      BL       WriteTime
    225                  ReadTime((stcTime *)&sDtu->Rd.sTime);
   \   00000112   0x4620             MOV      R0,R4
   \   00000114   0x.... 0x....      BL       ReadTime
    226                  
    227                  
    228          //        uprintf("%02d-%02d-%02d",sTime.Year
    229          //                ,sTime.Month
    230          //                    ,sTime.Date
    231          //                        );     
    232          //        uprintf("%02d-%02d-%02d",sTime.Hour
    233          //                ,sTime.Min
    234          //                    ,sTime.Sec
    235          //                        );          
    236                  uprintf("%02d.%02d" ,sDtu->Rd.sTime.Hour
    237                                      ,sDtu->Rd.sTime.Min
    238                                  );               
   \   00000118   0x7862             LDRB     R2,[R4, #+1]
   \   0000011A   0x78A1             LDRB     R1,[R4, #+2]
   \   0000011C   0x.... 0x....      ADR.W    R0,?_1
   \   00000120   0x.... 0x....      BL       uprintf
    239                  break;
   \   00000124   0xBD7F             POP      {R0-R6,PC}
    240                  
    241                  //高度卡
    242              case    MEASURE_ONCE: 
    243                  extern  void    StartAirMeasure(void);
    244          
    245                  StartAirMeasure();
   \                     ??comm_para_flow_3: (+1)
   \   00000126   0x.... 0x....      BL       StartAirMeasure
    246                  
    247                  //高度值可以累计
    248          //        Ctrl.SOilPara.Hig += sDtu->Rd.Hig;
    249          //        if(Ctrl.SOilPara.Hig  > 500)
    250          //            Ctrl.SOilPara.Hig = 500;
    251          //        
    252          //        if(Ctrl.SOilPara.Hig  < -500)
    253          //            Ctrl.SOilPara.Hig = -500;
    254          //        
    255          //        FRAM_StoreOilPara((StrOilPara *)&Ctrl.SOilPara);   //存数据。关键数据存储时保护
    256          //        
    257          //        uprintf("%8d",Ctrl.SOilPara.Hig);     
    258                  
    259                  break;
   \   0000012A   0xBD7F             POP      {R0-R6,PC}
    260                  
    261                  //模型选择卡
    262              case    MODEL_SELECT_CARD:   
    263          //        Ctrl.SOilPara.ModelNum = sDtu->Rd.ModelNum;//选择的模型编号
    264          //        
    265          //        FRAM_StoreOilPara((StrOilPara *)&Ctrl.SOilPara);   //存数据。关键数据存储时保护
    266          //        
    267          //        uprintf("%8d",Ctrl.SOilPara.ModelNum);      //立即显示设定值 
    268                  break;
    269                  
    270                  //车型车号
    271              case    FIX_CARD: 
    272                  Ctrl.Para.dat.sProductInfo.sLocoId.Num = sDtu->Rd.sLocoId.Num;
   \                     ??comm_para_flow_4: (+1)
   \   0000012C   0x....             LDR.N    R5,??DataTable11_1
   \   0000012E   0x1D2E             ADDS     R6,R5,#+4
   \   00000130   0x8860             LDRH     R0,[R4, #+2]
   \   00000132   0x8370             STRH     R0,[R6, #+26]
    273                  Ctrl.Para.dat.sProductInfo.sLocoId.Type = sDtu->Rd.sLocoId.Type;
   \   00000134   0x8820             LDRH     R0,[R4, #+0]
   \   00000136   0x8330             STRH     R0,[R6, #+24]
    274                  
    275                  FRAM_StoreProductInfo((stcProductInfo *)&Ctrl.Para.dat.sProductInfo);
   \   00000138   0xF105 0x0014      ADD      R0,R5,#+20
   \   0000013C   0x.... 0x....      BL       FRAM_StoreProductInfo
    276                  
    277                  uprintf("%4d.%4d"   ,Ctrl.Para.dat.sProductInfo.sLocoId.Type
    278                                      ,Ctrl.Para.dat.sProductInfo.sLocoId.Num
    279                              );      
   \   00000140   0x8B72             LDRH     R2,[R6, #+26]
   \   00000142   0x8B31             LDRH     R1,[R6, #+24]
   \   00000144   0x.... 0x....      ADR.W    R0,?_2
   \   00000148   0x.... 0x....      BL       uprintf
    280                  break;
   \   0000014C   0xBD7F             POP      {R0-R6,PC}
    281                  
    282                  //读数据指示
    283              case    DATA_CARD_DIS: 
    284                  i=0;
    285                  while(i < 4)
   \                     ??comm_para_flow_5: (+1)
   \   0000014E   0xB2ED             UXTB     R5,R5
   \   00000150   0x4629             MOV      R1,R5
   \   00000152   0x2904             CMP      R1,#+4
   \   00000154   0xDA57             BGE.N    ??comm_para_flow_16
    286                  {
    287                      uprintf("%8d",i); 
   \   00000156   0x....             ADR.N    R0,??DataTable11  ;; "%8d"
   \   00000158   0x.... 0x....      BL       uprintf
    288                      i++;
   \   0000015C   0x1C6D             ADDS     R5,R5,#+1
   \   0000015E   0xE7F6             B.N      ??comm_para_flow_5
    289                  }
    290                  break;
    291                  
    292                  //读数据指示结束
    293              case    DATA_CARD_FIN: 
    294                  i=0;
    295                  while(i < 4)
   \                     ??comm_para_flow_6: (+1)
   \   00000160   0x2D04             CMP      R5,#+4
   \   00000162   0xDA50             BGE.N    ??comm_para_flow_16
    296                  {
    297                      uprintf("    good");  
   \   00000164   0x.... 0x....      ADR.W    R0,?_4
   \   00000168   0x.... 0x....      BL       uprintf
    298                      uprintf("         ");  
   \   0000016C   0x.... 0x....      ADR.W    R0,?_5
   \   00000170   0x.... 0x....      BL       uprintf
    299                      i++;
   \   00000174   0x1C6D             ADDS     R5,R5,#+1
   \   00000176   0xE7F3             B.N      ??comm_para_flow_6
    300                  }
    301                  break;
    302                  
    303                  //数据清零
    304              case    CLEAR_ALL: 
    305                  Ctrl.Para.dat.sRecNumMgr.Current = 0;
   \                     ??comm_para_flow_8: (+1)
   \   00000178   0x....             LDR.N    R5,??DataTable11_1
   \   0000017A   0x1D2E             ADDS     R6,R5,#+4
   \   0000017C   0x2000             MOVS     R0,#+0
   \   0000017E   0x6030             STR      R0,[R6, #+0]
    306                  Ctrl.Para.dat.sRecNumMgr.GrsRead = 0;
   \   00000180   0x60B0             STR      R0,[R6, #+8]
    307                  Ctrl.Para.dat.sRecNumMgr.IcRead  = 0;
   \   00000182   0x6070             STR      R0,[R6, #+4]
    308                  
    309                  FRAM_StoreRecNumMgr((stcRecNumMgr *)&Ctrl.Para.dat.sRecNumMgr);
   \   00000184   0x4630             MOV      R0,R6
   \   00000186   0x.... 0x....      BL       FRAM_StoreRecNumMgr
    310                  
    311                  uprintf("CALL");  
   \   0000018A   0x.... 0x....      ADR.W    R0,?_6
   \   0000018E   0x.... 0x....      BL       uprintf
    312                  
    313                  break;
   \   00000192   0xBD7F             POP      {R0-R6,PC}
    314                  
    315                  //装置复位，先应答消息，再
    316              case    RST_SYS:
    317                  
    318                  //参数设置，数据原路返回
    319                  CSNC_SendData(  Ctrl.Dtu.pch,                      //DTU 的PCH：串口号，收发控制等底层信息
    320                                  Ctrl.Dtu.RxCtrl.DestAddr,          //源地址，
    321                                  Ctrl.Dtu.RxCtrl.SourceAddr,        //目标地址
    322                                  Ctrl.Dtu.RxCtrl.FramNum,           //帧序号 
    323                                  Ctrl.Dtu.RxCtrl.FrameCode,         //命令字
    324                                  Ctrl.Dtu.Rd.Buf,                   //数据区
    325                                  Ctrl.Dtu.RxCtrl.Len                //发送长度
    326                                );
   \                     ??comm_para_flow_9: (+1)
   \   00000194   0x....             LDR.N    R5,??DataTable11_1
   \   00000196   0xF205 0x4021      ADDW     R0,R5,#+1057
   \   0000019A   0x78C1             LDRB     R1,[R0, #+3]
   \   0000019C   0x9102             STR      R1,[SP, #+8]
   \   0000019E   0xF205 0x21E1      ADDW     R1,R5,#+737
   \   000001A2   0x9101             STR      R1,[SP, #+4]
   \   000001A4   0x7901             LDRB     R1,[R0, #+4]
   \   000001A6   0x9100             STR      R1,[SP, #+0]
   \   000001A8   0x7883             LDRB     R3,[R0, #+2]
   \   000001AA   0x7842             LDRB     R2,[R0, #+1]
   \   000001AC   0x7801             LDRB     R1,[R0, #+0]
   \   000001AE   0x69C0             LDR      R0,[R0, #+28]
   \   000001B0   0x.... 0x....      BL       CSNC_SendData
    327                  i = 100000;
   \   000001B4   0x20A0             MOVS     R0,#+160
    328                  while(i--);
   \                     ??comm_para_flow_17: (+1)
   \   000001B6   0x4601             MOV      R1,R0
   \   000001B8   0x1E48             SUBS     R0,R1,#+1
   \   000001BA   0xB2C9             UXTB     R1,R1
   \   000001BC   0x2900             CMP      R1,#+0
   \   000001BE   0xD1FA             BNE.N    ??comm_para_flow_17
    329                  
    330                  while(1);
   \                     ??comm_para_flow_18: (+1)
   \   000001C0   0xE7FE             B.N      ??comm_para_flow_18
    331                  //Restart();                                          //重启系统
    332                  break;
    333                  
    334                  //设置斜率
    335              case    CALC_PARA: 
    336                  //斜率具有镭计的效果
    337          //        Ctrl.SOilPara.Slope = (Ctrl.SOilPara.Slope  * sDtu->Rd.Slope)/10000;
    338          //        
    339          //        //0.1~2
    340          //        if(Ctrl.SOilPara.Slope >20000 || Ctrl.SOilPara.Slope < 1000)
    341          //            Ctrl.SOilPara.Slope = 10000;
    342          //        
    343          //        FRAM_StoreOilPara((StrOilPara *)&Ctrl.SOilPara);   //存数据。关键数据存储时保护
    344          //        
    345          //        uprintf("%d",Ctrl.SOilPara.Slope);         //立即显示设定值 
    346                  break;
    347                  
    348                  /***********************************************
    349                  * 描述： 设置油箱模型。
    350                  *   IC 卡模块插入IC卡后，IC卡主动应答模型。  
    351                  *   后续每200ms发送数据，序号从0开始累加。
    352                  数据发送完成后，序号为0xffffffff。
    353                  */    
    354                  //设置斜率
    355              case    SYS_RUN_PARA: 
    356                  //存运行参数，存储时间，数据格式等信息
    357                  //FRAM_StoreRunPara((stcRunPara *)&Ctrl.sRunPara);   //存数据。关键数据存储时保护
    358                  uint8  bittmp =  0x01 << ( ( (uint8 *)&Ctrl.Para.dat.sRunPara.StoreType ) - (uint8 *)&Ctrl.Para.dat.sRunPara);    //数据格式更改
    359                  
    360                  if((sDtu->Rd.sRunPara.SetBitFlg & bittmp) == bittmp )
   \                     ??comm_para_flow_7: (+1)
   \   000001C2   0x....             LDR.N    R5,??DataTable11_1
   \   000001C4   0xF105 0x0649      ADD      R6,R5,#+73
   \   000001C8   0x79E0             LDRB     R0,[R4, #+7]
   \   000001CA   0x0680             LSLS     R0,R0,#+26
   \   000001CC   0xD503             BPL.N    ??comm_para_flow_19
    361                  {
    362                      Ctrl.Para.dat.sRunPara.StoreType    = sDtu->Rd.sRunPara.StoreType;
   \   000001CE   0x7960             LDRB     R0,[R4, #+5]
   \   000001D0   0x7030             STRB     R0,[R6, #+0]
    363                      Ctrl.Para.dat.sRunPara.StoreTypeBak = sDtu->Rd.sRunPara.StoreTypeBak;
   \   000001D2   0x79A0             LDRB     R0,[R4, #+6]
   \   000001D4   0x7070             STRB     R0,[R6, #+1]
    364                  }
    365                
    366                  FRAM_StoreRunPara((stcRunPara *)&Ctrl.Para.dat.sRunPara);   //存数据。关键数据存储时保护
   \                     ??comm_para_flow_19: (+1)
   \   000001D6   0xF105 0x0044      ADD      R0,R5,#+68
   \   000001DA   0x.... 0x....      BL       FRAM_StoreRunPara
    367                  uprintf("rt-%d",    Ctrl.Para.dat.sRunPara.StoreType);      //立即显示设定值 （0x02 ）数据新版
   \   000001DE   0x7831             LDRB     R1,[R6, #+0]
   \   000001E0   0x.... 0x....      ADR.W    R0,?_7
   \   000001E4   0x.... 0x....      BL       uprintf
    368          
    369                  break;
   \   000001E8   0xBD7F             POP      {R0-R6,PC}
    370                  
    371              case    MODEL_CARD: 
    372                  //模型数据接收序号
    373          //        memcpy((uint8  *)&modelrecvnum,(uint8 *)&sDtu->Rd.Buf[0],sizeof(modelrecvnum));
    374          //        
    375          //        if( modelrecvnum == 0 )                 //开始    
    376          //            modelstoreaddr = 0;
    377          //        
    378          //        if(sDtu->RxCtrl.Len < sizeof(modelrecvnum))
    379          //            break;
    380          //        //保存接收到的数据
    381          //        WriteFM24CL64(   OIL_BOX_MODEL_ADDR+modelstoreaddr,
    382          //                      (uint8 *)&sDtu->Rd.Buf[sizeof(modelrecvnum)], 
    383          //                      sDtu->RxCtrl.Len - sizeof(modelrecvnum));
    384          //        //存地址累加
    385          //        modelstoreaddr += (sDtu->RxCtrl.Len - sizeof(modelrecvnum));
    386          //        
    387          //        //指示操作
    388          //        //uprintf("   ...");
    389          //        if(modelrecvnum == 0xffffffff)  //结束，指示
    390          //        {
    391          //            uprintf("");
    392          //            uprintf("boX");	
    393          //            uprintf("boX");		
    394          //            GetOilPara();
    395          //            
    396          //            //与单独设置油量模型兼容，写卡成功后，应将单设模型置为无效,并保存。，再重新调用初始化函数
    397          //            l_sCalcModel.valid = 0;
    398          //            FRAM_StoreCalcModel(&Ctrl.sCalcModel);             //数据油量存储
    399          //            
    400          //            GetOilPara();                                       //重新取计算参数
    401          //        }else{
    402          //            uprintf("o..%2d",modelrecvnum);
    403          //        }
    404          //        
    405                  SetDispNow();               //马上显示
   \                     ??comm_para_flow_1: (+1)
   \   000001EA   0x.... 0x....      BL       SetDispNow
    406                  
    407                  
    408          //        if(sDtu->pch->PortNbr == 2)
    409          //        {
    410          //            osal_start_timerEx( OS_TASK_ID_TMR, 
    411          //                               OS_EVT_TMR_OTR, 
    412          //                               OS_TICKS_PER_SEC*10 );          //统计装置和无线发送模块定时器  10s
    413          //        }
    414          //        
    415          //        if(sDtu->pch->PortNbr == 3)
    416          //        {
    417          //            osal_start_timerEx( OS_TASK_ID_TMR, 
    418          //                               OS_EVT_TMR_DTU, 
    419          //                               OS_TICKS_PER_SEC*10 );          //统计装置和无线发送模块定时器  10s
    420          //        }
    421                  break;
   \   000001EE   0xBD7F             POP      {R0-R6,PC}
    422                  
    423                  //数据
    424              case    DATA_CARD: 
    425          //        
    426          //        memcpy((uint8 *)&tmp32,sDtu->Rd.Buf,sizeof(tmp32));     //请求流水号
    427          //        if(sDtu->RxCtrl.SourceAddr == SLAVE_ADDR_DTU)           //无线通道请求的
    428          //        {
    429          //            if(Ctrl.Para.dat.sRecNumMgr.GrsRead  > tmp32){
    430          //                Ctrl.Para.dat.sRecNumMgr.GrsRead = tmp32;               //指定位置取数据
    431          //            }
    432          //            
    433          //            comm_record_send_one(sDtu,addrnum);                 
    434          //            
    435          //            FRAM_StoreRecNumMgr((stcRecNumMgr *)&Ctrl.Para.dat.sRecNumMgr);         //保存记录号
    436          //            
    437          //            Ctrl.Para.dat.sRecNumMgr.GrsRead++;
    438          //            
    439          //        }else if(sDtu->RxCtrl.SourceAddr == SLAVE_ADDR_OTR)     //IC卡
    440          //        {
    441          //            if(Ctrl.Para.dat.sRecNumMgr.IcRead  > tmp32){
    442          //                Ctrl.Para.dat.sRecNumMgr.IcRead = tmp32;                //指定位置取数据
    443          //            }
    444          //            
    445          //            comm_record_send_one(sDtu,addrnum);                 //指定位置取数据   
    446          //            
    447          //            FRAM_StoreRecNumMgr((stcRecNumMgr *)&Ctrl.Para.dat.sRecNumMgr); //保存记录号
    448          //            
    449          //            Ctrl.Para.dat.sRecNumMgr.IcRead++;           
    450          //            
    451          //            //快速启动定时器
    452          //            if(Ctrl.Para.dat.sRecNumMgr.IcRead < Ctrl.Para.dat.sRecNumMgr.Current ){
    453          //                osal_start_timerRl( OS_TASK_ID_TMR, 
    454          //                                   OS_EVT_TMR_OTR, 
    455          //                                   OS_TICKS_PER_SEC/2 );          //统计装置和无线发送模块定时器  10s
    456          //            }
    457          //            
    458          //        }
    459                  break;
    460                  
    461              case    RUN_MODEL_PARA:
    462                  
    463                  uprintf("SET--");         //立即显示设定值 
   \                     ??comm_para_flow_10: (+1)
   \   000001F0   0x.... 0x....      ADR.W    R0,?_8
   \   000001F4   0x.... 0x....      BL       uprintf
    464                  SetDispNow();
   \   000001F8   0x.... 0x....      BL       SetDispNow
    465                  
    466                  memcpy((uint8 *)&tmp32, &sDtu->Rd.Buf[0],sizeof(tmp32));        //取帧序号
   \   000001FC   0x2204             MOVS     R2,#+4
   \   000001FE   0x4621             MOV      R1,R4
   \   00000200   0xA803             ADD      R0,SP,#+12
   \   00000202   0x.... 0x....      BL       __aeabi_memcpy
    467          //        if(tmp32 < (1 + sizeof(l_sCalcModel)/128 ))                     //序号有效
    468          //        {
    469          //            p = (uint8 *)&l_sCalcModel;
    470          //            memcpy((uint8 *)(  p + 128*tmp32),
    471          //                               (uint8 *)&sDtu->Rd.Buf[4],
    472          //                               sDtu->RxCtrl.Len-4);
    473          //            
    474          //            if(tmp32 == sizeof(l_sCalcModel)/128)               //接收完成
    475          //            {
    476          //                crc16 = GetCrc16Check((uint8 *)&l_sCalcModel,sizeof(l_sCalcModel)-2);   //计算校验
    477          //                if(crc16 == l_sCalcModel.CrcCheck)              //模型校验通过，赋值给计算使用
    478          //                {
    479          //                    l_sCalcModel.valid = 1;                     //置模型有效位
    480          //                    
    481          //                    l_sCalcModel.CrcCheck = GetCrc16Check((uint8 *)&l_sCalcModel,sizeof(l_sCalcModel)-2); 
    482          //                    
    483          //                    memcpy((uint8 *)&Ctrl.sCalcModel,(uint8 *)&l_sCalcModel,sizeof(l_sCalcModel)); //赋值给正在使用的模型。
    484          //                    
    485          //                    FRAM_StoreCalcModel(&Ctrl.sCalcModel);
    486          //                }
    487          //                
    488          //                //设置成功后，指示
    489          //                uprintf("SET-%d",l_sCalcModel.ModelNum);         //立即显示设定值 
    490          //                SetDispNow();
    491          //                tmp32 = 1000000;
    492          //                while(tmp32--);
    493          //                uprintf("SET-%d",l_sCalcModel.ModelNum);         //立即显示设定值 
    494          //                SetDispNow();
    495          //            }
    496          //        }
    497                  
    498                  break;
    499                  
    500              default:
    501                  break;
    502          
    503              }
    504          }
   \                     ??comm_para_flow_16: (+1)
   \   00000206   0xBD7F             POP      {R0-R6,PC}       ;; return
    505          
    506          /*******************************************************************************
    507          * 名    称： comm_record_send_one
    508          * 功    能： 发送one条数据记录
    509          * 入口参数： 无线设备数据结构
    510          * 出口参数： 无
    511          * 作　 　者： redmorningcn.
    512          * 创建日期： 2017-05-19
    513          * 修    改：
    514          * 修改日期：
    515          * 备    注： 任务创建函数需要在app.h文件中声明
    516          *******************************************************************************/

   \                                 In section .text, align 2, keep-with-next
    517          uint8    comm_record_send_one(StrDevDtu * sDtu,uint8    addrnum)
    518          {
   \                     comm_record_send_one: (+1)
   \   00000000   0xB570             PUSH     {R4-R6,LR}
   \   00000002   0xB084             SUB      SP,SP,#+16
   \   00000004   0x4604             MOV      R4,R0
    519              //记录号为0，还未发送数据。不做通讯状态判断
    520              if( Ctrl.Para.dat.sRecNumMgr.Current == 0 )                                   
   \   00000006   0x....             LDR.N    R5,??DataTable11_1
   \   00000008   0x6868             LDR      R0,[R5, #+4]
   \   0000000A   0x2800             CMP      R0,#+0
   \   0000000C   0xD101             BNE.N    ??comm_record_send_one_0
    521              {
    522                  return 0;
   \   0000000E   0x2000             MOVS     R0,#+0
   \   00000010   0xE02C             B.N      ??comm_record_send_one_1
    523              }
   \                     ??comm_record_send_one_0: (+1)
   \   00000012   0xEB04 0x01C1      ADD      R1,R4,R1, LSL #+3
   \   00000016   0xF501 0x76A8      ADD      R6,R1,#+336
   \   0000001A   0x7831             LDRB     R1,[R6, #+0]
   \   0000001C   0x29CA             CMP      R1,#+202
   \   0000001E   0xD116             BNE.N    ??comm_record_send_one_2
    524              /***********************************************
    525              * 描述： 记录号合理性判断。已发数据<当前数据 发送数据
    526              * 
    527              */ 
    528              if(sDtu->ConnCtrl[addrnum].SlaveAddr == SLAVE_ADDR_DTU)
    529              {
    530                  if(Ctrl.Para.dat.sRecNumMgr.Current <= Ctrl.Para.dat.sRecNumMgr.GrsRead )               //已发送记录号比当前记录号大，进行异常处理
   \   00000020   0x68E9             LDR      R1,[R5, #+12]
   \   00000022   0x4281             CMP      R1,R0
   \   00000024   0xD308             BCC.N    ??comm_record_send_one_3
    531                  {
    532                      Ctrl.Para.dat.sRecNumMgr.GrsRead = 0;
   \   00000026   0x2100             MOVS     R1,#+0
   \   00000028   0x60E9             STR      R1,[R5, #+12]
    533                      if(Ctrl.Para.dat.sRecNumMgr.Current)
   \   0000002A   0x2800             CMP      R0,#+0
   \   0000002C   0xD001             BEQ.N    ??comm_record_send_one_4
    534                          Ctrl.Para.dat.sRecNumMgr.GrsRead = Ctrl.Para.dat.sRecNumMgr.Current - 1;        //最后有效记录赋值     
   \   0000002E   0x1E40             SUBS     R0,R0,#+1
   \   00000030   0x60E8             STR      R0,[R5, #+12]
    535                      
    536                      FRAM_StoreRecNumMgr((stcRecNumMgr *)&Ctrl.Para.dat.sRecNumMgr);             //保存记录号
   \                     ??comm_record_send_one_4: (+1)
   \   00000032   0x1D28             ADDS     R0,R5,#+4
   \   00000034   0x.... 0x....      BL       FRAM_StoreRecNumMgr
    537                  }
    538                  
    539                  //sDtu->ConnCtrl[addrnum].SendFramNum++;                                //发送序号由接收控制
    540                  
    541                  /***********************************************
    542                  * 描述： 数据记录准备,根据记录号取数据记录。
    543                  * 
    544                  */ 
    545                  ReadFlshRec((stcFlshRec *)&sDtu->Wr.sRec,
    546                              Ctrl.Para.dat.sRecNumMgr.GrsRead);
   \                     ??comm_record_send_one_3: (+1)
   \   00000038   0x68E9             LDR      R1,[R5, #+12]
   \   0000003A   0xF104 0x00A0      ADD      R0,R4,#+160
   \   0000003E   0x.... 0x....      BL       ReadFlshRec
    547                  
    548                  //重新给定时器给初值。osal_start_timerRl可以自动赋值，
    549                  osal_start_timerRl( OS_TASK_ID_TMR, 
    550                                     OS_EVT_TMR_DTU, 
    551                                     OS_TICKS_PER_SEC*10 );  //统计装置和无线发送模块定时器  10s
   \   00000042   0xF242 0x7210      MOVW     R2,#+10000
   \   00000046   0x2102             MOVS     R1,#+2
   \   00000048   0x2000             MOVS     R0,#+0
   \   0000004A   0x.... 0x....      BL       osal_start_timerRl
    552              }
    553              
    554          //    if(sDtu->ConnCtrl[addrnum].SlaveAddr == SLAVE_ADDR_OTR)
    555          //    {
    556          //        if(Ctrl.Para.dat.sRecNumMgr.Current <= Ctrl.Para.dat.sRecNumMgr.IcRead )                //已发送记录号比当前记录号大，进行异常处理
    557          //        {
    558          //            Ctrl.Para.dat.sRecNumMgr.IcRead = 0;
    559          //            if(Ctrl.Para.dat.sRecNumMgr.Current)
    560          //                Ctrl.Para.dat.sRecNumMgr.IcRead = Ctrl.Para.dat.sRecNumMgr.Current - 1;         //最后有效记录赋值     
    561          //            
    562          //            Ctrl.Otr.ConnCtrl[addrnum].SendFramNum++;
    563          //            FRAM_StoreRecNumMgr((stcRecNumMgr *)&Ctrl.Para.dat.sRecNumMgr);             //保存记录号
    564          //        }
    565          //        
    566          //        /***********************************************
    567          //        * 描述： 数据记录准备,根据记录号取数据记录。
    568          //        * 
    569          //        */ 
    570          //        ReadFlshRec((stcFlshRec *)&sDtu->Wr.sRec,
    571          //                    Ctrl.Para.dat.sRecNumMgr.IcRead);
    572          //        
    573          //        osal_start_timerRl( OS_TASK_ID_TMR, 
    574          //                           OS_EVT_TMR_OTR, 
    575          //                           OS_TICKS_PER_SEC*10 );               //统计装置和无线发送模块定时器  10s
    576          //    }
    577              
    578              uint8   framecode = 0x02;
    579          
    580          //    //超时值发送SLAVE_ADDR_DTU 的数据
    581          //    CSNC_SendData(sDtu->pch,                                    //DTU 的PCH：串口号，收发控制等底层信息
    582          //                  sDtu->ConnCtrl[addrnum].MasterAddr,           //源地址，
    583          //                  sDtu->ConnCtrl[addrnum].SlaveAddr,            //目标地址
    584          //                  sDtu->ConnCtrl[addrnum].SendFramNum,          //帧序号 ，，在接收中累加
    585          //                  framecode,                                    //命令字
    586          //                  (uint8 *)&sDtu->Wr.sRec,                      //数据区
    587          //                  sizeof(sDtu->Wr.sRec)                        //发送长度
    588          //                      );
    589              
    590                  CSNC_SendData(sDtu->pch,                                    //DTU 的PCH：串口号，收发控制等底层信息
    591                            sDtu->ConnCtrl[addrnum].MasterAddr,           //源地址，
    592                            sDtu->ConnCtrl[addrnum].SlaveAddr,            //目标地址
    593                            sDtu->ConnCtrl[addrnum].SendFramNum,          //帧序号 ，，在接收中累加
    594                            framecode,                                    //命令字
    595                            (uint8 *)&sDtu->Wr.sRec,                      //数据区
    596                            sizeof(sDtu->Wr.sRec)                        //发送长度
    597                                );
   \                     ??comm_record_send_one_2: (+1)
   \   0000004E   0x2080             MOVS     R0,#+128
   \   00000050   0x9002             STR      R0,[SP, #+8]
   \   00000052   0xF104 0x00A0      ADD      R0,R4,#+160
   \   00000056   0x9001             STR      R0,[SP, #+4]
   \   00000058   0x2002             MOVS     R0,#+2
   \   0000005A   0x9000             STR      R0,[SP, #+0]
   \   0000005C   0x78B3             LDRB     R3,[R6, #+2]
   \   0000005E   0x7832             LDRB     R2,[R6, #+0]
   \   00000060   0x7871             LDRB     R1,[R6, #+1]
   \   00000062   0xF8D4 0x015C      LDR      R0,[R4, #+348]
   \   00000066   0x.... 0x....      BL       CSNC_SendData
    598          
    599          
    600              return 1;
   \   0000006A   0x2001             MOVS     R0,#+1
   \                     ??comm_record_send_one_1: (+1)
   \   0000006C   0xB004             ADD      SP,SP,#+16
   \   0000006E   0xBD70             POP      {R4-R6,PC}       ;; return
    601          }
    602          
    603          
    604          /*******************************************************************************
    605          * 名    称： comm_record_send
    606          * 功    能： 通讯数据传输
    607          *            先查询已发送记录，然后发送该记录。记录号加1，帧号加1。起始记录号
    608          从1开始。  
    609          *              （通过帧号判断通讯是否结束正确）
    610          * 入口参数： 无线设备数据结构
    611          * 出口参数： 无
    612          * 作　 　者： redmorningcn.
    613          * 创建日期： 2017-05-19
    614          * 修    改：
    615          * 修改日期：
    616          * 备    注： 任务创建函数需要在app.h文件中声明
    617          *******************************************************************************/

   \                                 In section .text, align 2, keep-with-next
    618          void    comm_record_send(StrDevDtu * sDtu,uint8 addrnum)
    619          {
   \                     comm_record_send: (+1)
   \   00000000   0xB5F8             PUSH     {R3-R7,LR}
   \   00000002   0x4604             MOV      R4,R0
   \   00000004   0x460D             MOV      R5,R1
   \   00000006   0xEB04 0x00C5      ADD      R0,R4,R5, LSL #+3
   \   0000000A   0xF890 0x1152      LDRB     R1,[R0, #+338]
   \   0000000E   0xF894 0x2142      LDRB     R2,[R4, #+322]
   \   00000012   0x428A             CMP      R2,R1
   \   00000014   0xD123             BNE.N    ??comm_record_send_0
    620              /***********************************************
    621              * 描述： 发送和接收的记录号相符，发送流水号加1
    622              *       再根据数据量，发送数据。
    623              * 
    624              */      
    625              
    626              if(sDtu->RxCtrl.FramNum == sDtu->ConnCtrl[addrnum].SendFramNum){
    627                  sDtu->ConnCtrl[addrnum].SendFramNum++;                  //数据正确，序号加1
   \   00000016   0x1C49             ADDS     R1,R1,#+1
   \   00000018   0xF880 0x1152      STRB     R1,[R0, #+338]
    628                  Ctrl.Para.dat.sRecNumMgr.GrsRead++;
   \   0000001C   0x....             LDR.N    R6,??DataTable11_1
   \   0000001E   0x68F0             LDR      R0,[R6, #+12]
   \   00000020   0x1C40             ADDS     R0,R0,#+1
   \   00000022   0x60F0             STR      R0,[R6, #+12]
    629                  
    630                  CPU_SR  cpu_sr;
    631                  CPU_CRITICAL_ENTER() ;
   \   00000024   0x.... 0x....      BL       CPU_SR_Save
   \   00000028   0x4607             MOV      R7,R0
   \   0000002A   0x.... 0x....      BL       CPU_IntDisMeasStart
    632                  FRAM_StoreRecNumMgr((stcRecNumMgr *)&Ctrl.Para.dat.sRecNumMgr); //保存记录号
   \   0000002E   0x1D30             ADDS     R0,R6,#+4
   \   00000030   0x.... 0x....      BL       FRAM_StoreRecNumMgr
    633                  CPU_CRITICAL_EXIT() ;
   \   00000034   0x.... 0x....      BL       CPU_IntDisMeasStop
   \   00000038   0x4638             MOV      R0,R7
   \   0000003A   0x.... 0x....      BL       CPU_SR_Restore
    634                  
    635                  if(Ctrl.Para.dat.sRecNumMgr.GrsRead < Ctrl.Para.dat.sRecNumMgr.Current) //数据还未发送完成。收到数据及发送。
   \   0000003E   0x68F0             LDR      R0,[R6, #+12]
   \   00000040   0x6871             LDR      R1,[R6, #+4]
   \   00000042   0x4288             CMP      R0,R1
   \   00000044   0xD20B             BCS.N    ??comm_record_send_0
    636                  {
    637                      comm_record_send_one(sDtu,addrnum);                 //发送数据记录。
   \   00000046   0x4629             MOV      R1,R5
   \   00000048   0x4620             MOV      R0,R4
   \   0000004A   0x.... 0x....      BL       comm_record_send_one
    638                      //重新启动超时定时器
    639                      osal_start_timerRl( OS_TASK_ID_TMR, 
    640                                         OS_EVT_TMR_DTU, 
    641                                         OS_TICKS_PER_SEC*10 );          //统计装置和无线发送模块定时器  10s
   \   0000004E   0xF242 0x7210      MOVW     R2,#+10000
   \   00000052   0x2102             MOVS     R1,#+2
   \   00000054   0x2000             MOVS     R0,#+0
   \   00000056   0xE8BD 0x40F8      POP      {R3-R7,LR}
   \   0000005A   0x.... 0x....      B.W      osal_start_timerRl
    642                  }
    643                  
    644              }
    645          }
   \                     ??comm_record_send_0: (+1)
   \   0000005E   0xBDF1             POP      {R0,R4-R7,PC}    ;; return

   \                                 In section .text, align 4, keep-with-next
   \                     ??DataTable11:
   \   00000000   0x25 0x38          DC8      "%8d"
   \              0x64 0x00    

   \                                 In section .text, align 4, keep-with-next
   \                     ??DataTable11_1:
   \   00000000   0x........         DC32     Ctrl

   \                                 In section .rodata, align 4, keep-with-next
   \                     ?_3:
   \   00000000   0x25 0x38          DC8 "%8d"
   \              0x64 0x00    

   \                                 In section .text, align 4, keep-with-next
   \                     ?_0:
   \   00000000   0x74 0x65          DC8 "test"
   \              0x73 0x74    
   \              0x00         
   \   00000005   0x00 0x00          DC8 0, 0, 0
   \              0x00         

   \                                 In section .text, align 4, keep-with-next
   \                     ?_1:
   \   00000000   0x25 0x30          DC8 "%02d.%02d"
   \              0x32 0x64    
   \              0x2E 0x25    
   \              0x30 0x32    
   \              0x64 0x00    
   \   0000000A   0x00 0x00          DC8 0, 0

   \                                 In section .text, align 4, keep-with-next
   \                     ?_2:
   \   00000000   0x25 0x34          DC8 "%4d.%4d"
   \              0x64 0x2E    
   \              0x25 0x34    
   \              0x64 0x00    

   \                                 In section .text, align 4, keep-with-next
   \                     ?_4:
   \   00000000   0x20 0x20          DC8 "    good"
   \              0x20 0x20    
   \              0x67 0x6F    
   \              0x6F 0x64    
   \              0x00         
   \   00000009   0x00 0x00          DC8 0, 0, 0
   \              0x00         

   \                                 In section .text, align 4, keep-with-next
   \                     ?_5:
   \   00000000   0x20 0x20          DC8 "         "
   \              0x20 0x20    
   \              0x20 0x20    
   \              0x20 0x20    
   \              0x20 0x00    
   \   0000000A   0x00 0x00          DC8 0, 0

   \                                 In section .text, align 4, keep-with-next
   \                     ?_6:
   \   00000000   0x43 0x41          DC8 "CALL"
   \              0x4C 0x4C    
   \              0x00         
   \   00000005   0x00 0x00          DC8 0, 0, 0
   \              0x00         

   \                                 In section .text, align 4, keep-with-next
   \                     ?_7:
   \   00000000   0x72 0x74          DC8 "rt-%d"
   \              0x2D 0x25    
   \              0x64 0x00    
   \   00000006   0x00 0x00          DC8 0, 0

   \                                 In section .text, align 4, keep-with-next
   \                     ?_8:
   \   00000000   0x53 0x45          DC8 "SET--"
   \              0x54 0x2D    
   \              0x2D 0x00    
   \   00000006   0x00 0x00          DC8 0, 0
    646          
    647          
    648          /*******************************************************************************
    649          * 				end of file
    650          *******************************************************************************/
    651          #endif
    652          
    653          

   Maximum stack usage in bytes:

   .cstack Function
   ------- --------
      32   comm_para_flow
        32   -> BSP_DispClrAll
        32   -> CSNC_SendData
        32   -> FRAM_StoreProductInfo
        32   -> FRAM_StoreRecNumMgr
        32   -> FRAM_StoreRunPara
        32   -> ReadTime
        32   -> SetDispNow
        32   -> StartAirMeasure
        32   -> WriteTime
        32   -> __aeabi_memcpy
        32   -> uprintf
      24   comm_record_send
        24   -> CPU_IntDisMeasStart
        24   -> CPU_IntDisMeasStop
        24   -> CPU_SR_Restore
        24   -> CPU_SR_Save
        24   -> FRAM_StoreRecNumMgr
        24   -> comm_record_send_one
         0   -> osal_start_timerRl
      32   comm_record_send_one
        32   -> CSNC_SendData
        32   -> FRAM_StoreRecNumMgr
        32   -> ReadFlshRec
        32   -> osal_start_timerRl


   Section sizes:

   Bytes  Function/Label
   -----  --------------
       4  ??DataTable11
       4  ??DataTable11_1
       8  ?_0
      12  ?_1
       8  ?_2
       4  ?_3
      12  ?_4
      12  ?_5
       8  ?_6
       8  ?_7
       8  ?_8
     520  comm_para_flow
      96  comm_record_send
     112  comm_record_send_one

 
   4 bytes in section .rodata
 812 bytes in section .text
 
 812 bytes of CODE  memory
   4 bytes of CONST memory

Errors: none
Warnings: 11
