###############################################################################
#
# IAR ANSI C/C++ Compiler V7.50.1.10123/W32 for ARM       22/Nov/2017  18:23:52
# Copyright 1999-2015 IAR Systems AB.
#
#    Cpu mode     =  thumb
#    Endian       =  little
#    Source file  =  F:\iar\NC199B-100\Library\Source\BSP\bsp_periph.c
#    Command line =  
#        F:\iar\NC199B-100\Library\Source\BSP\bsp_periph.c -D
#        USE_STDPERIPH_DRIVER -D _STM32F10X_HD -D STM32F10X_CL -D DEBUG -D
#        STM32F103RC -D STM32_FLASH_SIZE=256 -D HSE_VALUE=25000000 -lCN
#        F:\iar\NC199B-100\Library\Project\IAR\..\..\..\Output\Lib\Debug-RC\List\
#        -o
#        F:\iar\NC199B-100\Library\Project\IAR\..\..\..\Output\Lib\Debug-RC\Obj\
#        --no_unroll --no_inline --no_tbaa --no_scheduling --debug
#        --endian=little --cpu=Cortex-M3 -e --fpu=None --dlib_config
#        "C:\Program Files (x86)\IAR Systems\Embedded Workbench
#        7.3\arm\INC\c\DLib_Config_Full.h" -I
#        F:\iar\NC199B-100\Library\Project\IAR\ -I
#        F:\iar\NC199B-100\Library\Project\IAR\..\..\Source\APP\ -I
#        F:\iar\NC199B-100\Library\Project\IAR\..\..\Source\APP\User\ -I
#        F:\iar\NC199B-100\Library\Project\IAR\..\..\Source\APP\AES\ -I
#        F:\iar\NC199B-100\Library\Project\IAR\..\..\Source\APP\Config\ -I
#        F:\iar\NC199B-100\Library\Project\IAR\..\..\Source\APP\OS\ -I
#        F:\iar\NC199B-100\Library\Project\IAR\..\..\Source\APP\User\ -I
#        F:\iar\NC199B-100\Library\Project\IAR\..\..\Source\APP\SIM900A\Source\
#        -I
#        F:\iar\NC199B-100\Library\Project\IAR\..\..\Source\APP\SIM900A\Port\
#        -I F:\iar\NC199B-100\Library\Project\IAR\..\..\Source\APP\SIM900A\OS\
#        -I
#        F:\iar\NC199B-100\Library\Project\IAR\..\..\Source\APP\SIM900A\Config\
#        -I F:\iar\NC199B-100\Library\Project\IAR\..\..\Source\APP\Protocol\ -I
#        F:\iar\NC199B-100\Library\Project\IAR\..\..\Source\APP\Iap\ -I
#        F:\iar\NC199B-100\Library\Project\IAR\..\..\Source\BSP\ -I
#        F:\iar\NC199B-100\Library\Project\IAR\..\..\Source\BSP\Driver\ -I
#        F:\iar\NC199B-100\Library\Project\IAR\..\..\Source\BSP\IAR\ -I
#        F:\iar\NC199B-100\Library\Project\IAR\..\..\Source\BSP\Os\ -I
#        F:\iar\NC199B-100\Library\Project\IAR\..\..\Source\BSP\Os\uCOS-III\ -I
#        F:\iar\NC199B-100\Library\Project\IAR\..\..\Source\BSP\St\ -I
#        F:\iar\NC199B-100\Library\Project\IAR\..\..\Source\BSP\St\FWLib\CMSIS\CM3\CoreSupport\
#        -I
#        F:\iar\NC199B-100\Library\Project\IAR\..\..\Source\BSP\St\FWLib\CMSIS\CM3\DeviceSupport\ST\STM32F10x\
#        -I
#        F:\iar\NC199B-100\Library\Project\IAR\..\..\Source\BSP\St\FWLib\STM32F10x_StdPeriph_Driver\inc\
#        -I F:\iar\NC199B-100\Library\Project\IAR\..\..\Source\Micrium\uC-CPU\
#        -I
#        F:\iar\NC199B-100\Library\Project\IAR\..\..\Source\Micrium\uC-CPU\ARM-Cortex-M3\IAR\
#        -I F:\iar\NC199B-100\Library\Project\IAR\..\..\Source\Micrium\uC-LIB\
#        -I F:\iar\NC199B-100\Library\Project\IAR\..\..\Source\BSP\Os\OSAL\ -I
#        F:\iar\NC199B-100\Library\Project\IAR\..\..\Source\OSAL\OS\ -I
#        F:\iar\NC199B-100\Library\Project\IAR\..\..\Source\Micrium\uC-MB\ -I
#        F:\iar\NC199B-100\Library\Project\IAR\..\..\Source\Micrium\uC-MB\Cfg\Template\
#        -I
#        F:\iar\NC199B-100\Library\Project\IAR\..\..\Source\Micrium\uC-MB\OS\uCOS-III\
#        -I
#        F:\iar\NC199B-100\Library\Project\IAR\..\..\Source\Micrium\uC-MB\Source\
#        -I
#        F:\iar\NC199B-100\Library\Project\IAR\..\..\Source\Micrium\uC-OS-III\
#        -I
#        F:\iar\NC199B-100\Library\Project\IAR\..\..\Source\Micrium\uC-OS-III\Ports\ARM-Cortex-M3\Generic\IAR\
#        -I
#        F:\iar\NC199B-100\Library\Project\IAR\..\..\Source\Micrium\uC-OS-III\Source\
#        -I F:\iar\NC199B-100\Library\Project\IAR\..\..\Source\FatFs\ -I
#        F:\iar\NC199B-100\Library\Project\IAR\..\..\Source\FatFs\option\ -Om
#        --use_c++_inline -I "C:\Program Files (x86)\IAR Systems\Embedded
#        Workbench 7.3\arm\CMSIS\Include\"
#    List file    =  
#        F:\iar\NC199B-100\Library\Project\IAR\..\..\..\Output\Lib\Debug-RC\List\bsp_periph.lst
#    Object file  =  
#        F:\iar\NC199B-100\Library\Project\IAR\..\..\..\Output\Lib\Debug-RC\Obj\bsp_periph.o
#
###############################################################################

F:\iar\NC199B-100\Library\Source\BSP\bsp_periph.c
      1          /*
      2          *********************************************************************************************************
      3          *                                     MICIRUM BOARD SUPPORT PACKAGE
      4          *
      5          *                            (c) Copyright 2007-2008; Micrium, Inc.; Weston, FL
      6          *
      7          *                   All rights reserved.  Protected by international copyright laws.
      8          *                   Knowledge of the source code may not be used to write a similar
      9          *                   product.  This file may only be used in accordance with a license
     10          *                   and should not be redistributed in any way.
     11          *********************************************************************************************************
     12          */
     13          
     14          /*
     15          *********************************************************************************************************
     16          *
     17          *                                        BOARD SUPPORT PACKAGE
     18          *
     19          *                                     ST Microelectronics STM32
     20          *                                              on the
     21          *
     22          *                                     Micrium uC-Eval-STM32F107 
     23          *                                        Evaluation Board
     24          *
     25          * Filename      : bsp_periph.c
     26          * Version       : V1.00
     27          * Programmer(s) : EHS
     28          *********************************************************************************************************
     29          */
     30          
     31          /*
     32          *********************************************************************************************************
     33          *                                             INCLUDE FILES
     34          *********************************************************************************************************
     35          */
     36          
     37          #define  BSP_PERIPH_MODULE
     38          #include <bsp.h>
     39          
     40          
     41          /*
     42          *********************************************************************************************************
     43          *                                            LOCAL DEFINES
     44          *********************************************************************************************************
     45          */
     46          
     47          #define  BSP_PERIPH_REG_RCC_BASE                 0x40021000
     48          #define  BSP_PERIPH_REG_RCC_CFGR            (*(volatile  CPU_INT32U *)(BSP_PERIPH_REG_RCC_BASE + 0x004))
     49          #define  BSP_PERIPH_REG_RCC_AHBENR          (*(volatile  CPU_INT32U *)(BSP_PERIPH_REG_RCC_BASE + 0x014))
     50          #define  BSP_PERIPH_REG_RCC_APB2ENR         (*(volatile  CPU_INT32U *)(BSP_PERIPH_REG_RCC_BASE + 0x018))
     51          #define  BSP_PERIPH_REG_RCC_APB1ENR         (*(volatile  CPU_INT32U *)(BSP_PERIPH_REG_RCC_BASE + 0x01C))
     52          
     53          
     54          /*
     55          *********************************************************************************************************
     56          *                                           LOCAL CONSTANTS
     57          *********************************************************************************************************
     58          */
     59          
     60          
     61          /*
     62          *********************************************************************************************************
     63          *                                          LOCAL DATA TYPES
     64          *********************************************************************************************************
     65          */
     66          
     67          
     68          /*
     69          *********************************************************************************************************
     70          *                                            LOCAL TABLES
     71          *********************************************************************************************************
     72          */
     73          
     74          
     75          /*
     76          *********************************************************************************************************
     77          *                                       LOCAL GLOBAL VARIABLES
     78          *********************************************************************************************************
     79          */
     80          
     81          
     82          /*
     83          *********************************************************************************************************
     84          *                                      LOCAL FUNCTION PROTOTYPES
     85          *********************************************************************************************************
     86          */
     87          
     88          
     89          /*
     90          *********************************************************************************************************
     91          *                                     LOCAL CONFIGURATION ERRORS
     92          *********************************************************************************************************
     93          */
     94          
     95          
     96          /*
     97          *********************************************************************************************************
     98          *                                         BSP_PeriphClkFreqGet()
     99          *
    100          * Description : Get clock frequency of a peripheral.
    101          *
    102          * Argument(s) : pwr_clk_id      Power/clock ID.
    103          *
    104          * Return(s)   : none.
    105          *
    106          * Caller(s)   : Application.
    107          *
    108          * Note(s)     : none.
    109          *********************************************************************************************************
    110          */
    111          

   \                                 In section .text, align 2, keep-with-next
    112          CPU_INT32U  BSP_PeriphClkFreqGet (CPU_DATA  pwr_clk_id)
    113          {
   \                     BSP_PeriphClkFreqGet: (+1)
   \   00000000   0xB510             PUSH     {R4,LR}
   \   00000002   0x4604             MOV      R4,R0
    114              CPU_INT32U  clk_freq;
    115              CPU_INT32U  clk_div;
    116          
    117          
    118              clk_freq = BSP_CPU_ClkFreq();
   \   00000004   0x.... 0x....      BL       BSP_CPU_ClkFreq
    119          
    120              switch (pwr_clk_id) {
   \   00000008   0x2C02             CMP      R4,#+2
   \   0000000A   0xD938             BLS.N    ??BSP_PeriphClkFreqGet_0
   \   0000000C   0x1F24             SUBS     R4,R4,#+4
   \   0000000E   0xD036             BEQ.N    ??BSP_PeriphClkFreqGet_0
   \   00000010   0x1EA4             SUBS     R4,R4,#+2
   \   00000012   0xD034             BEQ.N    ??BSP_PeriphClkFreqGet_0
   \   00000014   0x1FA4             SUBS     R4,R4,#+6
   \   00000016   0xD032             BEQ.N    ??BSP_PeriphClkFreqGet_0
   \   00000018   0x1EA4             SUBS     R4,R4,#+2
   \   0000001A   0x2C01             CMP      R4,#+1
   \   0000001C   0xD92F             BLS.N    ??BSP_PeriphClkFreqGet_0
   \   0000001E   0x3C12             SUBS     R4,R4,#+18
   \   00000020   0xD016             BEQ.N    ??BSP_PeriphClkFreqGet_1
   \   00000022   0x1EA4             SUBS     R4,R4,#+2
   \   00000024   0x2C04             CMP      R4,#+4
   \   00000026   0xD913             BLS.N    ??BSP_PeriphClkFreqGet_1
   \   00000028   0x1FE4             SUBS     R4,R4,#+7
   \   0000002A   0x2C03             CMP      R4,#+3
   \   0000002C   0xD910             BLS.N    ??BSP_PeriphClkFreqGet_1
   \   0000002E   0x1F64             SUBS     R4,R4,#+5
   \   00000030   0xD00E             BEQ.N    ??BSP_PeriphClkFreqGet_1
   \   00000032   0x3C12             SUBS     R4,R4,#+18
   \   00000034   0x2C05             CMP      R4,#+5
   \   00000036   0xD916             BLS.N    ??BSP_PeriphClkFreqGet_2
   \   00000038   0x3C0B             SUBS     R4,R4,#+11
   \   0000003A   0xD014             BEQ.N    ??BSP_PeriphClkFreqGet_2
   \   0000003C   0x1EE4             SUBS     R4,R4,#+3
   \   0000003E   0x2C01             CMP      R4,#+1
   \   00000040   0xD911             BLS.N    ??BSP_PeriphClkFreqGet_2
   \   00000042   0x1EE4             SUBS     R4,R4,#+3
   \   00000044   0x2C05             CMP      R4,#+5
   \   00000046   0xD90E             BLS.N    ??BSP_PeriphClkFreqGet_2
   \   00000048   0x3C08             SUBS     R4,R4,#+8
   \   0000004A   0x2C04             CMP      R4,#+4
   \   0000004C   0xD90B             BLS.N    ??BSP_PeriphClkFreqGet_2
   \   0000004E   0xE015             B.N      ??BSP_PeriphClkFreqGet_3
    121                  case BSP_PERIPH_ID_DMA1:
    122                  case BSP_PERIPH_ID_DMA2:
    123                  case BSP_PERIPH_ID_SRAM:
    124                  case BSP_PERIPH_ID_FLITF:
    125                  case BSP_PERIPH_ID_CRC:
    126                  case BSP_PERIPH_ID_OTGFS:
    127                  case BSP_PERIPH_ID_ETHMAC:
    128                  case BSP_PERIPH_ID_ETHMACTX:   
    129                       return (clk_freq);
    130          
    131                  case BSP_PERIPH_ID_AFIO:
    132                  case BSP_PERIPH_ID_IOPA:
    133                  case BSP_PERIPH_ID_IOPB:
    134                  case BSP_PERIPH_ID_IOPC:
    135                  case BSP_PERIPH_ID_IOPD:
    136                  case BSP_PERIPH_ID_IOPE:
    137                  case BSP_PERIPH_ID_ADC1:
    138                  case BSP_PERIPH_ID_ADC2:
    139                  case BSP_PERIPH_ID_TIM1:
    140                  case BSP_PERIPH_ID_SPI1:
    141                  case BSP_PERIPH_ID_USART1:
    142                       clk_div = (BSP_PERIPH_REG_RCC_CFGR & 0x00003800) >> 11;
   \                     ??BSP_PeriphClkFreqGet_1: (+1)
   \   00000050   0x....             LDR.N    R1,??DataTable2  ;; 0x40021004
   \   00000052   0x6809             LDR      R1,[R1, #+0]
   \   00000054   0xF3C1 0x21C2      UBFX     R1,R1,#+11,#+3
    143                       if (clk_div < 4) {
   \   00000058   0x2904             CMP      R1,#+4
   \   0000005A   0xD310             BCC.N    ??BSP_PeriphClkFreqGet_0
    144                           return (clk_freq);
    145                       }
    146                       clk_div   = (clk_div - 3) << 1;
    147                       clk_freq /= clk_div;
    148                       return (clk_freq);
   \   0000005C   0x1EC9             SUBS     R1,R1,#+3
   \   0000005E   0x0049             LSLS     R1,R1,#+1
   \   00000060   0xFBB0 0xF0F1      UDIV     R0,R0,R1
   \   00000064   0xBD10             POP      {R4,PC}
    149          
    150                  case BSP_PERIPH_ID_TIM2:
    151                  case BSP_PERIPH_ID_TIM3:
    152                  case BSP_PERIPH_ID_TIM4:
    153                  case BSP_PERIPH_ID_TIM5:
    154                  case BSP_PERIPH_ID_TIM6:
    155                  case BSP_PERIPH_ID_TIM7:
    156                  case BSP_PERIPH_ID_WWDG:
    157                  case BSP_PERIPH_ID_SPI2:
    158                  case BSP_PERIPH_ID_SPI3:
    159                  case BSP_PERIPH_ID_USART2:
    160                  case BSP_PERIPH_ID_USART3:
    161                  case BSP_PERIPH_ID_USART4:
    162                  case BSP_PERIPH_ID_USART5:
    163                  case BSP_PERIPH_ID_I2C1:
    164                  case BSP_PERIPH_ID_I2C2:
    165                  case BSP_PERIPH_ID_CAN1:
    166                  case BSP_PERIPH_ID_CAN2:
    167                  case BSP_PERIPH_ID_BKP:
    168                  case BSP_PERIPH_ID_PWR:
    169                  case BSP_PERIPH_ID_DAC:
    170                       clk_div = (BSP_PERIPH_REG_RCC_CFGR & 0x00000700) >> 8;
   \                     ??BSP_PeriphClkFreqGet_2: (+1)
   \   00000066   0x....             LDR.N    R1,??DataTable2  ;; 0x40021004
   \   00000068   0x6809             LDR      R1,[R1, #+0]
   \   0000006A   0xF3C1 0x2102      UBFX     R1,R1,#+8,#+3
    171                       if (clk_div < 4) {
   \   0000006E   0x2904             CMP      R1,#+4
   \   00000070   0xD305             BCC.N    ??BSP_PeriphClkFreqGet_0
    172                           return (clk_freq);
    173                       }
    174                       clk_div   = (clk_div - 3) << 1;
    175                       clk_freq /= clk_div;
    176                       return (clk_freq);
   \   00000072   0x1EC9             SUBS     R1,R1,#+3
   \   00000074   0x0049             LSLS     R1,R1,#+1
   \   00000076   0xFBB0 0xF0F1      UDIV     R0,R0,R1
   \   0000007A   0xBD10             POP      {R4,PC}
    177              }
    178          
    179              return ((CPU_INT32U)0);
   \                     ??BSP_PeriphClkFreqGet_3: (+1)
   \   0000007C   0x2000             MOVS     R0,#+0
   \                     ??BSP_PeriphClkFreqGet_0: (+1)
   \   0000007E   0xBD10             POP      {R4,PC}          ;; return
    180          }
    181          
    182          
    183          /*
    184          *********************************************************************************************************
    185          *                                             BSP_PeriphEn()
    186          *
    187          * Description : Enable clock for peripheral.
    188          *
    189          * Argument(s) : pwr_clk_id      Power/clock ID.
    190          *
    191          * Return(s)   : none.
    192          *
    193          * Caller(s)   : Application.
    194          *
    195          * Note(s)     : none.
    196          *********************************************************************************************************
    197          */
    198          

   \                                 In section .text, align 2, keep-with-next
    199          void  BSP_PeriphEn (CPU_DATA  pwr_clk_id)
    200          {
    201              switch (pwr_clk_id) {
   \                     BSP_PeriphEn: (+1)
   \   00000000   0x4601             MOV      R1,R0
   \   00000002   0x2902             CMP      R1,#+2
   \   00000004   0xD921             BLS.N    ??BSP_PeriphEn_0
   \   00000006   0x1F09             SUBS     R1,R1,#+4
   \   00000008   0xD01F             BEQ.N    ??BSP_PeriphEn_0
   \   0000000A   0x1E89             SUBS     R1,R1,#+2
   \   0000000C   0xD01D             BEQ.N    ??BSP_PeriphEn_0
   \   0000000E   0x1F89             SUBS     R1,R1,#+6
   \   00000010   0xD01B             BEQ.N    ??BSP_PeriphEn_0
   \   00000012   0x1E89             SUBS     R1,R1,#+2
   \   00000014   0x2901             CMP      R1,#+1
   \   00000016   0xD918             BLS.N    ??BSP_PeriphEn_0
   \   00000018   0x3912             SUBS     R1,R1,#+18
   \   0000001A   0xD01E             BEQ.N    ??BSP_PeriphEn_1
   \   0000001C   0x1E89             SUBS     R1,R1,#+2
   \   0000001E   0x2904             CMP      R1,#+4
   \   00000020   0xD91B             BLS.N    ??BSP_PeriphEn_1
   \   00000022   0x1FC9             SUBS     R1,R1,#+7
   \   00000024   0x2903             CMP      R1,#+3
   \   00000026   0xD918             BLS.N    ??BSP_PeriphEn_1
   \   00000028   0x1F49             SUBS     R1,R1,#+5
   \   0000002A   0xD016             BEQ.N    ??BSP_PeriphEn_1
   \   0000002C   0x3912             SUBS     R1,R1,#+18
   \   0000002E   0x2905             CMP      R1,#+5
   \   00000030   0xD91C             BLS.N    ??BSP_PeriphEn_2
   \   00000032   0x390B             SUBS     R1,R1,#+11
   \   00000034   0xD01A             BEQ.N    ??BSP_PeriphEn_2
   \   00000036   0x1EC9             SUBS     R1,R1,#+3
   \   00000038   0x2901             CMP      R1,#+1
   \   0000003A   0xD917             BLS.N    ??BSP_PeriphEn_2
   \   0000003C   0x1EC9             SUBS     R1,R1,#+3
   \   0000003E   0x2905             CMP      R1,#+5
   \   00000040   0xD914             BLS.N    ??BSP_PeriphEn_2
   \   00000042   0x3908             SUBS     R1,R1,#+8
   \   00000044   0x2904             CMP      R1,#+4
   \   00000046   0xD911             BLS.N    ??BSP_PeriphEn_2
   \   00000048   0x4770             BX       LR
    202                  case BSP_PERIPH_ID_DMA1:
    203                  case BSP_PERIPH_ID_DMA2:
    204                  case BSP_PERIPH_ID_SRAM:
    205                  case BSP_PERIPH_ID_FLITF:
    206                  case BSP_PERIPH_ID_CRC:
    207                  case BSP_PERIPH_ID_OTGFS:
    208                  case BSP_PERIPH_ID_ETHMAC:
    209                  case BSP_PERIPH_ID_ETHMACTX:        
    210                       BSP_PERIPH_REG_RCC_AHBENR |= DEF_BIT(pwr_clk_id);
   \                     ??BSP_PeriphEn_0: (+1)
   \   0000004A   0x....             LDR.N    R1,??DataTable2_1  ;; 0x40021014
   \   0000004C   0x680A             LDR      R2,[R1, #+0]
   \   0000004E   0x2301             MOVS     R3,#+1
   \   00000050   0xFA03 0xF000      LSL      R0,R3,R0
   \   00000054   0x4310             ORRS     R0,R0,R2
   \   00000056   0x6008             STR      R0,[R1, #+0]
    211                       break;
   \   00000058   0x4770             BX       LR
    212          
    213                  case BSP_PERIPH_ID_AFIO:
    214                  case BSP_PERIPH_ID_IOPA:
    215                  case BSP_PERIPH_ID_IOPB:
    216                  case BSP_PERIPH_ID_IOPC:
    217                  case BSP_PERIPH_ID_IOPD:
    218                  case BSP_PERIPH_ID_IOPE:        
    219                  case BSP_PERIPH_ID_ADC1:
    220                  case BSP_PERIPH_ID_ADC2:
    221                  case BSP_PERIPH_ID_TIM1:
    222                  case BSP_PERIPH_ID_SPI1:
    223                  case BSP_PERIPH_ID_USART1:
    224                       BSP_PERIPH_REG_RCC_APB2ENR |= DEF_BIT(pwr_clk_id - 32);
   \                     ??BSP_PeriphEn_1: (+1)
   \   0000005A   0x....             LDR.N    R1,??DataTable2_1  ;; 0x40021014
   \   0000005C   0x684A             LDR      R2,[R1, #+4]
   \   0000005E   0x2301             MOVS     R3,#+1
   \   00000060   0x3820             SUBS     R0,R0,#+32
   \   00000062   0xFA03 0xF000      LSL      R0,R3,R0
   \   00000066   0x4310             ORRS     R0,R0,R2
   \   00000068   0x6048             STR      R0,[R1, #+4]
    225                       break;
   \   0000006A   0x4770             BX       LR
    226          
    227                  case BSP_PERIPH_ID_TIM2:
    228                  case BSP_PERIPH_ID_TIM3:
    229                  case BSP_PERIPH_ID_TIM4:
    230                  case BSP_PERIPH_ID_TIM5:
    231                  case BSP_PERIPH_ID_TIM6:
    232                  case BSP_PERIPH_ID_TIM7:
    233                  case BSP_PERIPH_ID_WWDG:
    234                  case BSP_PERIPH_ID_SPI2:
    235                  case BSP_PERIPH_ID_SPI3:
    236                  case BSP_PERIPH_ID_USART2:
    237                  case BSP_PERIPH_ID_USART3:
    238                  case BSP_PERIPH_ID_USART4:
    239                  case BSP_PERIPH_ID_USART5:
    240                  case BSP_PERIPH_ID_I2C1:
    241                  case BSP_PERIPH_ID_I2C2:
    242                  case BSP_PERIPH_ID_CAN1:
    243                  case BSP_PERIPH_ID_CAN2:        
    244                  case BSP_PERIPH_ID_BKP:
    245                  case BSP_PERIPH_ID_PWR:
    246                  case BSP_PERIPH_ID_DAC:
    247                       BSP_PERIPH_REG_RCC_APB1ENR |= DEF_BIT(pwr_clk_id - 64);
   \                     ??BSP_PeriphEn_2: (+1)
   \   0000006C   0x....             LDR.N    R1,??DataTable2_1  ;; 0x40021014
   \   0000006E   0x688A             LDR      R2,[R1, #+8]
   \   00000070   0x2301             MOVS     R3,#+1
   \   00000072   0x3840             SUBS     R0,R0,#+64
   \   00000074   0xFA03 0xF000      LSL      R0,R3,R0
   \   00000078   0x4310             ORRS     R0,R0,R2
   \   0000007A   0x6088             STR      R0,[R1, #+8]
    248                       break;
    249              }
    250          }
   \   0000007C   0x4770             BX       LR               ;; return
    251          
    252          
    253          /*
    254          *********************************************************************************************************
    255          *                                             BSP_PeriphDis()
    256          *
    257          * Description : Disable clock for peripheral.
    258          *
    259          * Argument(s) : pwr_clk_id      Power/clock ID.
    260          *
    261          * Return(s)   : none.
    262          *
    263          * Caller(s)   : Application.
    264          *
    265          * Note(s)     : none.
    266          *********************************************************************************************************
    267          */
    268          

   \                                 In section .text, align 2, keep-with-next
    269          void  BSP_PeriphDis (CPU_DATA  pwr_clk_id)
    270          {
    271              switch (pwr_clk_id) {
   \                     BSP_PeriphDis: (+1)
   \   00000000   0x4601             MOV      R1,R0
   \   00000002   0x2902             CMP      R1,#+2
   \   00000004   0xD921             BLS.N    ??BSP_PeriphDis_0
   \   00000006   0x1F09             SUBS     R1,R1,#+4
   \   00000008   0xD01F             BEQ.N    ??BSP_PeriphDis_0
   \   0000000A   0x1E89             SUBS     R1,R1,#+2
   \   0000000C   0xD01D             BEQ.N    ??BSP_PeriphDis_0
   \   0000000E   0x1F89             SUBS     R1,R1,#+6
   \   00000010   0xD01B             BEQ.N    ??BSP_PeriphDis_0
   \   00000012   0x1E89             SUBS     R1,R1,#+2
   \   00000014   0x2901             CMP      R1,#+1
   \   00000016   0xD918             BLS.N    ??BSP_PeriphDis_0
   \   00000018   0x3912             SUBS     R1,R1,#+18
   \   0000001A   0xD01F             BEQ.N    ??BSP_PeriphDis_1
   \   0000001C   0x1E89             SUBS     R1,R1,#+2
   \   0000001E   0x2904             CMP      R1,#+4
   \   00000020   0xD91C             BLS.N    ??BSP_PeriphDis_1
   \   00000022   0x1FC9             SUBS     R1,R1,#+7
   \   00000024   0x2903             CMP      R1,#+3
   \   00000026   0xD919             BLS.N    ??BSP_PeriphDis_1
   \   00000028   0x1F49             SUBS     R1,R1,#+5
   \   0000002A   0xD017             BEQ.N    ??BSP_PeriphDis_1
   \   0000002C   0x3912             SUBS     R1,R1,#+18
   \   0000002E   0x2905             CMP      R1,#+5
   \   00000030   0xD91E             BLS.N    ??BSP_PeriphDis_2
   \   00000032   0x390B             SUBS     R1,R1,#+11
   \   00000034   0xD01C             BEQ.N    ??BSP_PeriphDis_2
   \   00000036   0x1EC9             SUBS     R1,R1,#+3
   \   00000038   0x2901             CMP      R1,#+1
   \   0000003A   0xD919             BLS.N    ??BSP_PeriphDis_2
   \   0000003C   0x1EC9             SUBS     R1,R1,#+3
   \   0000003E   0x2905             CMP      R1,#+5
   \   00000040   0xD916             BLS.N    ??BSP_PeriphDis_2
   \   00000042   0x3908             SUBS     R1,R1,#+8
   \   00000044   0x2904             CMP      R1,#+4
   \   00000046   0xD913             BLS.N    ??BSP_PeriphDis_2
   \   00000048   0x4770             BX       LR
    272                  case BSP_PERIPH_ID_DMA1:
    273                  case BSP_PERIPH_ID_DMA2:
    274                  case BSP_PERIPH_ID_SRAM:
    275                  case BSP_PERIPH_ID_FLITF:
    276                  case BSP_PERIPH_ID_CRC:
    277                  case BSP_PERIPH_ID_OTGFS:
    278                  case BSP_PERIPH_ID_ETHMAC:
    279                  case BSP_PERIPH_ID_ETHMACTX:  
    280                       BSP_PERIPH_REG_RCC_AHBENR &= ~DEF_BIT(pwr_clk_id);
   \                     ??BSP_PeriphDis_0: (+1)
   \   0000004A   0x....             LDR.N    R1,??DataTable2_1  ;; 0x40021014
   \   0000004C   0x680A             LDR      R2,[R1, #+0]
   \   0000004E   0x2301             MOVS     R3,#+1
   \   00000050   0xFA03 0xF000      LSL      R0,R3,R0
   \   00000054   0xEA22 0x0000      BIC      R0,R2,R0
   \   00000058   0x6008             STR      R0,[R1, #+0]
    281                       break;
   \   0000005A   0x4770             BX       LR
    282          
    283                  case BSP_PERIPH_ID_AFIO:
    284                  case BSP_PERIPH_ID_IOPA:
    285                  case BSP_PERIPH_ID_IOPB:
    286                  case BSP_PERIPH_ID_IOPC:
    287                  case BSP_PERIPH_ID_IOPD:
    288                  case BSP_PERIPH_ID_IOPE:
    289                  case BSP_PERIPH_ID_ADC1:
    290                  case BSP_PERIPH_ID_ADC2:
    291                  case BSP_PERIPH_ID_TIM1:
    292                  case BSP_PERIPH_ID_SPI1:
    293                  case BSP_PERIPH_ID_USART1:
    294                       BSP_PERIPH_REG_RCC_APB2ENR &= ~DEF_BIT(pwr_clk_id - 32);
   \                     ??BSP_PeriphDis_1: (+1)
   \   0000005C   0x....             LDR.N    R1,??DataTable2_1  ;; 0x40021014
   \   0000005E   0x684A             LDR      R2,[R1, #+4]
   \   00000060   0x2301             MOVS     R3,#+1
   \   00000062   0x3820             SUBS     R0,R0,#+32
   \   00000064   0xFA03 0xF000      LSL      R0,R3,R0
   \   00000068   0xEA22 0x0000      BIC      R0,R2,R0
   \   0000006C   0x6048             STR      R0,[R1, #+4]
    295                       break;
   \   0000006E   0x4770             BX       LR
    296          
    297                  case BSP_PERIPH_ID_TIM2:
    298                  case BSP_PERIPH_ID_TIM3:
    299                  case BSP_PERIPH_ID_TIM4:
    300                  case BSP_PERIPH_ID_TIM5:
    301                  case BSP_PERIPH_ID_TIM6:
    302                  case BSP_PERIPH_ID_TIM7:
    303                  case BSP_PERIPH_ID_WWDG:
    304                  case BSP_PERIPH_ID_SPI2:
    305                  case BSP_PERIPH_ID_SPI3:
    306                  case BSP_PERIPH_ID_USART2:
    307                  case BSP_PERIPH_ID_USART3:
    308                  case BSP_PERIPH_ID_USART4:
    309                  case BSP_PERIPH_ID_USART5:
    310                  case BSP_PERIPH_ID_I2C1:
    311                  case BSP_PERIPH_ID_I2C2:
    312                  case BSP_PERIPH_ID_CAN1:
    313                  case BSP_PERIPH_ID_CAN2:        
    314                  case BSP_PERIPH_ID_BKP:
    315                  case BSP_PERIPH_ID_PWR:
    316                  case BSP_PERIPH_ID_DAC:
    317                       BSP_PERIPH_REG_RCC_APB1ENR &= ~DEF_BIT(pwr_clk_id - 64);
   \                     ??BSP_PeriphDis_2: (+1)
   \   00000070   0x....             LDR.N    R1,??DataTable2_1  ;; 0x40021014
   \   00000072   0x688A             LDR      R2,[R1, #+8]
   \   00000074   0x2301             MOVS     R3,#+1
   \   00000076   0x3840             SUBS     R0,R0,#+64
   \   00000078   0xFA03 0xF000      LSL      R0,R3,R0
   \   0000007C   0xEA22 0x0000      BIC      R0,R2,R0
   \   00000080   0x6088             STR      R0,[R1, #+8]
    318                       break;
    319              }
    320          }
   \   00000082   0x4770             BX       LR               ;; return

   \                                 In section .text, align 4, keep-with-next
   \                     ??DataTable2:
   \   00000000   0x40021004         DC32     0x40021004

   \                                 In section .text, align 4, keep-with-next
   \                     ??DataTable2_1:
   \   00000000   0x40021014         DC32     0x40021014

   Maximum stack usage in bytes:

   .cstack Function
   ------- --------
       8   BSP_PeriphClkFreqGet
         8   -> BSP_CPU_ClkFreq
       0   BSP_PeriphDis
       0   BSP_PeriphEn


   Section sizes:

   Bytes  Function/Label
   -----  --------------
       4  ??DataTable2
       4  ??DataTable2_1
     128  BSP_PeriphClkFreqGet
     132  BSP_PeriphDis
     126  BSP_PeriphEn

 
 394 bytes in section .text
 
 394 bytes of CODE memory

Errors: none
Warnings: none
