###############################################################################
#
# IAR ANSI C/C++ Compiler V7.50.1.10123/W32 for ARM       30/Nov/2017  10:06:12
# Copyright 1999-2015 IAR Systems AB.
#
#    Cpu mode     =  thumb
#    Endian       =  little
#    Source file  =  F:\iar\NC199B-100\Library\Source\APP\Iap\IAP_program_mcu.C
#    Command line =  
#        F:\iar\NC199B-100\Library\Source\APP\Iap\IAP_program_mcu.C -D
#        USE_STDPERIPH_DRIVER -D _STM32F10X_HD -D STM32F10X_CL -D DEBUG -D
#        STM32F103RC -D STM32_FLASH_SIZE=256 -D HSE_VALUE=25000000 -lCN
#        F:\iar\NC199B-100\Library\Project\IAR\..\..\..\Output\Lib\Debug-RC\List\
#        -o
#        F:\iar\NC199B-100\Library\Project\IAR\..\..\..\Output\Lib\Debug-RC\Obj\
#        --no_unroll --no_inline --no_tbaa --no_scheduling --debug
#        --endian=little --cpu=Cortex-M3 -e --fpu=None --dlib_config
#        "C:\Program Files (x86)\IAR Systems\Embedded Workbench
#        7.3\arm\INC\c\DLib_Config_Full.h" -I
#        F:\iar\NC199B-100\Library\Project\IAR\ -I
#        F:\iar\NC199B-100\Library\Project\IAR\..\..\Source\APP\ -I
#        F:\iar\NC199B-100\Library\Project\IAR\..\..\Source\APP\User\ -I
#        F:\iar\NC199B-100\Library\Project\IAR\..\..\Source\APP\AES\ -I
#        F:\iar\NC199B-100\Library\Project\IAR\..\..\Source\APP\Config\ -I
#        F:\iar\NC199B-100\Library\Project\IAR\..\..\Source\APP\OS\ -I
#        F:\iar\NC199B-100\Library\Project\IAR\..\..\Source\APP\User\ -I
#        F:\iar\NC199B-100\Library\Project\IAR\..\..\Source\APP\SIM900A\Source\
#        -I
#        F:\iar\NC199B-100\Library\Project\IAR\..\..\Source\APP\SIM900A\Port\
#        -I F:\iar\NC199B-100\Library\Project\IAR\..\..\Source\APP\SIM900A\OS\
#        -I
#        F:\iar\NC199B-100\Library\Project\IAR\..\..\Source\APP\SIM900A\Config\
#        -I F:\iar\NC199B-100\Library\Project\IAR\..\..\Source\APP\Protocol\ -I
#        F:\iar\NC199B-100\Library\Project\IAR\..\..\Source\APP\Iap\ -I
#        F:\iar\NC199B-100\Library\Project\IAR\..\..\Source\BSP\ -I
#        F:\iar\NC199B-100\Library\Project\IAR\..\..\Source\BSP\Driver\ -I
#        F:\iar\NC199B-100\Library\Project\IAR\..\..\Source\BSP\IAR\ -I
#        F:\iar\NC199B-100\Library\Project\IAR\..\..\Source\BSP\Os\ -I
#        F:\iar\NC199B-100\Library\Project\IAR\..\..\Source\BSP\Os\uCOS-III\ -I
#        F:\iar\NC199B-100\Library\Project\IAR\..\..\Source\BSP\St\ -I
#        F:\iar\NC199B-100\Library\Project\IAR\..\..\Source\BSP\St\FWLib\CMSIS\CM3\CoreSupport\
#        -I
#        F:\iar\NC199B-100\Library\Project\IAR\..\..\Source\BSP\St\FWLib\CMSIS\CM3\DeviceSupport\ST\STM32F10x\
#        -I
#        F:\iar\NC199B-100\Library\Project\IAR\..\..\Source\BSP\St\FWLib\STM32F10x_StdPeriph_Driver\inc\
#        -I F:\iar\NC199B-100\Library\Project\IAR\..\..\Source\Micrium\uC-CPU\
#        -I
#        F:\iar\NC199B-100\Library\Project\IAR\..\..\Source\Micrium\uC-CPU\ARM-Cortex-M3\IAR\
#        -I F:\iar\NC199B-100\Library\Project\IAR\..\..\Source\Micrium\uC-LIB\
#        -I F:\iar\NC199B-100\Library\Project\IAR\..\..\Source\BSP\Os\OSAL\ -I
#        F:\iar\NC199B-100\Library\Project\IAR\..\..\Source\OSAL\OS\ -I
#        F:\iar\NC199B-100\Library\Project\IAR\..\..\Source\Micrium\uC-MB\ -I
#        F:\iar\NC199B-100\Library\Project\IAR\..\..\Source\Micrium\uC-MB\Cfg\Template\
#        -I
#        F:\iar\NC199B-100\Library\Project\IAR\..\..\Source\Micrium\uC-MB\OS\uCOS-III\
#        -I
#        F:\iar\NC199B-100\Library\Project\IAR\..\..\Source\Micrium\uC-MB\Source\
#        -I
#        F:\iar\NC199B-100\Library\Project\IAR\..\..\Source\Micrium\uC-OS-III\
#        -I
#        F:\iar\NC199B-100\Library\Project\IAR\..\..\Source\Micrium\uC-OS-III\Ports\ARM-Cortex-M3\Generic\IAR\
#        -I
#        F:\iar\NC199B-100\Library\Project\IAR\..\..\Source\Micrium\uC-OS-III\Source\
#        -I F:\iar\NC199B-100\Library\Project\IAR\..\..\Source\FatFs\ -I
#        F:\iar\NC199B-100\Library\Project\IAR\..\..\Source\FatFs\option\ -Om
#        --use_c++_inline -I "C:\Program Files (x86)\IAR Systems\Embedded
#        Workbench 7.3\arm\CMSIS\Include\"
#    List file    =  
#        F:\iar\NC199B-100\Library\Project\IAR\..\..\..\Output\Lib\Debug-RC\List\IAP_program_mcu.lst
#    Object file  =  
#        F:\iar\NC199B-100\Library\Project\IAR\..\..\..\Output\Lib\Debug-RC\Obj\IAP_program_mcu.o
#
###############################################################################

F:\iar\NC199B-100\Library\Source\APP\Iap\IAP_program_mcu.C
      1          #include  "includes.h"
      2          #include  "IAP_program_mcu.h"
      3          #include  "app_ctrl.h"
      4          
      5          //#define	CVI	0
      6          
      7          #define	USER_APP_START_ADDR		0x00020000	
      8          #define	USER_APP_PRO_SIZE		0x0000FFFF	
      9          
     10          #define	IAP_DATA_LEN		    128
     11          #define SEC_DIV_TIMENS          (IAP_WRITE_1024/IAP_DATA_LEN)
     12          
     13          //存放IAP参数地址
     14          //#define	IAP_PARA_START_ADDR     0x00070000	
     15          //#define	IAP_PARA_PRO_SIZE		0x00010000	
     16          #define	IAP_PARA_START_ADDR     0x00030000	
     17          #define	IAP_PARA_PRO_SIZE		0x0000FFFF	
     18          
     19          
     20          #define IAP_START_CODE              1
     21          #define IAP_DATA_CODE               2
     22          #define IAP_END_CODE                3
     23          
     24          #define  IAP_WRITE_1024             1024
     25          
     26          
     27          #define zyIrqDisable()  __disable_irq()
     28          #define zyIrqEnable()   __enable_irq()
     29          
     30          
     31          void iap_write_appbin(u32 appxaddr,u8 *appbuf,u32 appsize);
     32          
     33          
     34          /*******************************************************************************
     35           * TYPEDEFS
     36           */
     37          
     38          /*******************************************************************************
     39           * LOCAL VARIABLES
     40           */
     41          stcIAPPara  gsIAPPara;
     42          stcIAPCtrl  gsIAPCtrl;      //升级参数
     43          
     44          ///*******************************************************************************
     45          // * 名    称： IAP_ReadDeviceInfo
     46          // * 功    能： 读芯片信息
     47          // * 入口参数： 无
     48          // * 出口参数： 无
     49          // * 作　　者： redmorningcn.
     50          // * 创建日期： 2017-08-08
     51          // * 修    改：
     52          // * 修改日期：
     53          // *******************************************************************************/
     54          //void    IAP_ReadDeviceInfo(void)
     55          //{
     56          //    IAP_STATUS_CODE status;    
     57          //    uint8_t ver_major, ver_minor; 
     58          //    uint32_t result[4];
     59          //
     60          //    zyIrqDisable();										//关中断
     61          //    
     62          //    status = ReadPartID(result);                        //读芯片ID
     63          //    status = ReadBootCodeVer(&ver_major, &ver_minor);   //读启动代码版本
     64          //    status = ReadDeviceSerialNum(result);               //读设备ID号    
     65          //    
     66          //    zyIrqEnable();                                      //写flash完成时，开全局中断
     67          //}
     68          
     69          /*******************************************************************************
     70           * 名    称： IAP_WriteParaFlash
     71           * 功    能： 将IAP参数数据写入Flash区
     72           * 入口参数： stcIAPCtrl
     73           * 出口参数： 无
     74           * 作　　者： redmorningcn.
     75           * 创建日期： 2017-08-08
     76           * 修    改：
     77           * 修改日期：
     78           *******************************************************************************/

   \                                 In section .text, align 2, keep-with-next
     79          void    IAP_WriteParaFlash(stcIAPPara *sIAPPara)
     80          {
   \                     IAP_WriteParaFlash: (+1)
   \   00000000   0xB580             PUSH     {R7,LR}
     81          //    IAP_STATUS_CODE status;
     82          //    uint32_t result[4];
     83          //
     84          //    uint32_t flash_prog_area_sec_start;
     85          //    uint32_t flash_prog_area_sec_end;
     86              
     87              zyIrqDisable();										                                //关中断
   \   00000002   0xB672             CPSID    I
     88          
     89          //    flash_prog_area_sec_start   = 	GetSecNum(IAP_PARA_START_ADDR);
     90          //    flash_prog_area_sec_end 	=  	GetSecNum(IAP_PARA_START_ADDR + IAP_PARA_PRO_SIZE); //准备擦除
     91          //
     92          //    status = EraseSector(flash_prog_area_sec_start, flash_prog_area_sec_end);           //一次所写区间
     93          //    status = BlankCheckSector(flash_prog_area_sec_start, flash_prog_area_sec_end,
     94          //                &result[0], &result[1]);
     95          //    
     96          //    //开始flash编写,写入整块数据
     97          //    status 	= CopyRAM2Flash( (uint8_t *)IAP_PARA_START_ADDR,
     98          //                                  (uint8 *)sIAPPara,
     99          //                                   256
    100          //                            );                                                          //拷贝数据
    101              
    102               iap_write_appbin(     IAP_PARA_START_ADDR,
    103                                      (uint8 *)sIAPPara,
    104                                      256
    105                                      );              
   \   00000004   0xF44F 0x7280      MOV      R2,#+256
   \   00000008   0x4601             MOV      R1,R0
   \   0000000A   0xF44F 0x3040      MOV      R0,#+196608
   \   0000000E   0x.... 0x....      BL       iap_write_appbin
    106          //    status =  Compare((uint8_t *)IAP_PARA_START_ADDR,
    107          //                            (uint8 *)sIAPPara,
    108          //                            sizeof(stcIAPPara)
    109          //                    );                                                                  //比较数据
    110                      
    111              zyIrqEnable();                                                                      //写flash完成时，开全局中断
   \   00000012   0xB662             CPSIE    I
    112          }
   \   00000014   0xBD01             POP      {R0,PC}          ;; return
    113          
    114          
    115          /*******************************************************************************
    116           * 名    称： IAP_WriteParaFlash
    117           * 功    能： 将IAP参数数据写入Flash区
    118           * 入口参数： stcIAPCtrl
    119           * 出口参数： 无
    120           * 作　　者： redmorningcn.
    121           * 创建日期： 2017-08-08
    122           * 修    改：
    123           * 修改日期：
    124           *******************************************************************************/

   \                                 In section .text, align 2, keep-with-next
    125          void    IAP_ReadParaFlash(stcIAPPara *sIAPPara)
    126          {
   \                     IAP_ReadParaFlash: (+1)
   \   00000000   0xB580             PUSH     {R7,LR}
    127          //    IAP_STATUS_CODE status;
    128          //    uint32_t result[4];
    129          //    
    130          //    uint32_t flash_prog_area_sec_start;
    131          //    uint32_t flash_prog_area_sec_end;
    132              
    133              zyIrqDisable();                                 //关中断
   \   00000002   0xB672             CPSID    I
    134                                                              //数据copy
    135              memcpy((uint8 *)sIAPPara,(uint8 *)IAP_PARA_START_ADDR,sizeof(stcIAPPara));
   \   00000004   0x2214             MOVS     R2,#+20
   \   00000006   0xF44F 0x3140      MOV      R1,#+196608
   \   0000000A   0x.... 0x....      BL       __aeabi_memcpy
    136              
    137                      
    138              zyIrqEnable();                                  //开全局中断
   \   0000000E   0xB662             CPSIE    I
    139          }
   \   00000010   0xBD01             POP      {R0,PC}          ;; return
    140          
    141          /*******************************************************************************
    142           * 名    称： IAP_WriteFlash
    143           * 功    能： 将数据写入Flash区
    144           * 入口参数： stcIAPCtrl
    145           * 出口参数： 无
    146           * 作　　者： redmorningcn.
    147           * 创建日期： 2017-08-08
    148           * 修    改：
    149           * 修改日期：
    150           *******************************************************************************/

   \                                 In section .text, align 2, keep-with-next
    151          void    IAP_WriteFlash(stcIAPCtrl * sIAPCtrl)
    152          {
   \                     IAP_WriteFlash: (+1)
   \   00000000   0xB580             PUSH     {R7,LR}
    153          //    IAP_STATUS_CODE status;
    154          //    uint32_t result[4];
    155          //
    156          //    uint32_t flash_prog_area_sec_start;
    157          //    uint32_t flash_prog_area_sec_end;
    158              
    159              zyIrqDisable();										    //关中断
   \   00000002   0xB672             CPSID    I
    160          
    161              //如果从程序下载地址开始，则先插除所有IAP地址数据。
    162          //    if(sIAPCtrl->addr == USER_APP_START_ADDR)
    163          //    {
    164          //        flash_prog_area_sec_start   = 	GetSecNum(USER_APP_START_ADDR);
    165          //        flash_prog_area_sec_end 	=  	GetSecNum(USER_APP_START_ADDR + USER_APP_PRO_SIZE);//准备擦除
    166          //
    167          //        status = EraseSector(flash_prog_area_sec_start, flash_prog_area_sec_end);           //一次性擦除所有
    168          //
    169          //        status = BlankCheckSector(flash_prog_area_sec_start, flash_prog_area_sec_end,
    170          //                      &result[0], &result[1]);
    171          //    }
    172          //    
    173              //开始flash编写
    174          //    status 	= CopyRAM2Flash((uint8 *)sIAPCtrl->addr,
    175          //                                     sIAPCtrl->buf,
    176          //                                     IAP_WRITE_1024
    177          //                            );                      //拷贝数据
    178          //    
    179          //    status =  Compare((uint8 *) sIAPCtrl->addr,
    180          //                                sIAPCtrl->buf,
    181          //                                IAP_WRITE_1024);    //比较数据
    182              
    183              iap_write_appbin(                sIAPCtrl->addr,
    184                                               (u8 *)sIAPCtrl->buf,
    185                                               IAP_WRITE_1024
    186                                      );
   \   00000004   0xF44F 0x6280      MOV      R2,#+1024
   \   00000008   0x4601             MOV      R1,R0
   \   0000000A   0xF8D0 0x0400      LDR      R0,[R0, #+1024]
   \   0000000E   0x.... 0x....      BL       iap_write_appbin
    187              
    188          //   sIAPCtrl->addr += IAP_WRITE_1024;              //数据地址累加  
    189          //      sIAPCtrl->addr += IAP_WRITE_1024;              //数据地址累加  
    190                  
    191              zyIrqEnable();                                  //写flash完成时，开全局中断
   \   00000012   0xB662             CPSIE    I
    192          }
   \   00000014   0xBD01             POP      {R0,PC}          ;; return
    193                                 
    194                                 
    195          
    196          /*******************************************************************************
    197           * 名    称： IAP_PragramDeal
    198           * 功    能： 对传入数据处理
    199           * 入口参数： 数据区，数据长度
    200           * 出口参数： 指令成功，返回0；（发在指令后一位返回）
    201                  否则，返回错误值
    202                          1，发送帧序号不连续
    203                          2，指令不识别
    204                          3，程序大小不符
    205           * 作　　者： redmorningcn.
    206           * 创建日期： 2017-08-08
    207           * 修    改：
    208           * 修改日期：
    209           *******************************************************************************/

   \                                 In section .text, align 4, keep-with-next
    210          int8    IAP_PragramDeal(uint8 *databuf,char datalen)
    211          {
   \                     IAP_PragramDeal: (+1)
   \   00000000   0xE92D 0x43F0      PUSH     {R4-R9,LR}
   \   00000004   0xB087             SUB      SP,SP,#+28
   \   00000006   0x4604             MOV      R4,R0
   \   00000008   0x460F             MOV      R7,R1
    212              uint16  iapcode;                                        //升级命令字
    213              uint16  iapnum;                                         //升级序号
    214          //    uint16  crc16;
    215              static  uint16  lastiapnum = 0;                         //上一帧序号
    216          //    static  uint8   times = 0;
    217              static  uint16  bufsize = 0;
    218              stcIAPPara  sIAPParatmp;
    219          
    220              if(datalen < 2 || datalen > 250)                                //数据异常，退出
   \   0000000A   0x1EB8             SUBS     R0,R7,#+2
   \   0000000C   0x28F9             CMP      R0,#+249
   \   0000000E   0xD301             BCC.N    ??IAP_PragramDeal_1
    221                  return  0;
   \   00000010   0x2000             MOVS     R0,#+0
   \   00000012   0xE044             B.N      ??IAP_PragramDeal_2
    222              
    223              memcpy((char *)&iapcode,databuf,sizeof(iapcode));              //取升级命令字
   \                     ??IAP_PragramDeal_1: (+1)
   \   00000014   0x2202             MOVS     R2,#+2
   \   00000016   0x4621             MOV      R1,R4
   \   00000018   0xF10D 0x0002      ADD      R0,SP,#+2
   \   0000001C   0x.... 0x....      BL       __aeabi_memcpy
    224              databuf[1] = 0;                                                 //返回状态标示，默认正常
   \   00000020   0x2000             MOVS     R0,#+0
   \   00000022   0x7060             STRB     R0,[R4, #+1]
    225              
    226              switch(iapcode & 0xff)                                          //地8位指令区
   \   00000024   0xF8BD 0x0002      LDRH     R0,[SP, #+2]
   \   00000028   0xB2C0             UXTB     R0,R0
   \   0000002A   0x1E40             SUBS     R0,R0,#+1
   \   0000002C   0x2803             CMP      R0,#+3
   \   0000002E   0xF200 0x80D0      BHI.W    ??IAP_PragramDeal_3
   \   00000032   0xE8DF 0xF000      TBB      [PC, R0]
   \                     ??IAP_PragramDeal_0:
   \   00000036   0x02 0x37          DC8      0x2,0x37,0x97,0xC8
   \              0x97 0xC8    
    227              {
    228                  case IAP_START_CODE:                                        //开始升级指令（考虑断续传）
    229                                                                              //端点续传，更改地址。（如需考虑，根据序号计算地址）
    230                      memcpy(&gsIAPPara,&databuf[sizeof(iapcode)],2+2+4+4+2); //cpoy硬件版本，软件版本，程序大小，当前地址，当前帧号
   \                     ??IAP_PragramDeal_4: (+1)
   \   0000003A   0x....             LDR.N    R6,??DataTable0
   \   0000003C   0xF206 0x4704      ADDW     R7,R6,#+1028
   \   00000040   0x220E             MOVS     R2,#+14
   \   00000042   0x1CA1             ADDS     R1,R4,#+2
   \   00000044   0x4638             MOV      R0,R7
   \   00000046   0x.... 0x....      BL       __aeabi_memcpy
    231                      
    232                      lastiapnum = 0;
   \   0000004A   0xF506 0x6580      ADD      R5,R6,#+1024
   \   0000004E   0x2000             MOVS     R0,#+0
   \   00000050   0x8328             STRH     R0,[R5, #+24]
    233                      ////////////////断点续传，读出已存信息
    234                      IAP_ReadParaFlash(&sIAPParatmp);
   \   00000052   0xA801             ADD      R0,SP,#+4
   \   00000054   0x.... 0x....      BL       IAP_ReadParaFlash
    235                      
    236                      gsIAPPara.softver = Ctrl.Para.dat.SoftWareID;                   //返回版本信息
   \   00000058   0x....             LDR.N    R0,??DataTable0_1
   \   0000005A   0x8840             LDRH     R0,[R0, #+2]
   \   0000005C   0x80E8             STRH     R0,[R5, #+6]
    237                      
    238                      if(
    239                                  sIAPParatmp.softsize == gsIAPPara.softsize  //软件大小
    240                             &&   gsIAPPara.framenum                          //开始包序号不为0   
    241                         ) 
   \   0000005E   0x9802             LDR      R0,[SP, #+8]
   \   00000060   0x68A9             LDR      R1,[R5, #+8]
   \   00000062   0x4288             CMP      R0,R1
   \   00000064   0xD109             BNE.N    ??IAP_PragramDeal_5
   \   00000066   0x6928             LDR      R0,[R5, #+16]
   \   00000068   0x2800             CMP      R0,#+0
   \   0000006A   0xD006             BEQ.N    ??IAP_PragramDeal_5
    242                      {                                                       //数据未接收完成，发送当前序号
    243                          gsIAPPara.framenum  = sIAPParatmp.framenum;         //返回当前序号
   \   0000006C   0x9804             LDR      R0,[SP, #+16]
   \   0000006E   0x6128             STR      R0,[R5, #+16]
    244                          lastiapnum          = sIAPParatmp.framenum;         //下载序号。断点续传 
   \   00000070   0x8328             STRH     R0,[R5, #+24]
    245                          gsIAPCtrl.addr      = sIAPParatmp.addr;
   \   00000072   0x9803             LDR      R0,[SP, #+12]
   \   00000074   0x6028             STR      R0,[R5, #+0]
    246                          gsIAPPara.addr      = gsIAPCtrl.addr;
   \   00000076   0x60E8             STR      R0,[R5, #+12]
   \   00000078   0xE005             B.N      ??IAP_PragramDeal_6
    247                          
    248                      }else
    249                      {
    250                          gsIAPPara.framenum  = 0;                            //信息不正确，
   \                     ??IAP_PragramDeal_5: (+1)
   \   0000007A   0x2000             MOVS     R0,#+0
   \   0000007C   0x6128             STR      R0,[R5, #+16]
    251                          lastiapnum = 0;
   \   0000007E   0x8328             STRH     R0,[R5, #+24]
    252                          gsIAPCtrl.addr = USER_APP_START_ADDR;               //开始发送时，初始化地址。
   \   00000080   0xF44F 0x3000      MOV      R0,#+131072
   \   00000084   0x6028             STR      R0,[R5, #+0]
    253                      }
    254                      
    255                      memcpy(&databuf[sizeof(iapcode)],&gsIAPPara,2+2+4+4+2); //cpoy硬件版本，软件版本，程序大小，当前地址，当前帧号
   \                     ??IAP_PragramDeal_6: (+1)
   \   00000086   0x220E             MOVS     R2,#+14
   \   00000088   0x4639             MOV      R1,R7
   \   0000008A   0x1CA0             ADDS     R0,R4,#+2
   \   0000008C   0x.... 0x....      BL       __aeabi_memcpy
    256          
    257                      gsIAPPara.code = 0x00;                                  //升级有效指令变为0，需要全部下载完成，才能改写成功1            
   \   00000090   0x2000             MOVS     R0,#+0
   \   00000092   0x82A8             STRH     R0,[R5, #+20]
    258                      IAP_WriteParaFlash(&gsIAPPara);
   \   00000094   0x4638             MOV      R0,R7
   \   00000096   0x.... 0x....      BL       IAP_WriteParaFlash
    259          
    260                      break;
    261                  case IAP_DATA_CODE:                                         //传输数据包
    262                      memcpy((char *)&iapnum,&databuf[sizeof(iapcode)],sizeof(iapnum));   //取帧序号
    263                      
    264                      if(     iapnum == lastiapnum+1 
    265                          ||  iapnum == lastiapnum )                  //相同帧号（重发数据）
    266                      {
    267                          memcpy(&gsIAPCtrl.buf[(iapnum % SEC_DIV_TIMENS)*IAP_DATA_LEN],
    268                          &databuf[2 + 2],                            //数据区是从第4字节开始
    269                          datalen - 4);                                //拷贝数据到升级缓冲区
    270          
    271                          bufsize += datalen - 4;                     //4字节代码，数据区前标示
    272                                                                      //准备数据
    273                          if(     (iapnum % SEC_DIV_TIMENS ) == (SEC_DIV_TIMENS - 1) 
    274                              || (datalen -4) != IAP_DATA_LEN )       //如果数据凑满1024字节，或者升级结束。进行写flash操作。
    275                          {
    276                              if((datalen - 4) != IAP_DATA_LEN)       //如果升级结束，将1024字节剩余空间写0xff
    277                              {
    278                                  for(int i = bufsize;i < IAP_WRITE_1024;i++ )
    279                                      gsIAPCtrl.buf[i] = 0xff;	
    280                              }
    281          
    282                              if(iapnum != lastiapnum && iapnum )     //重复接收退出
    283                              {
    284                                  if(gsIAPCtrl.addr >= USER_APP_START_ADDR)
    285                                  {
    286                                      IAP_WriteFlash(&gsIAPCtrl);        //写数据(地址，gsIAPCtrl.addr依次写入)
    287                                      gsIAPCtrl.addr += IAP_WRITE_1024;  //数据地址累加  
    288                                       
    289                                      gsIAPPara.addr =  gsIAPCtrl.addr;  //已写地址
    290                                       
    291                                      bufsize = 0;
    292                                  
    293                                      gsIAPPara.code      = 0x00;         //未完成，存序号
    294                                      gsIAPPara.framenum  = iapnum;       //当前序号
    295                                      gsIAPPara.crc16 = GetCrc16Check((uint8 *)&gsIAPPara,sizeof(gsIAPPara)-2);
    296                                      IAP_WriteParaFlash(&gsIAPPara);
    297                                  }
    298                                  else
    299                                  {
    300                                      databuf[1] = 4;                             //返回状态
    301                                      return 4;                            
    302                                  }
    303                                     
    304                              }
    305                              
    306                              bufsize = 0;                                //重复数据清空（满足写条件的，不论是否已写，都清空缓冲）
    307                          }
    308                          
    309                          lastiapnum = iapnum;                            //序号赋值
    310                      }
    311                      else
    312                      {
    313                          databuf[1] = 1;
    314                          return 1; 
    315                      }
    316                  
    317                      break;
    318                      
    319                   //结束升级指令   //做升级后程序完整性判断。程序大小？ //写程序完成标示
    320                  case IAP_END_CODE:                                          
    321                                                                      
    322                      if( bufsize )                                   //最后的数据未写入，补充写入
    323                      {
    324                           IAP_WriteFlash(&gsIAPCtrl);                //写数据(地址，gsIAPCtrl.addr依次写入)
    325                           gsIAPCtrl.addr += IAP_WRITE_1024;          //数据地址累加  
    326          
    327                           gsIAPPara.addr =  gsIAPCtrl.addr;          //已写地址
    328                           bufsize = 0;
    329                      }
    330                          
    331                      memcpy(&gsIAPPara,&databuf[sizeof(iapcode)],2+2+4+4+2); //cpoy硬件版本，软件版本，程序大小，当前地址，当前帧号
    332                     
    333                      if(     gsIAPPara.softsize > (gsIAPCtrl.addr - USER_APP_START_ADDR)     //程序大小不符，软件退出。
    334                         ||   (gsIAPCtrl.addr - USER_APP_START_ADDR - IAP_WRITE_1024) > gsIAPPara.softsize
    335                         )
    336                      {
    337                          databuf[1] = 3;                             //返回状态
    338                          return 3;
    339                      }
    340                      
    341                      //如果程序大小相符，认为下载正确。修改下载成功标示
    342                      gsIAPPara.code = 0x01;
    343                      gsIAPPara.framenum  = 0;                        //恢复开始状态
    344                      gsIAPPara.crc16 = GetCrc16Check((uint8 *)&gsIAPPara,sizeof(gsIAPPara)-2);
    345                      IAP_WriteParaFlash(&gsIAPPara);
    346                      
    347                      break;
    348                  case 0x04:                                          //终止升级指令
    349                      gsIAPCtrl.addr = USER_APP_START_ADDR;           //初始化地址。
    350          
    351                      break;  
    352                  default:                                            //其他指令，直接返回
    353                      databuf[1] = 2;
    354                      return 2;
    355              }
    356              
    357              databuf[1] = 0;
   \                     ??IAP_PragramDeal_7: (+1)
   \   0000009A   0x2000             MOVS     R0,#+0
   \   0000009C   0x7060             STRB     R0,[R4, #+1]
    358              return 0;
   \                     ??IAP_PragramDeal_2: (+1)
   \   0000009E   0xB007             ADD      SP,SP,#+28
   \   000000A0   0xE8BD 0x83F0      POP      {R4-R9,PC}       ;; return
   \                     ??IAP_PragramDeal_8: (+1)
   \   000000A4   0x2202             MOVS     R2,#+2
   \   000000A6   0x1CA1             ADDS     R1,R4,#+2
   \   000000A8   0x4668             MOV      R0,SP
   \   000000AA   0x.... 0x....      BL       __aeabi_memcpy
   \   000000AE   0x....             LDR.N    R6,??DataTable0
   \   000000B0   0xF506 0x6580      ADD      R5,R6,#+1024
   \   000000B4   0x8B28             LDRH     R0,[R5, #+24]
   \   000000B6   0xF8BD 0x8000      LDRH     R8,[SP, #+0]
   \   000000BA   0x1C41             ADDS     R1,R0,#+1
   \   000000BC   0x4588             CMP      R8,R1
   \   000000BE   0xD002             BEQ.N    ??IAP_PragramDeal_9
   \   000000C0   0x4641             MOV      R1,R8
   \   000000C2   0x4281             CMP      R1,R0
   \   000000C4   0xD14B             BNE.N    ??IAP_PragramDeal_10
   \                     ??IAP_PragramDeal_9: (+1)
   \   000000C6   0xF1A7 0x0904      SUB      R9,R7,#+4
   \   000000CA   0x464A             MOV      R2,R9
   \   000000CC   0x1D21             ADDS     R1,R4,#+4
   \   000000CE   0xF008 0x0007      AND      R0,R8,#0x7
   \   000000D2   0xEB06 0x10C0      ADD      R0,R6,R0, LSL #+7
   \   000000D6   0x.... 0x....      BL       __aeabi_memcpy
   \   000000DA   0x8B68             LDRH     R0,[R5, #+26]
   \   000000DC   0x1F39             SUBS     R1,R7,#+4
   \   000000DE   0x1808             ADDS     R0,R1,R0
   \   000000E0   0x8368             STRH     R0,[R5, #+26]
   \   000000E2   0xF008 0x0007      AND      R0,R8,#0x7
   \   000000E6   0x2807             CMP      R0,#+7
   \   000000E8   0xD002             BEQ.N    ??IAP_PragramDeal_11
   \   000000EA   0xF1B9 0x0F80      CMP      R9,#+128
   \   000000EE   0xD02F             BEQ.N    ??IAP_PragramDeal_12
   \                     ??IAP_PragramDeal_11: (+1)
   \   000000F0   0xF1B9 0x0F80      CMP      R9,#+128
   \   000000F4   0xD007             BEQ.N    ??IAP_PragramDeal_13
   \   000000F6   0x8B68             LDRH     R0,[R5, #+26]
   \   000000F8   0x21FF             MOVS     R1,#+255
   \   000000FA   0xE001             B.N      ??IAP_PragramDeal_14
   \                     ??IAP_PragramDeal_15: (+1)
   \   000000FC   0x5581             STRB     R1,[R0, R6]
   \   000000FE   0x1C40             ADDS     R0,R0,#+1
   \                     ??IAP_PragramDeal_14: (+1)
   \   00000100   0xF5B0 0x6F80      CMP      R0,#+1024
   \   00000104   0xDBFA             BLT.N    ??IAP_PragramDeal_15
   \                     ??IAP_PragramDeal_13: (+1)
   \   00000106   0xF8BD 0x0000      LDRH     R0,[SP, #+0]
   \   0000010A   0x8B29             LDRH     R1,[R5, #+24]
   \   0000010C   0x4288             CMP      R0,R1
   \   0000010E   0xD01D             BEQ.N    ??IAP_PragramDeal_16
   \   00000110   0x2800             CMP      R0,#+0
   \   00000112   0xD01B             BEQ.N    ??IAP_PragramDeal_16
   \   00000114   0x6828             LDR      R0,[R5, #+0]
   \   00000116   0xF5B0 0x3F00      CMP      R0,#+131072
   \   0000011A   0xDB1D             BLT.N    ??IAP_PragramDeal_17
   \   0000011C   0x4630             MOV      R0,R6
   \   0000011E   0x.... 0x....      BL       IAP_WriteFlash
   \   00000122   0x6828             LDR      R0,[R5, #+0]
   \   00000124   0xF500 0x6080      ADD      R0,R0,#+1024
   \   00000128   0x6028             STR      R0,[R5, #+0]
   \   0000012A   0x60E8             STR      R0,[R5, #+12]
   \   0000012C   0x2000             MOVS     R0,#+0
   \   0000012E   0x8368             STRH     R0,[R5, #+26]
   \   00000130   0x82A8             STRH     R0,[R5, #+20]
   \   00000132   0xF8BD 0x0000      LDRH     R0,[SP, #+0]
   \   00000136   0x6128             STR      R0,[R5, #+16]
   \   00000138   0xF206 0x4704      ADDW     R7,R6,#+1028
   \   0000013C   0x2112             MOVS     R1,#+18
   \   0000013E   0x4638             MOV      R0,R7
   \   00000140   0x.... 0x....      BL       GetCrc16Check
   \   00000144   0x82E8             STRH     R0,[R5, #+22]
   \   00000146   0x4638             MOV      R0,R7
   \   00000148   0x.... 0x....      BL       IAP_WriteParaFlash
   \                     ??IAP_PragramDeal_16: (+1)
   \   0000014C   0x2000             MOVS     R0,#+0
   \   0000014E   0x8368             STRH     R0,[R5, #+26]
   \                     ??IAP_PragramDeal_12: (+1)
   \   00000150   0xF8BD 0x0000      LDRH     R0,[SP, #+0]
   \   00000154   0x8328             STRH     R0,[R5, #+24]
   \   00000156   0xE7A0             B.N      ??IAP_PragramDeal_7
   \                     ??IAP_PragramDeal_17: (+1)
   \   00000158   0x2004             MOVS     R0,#+4
   \   0000015A   0x7060             STRB     R0,[R4, #+1]
   \   0000015C   0xE79F             B.N      ??IAP_PragramDeal_2
   \                     ??IAP_PragramDeal_10: (+1)
   \   0000015E   0x2001             MOVS     R0,#+1
   \   00000160   0x7060             STRB     R0,[R4, #+1]
   \   00000162   0xE79C             B.N      ??IAP_PragramDeal_2
   \                     ??IAP_PragramDeal_18: (+1)
   \   00000164   0x....             LDR.N    R6,??DataTable0
   \   00000166   0xF506 0x6580      ADD      R5,R6,#+1024
   \   0000016A   0x8B68             LDRH     R0,[R5, #+26]
   \   0000016C   0x2800             CMP      R0,#+0
   \   0000016E   0xD009             BEQ.N    ??IAP_PragramDeal_19
   \   00000170   0x4630             MOV      R0,R6
   \   00000172   0x.... 0x....      BL       IAP_WriteFlash
   \   00000176   0x6828             LDR      R0,[R5, #+0]
   \   00000178   0xF500 0x6080      ADD      R0,R0,#+1024
   \   0000017C   0x6028             STR      R0,[R5, #+0]
   \   0000017E   0x60E8             STR      R0,[R5, #+12]
   \   00000180   0x2000             MOVS     R0,#+0
   \   00000182   0x8368             STRH     R0,[R5, #+26]
   \                     ??IAP_PragramDeal_19: (+1)
   \   00000184   0xF206 0x4704      ADDW     R7,R6,#+1028
   \   00000188   0x220E             MOVS     R2,#+14
   \   0000018A   0x1CA1             ADDS     R1,R4,#+2
   \   0000018C   0x4638             MOV      R0,R7
   \   0000018E   0x.... 0x....      BL       __aeabi_memcpy
   \   00000192   0x68A8             LDR      R0,[R5, #+8]
   \   00000194   0x6829             LDR      R1,[R5, #+0]
   \   00000196   0xF5A1 0x3200      SUB      R2,R1,#+131072
   \   0000019A   0x4282             CMP      R2,R0
   \   0000019C   0xD303             BCC.N    ??IAP_PragramDeal_20
   \   0000019E   0xF5A1 0x3101      SUB      R1,R1,#+132096
   \   000001A2   0x4288             CMP      R0,R1
   \   000001A4   0xD202             BCS.N    ??IAP_PragramDeal_21
   \                     ??IAP_PragramDeal_20: (+1)
   \   000001A6   0x2003             MOVS     R0,#+3
   \   000001A8   0x7060             STRB     R0,[R4, #+1]
   \   000001AA   0xE778             B.N      ??IAP_PragramDeal_2
   \                     ??IAP_PragramDeal_21: (+1)
   \   000001AC   0x2001             MOVS     R0,#+1
   \   000001AE   0x82A8             STRH     R0,[R5, #+20]
   \   000001B0   0x2000             MOVS     R0,#+0
   \   000001B2   0x6128             STR      R0,[R5, #+16]
   \   000001B4   0x2112             MOVS     R1,#+18
   \   000001B6   0x4638             MOV      R0,R7
   \   000001B8   0x.... 0x....      BL       GetCrc16Check
   \   000001BC   0x82E8             STRH     R0,[R5, #+22]
   \   000001BE   0x4638             MOV      R0,R7
   \   000001C0   0x.... 0x....      BL       IAP_WriteParaFlash
   \   000001C4   0xE769             B.N      ??IAP_PragramDeal_7
   \                     ??IAP_PragramDeal_22: (+1)
   \   000001C6   0xF44F 0x3000      MOV      R0,#+131072
   \   000001CA   0x....             LDR.N    R1,??DataTable0
   \   000001CC   0xF8C1 0x0400      STR      R0,[R1, #+1024]
   \   000001D0   0xE763             B.N      ??IAP_PragramDeal_7
   \                     ??IAP_PragramDeal_3: (+1)
   \   000001D2   0x2002             MOVS     R0,#+2
   \   000001D4   0x7060             STRB     R0,[R4, #+1]
   \   000001D6   0xE762             B.N      ??IAP_PragramDeal_2
    359          }

   \                                 In section .bss, align 4
   \                     gsIAPCtrl:
   \   00000000                      DS8 1028
   \                     gsIAPPara:
   \   00000404                      DS8 20
   \   00000418                      DS8 2
   \   0000041A                      DS8 2

   \                                 In section .text, align 4, keep-with-next
   \                     ??DataTable0:
   \   00000000   0x........         DC32     gsIAPCtrl

   \                                 In section .text, align 4, keep-with-next
   \                     ??DataTable0_1:
   \   00000000   0x........         DC32     Ctrl
    360          
    361          //
    362          //typedef  void (*pFunction)(void);			                //定义一个函数类型的参数.
    363          //
    364          ///*******************************************************************************
    365          // * LOCAL VARIABLES
    366          // */
    367          ///***********************************************
    368          //* 描述：定义函数指针
    369          //*/
    370          //pFunction   pApp;
    371          //
    372          //void Boot( void )
    373          //{
    374          //    u32     JumpAddress = 0;
    375          //    u8      cpu_sr;
    376          //    //SCB->VTOR = USER_APP_START_ADDR & 0x1FFFFF80;	
    377          //
    378          //	//JMP_Boot(USER_APP_START_ADDR);
    379          //    
    380          ////   __ASM void JMP_Boot( uint32_t address ){
    381          ////   LDR SP, [R0]		;Load new stack pointer address
    382          ////   LDR PC, [R0, #4]	;Load new program counter address
    383          ////   }
    384          //
    385          //    CPU_CRITICAL_ENTER();
    386          //
    387          //    JumpAddress   =*(volatile u32*) (USER_APP_START_ADDR + 4); // 地址+4为PC地址
    388          //    pApp          = (pFunction)JumpAddress;                     // 函数指针指向APP
    389          //    __set_MSP       (*(volatile u32*) USER_APP_START_ADDR);    // 初始化主堆栈指针（MSP）
    390          //    __set_PSP       (*(volatile u32*) USER_APP_START_ADDR);    // 初始化进程堆栈指针（PSP）
    391          //    __set_CONTROL   (0);                                        // 清零CONTROL
    392          //    
    393          //    pApp();                                                     //跳转运行
    394          //    
    395          //    //(*pApp)();
    396          //    
    397          //    CPU_CRITICAL_EXIT();
    398          //
    399          //}
    400          //
    401          //void    Restart(void)
    402          //{
    403          //    u32     JumpAddress = 0;
    404          //    u8      cpu_sr;
    405          //    //SCB->VTOR = USER_APP_START_ADDR & 0x1FFFFF80;	
    406          //
    407          //	//JMP_Boot(USER_APP_START_ADDR);
    408          //    
    409          ////   __ASM void JMP_Boot( uint32_t address ){
    410          ////   LDR SP, [R0]		;Load new stack pointer address
    411          ////   LDR PC, [R0, #4]	;Load new program counter address
    412          ////   }
    413          //
    414          //    CPU_CRITICAL_ENTER();
    415          //
    416          //    JumpAddress   =*(volatile u32*) (0 + 4);    // 地址+4为PC地址
    417          //    pApp          = (pFunction)JumpAddress;      // 函数指针指向APP
    418          //    __set_MSP       (*(volatile u32*) 0);       // 初始化主堆栈指针（MSP）
    419          //    __set_PSP       (*(volatile u32*) 0);       // 初始化进程堆栈指针（PSP）
    420          //    __set_CONTROL   (0);                                        // 清零CONTROL
    421          //    
    422          //    pApp();                                                     //跳转运行
    423          //    
    424          //    //(*pApp)();
    425          //    
    426          //    CPU_CRITICAL_EXIT();
    427          //}
    428          

   Maximum stack usage in bytes:

   .cstack Function
   ------- --------
      56   IAP_PragramDeal
        56   -> GetCrc16Check
        56   -> IAP_ReadParaFlash
        56   -> IAP_WriteFlash
        56   -> IAP_WriteParaFlash
        56   -> __aeabi_memcpy
       8   IAP_ReadParaFlash
         8   -> __aeabi_memcpy
       8   IAP_WriteFlash
         8   -> iap_write_appbin
       8   IAP_WriteParaFlash
         8   -> iap_write_appbin


   Section sizes:

   Bytes  Function/Label
   -----  --------------
       4  ??DataTable0
       4  ??DataTable0_1
     472  IAP_PragramDeal
      18  IAP_ReadParaFlash
      22  IAP_WriteFlash
      22  IAP_WriteParaFlash
    1052  gsIAPCtrl
          gsIAPPara
          lastiapnum
          bufsize

 
 1 052 bytes in section .bss
   542 bytes in section .text
 
   542 bytes of CODE memory
 1 052 bytes of DATA memory

Errors: none
Warnings: none
