###############################################################################
#
# IAR ANSI C/C++ Compiler V7.50.1.10123/W32 for ARM       26/Dec/2017  15:40:23
# Copyright 1999-2015 IAR Systems AB.
#
#    Cpu mode     =  thumb
#    Endian       =  little
#    Source file  =  
#        F:\iar\NC199B-100\Library\Source\Micrium\uC-MB\Source\MB_UTIL.C
#    Command line =  
#        F:\iar\NC199B-100\Library\Source\Micrium\uC-MB\Source\MB_UTIL.C -D
#        USE_STDPERIPH_DRIVER -D _STM32F10X_HD -D STM32F10X_CL -D DEBUG -D
#        STM32F103RC -D STM32_FLASH_SIZE=256 -D HSE_VALUE=25000000 -lCN
#        F:\iar\NC199B-100\Library\Project\IAR\..\..\..\Output\Lib\Debug-RC\List\
#        -o
#        F:\iar\NC199B-100\Library\Project\IAR\..\..\..\Output\Lib\Debug-RC\Obj\
#        --no_unroll --no_inline --no_tbaa --no_scheduling --debug
#        --endian=little --cpu=Cortex-M3 -e --fpu=None --dlib_config
#        "C:\Program Files (x86)\IAR Systems\Embedded Workbench
#        7.3\arm\INC\c\DLib_Config_Full.h" -I
#        F:\iar\NC199B-100\Library\Project\IAR\ -I
#        F:\iar\NC199B-100\Library\Project\IAR\..\..\Source\APP\ -I
#        F:\iar\NC199B-100\Library\Project\IAR\..\..\Source\APP\User\ -I
#        F:\iar\NC199B-100\Library\Project\IAR\..\..\Source\APP\AES\ -I
#        F:\iar\NC199B-100\Library\Project\IAR\..\..\Source\APP\Config\ -I
#        F:\iar\NC199B-100\Library\Project\IAR\..\..\Source\APP\OS\ -I
#        F:\iar\NC199B-100\Library\Project\IAR\..\..\Source\APP\User\ -I
#        F:\iar\NC199B-100\Library\Project\IAR\..\..\Source\APP\SIM900A\Source\
#        -I
#        F:\iar\NC199B-100\Library\Project\IAR\..\..\Source\APP\SIM900A\Port\
#        -I F:\iar\NC199B-100\Library\Project\IAR\..\..\Source\APP\SIM900A\OS\
#        -I
#        F:\iar\NC199B-100\Library\Project\IAR\..\..\Source\APP\SIM900A\Config\
#        -I F:\iar\NC199B-100\Library\Project\IAR\..\..\Source\APP\Protocol\ -I
#        F:\iar\NC199B-100\Library\Project\IAR\..\..\Source\APP\Iap\ -I
#        F:\iar\NC199B-100\Library\Project\IAR\..\..\Source\BSP\ -I
#        F:\iar\NC199B-100\Library\Project\IAR\..\..\Source\BSP\Driver\ -I
#        F:\iar\NC199B-100\Library\Project\IAR\..\..\Source\BSP\IAR\ -I
#        F:\iar\NC199B-100\Library\Project\IAR\..\..\Source\BSP\Os\ -I
#        F:\iar\NC199B-100\Library\Project\IAR\..\..\Source\BSP\Os\uCOS-III\ -I
#        F:\iar\NC199B-100\Library\Project\IAR\..\..\Source\BSP\St\ -I
#        F:\iar\NC199B-100\Library\Project\IAR\..\..\Source\BSP\St\FWLib\CMSIS\CM3\CoreSupport\
#        -I
#        F:\iar\NC199B-100\Library\Project\IAR\..\..\Source\BSP\St\FWLib\CMSIS\CM3\DeviceSupport\ST\STM32F10x\
#        -I
#        F:\iar\NC199B-100\Library\Project\IAR\..\..\Source\BSP\St\FWLib\STM32F10x_StdPeriph_Driver\inc\
#        -I F:\iar\NC199B-100\Library\Project\IAR\..\..\Source\Micrium\uC-CPU\
#        -I
#        F:\iar\NC199B-100\Library\Project\IAR\..\..\Source\Micrium\uC-CPU\ARM-Cortex-M3\IAR\
#        -I F:\iar\NC199B-100\Library\Project\IAR\..\..\Source\Micrium\uC-LIB\
#        -I F:\iar\NC199B-100\Library\Project\IAR\..\..\Source\BSP\Os\OSAL\ -I
#        F:\iar\NC199B-100\Library\Project\IAR\..\..\Source\OSAL\OS\ -I
#        F:\iar\NC199B-100\Library\Project\IAR\..\..\Source\Micrium\uC-MB\ -I
#        F:\iar\NC199B-100\Library\Project\IAR\..\..\Source\Micrium\uC-MB\Cfg\Template\
#        -I
#        F:\iar\NC199B-100\Library\Project\IAR\..\..\Source\Micrium\uC-MB\OS\uCOS-III\
#        -I
#        F:\iar\NC199B-100\Library\Project\IAR\..\..\Source\Micrium\uC-MB\Source\
#        -I
#        F:\iar\NC199B-100\Library\Project\IAR\..\..\Source\Micrium\uC-OS-III\
#        -I
#        F:\iar\NC199B-100\Library\Project\IAR\..\..\Source\Micrium\uC-OS-III\Ports\ARM-Cortex-M3\Generic\IAR\
#        -I
#        F:\iar\NC199B-100\Library\Project\IAR\..\..\Source\Micrium\uC-OS-III\Source\
#        -I F:\iar\NC199B-100\Library\Project\IAR\..\..\Source\FatFs\ -I
#        F:\iar\NC199B-100\Library\Project\IAR\..\..\Source\FatFs\option\ -Om
#        --use_c++_inline -I "C:\Program Files (x86)\IAR Systems\Embedded
#        Workbench 7.3\arm\CMSIS\Include\"
#    List file    =  
#        F:\iar\NC199B-100\Library\Project\IAR\..\..\..\Output\Lib\Debug-RC\List\MB_UTIL.lst
#    Object file  =  
#        F:\iar\NC199B-100\Library\Project\IAR\..\..\..\Output\Lib\Debug-RC\Obj\MB_UTIL.o
#
###############################################################################

F:\iar\NC199B-100\Library\Source\Micrium\uC-MB\Source\MB_UTIL.C
      1          /*
      2          *********************************************************************************************************
      3          *                                              uC/Modbus
      4          *                                       The Embedded Modbus Stack
      5          *
      6          *                          (c) Copyright 2003-2009; Micrium, Inc.; Weston, FL               
      7          *
      8          *               All rights reserved.  Protected by international copyright laws.
      9          *               Knowledge of the source code may NOT be used to develop a similar product.
     10          *               Please help us continue to provide the Embedded community with the finest
     11          *               software available.  Your honesty is greatly appreciated.
     12          *********************************************************************************************************
     13          */
     14          
     15          /*
     16          *********************************************************************************************************
     17          *
     18          *                                        uC/MODBUS Utilities
     19          *
     20          * Filename      : mb_util.h
     21          * Version       : V2.12
     22          * Programmer(s) : JJL
     23          *********************************************************************************************************
     24          * Note(s)       :
     25          *********************************************************************************************************
     26          */
     27          
     28          
     29          /*
     30          *********************************************************************************************************
     31          *                                             INCLUDE FILES
     32          *********************************************************************************************************
     33          */
     34          
     35          #include <mb.h>
     36          
     37          /*$PAGE*/
     38          /*
     39          *********************************************************************************************************
     40          *                                          MB_ASCII_BinToHex()
     41          *
     42          * Description : Converts a byte into two ASCII characters into the given buffer.
     43          *
     44          * Argument(s) : value      The byte of data to be converted.
     45          *               pbuf       A pointer to the buffer to store the ASCII chars.
     46          *
     47          * Return(s)   : The buffer pointer which has been updated to point to the next char in the buffer.
     48          *
     49          * Caller(s)   : MB_ASCII_Tx()
     50          *
     51          * Note(s)     : (1) The function ONLY converts the byte to ASCII and DOES NOT null terminate the string.
     52          *********************************************************************************************************
     53          */
     54          
     55          #if (MODBUS_CFG_ASCII_EN == DEF_ENABLED)
     56          CPU_INT08U  *MB_ASCII_BinToHex (CPU_INT08U  value,
     57                                          CPU_INT08U *pbuf)
     58          {
     59              CPU_INT08U  nibble;
     60          
     61          
     62              nibble = (value >> 4) & 0x0F;                /* Upper Nibble                                       */
     63              if (nibble <= 9) {
     64                  *pbuf++ = (CPU_INT08U)(nibble + '0');
     65              } else {
     66                  *pbuf++ = (CPU_INT08U)(nibble - 10 + 'A');
     67              }
     68          
     69              nibble = value & 0x0F;                       /* Lower Nibble                                       */
     70              if (nibble <= 9) {
     71                  *pbuf++ = (CPU_INT08U)(nibble + '0');
     72              } else {
     73                  *pbuf++ = (CPU_INT08U)(nibble - 10 + 'A');
     74              }
     75              return (pbuf);
     76          }
     77          #endif
     78          
     79          /*$PAGE*/
     80          /*
     81          *********************************************************************************************************
     82          *                                          MB_ASCII_HexToBin()
     83          *
     84          * Description : Converts the first two ASCII hex characters in the buffer into one byte.
     85          *
     86          * Argument(s) : phex     Pointer to the buffer that contains the two ascii chars.
     87          *
     88          * Return(s)   : value of the two ASCII HEX digits pointed to by 'phex'.
     89          *
     90          * Caller(s)   : MB_ASCII_RxByte()
     91          *               MB_ASCII_Rx()
     92          *               MB_ASCII_RxCalcLRC()
     93          *               MB_ASCII_TxCalcLRC
     94          *
     95          * Note(s)     : none.
     96          *********************************************************************************************************
     97          */
     98          
     99          #if (MODBUS_CFG_ASCII_EN == DEF_ENABLED)
    100          CPU_INT08U  MB_ASCII_HexToBin (CPU_INT08U  *phex)
    101          {
    102              CPU_INT08U  value;
    103              CPU_INT08U  high;
    104              CPU_INT08U  low;
    105          
    106          
    107              high = *phex;                                /* Get upper nibble                                   */
    108              phex++;
    109              low  = *phex;                                /* Get lower nibble                                   */
    110              if (high <= '9') {                           /* Upper Nibble                                       */
    111                  value  = (CPU_INT08U)(high - '0');
    112              } else if (high <= 'F') {
    113                  value  = (CPU_INT08U)(high - 'A' + 10);
    114              } else {
    115                  value  = (CPU_INT08U)(high - 'a' + 10);
    116              }
    117              value <<= 4;
    118          
    119              if (low <= '9') {                            /* Lower Nibble                                       */
    120                  value += (CPU_INT08U)(low - '0');
    121              } else if (low <= 'F') {
    122                  value += (CPU_INT08U)(low - 'A' + 10);
    123              } else {
    124                  value += (CPU_INT08U)(low - 'a' + 10);
    125              }
    126              return (value);
    127          }
    128          #endif
    129          
    130          /*$PAGE*/
    131          /*
    132          *********************************************************************************************************
    133          *                                          MB_ASCII_RxCalcLRC()
    134          *
    135          * Description : The function calculates an 8-bit Longitudinal Redundancy Check on a MODBUS_FRAME
    136          *               structure.
    137          *
    138          * Argument(s) : none.
    139          *
    140          * Return(s)   : The calculated LRC value.
    141          *
    142          * Caller(s)   : MBS_ASCII_Task()
    143          *
    144          * Note(s)     : (1) The LRC is calculated on the ADDR, FC and Data fields, not the ':', CR/LF and LRC
    145          *                   placed in the message by the sender.  We thus need to subtract 5 'ASCII' characters
    146          *                   from the received message to exclude these.
    147          *********************************************************************************************************
    148          */
    149          
    150          #if (MODBUS_CFG_ASCII_EN == DEF_ENABLED)
    151          CPU_INT08U  MB_ASCII_RxCalcLRC (MODBUS_CH  *pch)
    152          {
    153              CPU_INT08U   lrc;
    154              CPU_INT16U   len;
    155              CPU_INT08U  *pblock;
    156          
    157          
    158              len    = (pch->RxBufByteCtr - 5) / 2 ;        /* LRC to include Addr + FC + Data                    */
    159              pblock = (CPU_INT08U *)&pch->RxBuf[1];
    160              lrc    = 0;
    161              while (len-- > 0) {                          /* For each byte of data in the data block...         */
    162                  lrc    += MB_ASCII_HexToBin(pblock);     /* Add the data byte to LRC, increment data pointer.  */
    163                  pblock += 2;
    164              }
    165              
    166              lrc = ~lrc + 1;                              /* Two complement the binary sum                      */
    167              return (lrc);                                /* Return LRC for all data in block.                  */
    168          }
    169          #endif
    170          
    171          /*$PAGE*/
    172          /*
    173          *********************************************************************************************************
    174          *                                          MB_ASCII_TxCalcLRC()
    175          *
    176          * Description : The function calculates an 8-bit Longitudinal Redundancy Check on a MODBUS_FRAME
    177          *               structure.
    178          *
    179          * Argument(s) : none
    180          *
    181          * Return(s)   : The calculated LRC value.
    182          *
    183          * Caller(s)   : MB_ASCII_Tx()
    184          *
    185          * Note(s)     : (1) The LRC is calculated on the ADDR, FC and Data fields, not the ':' which was inserted
    186          *                   in the TxBuf[].  Thus we subtract 1 ASCII character from the LRC.
    187          *
    188          *               (2) The LRC and CR/LF bytes are not YET in the .RxBuf[].
    189          *********************************************************************************************************
    190          */
    191          
    192          #if (MODBUS_CFG_ASCII_EN == DEF_ENABLED)
    193          CPU_INT08U  MB_ASCII_TxCalcLRC (MODBUS_CH  *pch, CPU_INT16U tx_bytes)
    194          {
    195              CPU_INT08U     lrc;
    196              CPU_INT16U     len;
    197              CPU_INT08U    *pblock;
    198          
    199          
    200              len    = (tx_bytes - 1) / 2;                 /* LRC to include Addr + FC + Data (exclude ':')      */
    201              pblock = (CPU_INT08U *)&pch->TxBuf[1];
    202              lrc    = 0;
    203              while (len-- > 0) {                          /* For each byte of data in the data block...         */
    204                  lrc    += MB_ASCII_HexToBin(pblock);     /* Add the data byte to LRC, increment data pointer.  */
    205                  pblock += 2;
    206              }
    207              lrc = ~lrc + 1;                              /* Two complement the binary sum                      */
    208              return (lrc);                                /* Return LRC for all data in block.                  */
    209          }
    210          #endif
    211          
    212          /*$PAGE*/
    213          /*
    214          *********************************************************************************************************
    215          *                                          MB_RTU_RxCalcCRC()
    216          *
    217          * Description : The polynomial is a CRC-16 found for 'MBS_RxFrameNDataBytes' number of characters
    218          *               starting at 'MBS_RxFrameAddr'.
    219          *
    220          * Argument(s) : none.
    221          *
    222          * Return(s)   : An unsigned 16-bit value representing the CRC-16 of the data.
    223          *
    224          * Caller(s)   : MBS_RTU_Task()
    225          *
    226          * Note(s)     : none. 
    227          *********************************************************************************************************
    228          */
    229          
    230          #if (MODBUS_CFG_RTU_EN == DEF_ENABLED)

   \                                 In section .text, align 2, keep-with-next
    231          CPU_INT16U  MB_RTU_RxCalcCRC (MODBUS_CH  *pch)
    232          {
   \                     MB_RTU_RxCalcCRC: (+1)
   \   00000000   0xB430             PUSH     {R4,R5}
    233              CPU_INT16U      crc;
    234              CPU_INT08U      shiftctr;
    235              CPU_BOOLEAN     flag;
    236              CPU_INT16U      length;
    237              CPU_INT08U     *pblock;
    238          
    239          
    240              pblock = (CPU_INT08U *)&pch->RxFrameData[0];      /* Starting address of where the CRC data starts            */
   \   00000002   0xF500 0x7111      ADD      R1,R0,#+580
    241              length = pch->RxFrameNDataBytes + 2;              /* Include the address and function code in the CRC         */
   \   00000006   0xF500 0x7251      ADD      R2,R0,#+836
   \   0000000A   0x8810             LDRH     R0,[R2, #+0]
   \   0000000C   0x1C83             ADDS     R3,R0,#+2
    242              crc    = 0xFFFF;                                  /* Initialize CRC to all ones.                              */
   \   0000000E   0xF64F 0x70FF      MOVW     R0,#+65535
    243              while (length > 0) {                              /* Account for each byte of data                            */
   \                     ??MB_RTU_RxCalcCRC_0: (+1)
   \   00000012   0xB29B             UXTH     R3,R3
   \   00000014   0x2B00             CMP      R3,#+0
   \   00000016   0xD012             BEQ.N    ??MB_RTU_RxCalcCRC_1
    244                  length--;
   \   00000018   0x1E5B             SUBS     R3,R3,#+1
    245                  crc      ^= (CPU_INT16U)*pblock++;
   \   0000001A   0xF811 0x4B01      LDRB     R4,[R1], #+1
   \   0000001E   0x4060             EORS     R0,R4,R0
    246                  shiftctr  = 8;
   \   00000020   0x2408             MOVS     R4,#+8
    247                  do {
    248                      flag   = (crc & 0x0001) ? DEF_TRUE : DEF_FALSE; /* Determine if the shift out of rightmost bit is 1   */
   \                     ??MB_RTU_RxCalcCRC_2: (+1)
   \   00000022   0xF000 0x0501      AND      R5,R0,#0x1
    249                      crc  >>= 1;                               /* Shift CRC to the right one bit.                          */
   \   00000026   0x0840             LSRS     R0,R0,#+1
    250                      if (flag == DEF_TRUE) {                   /* If (bit shifted out of rightmost bit was a 1)            */
   \   00000028   0x2D01             CMP      R5,#+1
   \   0000002A   0xD103             BNE.N    ??MB_RTU_RxCalcCRC_3
    251                          crc ^= MODBUS_CRC16_POLY;             /* 0XA001  Exclusive OR the CRC with the generating polynomial. */
   \   0000002C   0xF480 0x4020      EOR      R0,R0,#0xA000
   \   00000030   0xF080 0x0001      EOR      R0,R0,#0x1
    252                      }
    253                      shiftctr--;
   \                     ??MB_RTU_RxCalcCRC_3: (+1)
   \   00000034   0x1E64             SUBS     R4,R4,#+1
    254                  } while (shiftctr > 0);
   \   00000036   0xB2E4             UXTB     R4,R4
   \   00000038   0x2C00             CMP      R4,#+0
   \   0000003A   0xD1F2             BNE.N    ??MB_RTU_RxCalcCRC_2
   \   0000003C   0xE7E9             B.N      ??MB_RTU_RxCalcCRC_0
    255              }
    256              pch->RxFrameCRC_Calc = crc;
   \                     ??MB_RTU_RxCalcCRC_1: (+1)
   \   0000003E   0x8090             STRH     R0,[R2, #+4]
    257              return (crc);
   \   00000040   0xB280             UXTH     R0,R0
   \   00000042   0xBC30             POP      {R4,R5}
   \   00000044   0x4770             BX       LR               ;; return
    258          }
    259          #endif
    260          
    261          /*$PAGE*/
    262          /*
    263          *********************************************************************************************************
    264          *                                           MB_RTU_TxCalcCRC()
    265          *
    266          * Description : The polynomial is a CRC-16 found for 'MBS_TxFrameNDataBytes' number of characters
    267          *               starting at 'MBS_TxFrameAddr'.
    268          *
    269          * Argument(s) : none
    270          *
    271          * Return(s)   : An unsigned 16-bit value representing the CRC-16 of the data.
    272          *
    273          * Caller(s)   : MB_RTU_Tx()
    274          *
    275          * Note*(s)    : none.
    276          *********************************************************************************************************
    277          */
    278          
    279          #if (MODBUS_CFG_RTU_EN == DEF_ENABLED)

   \                                 In section .text, align 2, keep-with-next
    280          CPU_INT16U  MB_RTU_TxCalcCRC (MODBUS_CH *pch)
    281          {
   \                     MB_RTU_TxCalcCRC: (+1)
   \   00000000   0xB410             PUSH     {R4}
    282              CPU_INT16U      crc;
    283              CPU_INT08U      shiftctr;
    284              CPU_BOOLEAN     flag;
    285              CPU_INT16U      length;
    286              CPU_INT08U     *pblock;
    287          
    288          
    289              pblock = (CPU_INT08U *)&pch->TxFrameData[0];       /* Starting address of where the CRC data starts           */
   \   00000002   0xF200 0x314E      ADDW     R1,R0,#+846
    290              length = pch->TxFrameNDataBytes + 2;               /* Include the address and function code in the CRC        */
   \   00000006   0xF8B0 0x044E      LDRH     R0,[R0, #+1102]
   \   0000000A   0x1C82             ADDS     R2,R0,#+2
    291              crc    = 0xFFFF;                                   /* Initialize CRC to all ones.                             */
   \   0000000C   0xF64F 0x70FF      MOVW     R0,#+65535
    292              while (length > 0) {                               /* Account for each byte of data                           */
   \                     ??MB_RTU_TxCalcCRC_0: (+1)
   \   00000010   0xB292             UXTH     R2,R2
   \   00000012   0x2A00             CMP      R2,#+0
   \   00000014   0xD012             BEQ.N    ??MB_RTU_TxCalcCRC_1
    293                  length--;
   \   00000016   0x1E52             SUBS     R2,R2,#+1
    294                  crc      ^= (CPU_INT16U)*pblock++;
   \   00000018   0xF811 0x3B01      LDRB     R3,[R1], #+1
   \   0000001C   0x4058             EORS     R0,R3,R0
    295                  shiftctr  = 8;
   \   0000001E   0x2308             MOVS     R3,#+8
    296                  do {
    297                      flag   = (crc & 0x0001) ? DEF_TRUE : DEF_FALSE; /* Determine if the shift out of rightmost bit is 1.  */
   \                     ??MB_RTU_TxCalcCRC_2: (+1)
   \   00000020   0xF000 0x0401      AND      R4,R0,#0x1
    298                      crc  >>= 1;                                /* Shift CRC to the right one bit.                         */
   \   00000024   0x0840             LSRS     R0,R0,#+1
    299                      if (flag == DEF_TRUE) {                    /* If (bit shifted out of rightmost bit was a 1)           */
   \   00000026   0x2C01             CMP      R4,#+1
   \   00000028   0xD103             BNE.N    ??MB_RTU_TxCalcCRC_3
    300                          crc ^= MODBUS_CRC16_POLY;              /*     Exclusive OR the CRC with the generating polynomial */
   \   0000002A   0xF480 0x4020      EOR      R0,R0,#0xA000
   \   0000002E   0xF080 0x0001      EOR      R0,R0,#0x1
    301                      }
    302                      shiftctr--;
   \                     ??MB_RTU_TxCalcCRC_3: (+1)
   \   00000032   0x1E5B             SUBS     R3,R3,#+1
    303                  } while (shiftctr > 0);
   \   00000034   0xB2DB             UXTB     R3,R3
   \   00000036   0x2B00             CMP      R3,#+0
   \   00000038   0xD1F2             BNE.N    ??MB_RTU_TxCalcCRC_2
   \   0000003A   0xE7E9             B.N      ??MB_RTU_TxCalcCRC_0
    304              }
    305              return (crc);                                      /* Return CRC for all data in block.                       */
   \                     ??MB_RTU_TxCalcCRC_1: (+1)
   \   0000003C   0xB280             UXTH     R0,R0
   \   0000003E   0xBC10             POP      {R4}
   \   00000040   0x4770             BX       LR               ;; return
    306          }
    307          #endif

   Maximum stack usage in bytes:

   .cstack Function
   ------- --------
       8   MB_RTU_RxCalcCRC
       4   MB_RTU_TxCalcCRC


   Section sizes:

   Bytes  Function/Label
   -----  --------------
      70  MB_RTU_RxCalcCRC
      66  MB_RTU_TxCalcCRC

 
 136 bytes in section .text
 
 136 bytes of CODE memory

Errors: none
Warnings: none
