###############################################################################
#
# IAR ANSI C/C++ Compiler V7.50.1.10123/W32 for ARM       26/Dec/2017  20:53:05
# Copyright 1999-2015 IAR Systems AB.
#
#    Cpu mode     =  thumb
#    Endian       =  little
#    Source file  =  
#        F:\iar\NC199B-100\Library\Source\APP\Tasks\app_task_osal_led.c
#    Command line =  
#        F:\iar\NC199B-100\Library\Source\APP\Tasks\app_task_osal_led.c -D
#        USE_STDPERIPH_DRIVER -D STM32F10X_CL -D DEBUG -D IMAGE_A -D
#        STM32F103RC -D STM32_FLASH_SIZE=256 -D HSE_VALUE=25000000 -lCN
#        F:\iar\NC199B-100\Library\Project\IAR\..\..\..\Output\Lib\Debug-107C-APP\List\
#        -o
#        F:\iar\NC199B-100\Library\Project\IAR\..\..\..\Output\Lib\Debug-107C-APP\Obj\
#        --no_unroll --no_inline --no_tbaa --no_scheduling --debug
#        --endian=little --cpu=Cortex-M3 -e --fpu=None --dlib_config
#        "C:\Program Files (x86)\IAR Systems\Embedded Workbench
#        7.3\arm\INC\c\DLib_Config_Full.h" -I
#        F:\iar\NC199B-100\Library\Project\IAR\ -I
#        F:\iar\NC199B-100\Library\Project\IAR\..\..\Source\APP\ -I
#        F:\iar\NC199B-100\Library\Project\IAR\..\..\Source\APP\User\ -I
#        F:\iar\NC199B-100\Library\Project\IAR\..\..\Source\APP\AES\ -I
#        F:\iar\NC199B-100\Library\Project\IAR\..\..\Source\APP\Config\ -I
#        F:\iar\NC199B-100\Library\Project\IAR\..\..\Source\APP\OS\ -I
#        F:\iar\NC199B-100\Library\Project\IAR\..\..\Source\APP\User\ -I
#        F:\iar\NC199B-100\Library\Project\IAR\..\..\Source\APP\SIM900A\Source\
#        -I
#        F:\iar\NC199B-100\Library\Project\IAR\..\..\Source\APP\SIM900A\Port\
#        -I F:\iar\NC199B-100\Library\Project\IAR\..\..\Source\APP\SIM900A\OS\
#        -I
#        F:\iar\NC199B-100\Library\Project\IAR\..\..\Source\APP\SIM900A\Config\
#        -I F:\iar\NC199B-100\Library\Project\IAR\..\..\Source\APP\Protocol\ -I
#        F:\iar\NC199B-100\Library\Project\IAR\..\..\Source\APP\Iap\ -I
#        F:\iar\NC199B-100\Library\Project\IAR\..\..\Source\BSP\ -I
#        F:\iar\NC199B-100\Library\Project\IAR\..\..\Source\BSP\Driver\ -I
#        F:\iar\NC199B-100\Library\Project\IAR\..\..\Source\BSP\IAR\ -I
#        F:\iar\NC199B-100\Library\Project\IAR\..\..\Source\BSP\Os\ -I
#        F:\iar\NC199B-100\Library\Project\IAR\..\..\Source\BSP\Os\uCOS-III\ -I
#        F:\iar\NC199B-100\Library\Project\IAR\..\..\Source\BSP\St\ -I
#        F:\iar\NC199B-100\Library\Project\IAR\..\..\Source\BSP\St\FWLib\CMSIS\CM3\CoreSupport\
#        -I
#        F:\iar\NC199B-100\Library\Project\IAR\..\..\Source\BSP\St\FWLib\CMSIS\CM3\DeviceSupport\ST\STM32F10x\
#        -I
#        F:\iar\NC199B-100\Library\Project\IAR\..\..\Source\BSP\St\FWLib\STM32F10x_StdPeriph_Driver\inc\
#        -I F:\iar\NC199B-100\Library\Project\IAR\..\..\Source\Micrium\uC-CPU\
#        -I
#        F:\iar\NC199B-100\Library\Project\IAR\..\..\Source\Micrium\uC-CPU\ARM-Cortex-M3\IAR\
#        -I F:\iar\NC199B-100\Library\Project\IAR\..\..\Source\Micrium\uC-LIB\
#        -I F:\iar\NC199B-100\Library\Project\IAR\..\..\Source\BSP\Os\OSAL\ -I
#        F:\iar\NC199B-100\Library\Project\IAR\..\..\Source\OSAL\OS\ -I
#        F:\iar\NC199B-100\Library\Project\IAR\..\..\Source\Micrium\uC-MB\ -I
#        F:\iar\NC199B-100\Library\Project\IAR\..\..\Source\Micrium\uC-MB\Cfg\Template\
#        -I
#        F:\iar\NC199B-100\Library\Project\IAR\..\..\Source\Micrium\uC-MB\OS\uCOS-III\
#        -I
#        F:\iar\NC199B-100\Library\Project\IAR\..\..\Source\Micrium\uC-MB\Source\
#        -I
#        F:\iar\NC199B-100\Library\Project\IAR\..\..\Source\Micrium\uC-OS-III\
#        -I
#        F:\iar\NC199B-100\Library\Project\IAR\..\..\Source\Micrium\uC-OS-III\Ports\ARM-Cortex-M3\Generic\IAR\
#        -I
#        F:\iar\NC199B-100\Library\Project\IAR\..\..\Source\Micrium\uC-OS-III\Source\
#        -I F:\iar\NC199B-100\Library\Project\IAR\..\..\Source\FatFs\ -I
#        F:\iar\NC199B-100\Library\Project\IAR\..\..\Source\FatFs\option\ -Om
#        --use_c++_inline -I "C:\Program Files (x86)\IAR Systems\Embedded
#        Workbench 7.3\arm\CMSIS\Include\"
#    List file    =  
#        F:\iar\NC199B-100\Library\Project\IAR\..\..\..\Output\Lib\Debug-107C-APP\List\app_task_osal_led.lst
#    Object file  =  
#        F:\iar\NC199B-100\Library\Project\IAR\..\..\..\Output\Lib\Debug-107C-APP\Obj\app_task_osal_led.o
#
###############################################################################

F:\iar\NC199B-100\Library\Source\APP\Tasks\app_task_osal_led.c
      1          /*******************************************************************************
      2           *   Filename:       app_task_led.c
      3           *   Revised:        All copyrights reserved to redmorningcn.
      4           *   Revision:       v1.0
      5           *   Writer:	     redmoringcn.
      6           *
      7           *   Description:    双击选中 led 按 Ctrl + H, 钩选 Match the case, Replace with
      8           *                   输入您要的名字，点击 Replace All
      9           *                   双击选中 Led 按 Ctrl + H, 钩选 Match the case, Replace with
     10           *                   输入您要的名字，点击 Replace All
     11           *                   双击选中 LED 按 Ctrl + H, 钩选 Match the case, Replace with
     12           *                   输入您要的名字，点击 Replace All
     13           *                   在 app_cfg.h 中指定本任务的 优先级  （ APP_TASK_LED_PRIO ）
     14           *                                            和 任务堆栈（ APP_TASK_LED_STK_SIZE ）大小
     15           *                   在 app.h 中声明本任务的     创建函数（ void  App_TaskLedCreate(void) ）
     16           *                                            和 看门狗标志位 （ WDTFLAG_Led ）
     17           *
     18           *   Notes:
     19           *     				E-mail: redmorningcn@qq.com
     20           *
     21           *******************************************************************************/
     22          
     23          /*******************************************************************************
     24           * INCLUDES
     25           */
     26          #define  SNL_APP_SOURCE
     27          #include <includes.h>
     28          #include <global.h>
     29          #include <app_ctrl.h>
     30          #include <bsp_DM412.h>
     31          
     32          //#include <iap.h>
     33          
     34          #ifdef VSC_INCLUDE_SOURCE_FILE_NAMES
     35          const  CPU_CHAR  *app_task_led__c = "$Id: $";
     36          #endif
     37          
     38          #define APP_TASK_LED_EN     DEF_ENABLED
     39          #if APP_TASK_LED_EN == DEF_ENABLED
     40          /*******************************************************************************
     41           * CONSTANTS
     42           */
     43          //#define CYCLE_TIME_TICKS     (OS_CFG_TICK_RATE_HZ * 2u)
     44          
     45          /*******************************************************************************
     46           * MACROS
     47           */
     48          //#define     BSP_LED_NUM         8
     49          ////LED点亮次数 
     50          //#define     LED_TOGGLE_CNT      15
     51          
     52          
     53          /*******************************************************************************
     54           * TYPEDEFS
     55           */
     56          
     57          /*******************************************************************************
     58           * LOCAL VARIABLES
     59           */
     60          //
     61          //uint8   LedWorkTimes[BSP_LED_NUM + 1] = 0;
     62          
     63          #if ( OSAL_EN == DEF_ENABLED )
     64          #else
     65          /***********************************************
     66          * 描述： 任务控制块（TCB）
     67          */
     68          static  OS_TCB   AppTaskLedTCB;
     69          
     70          /***********************************************
     71          * 描述： 任务堆栈（STACKS）
     72          */
     73          //static  CPU_STK  AppTaskLedStk[ APP_TASK_LED_STK_SIZE ];
     74          
     75          #endif
     76          /*******************************************************************************
     77           * GLOBAL VARIABLES
     78           */
     79          
     80          /*******************************************************************************
     81           * LOCAL FUNCTIONS
     82           */
     83          #if ( OSAL_EN == DEF_ENABLED )
     84          #else
     85          static  void    AppTaskLed           (void *p_arg);
     86          #endif
     87          
     88          /*******************************************************************************
     89           * GLOBAL FUNCTIONS
     90           */
     91          
     92          /*******************************************************************************
     93           * EXTERN VARIABLES
     94           */
     95          
     96          /*******************************************************************************/
     97          //red
     98          #define     RGB_LED_COLOR_RED       0xffff,0x0000,0x0000
     99          #define     RGB_LED_COLOR_GREEN     0x0000,0xffff,0x0000
    100          #define     RGB_LED_COLOR_BLUE      0x0000,0x0000,0xffff
    101          #define     RGB_LED_COLOR_WHITE     0xffff,0xffff,0xffff
    102          
    103          //led
    104          #define     HUM_LED         0
    105          #define     DUST_LED        1
    106          #define     OIL_LED         2
    107          
    108          #define     GOOD_GRADE      0
    109          #define     NORMAL_GRADE    1
    110          #define     BAD_GRADE       2
    111          
    112          /*******************************************************************************
    113           * 名    称： AppTaskLed
    114           * 功    能： 控制任务
    115           * 入口参数： p_arg - 由任务创建函数传入
    116           * 出口参数： 无
    117           * 作　 　者： wumingshen.
    118           * 创建日期： 2015-02-05
    119           * 修    改：
    120           * 修改日期：
    121           *******************************************************************************/
    122          
    123          //#if ( OSAL_EN == DEF_ENABLED )

   \                                 In section .text, align 4, keep-with-next
    124          osalEvt  TaskLedEvtProcess(osalTid task_id, osalEvt task_event)
    125          //#else
    126          //static  void  AppTaskLed (void *p_arg)
    127          //#endif
    128          {
   \                     TaskLedEvtProcess: (+1)
   \   00000000   0xB570             PUSH     {R4-R6,LR}
   \   00000002   0x460C             MOV      R4,R1
    129                  OSSetWdtFlag( WDT_FLAG_LED );
   \   00000004   0x2010             MOVS     R0,#+16
   \   00000006   0x.... 0x....      BL       OSSetWdtFlag
    130          
    131          //#if ( OSAL_EN == DEF_ENABLED )
    132                  if( task_event & OS_EVT_LED_TICKS ) {
   \   0000000A   0x07E0             LSLS     R0,R4,#+31
   \   0000000C   0xF140 0x80A1      BPL.W    ??TaskLedEvtProcess_1
    133          //#else
    134          //#endif
    135                      static  uint8   mode = 0;
    136                      /***********************************************
    137                      * 描述： 开机显示.red /green /blue
    138                      */
    139                      while(mode < 12)
   \   00000010   0x....             LDR.N    R0,??DataTable0
   \   00000012   0x7801             LDRB     R1,[R0, #+0]
   \   00000014   0x290C             CMP      R1,#+12
   \   00000016   0xDA43             BGE.N    ??TaskLedEvtProcess_2
    140                      {
    141                          mode++;
   \   00000018   0x1C49             ADDS     R1,R1,#+1
   \   0000001A   0x7001             STRB     R1,[R0, #+0]
    142                          switch(mode %4)
   \   0000001C   0xF001 0x0003      AND      R0,R1,#0x3
   \   00000020   0x2803             CMP      R0,#+3
   \   00000022   0xD834             BHI.N    ??TaskLedEvtProcess_3
   \   00000024   0xE8DF 0xF000      TBB      [PC, R0]
   \                     ??TaskLedEvtProcess_0:
   \   00000028   0x02 0x0E          DC8      0x2,0xE,0x1A,0x26
   \              0x1A 0x26    
    143                          {
    144                              case 0:
    145                                      for(uint8 i= 0;i < 3;i++)
   \                     ??TaskLedEvtProcess_4: (+1)
   \   0000002C   0x2500             MOVS     R5,#+0
   \                     ??TaskLedEvtProcess_5: (+1)
   \   0000002E   0x2D03             CMP      R5,#+3
   \   00000030   0xDA2D             BGE.N    ??TaskLedEvtProcess_3
    146                                          SetLedColor(i,RGB_LED_COLOR_RED);   break;
   \   00000032   0x2300             MOVS     R3,#+0
   \   00000034   0x461A             MOV      R2,R3
   \   00000036   0xF64F 0x71FF      MOVW     R1,#+65535
   \   0000003A   0x4628             MOV      R0,R5
   \   0000003C   0x.... 0x....      BL       SetLedColor
   \   00000040   0x1C6D             ADDS     R5,R5,#+1
   \   00000042   0xE7F4             B.N      ??TaskLedEvtProcess_5
    147                              case 1:
    148                                      for(uint8 i= 0;i < 3;i++)
   \                     ??TaskLedEvtProcess_6: (+1)
   \   00000044   0x2500             MOVS     R5,#+0
   \                     ??TaskLedEvtProcess_7: (+1)
   \   00000046   0x2D03             CMP      R5,#+3
   \   00000048   0xDA21             BGE.N    ??TaskLedEvtProcess_3
    149                                          SetLedColor(i,RGB_LED_COLOR_GREEN); break;
   \   0000004A   0x2300             MOVS     R3,#+0
   \   0000004C   0xF64F 0x72FF      MOVW     R2,#+65535
   \   00000050   0x4619             MOV      R1,R3
   \   00000052   0x4628             MOV      R0,R5
   \   00000054   0x.... 0x....      BL       SetLedColor
   \   00000058   0x1C6D             ADDS     R5,R5,#+1
   \   0000005A   0xE7F4             B.N      ??TaskLedEvtProcess_7
    150                              case 2:
    151                                      for(uint8 i= 0;i < 3;i++)
   \                     ??TaskLedEvtProcess_8: (+1)
   \   0000005C   0x2500             MOVS     R5,#+0
   \                     ??TaskLedEvtProcess_9: (+1)
   \   0000005E   0x2D03             CMP      R5,#+3
   \   00000060   0xDA15             BGE.N    ??TaskLedEvtProcess_3
    152                                          SetLedColor(i,RGB_LED_COLOR_BLUE);  break;
   \   00000062   0xF64F 0x73FF      MOVW     R3,#+65535
   \   00000066   0x2200             MOVS     R2,#+0
   \   00000068   0x4611             MOV      R1,R2
   \   0000006A   0x4628             MOV      R0,R5
   \   0000006C   0x.... 0x....      BL       SetLedColor
   \   00000070   0x1C6D             ADDS     R5,R5,#+1
   \   00000072   0xE7F4             B.N      ??TaskLedEvtProcess_9
    153                              case 3:
    154                                      for(uint8 i= 0;i < 3;i++)
   \                     ??TaskLedEvtProcess_10: (+1)
   \   00000074   0x2500             MOVS     R5,#+0
   \   00000076   0xF64F 0x76FF      MOVW     R6,#+65535
   \   0000007A   0xE006             B.N      ??TaskLedEvtProcess_11
    155                                          SetLedColor(i,RGB_LED_COLOR_WHITE); break;
   \                     ??TaskLedEvtProcess_12: (+1)
   \   0000007C   0x4633             MOV      R3,R6
   \   0000007E   0x4632             MOV      R2,R6
   \   00000080   0x4631             MOV      R1,R6
   \   00000082   0x4628             MOV      R0,R5
   \   00000084   0x.... 0x....      BL       SetLedColor
   \   00000088   0x1C6D             ADDS     R5,R5,#+1
   \                     ??TaskLedEvtProcess_11: (+1)
   \   0000008A   0x2D03             CMP      R5,#+3
   \   0000008C   0xDBF6             BLT.N    ??TaskLedEvtProcess_12
    156                          }
    157                              
    158                          osal_start_timerEx( OS_TASK_ID_LED,
    159                                              OS_EVT_LED_TICKS,
    160                                              600);
   \                     ??TaskLedEvtProcess_3: (+1)
   \   0000008E   0xF44F 0x7216      MOV      R2,#+600
   \   00000092   0x2101             MOVS     R1,#+1
   \   00000094   0x2003             MOVS     R0,#+3
   \   00000096   0x.... 0x....      BL       osal_start_timerEx
    161                          return ( task_event ^ OS_EVT_LED_TICKS );
   \   0000009A   0xF084 0x0001      EOR      R0,R4,#0x1
   \   0000009E   0xBD70             POP      {R4-R6,PC}
    162                      }
    163          
    164                      /***********************************************
    165                      * 描述： 湿度显示
    166                      */
    167                      switch(Ctrl.sRec.Air_Hum_Grade)
   \                     ??TaskLedEvtProcess_2: (+1)
   \   000000A0   0x....             LDR.N    R5,??DataTable0_1
   \   000000A2   0xF64F 0x76FF      MOVW     R6,#+65535
   \   000000A6   0x7828             LDRB     R0,[R5, #+0]
   \   000000A8   0x2801             CMP      R0,#+1
   \   000000AA   0xD002             BEQ.N    ??TaskLedEvtProcess_13
   \   000000AC   0x2802             CMP      R0,#+2
   \   000000AE   0xD007             BEQ.N    ??TaskLedEvtProcess_14
   \   000000B0   0xE00D             B.N      ??TaskLedEvtProcess_15
    168                      {
    169                          case GOOD_GRADE:
    170                              SetLedColor(HUM_LED,RGB_LED_COLOR_BLUE);    break;
    171                          case NORMAL_GRADE:
    172                              SetLedColor(HUM_LED,RGB_LED_COLOR_GREEN);   break;
   \                     ??TaskLedEvtProcess_13: (+1)
   \   000000B2   0x2300             MOVS     R3,#+0
   \   000000B4   0x4632             MOV      R2,R6
   \   000000B6   0x4619             MOV      R1,R3
   \   000000B8   0x4608             MOV      R0,R1
   \   000000BA   0x.... 0x....      BL       SetLedColor
   \   000000BE   0xE00C             B.N      ??TaskLedEvtProcess_16
    173                          case BAD_GRADE:
    174                              SetLedColor(HUM_LED,RGB_LED_COLOR_RED);     break;
   \                     ??TaskLedEvtProcess_14: (+1)
   \   000000C0   0x2300             MOVS     R3,#+0
   \   000000C2   0x461A             MOV      R2,R3
   \   000000C4   0x4631             MOV      R1,R6
   \   000000C6   0x4610             MOV      R0,R2
   \   000000C8   0x.... 0x....      BL       SetLedColor
   \   000000CC   0xE005             B.N      ??TaskLedEvtProcess_16
    175                          default:       
    176                              SetLedColor(HUM_LED,RGB_LED_COLOR_BLUE);    break;
   \                     ??TaskLedEvtProcess_15: (+1)
   \   000000CE   0x4633             MOV      R3,R6
   \   000000D0   0x2200             MOVS     R2,#+0
   \   000000D2   0x4611             MOV      R1,R2
   \   000000D4   0x4608             MOV      R0,R1
   \   000000D6   0x.... 0x....      BL       SetLedColor
    177                      }
    178                      
    179                      /***********************************************
    180                      * 描述： 油显示
    181                      */
    182                      switch(Ctrl.sRec.Air_Voc_Grade)
   \                     ??TaskLedEvtProcess_16: (+1)
   \   000000DA   0x7868             LDRB     R0,[R5, #+1]
   \   000000DC   0x2801             CMP      R0,#+1
   \   000000DE   0xD002             BEQ.N    ??TaskLedEvtProcess_17
   \   000000E0   0x2802             CMP      R0,#+2
   \   000000E2   0xD007             BEQ.N    ??TaskLedEvtProcess_18
   \   000000E4   0xE00D             B.N      ??TaskLedEvtProcess_19
    183                      {
    184                          case GOOD_GRADE:
    185                              SetLedColor(OIL_LED,RGB_LED_COLOR_BLUE);    break;
    186                          case NORMAL_GRADE:
    187                              SetLedColor(OIL_LED,RGB_LED_COLOR_GREEN);   break;
   \                     ??TaskLedEvtProcess_17: (+1)
   \   000000E6   0x2300             MOVS     R3,#+0
   \   000000E8   0x4632             MOV      R2,R6
   \   000000EA   0x4619             MOV      R1,R3
   \   000000EC   0x2002             MOVS     R0,#+2
   \   000000EE   0x.... 0x....      BL       SetLedColor
   \   000000F2   0xE00C             B.N      ??TaskLedEvtProcess_20
    188                          case BAD_GRADE:
    189                              SetLedColor(OIL_LED,RGB_LED_COLOR_RED);     break;
   \                     ??TaskLedEvtProcess_18: (+1)
   \   000000F4   0x2300             MOVS     R3,#+0
   \   000000F6   0x461A             MOV      R2,R3
   \   000000F8   0x4631             MOV      R1,R6
   \   000000FA   0x2002             MOVS     R0,#+2
   \   000000FC   0x.... 0x....      BL       SetLedColor
   \   00000100   0xE005             B.N      ??TaskLedEvtProcess_20
    190                          default:       
    191                              SetLedColor(OIL_LED,RGB_LED_COLOR_BLUE);    break;
   \                     ??TaskLedEvtProcess_19: (+1)
   \   00000102   0x4633             MOV      R3,R6
   \   00000104   0x2200             MOVS     R2,#+0
   \   00000106   0x4611             MOV      R1,R2
   \   00000108   0x2002             MOVS     R0,#+2
   \   0000010A   0x.... 0x....      BL       SetLedColor
    192                      }
    193                         
    194                      /***********************************************
    195                      * 描述： 粉尘显示
    196                      */
    197                      switch(Ctrl.sRec.Air_Dust_Grade)
   \                     ??TaskLedEvtProcess_20: (+1)
   \   0000010E   0x78A8             LDRB     R0,[R5, #+2]
   \   00000110   0x2801             CMP      R0,#+1
   \   00000112   0xD002             BEQ.N    ??TaskLedEvtProcess_21
   \   00000114   0x2802             CMP      R0,#+2
   \   00000116   0xD007             BEQ.N    ??TaskLedEvtProcess_22
   \   00000118   0xE00D             B.N      ??TaskLedEvtProcess_23
    198                      {
    199                          case GOOD_GRADE:
    200                              SetLedColor(DUST_LED,RGB_LED_COLOR_BLUE);    break;
    201                          case NORMAL_GRADE:
    202                              SetLedColor(DUST_LED,RGB_LED_COLOR_GREEN);   break;
   \                     ??TaskLedEvtProcess_21: (+1)
   \   0000011A   0x2300             MOVS     R3,#+0
   \   0000011C   0x4632             MOV      R2,R6
   \   0000011E   0x4619             MOV      R1,R3
   \   00000120   0x2001             MOVS     R0,#+1
   \   00000122   0x.... 0x....      BL       SetLedColor
   \   00000126   0xE00C             B.N      ??TaskLedEvtProcess_24
    203                          case BAD_GRADE:
    204                              SetLedColor(DUST_LED,RGB_LED_COLOR_RED);     break;
   \                     ??TaskLedEvtProcess_22: (+1)
   \   00000128   0x2300             MOVS     R3,#+0
   \   0000012A   0x461A             MOV      R2,R3
   \   0000012C   0x4631             MOV      R1,R6
   \   0000012E   0x2001             MOVS     R0,#+1
   \   00000130   0x.... 0x....      BL       SetLedColor
   \   00000134   0xE005             B.N      ??TaskLedEvtProcess_24
    205                          default:       
    206                              SetLedColor(DUST_LED,RGB_LED_COLOR_BLUE);    break;
   \                     ??TaskLedEvtProcess_23: (+1)
   \   00000136   0x4633             MOV      R3,R6
   \   00000138   0x2200             MOVS     R2,#+0
   \   0000013A   0x4611             MOV      R1,R2
   \   0000013C   0x2001             MOVS     R0,#+1
   \   0000013E   0x.... 0x....      BL       SetLedColor
    207                      }            
    208                      
    209                      /***********************************************
    210                      * 描述： 定时器重启
    211                      */
    212                      osal_start_timerEx( OS_TASK_ID_LED,
    213                                          OS_EVT_LED_TICKS,
    214                                          100);
   \                     ??TaskLedEvtProcess_24: (+1)
   \   00000142   0x2264             MOVS     R2,#+100
   \   00000144   0x2101             MOVS     R1,#+1
   \   00000146   0x2003             MOVS     R0,#+3
   \   00000148   0x.... 0x....      BL       osal_start_timerEx
    215                      return ( task_event ^ OS_EVT_LED_TICKS );
   \   0000014C   0xF084 0x0001      EOR      R0,R4,#0x1
   \   00000150   0xBD70             POP      {R4-R6,PC}
    216                  }
    217                  
    218                  
    219                  
    220                  return  task_event;
   \                     ??TaskLedEvtProcess_1: (+1)
   \   00000152   0x4620             MOV      R0,R4
   \   00000154   0xBD70             POP      {R4-R6,PC}       ;; return
    221          }

   \                                 In section .bss, align 1
   \                     ??mode:
   \   00000000                      DS8 1
    222          
    223          
    224          /*******************************************************************************
    225           * 名    称：APP_LedInit
    226           * 功    能：任务初始化
    227           * 入口参数：无
    228           * 出口参数：无
    229           * 作　 　者：redmorningcn.
    230           * 创建日期：2017-05-15
    231           * 修    改：
    232           * 修改日期：
    233           *******************************************************************************/

   \                                 In section .text, align 2, keep-with-next
    234          void TaskInitLed(void)
    235          {    
   \                     TaskInitLed: (+1)
   \   00000000   0xB580             PUSH     {R7,LR}
    236              /***********************************************
    237              * 描述： 初始化本任务用到的相关硬件
    238              */
    239              bsp_DM412Init();            //DM412初始化
   \   00000002   0x.... 0x....      BL       bsp_DM412Init
    240                  
    241              /***********************************************
    242              * 描述： 在看门狗标志组注册本任务的看门狗标志
    243              */
    244              OSRegWdtFlag( WDT_FLAG_LED );
   \   00000006   0x2010             MOVS     R0,#+16
   \   00000008   0x.... 0x....      BL       OSRegWdtFlag
    245          
    246              /*************************************************
    247              * 描述：启动事件查询
    248              */
    249              
    250          
    251              osal_start_timerEx( OS_TASK_ID_LED,
    252                                  OS_EVT_LED_TICKS,
    253                                  1000);
   \   0000000C   0xF44F 0x727A      MOV      R2,#+1000
   \   00000010   0x2101             MOVS     R1,#+1
   \   00000012   0x2003             MOVS     R0,#+3
   \   00000014   0xE8BD 0x4008      POP      {R3,LR}
   \   00000018   0x.... 0x....      B.W      osal_start_timerEx
    254          }

   \                                 In section .text, align 4, keep-with-next
   \                     ??DataTable0:
   \   00000000   0x........         DC32     ??mode

   \                                 In section .text, align 4, keep-with-next
   \                     ??DataTable0_1:
   \   00000000   0x........         DC32     Ctrl+0x135
    255          
    256          /*******************************************************************************
    257           * 				                    end of file                                *
    258           *******************************************************************************/
    259          #endif

   Maximum stack usage in bytes:

   .cstack Function
   ------- --------
       8   TaskInitLed
         8   -> OSRegWdtFlag
         8   -> bsp_DM412Init
         0   -> osal_start_timerEx
      16   TaskLedEvtProcess
        16   -> OSSetWdtFlag
        16   -> SetLedColor
        16   -> osal_start_timerEx


   Section sizes:

   Bytes  Function/Label
   -----  --------------
       4  ??DataTable0
       4  ??DataTable0_1
      28  TaskInitLed
     342  TaskLedEvtProcess
       1  mode

 
   1 byte  in section .bss
 378 bytes in section .text
 
 378 bytes of CODE memory
   1 byte  of DATA memory

Errors: none
Warnings: none
