###############################################################################
#
# IAR ANSI C/C++ Compiler V7.50.1.10123/W32 for ARM       26/Dec/2017  20:53:03
# Copyright 1999-2015 IAR Systems AB.
#
#    Cpu mode     =  thumb
#    Endian       =  little
#    Source file  =  F:\iar\NC199B-200 主板\Software\APP\comm\app_comm_mtr.c
#    Command line =  
#        "F:\iar\NC199B-200 主板\Software\APP\comm\app_comm_mtr.c" -D
#        USE_STDPERIPH_DRIVER -D STM32F10X_CL -D DEBUG -D IMAGE_A -D
#        STM32F103RC -D STM32_FLASH_SIZE=256 -D HSE_VALUE=25000000 -lCN
#        F:\iar\NC199B-100\Library\Project\IAR\..\..\..\Output\Lib\Debug-107C-APP\List\
#        -o
#        F:\iar\NC199B-100\Library\Project\IAR\..\..\..\Output\Lib\Debug-107C-APP\Obj\
#        --no_unroll --no_inline --no_tbaa --no_scheduling --debug
#        --endian=little --cpu=Cortex-M3 -e --fpu=None --dlib_config
#        "C:\Program Files (x86)\IAR Systems\Embedded Workbench
#        7.3\arm\INC\c\DLib_Config_Full.h" -I
#        F:\iar\NC199B-100\Library\Project\IAR\ -I
#        F:\iar\NC199B-100\Library\Project\IAR\..\..\Source\APP\ -I
#        F:\iar\NC199B-100\Library\Project\IAR\..\..\Source\APP\User\ -I
#        F:\iar\NC199B-100\Library\Project\IAR\..\..\Source\APP\AES\ -I
#        F:\iar\NC199B-100\Library\Project\IAR\..\..\Source\APP\Config\ -I
#        F:\iar\NC199B-100\Library\Project\IAR\..\..\Source\APP\OS\ -I
#        F:\iar\NC199B-100\Library\Project\IAR\..\..\Source\APP\User\ -I
#        F:\iar\NC199B-100\Library\Project\IAR\..\..\Source\APP\SIM900A\Source\
#        -I
#        F:\iar\NC199B-100\Library\Project\IAR\..\..\Source\APP\SIM900A\Port\
#        -I F:\iar\NC199B-100\Library\Project\IAR\..\..\Source\APP\SIM900A\OS\
#        -I
#        F:\iar\NC199B-100\Library\Project\IAR\..\..\Source\APP\SIM900A\Config\
#        -I F:\iar\NC199B-100\Library\Project\IAR\..\..\Source\APP\Protocol\ -I
#        F:\iar\NC199B-100\Library\Project\IAR\..\..\Source\APP\Iap\ -I
#        F:\iar\NC199B-100\Library\Project\IAR\..\..\Source\BSP\ -I
#        F:\iar\NC199B-100\Library\Project\IAR\..\..\Source\BSP\Driver\ -I
#        F:\iar\NC199B-100\Library\Project\IAR\..\..\Source\BSP\IAR\ -I
#        F:\iar\NC199B-100\Library\Project\IAR\..\..\Source\BSP\Os\ -I
#        F:\iar\NC199B-100\Library\Project\IAR\..\..\Source\BSP\Os\uCOS-III\ -I
#        F:\iar\NC199B-100\Library\Project\IAR\..\..\Source\BSP\St\ -I
#        F:\iar\NC199B-100\Library\Project\IAR\..\..\Source\BSP\St\FWLib\CMSIS\CM3\CoreSupport\
#        -I
#        F:\iar\NC199B-100\Library\Project\IAR\..\..\Source\BSP\St\FWLib\CMSIS\CM3\DeviceSupport\ST\STM32F10x\
#        -I
#        F:\iar\NC199B-100\Library\Project\IAR\..\..\Source\BSP\St\FWLib\STM32F10x_StdPeriph_Driver\inc\
#        -I F:\iar\NC199B-100\Library\Project\IAR\..\..\Source\Micrium\uC-CPU\
#        -I
#        F:\iar\NC199B-100\Library\Project\IAR\..\..\Source\Micrium\uC-CPU\ARM-Cortex-M3\IAR\
#        -I F:\iar\NC199B-100\Library\Project\IAR\..\..\Source\Micrium\uC-LIB\
#        -I F:\iar\NC199B-100\Library\Project\IAR\..\..\Source\BSP\Os\OSAL\ -I
#        F:\iar\NC199B-100\Library\Project\IAR\..\..\Source\OSAL\OS\ -I
#        F:\iar\NC199B-100\Library\Project\IAR\..\..\Source\Micrium\uC-MB\ -I
#        F:\iar\NC199B-100\Library\Project\IAR\..\..\Source\Micrium\uC-MB\Cfg\Template\
#        -I
#        F:\iar\NC199B-100\Library\Project\IAR\..\..\Source\Micrium\uC-MB\OS\uCOS-III\
#        -I
#        F:\iar\NC199B-100\Library\Project\IAR\..\..\Source\Micrium\uC-MB\Source\
#        -I
#        F:\iar\NC199B-100\Library\Project\IAR\..\..\Source\Micrium\uC-OS-III\
#        -I
#        F:\iar\NC199B-100\Library\Project\IAR\..\..\Source\Micrium\uC-OS-III\Ports\ARM-Cortex-M3\Generic\IAR\
#        -I
#        F:\iar\NC199B-100\Library\Project\IAR\..\..\Source\Micrium\uC-OS-III\Source\
#        -I F:\iar\NC199B-100\Library\Project\IAR\..\..\Source\FatFs\ -I
#        F:\iar\NC199B-100\Library\Project\IAR\..\..\Source\FatFs\option\ -Om
#        --use_c++_inline -I "C:\Program Files (x86)\IAR Systems\Embedded
#        Workbench 7.3\arm\CMSIS\Include\"
#    List file    =  
#        F:\iar\NC199B-100\Library\Project\IAR\..\..\..\Output\Lib\Debug-107C-APP\List\app_comm_mtr.lst
#    Object file  =  
#        F:\iar\NC199B-100\Library\Project\IAR\..\..\..\Output\Lib\Debug-107C-APP\Obj\app_comm_mtr.o
#
###############################################################################

F:\iar\NC199B-200 主板\Software\APP\comm\app_comm_mtr.c
      1          /*******************************************************************************
      2          *   Revised:        All copyrights reserved to wumingshen.
      3          *   Revision:       v1.0
      4          *   Writer:	     redmorningcn.
      5          *
      6          *   Description:    双击选中 comm 按 Ctrl + H, 钩选 Match the case, Replace with
      7          *                   输入您要的名字，点击 Replace All
      8          *                   双击选中 Comm 按 Ctrl + H, 钩选 Match the case, Replace with
      9          *                   输入您要的名字，点击 Replace All
     10          *                   双击选中 COMM 按 Ctrl + H, 钩选 Match the case, Replace with
     11          *                   输入您要的名字，点击 Replace All
     12          *                   在 app_cfg.h 中指定本任务的 优先级  （ APP_TASK_COMM_PRIO     ）
     13          *                                            和 任务堆栈（ APP_TASK_COMM_STK_SIZE ）大小
     14          *
     15          *   Notes:
     16          *     				E-mail: redmorningcn@qq.com
     17          *
     18          *******************************************************************************/
     19          
     20          /*******************************************************************************
     21          * INCLUDES
     22          */
     23          #define  SNL_APP_SOURCE
     24          #include <includes.h>
     25          #include <app_comm_protocol.h>
     26          #include <app_ctrl.h>
     27          #include <app.h>
     28          #include <cpu.h>
     29          #include <MB.h>
     30          
     31          
     32          #include <os_cfg_app.h>
     33          
     34          #ifdef VSC_INCLUDE_SOURCE_FILE_NAMES
     35          const  CPU_CHAR  *app_comm_mtr__c = "$Id: $";
     36          #endif
     37          
     38          #define APP_TASK_COMM_EN     DEF_ENABLED
     39          #if APP_TASK_COMM_EN == DEF_ENABLED
     40          /*******************************************************************************
     41          * CONSTANTS
     42          */
     43          
     44          /*******************************************************************************
     45          * MACROS
     46          */
     47          #define CYCLE_TIME_TICKS            (OS_TICKS_PER_SEC * 1)
     48          
     49          /*******************************************************************************
     50          * TYPEDEFS
     51          */
     52          
     53          #define     GOOD_GRADE      0
     54          #define     NORMAL_GRADE    1
     55          #define     BAD_GRADE       2
     56          
     57          /*******************************************************************************
     58          * LOCAL VARIABLES
     59          */
     60          
     61          /*******************************************************************************
     62          * GLOBAL VARIABLES
     63          */
     64          
     65          /***********************************************
     66          * 描述： 软定时器声明
     67          */
     68          
     69          /***********************************************
     70          * 描述： 软定时器回调函数
     71          */
     72          
     73          
     74          /*******************************************************************************
     75          * LOCAL FUNCTIONS
     76          */
     77          #define     SLAVE_ADDR      1
     78          
     79          
     80          /*******************************************************************************
     81          * GLOBAL FUNCTIONS
     82          */
     83          
     84          /*******************************************************************************
     85          * EXTERN VARIABLES
     86          */
     87          
     88          /*******************************************************************************
     89          * EXTERN FUNCTIONS
     90          */
     91          
     92          /*******************************************************************************/
     93          
     94          
     95          /*******************************************************************************
     96          * 名    称： app_comm_mtr
     97          * 入口参数： 无
     98          * 出口参数： 无
     99          * 作　 　者： redmorningcn.
    100          * 创建日期： 2017-05-18
    101          * 修    改：
    102          * 修改日期：
    103          * 备    注： 任务创建函数需要在app.h文件中声明,
    104          *******************************************************************************/

   \                                 In section .text, align 4, keep-with-next
    105          void    app_comm_mtr(void)
    106          {
   \                     app_comm_mtr: (+1)
   \   00000000   0xB530             PUSH     {R4,R5,LR}
   \   00000002   0xB083             SUB      SP,SP,#+12
   \   00000004   0x4D2C             LDR.N    R5,??app_comm_mtr_0
    107              uint16           renum = 0;
    108              static  uint8   mtrerrtimes = 0;
    109              static  int     times = 0;
    110              OS_ERR  err;
    111              //static      
    112              
    113              //发送数据前，清接收信号量(xun)，debug 20171226
    114              //OSSemPendAbort((OS_SEM *) Ctrl.Mtr.pch->RxSem,OS_OPT_PEND_ABORT_ALL,(OS_ERR *)&err)
    115              
    116              //先清信号量  //20171226  接收发送信号量冲突 
    117              while(
    118                    OSSemPend((OS_SEM *)Ctrl.Mtr.pch->RxSem,
    119                              (OS_TICK )1,
    120                              (OS_OPT  )OS_OPT_PEND_NON_BLOCKING,
    121                              (CPU_TS  )0,
    122                              (OS_ERR *)&err)
    123                        );
   \                     ??app_comm_mtr_1: (+1)
   \   00000006   0xA801             ADD      R0,SP,#+4
   \   00000008   0x9000             STR      R0,[SP, #+0]
   \   0000000A   0x2300             MOVS     R3,#+0
   \   0000000C   0xF44F 0x4200      MOV      R2,#+32768
   \   00000010   0x2101             MOVS     R1,#+1
   \   00000012   0xF8D5 0x02DC      LDR      R0,[R5, #+732]
   \   00000016   0xF8D0 0x0454      LDR      R0,[R0, #+1108]
   \   0000001A   0x.... 0x....      BL       OSSemPend
   \   0000001E   0x2800             CMP      R0,#+0
   \   00000020   0xD1F1             BNE.N    ??app_comm_mtr_1
    124              
    125              renum = MBM_FC03_HoldingRegRd(  Ctrl.Mtr.pch,
    126                                            ModbusNode,
    127                                            SLAVE_ADDR,
    128                                            (CPU_INT16U  *)&Ctrl.sRec.sAir,
    129                                            sizeof(Ctrl.sRec.sAir)/2 );    
   \   00000022   0xF505 0x7485      ADD      R4,R5,#+266
   \   00000026   0x2010             MOVS     R0,#+16
   \   00000028   0x9000             STR      R0,[SP, #+0]
   \   0000002A   0x4623             MOV      R3,R4
   \   0000002C   0x2201             MOVS     R2,#+1
   \   0000002E   0x4611             MOV      R1,R2
   \   00000030   0xF8D5 0x02DC      LDR      R0,[R5, #+732]
   \   00000034   0x.... 0x....      BL       MBM_FC03_HoldingRegRd
    130              
    131              times++;
   \   00000038   0x4820             LDR.N    R0,??app_comm_mtr_0+0x4
   \   0000003A   0x6801             LDR      R1,[R0, #+0]
   \   0000003C   0x1C49             ADDS     R1,R1,#+1
   \   0000003E   0x6001             STR      R1,[R0, #+0]
    132              
    133              
    134              //if( renum )                                 //接收到modbus协议数据
    135              {
    136                  if(times < 180 && Ctrl.sRec.sAir.Temperature > 5 ){
   \   00000040   0x8820             LDRH     R0,[R4, #+0]
   \   00000042   0x4602             MOV      R2,R0
   \   00000044   0x29B4             CMP      R1,#+180
   \   00000046   0xDA04             BGE.N    ??app_comm_mtr_2
   \   00000048   0x2A06             CMP      R2,#+6
   \   0000004A   0xDB02             BLT.N    ??app_comm_mtr_2
    137                      Ctrl.sRec.sAir.Temperature     -=3;     //开机下修正3°
   \   0000004C   0x1EC0             SUBS     R0,R0,#+3
   \   0000004E   0x8020             STRH     R0,[R4, #+0]
   \   00000050   0xE003             B.N      ??app_comm_mtr_3
    138                  }else
    139                  {   
    140                      if(Ctrl.sRec.sAir.Temperature > 5)
   \                     ??app_comm_mtr_2: (+1)
   \   00000052   0x2A06             CMP      R2,#+6
   \   00000054   0xDB01             BLT.N    ??app_comm_mtr_3
    141                          Ctrl.sRec.sAir.Temperature      -=4;     //3分钟后，下修4°
   \   00000056   0x1F00             SUBS     R0,R0,#+4
   \   00000058   0x8020             STRH     R0,[R4, #+0]
    142                  }
    143                  
    144                  //湿度等级判断
    145                  Ctrl.sRec.Air_Hum_Grade = GOOD_GRADE;
   \                     ??app_comm_mtr_3: (+1)
   \   0000005A   0xF205 0x1035      ADDW     R0,R5,#+309
   \   0000005E   0x2100             MOVS     R1,#+0
   \   00000060   0x7001             STRB     R1,[R0, #+0]
    146                  
    147                  if(Ctrl.sRec.sAir.Humidity > Ctrl.Para.dat.sAirPara.sStandard_Hum.NormalLimit)
   \   00000062   0x8862             LDRH     R2,[R4, #+2]
   \   00000064   0xF105 0x0120      ADD      R1,R5,#+32
   \   00000068   0x884B             LDRH     R3,[R1, #+2]
   \   0000006A   0x4293             CMP      R3,R2
   \   0000006C   0xD202             BCS.N    ??app_comm_mtr_4
    148                  {
    149                      Ctrl.sRec.Air_Hum_Grade = BAD_GRADE;
   \   0000006E   0x2202             MOVS     R2,#+2
   \   00000070   0x7002             STRB     R2,[R0, #+0]
   \   00000072   0xE004             B.N      ??app_comm_mtr_5
    150                  }
    151                  else if(Ctrl.sRec.sAir.Humidity > Ctrl.Para.dat.sAirPara.sStandard_Hum.GoodLimit)
   \                     ??app_comm_mtr_4: (+1)
   \   00000074   0x880B             LDRH     R3,[R1, #+0]
   \   00000076   0x4293             CMP      R3,R2
   \   00000078   0xD201             BCS.N    ??app_comm_mtr_5
    152                  {
    153                      Ctrl.sRec.Air_Hum_Grade = NORMAL_GRADE;
   \   0000007A   0x2201             MOVS     R2,#+1
   \   0000007C   0x7002             STRB     R2,[R0, #+0]
    154                  }
    155                  
    156                  //油气等级判断
    157                  Ctrl.sRec.Air_Voc_Grade = GOOD_GRADE;
   \                     ??app_comm_mtr_5: (+1)
   \   0000007E   0x2200             MOVS     R2,#+0
   \   00000080   0x7042             STRB     R2,[R0, #+1]
    158                  
    159                  if(Ctrl.sRec.sAir.VOCs > Ctrl.Para.dat.sAirPara.sStandard_VOC.NormalLimit)
   \   00000082   0x88A2             LDRH     R2,[R4, #+4]
   \   00000084   0x88CB             LDRH     R3,[R1, #+6]
   \   00000086   0x4293             CMP      R3,R2
   \   00000088   0xD202             BCS.N    ??app_comm_mtr_6
    160                  {
    161                      Ctrl.sRec.Air_Voc_Grade = BAD_GRADE;
   \   0000008A   0x2202             MOVS     R2,#+2
   \   0000008C   0x7042             STRB     R2,[R0, #+1]
   \   0000008E   0xE004             B.N      ??app_comm_mtr_7
    162                  }
    163                  else if(Ctrl.sRec.sAir.VOCs > Ctrl.Para.dat.sAirPara.sStandard_VOC.GoodLimit)
   \                     ??app_comm_mtr_6: (+1)
   \   00000090   0x888B             LDRH     R3,[R1, #+4]
   \   00000092   0x4293             CMP      R3,R2
   \   00000094   0xD201             BCS.N    ??app_comm_mtr_7
    164                  {
    165                      Ctrl.sRec.Air_Voc_Grade = NORMAL_GRADE;
   \   00000096   0x2201             MOVS     R2,#+1
   \   00000098   0x7042             STRB     R2,[R0, #+1]
    166                  }
    167                  
    168                  //粉尘等级判断
    169                  Ctrl.sRec.Air_Dust_Grade = GOOD_GRADE;
   \                     ??app_comm_mtr_7: (+1)
   \   0000009A   0x2200             MOVS     R2,#+0
   \   0000009C   0x7082             STRB     R2,[R0, #+2]
    170                  
    171                  if     (Ctrl.sRec.sAir.Dusts_2D5 > Ctrl.Para.dat.sAirPara.sStandard_Dust.NormalLimit)
   \   0000009E   0x8BE2             LDRH     R2,[R4, #+30]
   \   000000A0   0x894B             LDRH     R3,[R1, #+10]
   \   000000A2   0x4293             CMP      R3,R2
   \   000000A4   0xD202             BCS.N    ??app_comm_mtr_8
    172                  {
    173                      Ctrl.sRec.Air_Dust_Grade = BAD_GRADE;
   \   000000A6   0x2102             MOVS     R1,#+2
   \   000000A8   0x7081             STRB     R1,[R0, #+2]
   \   000000AA   0xBD37             POP      {R0-R2,R4,R5,PC}
    174                  }
    175                  else if(Ctrl.sRec.sAir.Dusts_2D5 > Ctrl.Para.dat.sAirPara.sStandard_Dust.GoodLimit)
   \                     ??app_comm_mtr_8: (+1)
   \   000000AC   0x8909             LDRH     R1,[R1, #+8]
   \   000000AE   0x4291             CMP      R1,R2
   \   000000B0   0xD201             BCS.N    ??app_comm_mtr_9
    176                  {
    177                      Ctrl.sRec.Air_Dust_Grade = NORMAL_GRADE;
   \   000000B2   0x2101             MOVS     R1,#+1
   \   000000B4   0x7081             STRB     R1,[R0, #+2]
    178                  }  
    179                  
    180                  return;
   \                     ??app_comm_mtr_9: (+1)
   \   000000B6   0xBD37             POP      {R0-R2,R4,R5,PC}  ;; return
   \                     ??app_comm_mtr_0:
   \   000000B8   0x........         DC32     Ctrl
   \   000000BC   0x........         DC32     ??times
    181              }
    182              
    183              //    //通讯错误
    184              //    if(Ctrl.Mtr.ConnectFlag == 0)
    185              //    {
    186              //        if(mtrerrtimes++ > 5)       //连续5次无通讯，认为通许错误
    187              //        {
    188              //            Ctrl.sRec.ErrCode.MtrCommErr = 1;       //置故障代码
    189              //            
    190              //            uint8 *p = (uint8 *)&Ctrl.sRec.sAir;    //数据清零
    191              //            
    192              //            for(uint8 i =0;i < sizeof(Ctrl.sRec.sAir);i++){
    193              //                *p = 0;
    194              //                 p++;
    195              //            }
    196              //            
    197              //            Ctrl.sRec.Air_Hum_Grade     = GOOD_GRADE;
    198              //            Ctrl.sRec.Air_Voc_Grade     = GOOD_GRADE;
    199              //            Ctrl.sRec.Air_Dust_Grade    = GOOD_GRADE;
    200              //        }
    201              //    }
    202          }

   \                                 In section .bss, align 4
   \                     ??times:
   \   00000000                      DS8 4
    203          
    204          
    205          /*******************************************************************************
    206          * 				end of file
    207          *******************************************************************************/
    208          #endif

   Maximum stack usage in bytes:

   .cstack Function
   ------- --------
      24   app_comm_mtr
        24   -> MBM_FC03_HoldingRegRd
        24   -> OSSemPend


   Section sizes:

   Bytes  Function/Label
   -----  --------------
     192  app_comm_mtr
       4  times

 
   4 bytes in section .bss
 192 bytes in section .text
 
 192 bytes of CODE memory
   4 bytes of DATA memory

Errors: none
Warnings: 2
