###############################################################################
#
# IAR ANSI C/C++ Compiler V7.50.1.10123/W32 for ARM       26/Dec/2017  20:53:21
# Copyright 1999-2015 IAR Systems AB.
#
#    Cpu mode     =  thumb
#    Endian       =  little
#    Source file  =  
#        F:\iar\NC199B-100\Library\Source\Micrium\uC-OS-III\Source\os_pend_multi.c
#    Command line =  
#        F:\iar\NC199B-100\Library\Source\Micrium\uC-OS-III\Source\os_pend_multi.c
#        -D USE_STDPERIPH_DRIVER -D STM32F10X_CL -D DEBUG -D IMAGE_A -D
#        STM32F103RC -D STM32_FLASH_SIZE=256 -D HSE_VALUE=25000000 -lCN
#        F:\iar\NC199B-100\Library\Project\IAR\..\..\..\Output\Lib\Debug-107C-APP\List\
#        -o
#        F:\iar\NC199B-100\Library\Project\IAR\..\..\..\Output\Lib\Debug-107C-APP\Obj\
#        --no_unroll --no_inline --no_tbaa --no_scheduling --debug
#        --endian=little --cpu=Cortex-M3 -e --fpu=None --dlib_config
#        "C:\Program Files (x86)\IAR Systems\Embedded Workbench
#        7.3\arm\INC\c\DLib_Config_Full.h" -I
#        F:\iar\NC199B-100\Library\Project\IAR\ -I
#        F:\iar\NC199B-100\Library\Project\IAR\..\..\Source\APP\ -I
#        F:\iar\NC199B-100\Library\Project\IAR\..\..\Source\APP\User\ -I
#        F:\iar\NC199B-100\Library\Project\IAR\..\..\Source\APP\AES\ -I
#        F:\iar\NC199B-100\Library\Project\IAR\..\..\Source\APP\Config\ -I
#        F:\iar\NC199B-100\Library\Project\IAR\..\..\Source\APP\OS\ -I
#        F:\iar\NC199B-100\Library\Project\IAR\..\..\Source\APP\User\ -I
#        F:\iar\NC199B-100\Library\Project\IAR\..\..\Source\APP\SIM900A\Source\
#        -I
#        F:\iar\NC199B-100\Library\Project\IAR\..\..\Source\APP\SIM900A\Port\
#        -I F:\iar\NC199B-100\Library\Project\IAR\..\..\Source\APP\SIM900A\OS\
#        -I
#        F:\iar\NC199B-100\Library\Project\IAR\..\..\Source\APP\SIM900A\Config\
#        -I F:\iar\NC199B-100\Library\Project\IAR\..\..\Source\APP\Protocol\ -I
#        F:\iar\NC199B-100\Library\Project\IAR\..\..\Source\APP\Iap\ -I
#        F:\iar\NC199B-100\Library\Project\IAR\..\..\Source\BSP\ -I
#        F:\iar\NC199B-100\Library\Project\IAR\..\..\Source\BSP\Driver\ -I
#        F:\iar\NC199B-100\Library\Project\IAR\..\..\Source\BSP\IAR\ -I
#        F:\iar\NC199B-100\Library\Project\IAR\..\..\Source\BSP\Os\ -I
#        F:\iar\NC199B-100\Library\Project\IAR\..\..\Source\BSP\Os\uCOS-III\ -I
#        F:\iar\NC199B-100\Library\Project\IAR\..\..\Source\BSP\St\ -I
#        F:\iar\NC199B-100\Library\Project\IAR\..\..\Source\BSP\St\FWLib\CMSIS\CM3\CoreSupport\
#        -I
#        F:\iar\NC199B-100\Library\Project\IAR\..\..\Source\BSP\St\FWLib\CMSIS\CM3\DeviceSupport\ST\STM32F10x\
#        -I
#        F:\iar\NC199B-100\Library\Project\IAR\..\..\Source\BSP\St\FWLib\STM32F10x_StdPeriph_Driver\inc\
#        -I F:\iar\NC199B-100\Library\Project\IAR\..\..\Source\Micrium\uC-CPU\
#        -I
#        F:\iar\NC199B-100\Library\Project\IAR\..\..\Source\Micrium\uC-CPU\ARM-Cortex-M3\IAR\
#        -I F:\iar\NC199B-100\Library\Project\IAR\..\..\Source\Micrium\uC-LIB\
#        -I F:\iar\NC199B-100\Library\Project\IAR\..\..\Source\BSP\Os\OSAL\ -I
#        F:\iar\NC199B-100\Library\Project\IAR\..\..\Source\OSAL\OS\ -I
#        F:\iar\NC199B-100\Library\Project\IAR\..\..\Source\Micrium\uC-MB\ -I
#        F:\iar\NC199B-100\Library\Project\IAR\..\..\Source\Micrium\uC-MB\Cfg\Template\
#        -I
#        F:\iar\NC199B-100\Library\Project\IAR\..\..\Source\Micrium\uC-MB\OS\uCOS-III\
#        -I
#        F:\iar\NC199B-100\Library\Project\IAR\..\..\Source\Micrium\uC-MB\Source\
#        -I
#        F:\iar\NC199B-100\Library\Project\IAR\..\..\Source\Micrium\uC-OS-III\
#        -I
#        F:\iar\NC199B-100\Library\Project\IAR\..\..\Source\Micrium\uC-OS-III\Ports\ARM-Cortex-M3\Generic\IAR\
#        -I
#        F:\iar\NC199B-100\Library\Project\IAR\..\..\Source\Micrium\uC-OS-III\Source\
#        -I F:\iar\NC199B-100\Library\Project\IAR\..\..\Source\FatFs\ -I
#        F:\iar\NC199B-100\Library\Project\IAR\..\..\Source\FatFs\option\ -Om
#        --use_c++_inline -I "C:\Program Files (x86)\IAR Systems\Embedded
#        Workbench 7.3\arm\CMSIS\Include\"
#    List file    =  
#        F:\iar\NC199B-100\Library\Project\IAR\..\..\..\Output\Lib\Debug-107C-APP\List\os_pend_multi.lst
#    Object file  =  
#        F:\iar\NC199B-100\Library\Project\IAR\..\..\..\Output\Lib\Debug-107C-APP\Obj\os_pend_multi.o
#
###############################################################################

F:\iar\NC199B-100\Library\Source\Micrium\uC-OS-III\Source\os_pend_multi.c
      1          /*
      2          ************************************************************************************************************************
      3          *                                                      uC/OS-III
      4          *                                                 The Real-Time Kernel
      5          *
      6          *                                  (c) Copyright 2009-2012; Micrium, Inc.; Weston, FL
      7          *                           All rights reserved.  Protected by international copyright laws.
      8          *
      9          *                                               PEND ON MULTIPLE OBJECTS
     10          *
     11          * File    : OS_PEND_MULTI.C
     12          * By      : JJL
     13          * Version : V3.03.01
     14          *
     15          * LICENSING TERMS:
     16          * ---------------
     17          *           uC/OS-III is provided in source form for FREE short-term evaluation, for educational use or 
     18          *           for peaceful research.  If you plan or intend to use uC/OS-III in a commercial application/
     19          *           product then, you need to contact Micrium to properly license uC/OS-III for its use in your 
     20          *           application/product.   We provide ALL the source code for your convenience and to help you 
     21          *           experience uC/OS-III.  The fact that the source is provided does NOT mean that you can use 
     22          *           it commercially without paying a licensing fee.
     23          *
     24          *           Knowledge of the source code may NOT be used to develop a similar product.
     25          *
     26          *           Please help us continue to provide the embedded community with the finest software available.
     27          *           Your honesty is greatly appreciated.
     28          *
     29          *           You can contact us at www.micrium.com, or by phone at +1 (954) 217-2036.
     30          ************************************************************************************************************************
     31          */
     32          
     33          #define  MICRIUM_SOURCE
     34          #include <os.h>
     35          
     36          #ifdef VSC_INCLUDE_SOURCE_FILE_NAMES
     37          const  CPU_CHAR  *os_pend_multi__c = "$Id: $";
     38          #endif
     39          
     40          
     41          #if (((OS_CFG_Q_EN > 0u) || (OS_CFG_SEM_EN > 0u)) && (OS_CFG_PEND_MULTI_EN > 0u))
     42          /*
     43          ************************************************************************************************************************
     44          *                                               PEND ON MULTIPLE OBJECTS
     45          *
     46          * Description: This function pends on multiple objects.  The objects pended on MUST be either semaphores or message
     47          *              queues.  If multiple objects are ready at the start of the pend call, then all available objects that
     48          *              are ready will be indicated to the caller.  If the task must pend on the multiple events then, as soon
     49          *              as one of the object is either posted, aborted or deleted, the task will be readied.
     50          *
     51          *              This function only allows you to pend on semaphores and/or message queues.
     52          *
     53          * Arguments  : p_pend_data_tbl   is a pointer to an array of type OS_PEND_DATA which contains a list of all the
     54          *                                objects we will be waiting on.  The caller must declare an array of OS_PEND_DATA
     55          *                                and initialize the .PendObjPtr (see below) with a pointer to the object (semaphore or
     56          *                                message queue) to pend on.
     57          *
     58          *                                    OS_PEND_DATA  MyPendArray[?];
     59          *
     60          *                                The OS_PEND_DATA field are as follows:
     61          *
     62          *                                    OS_PEND_DATA  *PrevPtr;      Used to link OS_PEND_DATA objects
     63          *                                    OS_PEND_DATA  *NextPtr;      Used to link OS_PEND_DATA objects
     64          *                                    OS_TCB        *TCBPtr;       Pointer to the TCB that is pending on multiple objects
     65          *                                    OS_PEND_OBJ   *PendObjPtr;   USER supplied field which is a pointer to the
     66          *                                                                 semaphore or message queue you want to pend on.  When
     67          *                                                                 you call OSPendMulti() you MUST fill this field for
     68          *                                                                 each of the objects you want to pend on.
     69          *                                    OS_PEND_OBJ   *RdyObjPtr;    OSPendMulti() will return the object that was posted,
     70          *                                                                 aborted or deleted in this field.
     71          *                                    void          *RdyMsgPtr;    OSPendMulti() will fill in this field if the object
     72          *                                                                 posted was a message queue.  This corresponds to the
     73          *                                                                 message posted.
     74          *                                    OS_MSG_SIZE    RdyMsgSize;   OSPendMulti() will fill in this field if the object
     75          *                                                                 posted was a message queue.  This corresponds to the
     76          *                                                                 size of the message posted.
     77          *                                    CPU_TS         RdyTS;        OSPendMulti() will fill in this field if the object
     78          *                                                                 was a message queue.  This corresponds to the time
     79          *                                                                 stamp when the message was posted.  However, if the
     80          *                                                                 object is a semaphore and the object is already ready
     81          *                                                                 the this field will be set to (CPU_TS)0 because it's
     82          *                                                                 not possible to know when the semaphore was posted.
     83          *
     84          *              tbl_size      is the size (in number of elements) of the OS_PEND_DATA array passed to this function.  In
     85          *                            other words, if the called needs to pend on 4 separate objects (semaphores and/or queues)
     86          *                            then you would pass 4 to this call.
     87          *
     88          *              timeout       is an optional timeout period (in clock ticks).  If non-zero, your task will wait any of
     89          *                            the objects up to the amount of time specified by this argument. If you specify 0, however,
     90          *                            your task will wait forever for the specified objects or, until an object is posted,
     91          *                            aborted or deleted.
     92          *
     93          *              opt           determines whether the user wants to block if none of the objects are available.
     94          *
     95          *                                OS_OPT_PEND_BLOCKING
     96          *                                OS_OPT_PEND_NON_BLOCKING
     97          *
     98          *              p_err         is a pointer to where an error message will be deposited.  Possible error messages are:
     99          *
    100          *                                OS_ERR_NONE              The call was successful and your task owns the resources or,
    101          *                                                         the objects you are waiting for occurred. Check the .RdyObjPtr
    102          *                                                         fields to know which objects have been posted.
    103          *                                OS_ERR_OBJ_TYPE          If any of the .PendPtr is NOT a semaphore or a message queue
    104          *                                OS_ERR_OPT_INVALID       If you specified an invalid option for 'opt'
    105          *                                OS_ERR_PEND_ABORT        The wait on the events was aborted; check the .RdyObjPtr fields
    106          *                                                         for which objects were aborted.
    107          *                                OS_ERR_PEND_DEL          The wait on the events was aborted; check the .RdyObjPtr fields
    108          *                                                         for which objects were aborted.
    109          *                                OS_ERR_PEND_ISR          If you called this function from an ISR
    110          *                                OS_ERR_PEND_LOCKED       If you called this function when the scheduler is locked.
    111          *                                OS_ERR_PEND_WOULD_BLOCK  If the caller didn't want to block and no object ready
    112          *                                OS_ERR_STATUS_INVALID    Invalid pend status
    113          *                                OS_ERR_PTR_INVALID       If you passes a NULL pointer of 'p_pend_data_tbl'
    114          *                                OS_ERR_TIMEOUT           The objects were not posted within the specified 'timeout'.
    115          *
    116          * Returns    : >  0          the number of objects returned as ready, aborted or deleted
    117          *              == 0          if no events are returned as ready because of timeout or upon error.
    118          ************************************************************************************************************************
    119          */
    120          /*$PAGE*/

   \                                 In section .text, align 4, keep-with-next
    121          OS_OBJ_QTY  OSPendMulti (OS_PEND_DATA  *p_pend_data_tbl,
    122                                   OS_OBJ_QTY     tbl_size,
    123                                   OS_TICK        timeout,
    124                                   OS_OPT         opt,
    125                                   OS_ERR        *p_err)
    126          {
   \                     OSPendMulti: (+1)
   \   00000000   0xE92D 0x47F0      PUSH     {R4-R10,LR}
   \   00000004   0x4606             MOV      R6,R0
   \   00000006   0x460F             MOV      R7,R1
   \   00000008   0x4690             MOV      R8,R2
   \   0000000A   0x4699             MOV      R9,R3
   \   0000000C   0x9C08             LDR      R4,[SP, #+32]
    127              CPU_BOOLEAN   valid;
    128              OS_OBJ_QTY    nbr_obj_rdy;
    129              CPU_SR_ALLOC();
    130          
    131          
    132          
    133          #ifdef OS_SAFETY_CRITICAL
    134              if (p_err == (OS_ERR *)0) {
    135                  OS_SAFETY_CRITICAL_EXCEPTION();
    136                  return ((OS_OBJ_QTY)0);
    137              }
    138          #endif
    139          
    140          #if OS_CFG_CALLED_FROM_ISR_CHK_EN > 0u
    141              if (OSIntNestingCtr > (OS_NESTING_CTR)0) {              /* Can't pend from an ISR                                 */
   \   0000000E   0x....             LDR.N    R0,??DataTable3
   \   00000010   0x7800             LDRB     R0,[R0, #+0]
   \   00000012   0x2800             CMP      R0,#+0
   \   00000014   0xD004             BEQ.N    ??OSPendMulti_1
    142                 *p_err = OS_ERR_PEND_ISR;
   \   00000016   0xF246 0x10AE      MOVW     R0,#+25006
   \   0000001A   0x8020             STRH     R0,[R4, #+0]
    143                  return ((OS_OBJ_QTY)0);
   \   0000001C   0x2000             MOVS     R0,#+0
   \   0000001E   0xE085             B.N      ??OSPendMulti_2
    144              }
    145          #endif
    146          
    147          #if OS_CFG_ARG_CHK_EN > 0u
    148              if (p_pend_data_tbl == (OS_PEND_DATA *)0) {             /* Validate 'p_pend_data_tbl'                             */
   \                     ??OSPendMulti_1: (+1)
   \   00000020   0x2E00             CMP      R6,#+0
   \   00000022   0xD001             BEQ.N    ??OSPendMulti_3
    149                 *p_err = OS_ERR_PTR_INVALID;
    150                  return ((OS_OBJ_QTY)0);
    151              }
    152              if (tbl_size == (OS_OBJ_QTY)0) {                        /* Array size must be > 0                                 */
   \   00000024   0x2F00             CMP      R7,#+0
   \   00000026   0xD104             BNE.N    ??OSPendMulti_4
    153                 *p_err = OS_ERR_PTR_INVALID;
   \                     ??OSPendMulti_3: (+1)
   \   00000028   0xF246 0x20D5      MOVW     R0,#+25301
   \   0000002C   0x8020             STRH     R0,[R4, #+0]
    154                  return ((OS_OBJ_QTY)0);
   \   0000002E   0x2000             MOVS     R0,#+0
   \   00000030   0xE07C             B.N      ??OSPendMulti_2
    155              }
    156              switch (opt) {
   \                     ??OSPendMulti_4: (+1)
   \   00000032   0x4648             MOV      R0,R9
   \   00000034   0x2800             CMP      R0,#+0
   \   00000036   0xD002             BEQ.N    ??OSPendMulti_5
   \   00000038   0xF5B0 0x4F00      CMP      R0,#+32768
   \   0000003C   0xD109             BNE.N    ??OSPendMulti_6
    157                  case OS_OPT_PEND_BLOCKING:
    158                  case OS_OPT_PEND_NON_BLOCKING:
    159                       break;
    160          
    161                  default:
    162                      *p_err = OS_ERR_OPT_INVALID;
    163                       return ((OS_OBJ_QTY)0);
    164              }
    165          #endif
    166          
    167              valid = OS_PendMultiValidate(p_pend_data_tbl,           /* -------- Validate objects to be OS_SEM or OS_Q ------- */
    168                                           tbl_size);
    169              if (valid == DEF_FALSE) {
   \                     ??OSPendMulti_5: (+1)
   \   0000003E   0x4630             MOV      R0,R6
   \   00000040   0x.... 0x....      BL       OS_PendMultiValidate
   \   00000044   0x2800             CMP      R0,#+0
   \   00000046   0xD109             BNE.N    ??OSPendMulti_7
    170                 *p_err = OS_ERR_OBJ_TYPE;                            /* Invalid, not OS_SEM or OS_Q                            */
   \   00000048   0xF645 0x50C4      MOVW     R0,#+24004
   \   0000004C   0x8020             STRH     R0,[R4, #+0]
    171                  return ((OS_OBJ_QTY)0);
   \   0000004E   0x2000             MOVS     R0,#+0
   \   00000050   0xE06C             B.N      ??OSPendMulti_2
    172              }
   \                     ??OSPendMulti_6: (+1)
   \   00000052   0xF645 0x6025      MOVW     R0,#+24101
   \   00000056   0x8020             STRH     R0,[R4, #+0]
   \   00000058   0x2000             MOVS     R0,#+0
   \   0000005A   0xE067             B.N      ??OSPendMulti_2
    173          
    174          /*$PAGE*/
    175              CPU_CRITICAL_ENTER();
   \                     ??OSPendMulti_7: (+1)
   \   0000005C   0x.... 0x....      BL       CPU_SR_Save
   \   00000060   0x4605             MOV      R5,R0
   \   00000062   0x.... 0x....      BL       CPU_IntDisMeasStart
    176              nbr_obj_rdy = OS_PendMultiGetRdy(p_pend_data_tbl,       /* --------- SEE IF OBJECT(s) HAVE BEEN POSTED ---------- */
    177                                               tbl_size);
   \   00000066   0x4639             MOV      R1,R7
   \   00000068   0x4630             MOV      R0,R6
   \   0000006A   0x.... 0x....      BL       OS_PendMultiGetRdy
   \   0000006E   0x4682             MOV      R10,R0
    178              if (nbr_obj_rdy > (OS_OBJ_QTY)0) {
   \   00000070   0xF1BA 0x0F00      CMP      R10,#+0
   \   00000074   0xD008             BEQ.N    ??OSPendMulti_8
    179                  CPU_CRITICAL_EXIT();
   \   00000076   0x.... 0x....      BL       CPU_IntDisMeasStop
   \   0000007A   0x4628             MOV      R0,R5
   \   0000007C   0x.... 0x....      BL       CPU_SR_Restore
    180                 *p_err = OS_ERR_NONE;
   \   00000080   0x2000             MOVS     R0,#+0
   \   00000082   0x8020             STRH     R0,[R4, #+0]
    181                  return ((OS_OBJ_QTY)nbr_obj_rdy);
   \   00000084   0x4650             MOV      R0,R10
   \   00000086   0xE051             B.N      ??OSPendMulti_2
    182              }
    183          
    184              if ((opt & OS_OPT_PEND_NON_BLOCKING) != (OS_OPT)0) {    /* Caller wants to block if not available?                */
   \                     ??OSPendMulti_8: (+1)
   \   00000088   0xEA5F 0x4009      LSLS     R0,R9,#+16
   \   0000008C   0xD509             BPL.N    ??OSPendMulti_9
    185                  CPU_CRITICAL_EXIT();
   \   0000008E   0x.... 0x....      BL       CPU_IntDisMeasStop
   \   00000092   0x4628             MOV      R0,R5
   \   00000094   0x.... 0x....      BL       CPU_SR_Restore
    186                 *p_err = OS_ERR_PEND_WOULD_BLOCK;                    /* No                                                     */
   \   00000098   0xF246 0x10B0      MOVW     R0,#+25008
   \   0000009C   0x8020             STRH     R0,[R4, #+0]
    187                  return ((OS_OBJ_QTY)0);
   \   0000009E   0x2000             MOVS     R0,#+0
   \   000000A0   0xE044             B.N      ??OSPendMulti_2
    188              } else {
    189                  if (OSSchedLockNestingCtr > (OS_NESTING_CTR)0) {    /* Can't pend when the scheduler is locked                */
   \                     ??OSPendMulti_9: (+1)
   \   000000A2   0x....             LDR.N    R0,??DataTable3_1
   \   000000A4   0x7800             LDRB     R0,[R0, #+0]
   \   000000A6   0x2800             CMP      R0,#+0
   \   000000A8   0xD009             BEQ.N    ??OSPendMulti_10
    190                      CPU_CRITICAL_EXIT();
   \   000000AA   0x.... 0x....      BL       CPU_IntDisMeasStop
   \   000000AE   0x4628             MOV      R0,R5
   \   000000B0   0x.... 0x....      BL       CPU_SR_Restore
    191                     *p_err = OS_ERR_SCHED_LOCKED;
   \   000000B4   0xF646 0x5063      MOVW     R0,#+28003
   \   000000B8   0x8020             STRH     R0,[R4, #+0]
    192                      return ((OS_OBJ_QTY)0);
   \   000000BA   0x2000             MOVS     R0,#+0
   \   000000BC   0xE036             B.N      ??OSPendMulti_2
    193                  }
    194              }
    195                                                                      /* Lock the scheduler/re-enable interrupts                */
    196              OS_CRITICAL_ENTER_CPU_EXIT();
    197                                                                      /* ------ NO OBJECT READY, PEND ON MULTIPLE OBJECTS ----- */
    198              OS_PendMultiWait(p_pend_data_tbl,                       /* Suspend task until object posted or timeout occurs     */
    199                               tbl_size,
    200                               timeout);
   \                     ??OSPendMulti_10: (+1)
   \   000000BE   0x4642             MOV      R2,R8
   \   000000C0   0x4639             MOV      R1,R7
   \   000000C2   0x4630             MOV      R0,R6
   \   000000C4   0x.... 0x....      BL       OS_PendMultiWait
    201          
    202              OS_CRITICAL_EXIT_NO_SCHED();
   \   000000C8   0x.... 0x....      BL       CPU_IntDisMeasStop
   \   000000CC   0x4628             MOV      R0,R5
   \   000000CE   0x.... 0x....      BL       CPU_SR_Restore
    203          
    204              OSSched();                                              /* Find next highest priority task ready                  */
   \   000000D2   0x.... 0x....      BL       OSSched
    205          
    206              CPU_CRITICAL_ENTER();
   \   000000D6   0x.... 0x....      BL       CPU_SR_Save
   \   000000DA   0x4605             MOV      R5,R0
   \   000000DC   0x.... 0x....      BL       CPU_IntDisMeasStart
    207              switch (OSTCBCurPtr->PendStatus) {
   \   000000E0   0x....             LDR.N    R0,??DataTable3_2
   \   000000E2   0x6801             LDR      R1,[R0, #+0]
   \   000000E4   0xF891 0x1035      LDRB     R1,[R1, #+53]
   \   000000E8   0x2903             CMP      R1,#+3
   \   000000EA   0xD812             BHI.N    ??OSPendMulti_11
   \   000000EC   0xE8DF 0xF001      TBB      [PC, R1]
   \                     ??OSPendMulti_0:
   \   000000F0   0x02 0x05          DC8      0x2,0x5,0xD,0x9
   \              0x0D 0x09    
    208                  case OS_STATUS_PEND_OK:                             /* We got one of the objects posted to                    */
    209                      *p_err = OS_ERR_NONE;
   \                     ??OSPendMulti_12: (+1)
   \   000000F4   0x2100             MOVS     R1,#+0
   \   000000F6   0x8021             STRH     R1,[R4, #+0]
    210                       break;
   \   000000F8   0xE00E             B.N      ??OSPendMulti_13
    211          
    212                  case OS_STATUS_PEND_ABORT:                          /* Indicate that the multi-pend was aborted               */
    213                      *p_err = OS_ERR_PEND_ABORT;
   \                     ??OSPendMulti_14: (+1)
   \   000000FA   0xF246 0x11A9      MOVW     R1,#+25001
   \   000000FE   0x8021             STRH     R1,[R4, #+0]
    214                       break;
   \   00000100   0xE00A             B.N      ??OSPendMulti_13
    215          
    216                  case OS_STATUS_PEND_TIMEOUT:                        /* Indicate that we didn't get semaphore within timeout   */
    217                      *p_err = OS_ERR_TIMEOUT;
   \                     ??OSPendMulti_15: (+1)
   \   00000102   0xF247 0x21D9      MOVW     R1,#+29401
   \   00000106   0x8021             STRH     R1,[R4, #+0]
    218                       break;
   \   00000108   0xE006             B.N      ??OSPendMulti_13
    219          
    220                  case OS_STATUS_PEND_DEL:                            /* Indicate that an object pended on has been deleted     */
    221                      *p_err = OS_ERR_OBJ_DEL;
   \                     ??OSPendMulti_16: (+1)
   \   0000010A   0xF645 0x51C2      MOVW     R1,#+24002
   \   0000010E   0x8021             STRH     R1,[R4, #+0]
    222                      break;
   \   00000110   0xE002             B.N      ??OSPendMulti_13
    223          
    224                  default:
    225                      *p_err = OS_ERR_STATUS_INVALID;
   \                     ??OSPendMulti_11: (+1)
   \   00000112   0xF646 0x612E      MOVW     R1,#+28206
   \   00000116   0x8021             STRH     R1,[R4, #+0]
    226                       break;
    227              }
    228          
    229              OSTCBCurPtr->PendStatus = OS_STATUS_PEND_OK;
   \                     ??OSPendMulti_13: (+1)
   \   00000118   0x2100             MOVS     R1,#+0
   \   0000011A   0x6800             LDR      R0,[R0, #+0]
   \   0000011C   0xF880 0x1035      STRB     R1,[R0, #+53]
    230              CPU_CRITICAL_EXIT();
   \   00000120   0x.... 0x....      BL       CPU_IntDisMeasStop
   \   00000124   0x4628             MOV      R0,R5
   \   00000126   0x.... 0x....      BL       CPU_SR_Restore
    231          
    232              return ((OS_OBJ_QTY)1);
   \   0000012A   0x2001             MOVS     R0,#+1
   \                     ??OSPendMulti_2: (+1)
   \   0000012C   0xE8BD 0x87F0      POP      {R4-R10,PC}      ;; return
    233          }
    234          
    235          /*$PAGE*/
    236          /*
    237          ************************************************************************************************************************
    238          *                                              GET A LIST OF OBJECTS READY
    239          *
    240          * Description: This function is called by OSPendMulti() to obtain the list of object that are ready.
    241          *
    242          * Arguments  : p_pend_data_tbl   is a pointer to an array of OS_PEND_DATA
    243          *              ---------------
    244          *
    245          *              tbl_size          is the size of the array
    246          *
    247          * Returns    :  > 0              the number of objects ready
    248          *              == 0              if no object ready
    249          *
    250          * Note       : This function is INTERNAL to uC/OS-III and your application should not call it.
    251          ************************************************************************************************************************
    252          */
    253          

   \                                 In section .text, align 2, keep-with-next
    254          OS_OBJ_QTY  OS_PendMultiGetRdy (OS_PEND_DATA  *p_pend_data_tbl,
    255                                          OS_OBJ_QTY     tbl_size)
    256          {
   \                     OS_PendMultiGetRdy: (+1)
   \   00000000   0xB5F0             PUSH     {R4-R7,LR}
   \   00000002   0xB083             SUB      SP,SP,#+12
   \   00000004   0x4604             MOV      R4,R0
   \   00000006   0x460D             MOV      R5,R1
    257              OS_OBJ_QTY   i;
    258              OS_OBJ_QTY   nbr_obj_rdy;
    259          #if OS_CFG_Q_EN > 0u
    260              OS_ERR       err;
    261              OS_MSG_SIZE  msg_size;
    262              OS_Q        *p_q;
    263              void        *p_void;
    264              CPU_TS       ts;
    265          #endif
    266          #if OS_CFG_SEM_EN  > 0u
    267              OS_SEM      *p_sem;
    268          #endif
    269          
    270          
    271          
    272              nbr_obj_rdy = (OS_OBJ_QTY)0;
   \   00000008   0x2600             MOVS     R6,#+0
    273              for (i = 0u; i < tbl_size; i++) {
   \   0000000A   0x4637             MOV      R7,R6
   \   0000000C   0xE031             B.N      ??OS_PendMultiGetRdy_0
    274                  p_pend_data_tbl->RdyObjPtr  = (OS_PEND_OBJ  *)0;         /* Clear all fields                                  */
   \                     ??OS_PendMultiGetRdy_1: (+1)
   \   0000000E   0x2000             MOVS     R0,#+0
   \   00000010   0x6120             STR      R0,[R4, #+16]
    275                  p_pend_data_tbl->RdyMsgPtr  = (void         *)0;
   \   00000012   0x6160             STR      R0,[R4, #+20]
    276                  p_pend_data_tbl->RdyMsgSize = (OS_MSG_SIZE   )0;
   \   00000014   0x8320             STRH     R0,[R4, #+24]
    277                  p_pend_data_tbl->RdyTS      = (CPU_TS        )0;
   \   00000016   0x61E0             STR      R0,[R4, #+28]
    278                  p_pend_data_tbl->NextPtr    = (OS_PEND_DATA *)0;
   \   00000018   0x6060             STR      R0,[R4, #+4]
    279                  p_pend_data_tbl->PrevPtr    = (OS_PEND_DATA *)0;
   \   0000001A   0x6020             STR      R0,[R4, #+0]
    280                  p_pend_data_tbl->TCBPtr     = (OS_TCB       *)0;
   \   0000001C   0x60A0             STR      R0,[R4, #+8]
    281          #if OS_CFG_Q_EN > 0u
    282                  p_q = (OS_Q *)((void *)p_pend_data_tbl->PendObjPtr);     /* Assume we are pointing to a message queue object  */
   \   0000001E   0x68E0             LDR      R0,[R4, #+12]
    283                  if (p_q->Type == OS_OBJ_TYPE_Q) {                        /* Is it a message queue?                            */
   \   00000020   0x6801             LDR      R1,[R0, #+0]
   \   00000022   0x....             LDR.N    R2,??DataTable3_3  ;; 0x55455551
   \   00000024   0x4291             CMP      R1,R2
   \   00000026   0xD113             BNE.N    ??OS_PendMultiGetRdy_2
    284                      p_void = OS_MsgQGet(&p_q->MsgQ,                      /* Yes, Any message waiting in the message queue?    */
    285                                          &msg_size,
    286                                          &ts,
    287                                          &err);
   \   00000028   0xF10D 0x0302      ADD      R3,SP,#+2
   \   0000002C   0xAA01             ADD      R2,SP,#+4
   \   0000002E   0x4669             MOV      R1,SP
   \   00000030   0x3014             ADDS     R0,R0,#+20
   \   00000032   0x.... 0x....      BL       OS_MsgQGet
    288                      if (err == OS_ERR_NONE) {
   \   00000036   0xF8BD 0x1002      LDRH     R1,[SP, #+2]
   \   0000003A   0x2900             CMP      R1,#+0
   \   0000003C   0xD108             BNE.N    ??OS_PendMultiGetRdy_2
    289                          p_pend_data_tbl->RdyObjPtr  = p_pend_data_tbl->PendObjPtr;
   \   0000003E   0x68E1             LDR      R1,[R4, #+12]
   \   00000040   0x6121             STR      R1,[R4, #+16]
    290                          p_pend_data_tbl->RdyMsgPtr  = p_void;            /*      Yes, save the message received               */
   \   00000042   0x6160             STR      R0,[R4, #+20]
    291                          p_pend_data_tbl->RdyMsgSize = msg_size;
   \   00000044   0xF8BD 0x0000      LDRH     R0,[SP, #+0]
   \   00000048   0x8320             STRH     R0,[R4, #+24]
    292                          p_pend_data_tbl->RdyTS      = ts;
   \   0000004A   0x9801             LDR      R0,[SP, #+4]
   \   0000004C   0x61E0             STR      R0,[R4, #+28]
    293                          nbr_obj_rdy++;
   \   0000004E   0x1C76             ADDS     R6,R6,#+1
    294                      }
    295                  }
    296          #endif
    297          
    298          #if OS_CFG_SEM_EN > 0u
    299                  p_sem = (OS_SEM *)((void *)p_pend_data_tbl->PendObjPtr); /* Assume we are pointing to a semaphore object      */
   \                     ??OS_PendMultiGetRdy_2: (+1)
   \   00000050   0x68E0             LDR      R0,[R4, #+12]
    300                  if (p_sem->Type == OS_OBJ_TYPE_SEM) {                    /* Is it a semaphore?                                */
   \   00000052   0x6801             LDR      R1,[R0, #+0]
   \   00000054   0x....             LDR.N    R2,??DataTable3_4  ;; 0x414d4553
   \   00000056   0x4291             CMP      R1,R2
   \   00000058   0xD109             BNE.N    ??OS_PendMultiGetRdy_3
    301                      if (p_sem->Ctr > 0u) {                               /* Yes, Semaphore has been signaled?                 */
   \   0000005A   0x6941             LDR      R1,[R0, #+20]
   \   0000005C   0x2900             CMP      R1,#+0
   \   0000005E   0xD006             BEQ.N    ??OS_PendMultiGetRdy_3
    302                          p_sem->Ctr--;                                    /*      Yes, caller may proceed                      */
   \   00000060   0x1E49             SUBS     R1,R1,#+1
   \   00000062   0x6141             STR      R1,[R0, #+20]
    303                          p_pend_data_tbl->RdyObjPtr  = p_pend_data_tbl->PendObjPtr;
   \   00000064   0x68E1             LDR      R1,[R4, #+12]
   \   00000066   0x6121             STR      R1,[R4, #+16]
    304                          p_pend_data_tbl->RdyTS      = p_sem->TS;
   \   00000068   0x6980             LDR      R0,[R0, #+24]
   \   0000006A   0x61E0             STR      R0,[R4, #+28]
    305                          nbr_obj_rdy++;
   \   0000006C   0x1C76             ADDS     R6,R6,#+1
    306                      }
    307                  }
    308          #endif
    309          
    310                  p_pend_data_tbl++;
   \                     ??OS_PendMultiGetRdy_3: (+1)
   \   0000006E   0x3420             ADDS     R4,R4,#+32
    311              }
   \   00000070   0x1C7F             ADDS     R7,R7,#+1
   \                     ??OS_PendMultiGetRdy_0: (+1)
   \   00000072   0xB2BF             UXTH     R7,R7
   \   00000074   0x42AF             CMP      R7,R5
   \   00000076   0xD3CA             BCC.N    ??OS_PendMultiGetRdy_1
    312              return (nbr_obj_rdy);
   \   00000078   0x4630             MOV      R0,R6
   \   0000007A   0xB280             UXTH     R0,R0
   \   0000007C   0xBDFE             POP      {R1-R7,PC}       ;; return
    313          }
    314          
    315          /*$PAGE*/
    316          /*
    317          ************************************************************************************************************************
    318          *                                 VERIFY THAT OBJECTS PENDED ON ARE EITHER SEMAPHORES or QUEUES
    319          *
    320          * Description: This function is called by OSPendMulti() to verify that we are multi-pending on either semaphores or
    321          *              message queues.
    322          *
    323          * Arguments  : p_pend_data_tbl    is a pointer to an array of OS_PEND_DATA
    324          *              ---------------
    325          *
    326          *              tbl_size           is the size of the array
    327          *
    328          * Returns    : TRUE               if all objects pended on are either semaphores of queues
    329          *              FALSE              if at least one object is not a semaphore or queue.
    330          *
    331          * Note       : This function is INTERNAL to uC/OS-III and your application should not call it.
    332          ************************************************************************************************************************
    333          */
    334          

   \                                 In section .text, align 2, keep-with-next
    335          CPU_BOOLEAN  OS_PendMultiValidate (OS_PEND_DATA  *p_pend_data_tbl,
    336                                             OS_OBJ_QTY     tbl_size)
    337          {
   \                     OS_PendMultiValidate: (+1)
   \   00000000   0xB430             PUSH     {R4,R5}
    338              OS_OBJ_QTY  i;
    339              OS_OBJ_QTY  ctr;
    340          #if OS_CFG_SEM_EN  > 0u
    341              OS_SEM      *p_sem;
    342          #endif
    343          #if OS_CFG_Q_EN > 0u
    344              OS_Q        *p_q;
    345          #endif
    346          
    347          
    348              for (i = 0u; i < tbl_size; i++) {
   \   00000002   0x2200             MOVS     R2,#+0
   \   00000004   0xE001             B.N      ??OS_PendMultiValidate_0
    349                  if (p_pend_data_tbl->PendObjPtr == (OS_PEND_OBJ *)0) {   /* All .PendObjPtr in the table MUST be non NULL     */
    350                      return (DEF_FALSE);
    351                  }
    352          
    353                  ctr = 0u;
    354          #if OS_CFG_SEM_EN  > 0u
    355                  p_sem = (OS_SEM *)((void *)p_pend_data_tbl->PendObjPtr); /* All objects to pend on must be of type OS_SEM ... */
    356                  if (p_sem->Type == OS_OBJ_TYPE_SEM) {
    357                      ctr++;
    358                  }
    359          #endif
    360          
    361          #if OS_CFG_Q_EN > 0u
    362                  p_q = (OS_Q *)((void *)p_pend_data_tbl->PendObjPtr);     /* ... or of type OS_Q                               */
    363                  if (p_q->Type == OS_OBJ_TYPE_Q) {
    364                      ctr++;
    365                  }
    366          #endif
    367          
    368                  if (ctr == (OS_OBJ_QTY)0) {
    369                      return (DEF_FALSE);                                  /* Found at least one invalid object type            */
    370                  }
    371                  p_pend_data_tbl++;
   \                     ??OS_PendMultiValidate_1: (+1)
   \   00000006   0x3020             ADDS     R0,R0,#+32
   \   00000008   0x1C52             ADDS     R2,R2,#+1
   \                     ??OS_PendMultiValidate_0: (+1)
   \   0000000A   0xB292             UXTH     R2,R2
   \   0000000C   0x428A             CMP      R2,R1
   \   0000000E   0xD211             BCS.N    ??OS_PendMultiValidate_2
   \   00000010   0x68C3             LDR      R3,[R0, #+12]
   \   00000012   0x2B00             CMP      R3,#+0
   \   00000014   0xD00C             BEQ.N    ??OS_PendMultiValidate_3
   \   00000016   0x2400             MOVS     R4,#+0
   \   00000018   0x681B             LDR      R3,[R3, #+0]
   \   0000001A   0x....             LDR.N    R5,??DataTable3_4  ;; 0x414d4553
   \   0000001C   0x42AB             CMP      R3,R5
   \   0000001E   0xD100             BNE.N    ??OS_PendMultiValidate_4
   \   00000020   0x2401             MOVS     R4,#+1
   \                     ??OS_PendMultiValidate_4: (+1)
   \   00000022   0x....             LDR.N    R5,??DataTable3_3  ;; 0x55455551
   \   00000024   0x42AB             CMP      R3,R5
   \   00000026   0xD100             BNE.N    ??OS_PendMultiValidate_5
   \   00000028   0x1C64             ADDS     R4,R4,#+1
   \                     ??OS_PendMultiValidate_5: (+1)
   \   0000002A   0xB2A4             UXTH     R4,R4
   \   0000002C   0x2C00             CMP      R4,#+0
   \   0000002E   0xD1EA             BNE.N    ??OS_PendMultiValidate_1
   \                     ??OS_PendMultiValidate_3: (+1)
   \   00000030   0x2000             MOVS     R0,#+0
   \   00000032   0xE000             B.N      ??OS_PendMultiValidate_6
    372              }
    373              return (DEF_TRUE);
   \                     ??OS_PendMultiValidate_2: (+1)
   \   00000034   0x2001             MOVS     R0,#+1
   \                     ??OS_PendMultiValidate_6: (+1)
   \   00000036   0xBC30             POP      {R4,R5}
   \   00000038   0x4770             BX       LR               ;; return
    374          }
    375          
    376          /*$PAGE*/
    377          /*
    378          ************************************************************************************************************************
    379          *                                 MAKE TASK WAIT FOR ANY OF MULTIPLE EVENTS TO OCCUR
    380          *
    381          * Description: This function is called by OSPendMulti() to suspend a task because any one of multiple objects that have
    382          *              not been posted to.
    383          *
    384          * Arguments  : p_pend_data_tbl    is a pointer to an array of OS_PEND_DATA
    385          *              ---------------
    386          *
    387          *              tbl_size           is the size of the array
    388          *
    389          *              timeout            is the timeout to wait in case none of the objects become ready
    390          *
    391          * Returns    : none
    392          *
    393          * Note       : This function is INTERNAL to uC/OS-III and your application should not call it.
    394          ************************************************************************************************************************
    395          */
    396          

   \                                 In section .text, align 2, keep-with-next
    397          void  OS_PendMultiWait (OS_PEND_DATA  *p_pend_data_tbl,
    398                                  OS_OBJ_QTY     tbl_size,
    399                                  OS_TICK        timeout)
    400          {
   \                     OS_PendMultiWait: (+1)
   \   00000000   0xB5F8             PUSH     {R3-R7,LR}
   \   00000002   0x4604             MOV      R4,R0
   \   00000004   0x460D             MOV      R5,R1
   \   00000006   0x4611             MOV      R1,R2
    401              OS_OBJ_QTY      i;
    402              OS_PEND_LIST   *p_pend_list;
    403          
    404          #if OS_CFG_Q_EN > 0u
    405              OS_Q           *p_q;
    406          #endif
    407          
    408          #if OS_CFG_SEM_EN > 0u
    409              OS_SEM         *p_sem;
    410          #endif
    411          
    412          
    413          
    414              OSTCBCurPtr->PendOn             = OS_TASK_PEND_ON_MULTI;   /* Resource not available, wait until it is            */
   \   00000008   0x....             LDR.N    R6,??DataTable3_2
   \   0000000A   0x2003             MOVS     R0,#+3
   \   0000000C   0x6832             LDR      R2,[R6, #+0]
   \   0000000E   0xF882 0x0034      STRB     R0,[R2, #+52]
    415              OSTCBCurPtr->PendStatus         = OS_STATUS_PEND_OK;
   \   00000012   0x2000             MOVS     R0,#+0
   \   00000014   0x6832             LDR      R2,[R6, #+0]
   \   00000016   0xF882 0x0035      STRB     R0,[R2, #+53]
    416              OSTCBCurPtr->PendDataTblEntries = tbl_size;
   \   0000001A   0x6830             LDR      R0,[R6, #+0]
   \   0000001C   0x87C5             STRH     R5,[R0, #+62]
    417              OSTCBCurPtr->PendDataTblPtr     = p_pend_data_tbl;
   \   0000001E   0x6830             LDR      R0,[R6, #+0]
   \   00000020   0x6304             STR      R4,[R0, #+48]
    418          
    419              OS_TaskBlock(OSTCBCurPtr,                                  /* Block the task waiting for object to be posted ...  */
    420                           timeout);                                     /* ... but with a timeout if not                       */
   \   00000022   0x6830             LDR      R0,[R6, #+0]
   \   00000024   0x.... 0x....      BL       OS_TaskBlock
    421          
    422              for (i = 0u; i < tbl_size; i++) {
   \   00000028   0x2700             MOVS     R7,#+0
   \   0000002A   0xE015             B.N      ??OS_PendMultiWait_0
    423                  p_pend_data_tbl->TCBPtr = OSTCBCurPtr;                 /* Every entry points back to the TCB of the task      */
   \                     ??OS_PendMultiWait_1: (+1)
   \   0000002C   0x6830             LDR      R0,[R6, #+0]
   \   0000002E   0x60A0             STR      R0,[R4, #+8]
    424          
    425          #if OS_CFG_SEM_EN > 0u
    426                  p_sem = (OS_SEM *)((void *)p_pend_data_tbl->PendObjPtr);
   \   00000030   0x68E0             LDR      R0,[R4, #+12]
    427                  if (p_sem->Type == OS_OBJ_TYPE_SEM) {
   \   00000032   0x6801             LDR      R1,[R0, #+0]
   \   00000034   0x....             LDR.N    R2,??DataTable3_4  ;; 0x414d4553
   \   00000036   0x4291             CMP      R1,R2
   \   00000038   0xD103             BNE.N    ??OS_PendMultiWait_2
    428                      p_pend_list = &p_sem->PendList;
    429                      OS_PendListInsertPrio(p_pend_list,
    430                                            p_pend_data_tbl);
   \   0000003A   0x4621             MOV      R1,R4
   \   0000003C   0x3008             ADDS     R0,R0,#+8
   \   0000003E   0x.... 0x....      BL       OS_PendListInsertPrio
    431                  }
    432          #endif
    433          
    434          #if OS_CFG_Q_EN > 0u
    435                  p_q = (OS_Q *)((void *)p_pend_data_tbl->PendObjPtr);
   \                     ??OS_PendMultiWait_2: (+1)
   \   00000042   0x68E0             LDR      R0,[R4, #+12]
    436                  if (p_q->Type == OS_OBJ_TYPE_Q) {
   \   00000044   0x6801             LDR      R1,[R0, #+0]
   \   00000046   0x....             LDR.N    R2,??DataTable3_3  ;; 0x55455551
   \   00000048   0x4291             CMP      R1,R2
   \   0000004A   0xD103             BNE.N    ??OS_PendMultiWait_3
    437                      p_pend_list = &p_q->PendList;
    438                      OS_PendListInsertPrio(p_pend_list,
    439                                            p_pend_data_tbl);
   \   0000004C   0x4621             MOV      R1,R4
   \   0000004E   0x3008             ADDS     R0,R0,#+8
   \   00000050   0x.... 0x....      BL       OS_PendListInsertPrio
    440                  }
    441          #endif
    442          
    443                  p_pend_data_tbl++;
   \                     ??OS_PendMultiWait_3: (+1)
   \   00000054   0x3420             ADDS     R4,R4,#+32
    444              }
   \   00000056   0x1C7F             ADDS     R7,R7,#+1
   \                     ??OS_PendMultiWait_0: (+1)
   \   00000058   0xB2BF             UXTH     R7,R7
   \   0000005A   0x42AF             CMP      R7,R5
   \   0000005C   0xD3E6             BCC.N    ??OS_PendMultiWait_1
    445          }
   \   0000005E   0xBDF1             POP      {R0,R4-R7,PC}    ;; return

   \                                 In section .text, align 4, keep-with-next
   \                     ??DataTable3:
   \   00000000   0x........         DC32     OSIntNestingCtr

   \                                 In section .text, align 4, keep-with-next
   \                     ??DataTable3_1:
   \   00000000   0x........         DC32     OSSchedLockNestingCtr

   \                                 In section .text, align 4, keep-with-next
   \                     ??DataTable3_2:
   \   00000000   0x........         DC32     OSTCBCurPtr

   \                                 In section .text, align 4, keep-with-next
   \                     ??DataTable3_3:
   \   00000000   0x55455551         DC32     0x55455551

   \                                 In section .text, align 4, keep-with-next
   \                     ??DataTable3_4:
   \   00000000   0x414D4553         DC32     0x414d4553
    446          
    447          #endif

   Maximum stack usage in bytes:

   .cstack Function
   ------- --------
      32   OSPendMulti
        32   -> CPU_IntDisMeasStart
        32   -> CPU_IntDisMeasStop
        32   -> CPU_SR_Restore
        32   -> CPU_SR_Save
        32   -> OSSched
        32   -> OS_PendMultiGetRdy
        32   -> OS_PendMultiValidate
        32   -> OS_PendMultiWait
      32   OS_PendMultiGetRdy
        32   -> OS_MsgQGet
       8   OS_PendMultiValidate
      24   OS_PendMultiWait
        24   -> OS_PendListInsertPrio
        24   -> OS_TaskBlock


   Section sizes:

   Bytes  Function/Label
   -----  --------------
       4  ??DataTable3
       4  ??DataTable3_1
       4  ??DataTable3_2
       4  ??DataTable3_3
       4  ??DataTable3_4
     304  OSPendMulti
     126  OS_PendMultiGetRdy
      58  OS_PendMultiValidate
      96  OS_PendMultiWait

 
 604 bytes in section .text
 
 604 bytes of CODE memory

Errors: none
Warnings: none
