###############################################################################
#
# IAR ANSI C/C++ Compiler V7.50.1.10123/W32 for ARM       26/Dec/2017  20:53:43
# Copyright 1999-2015 IAR Systems AB.
#
#    Cpu mode     =  thumb
#    Endian       =  little
#    Source file  =  F:\iar\NC199B-100\Library\Source\APP\User\app_var.c
#    Command line =  
#        F:\iar\NC199B-100\Library\Source\APP\User\app_var.c -D
#        USE_STDPERIPH_DRIVER -D STM32F10X_CL -D RELEASE -D IMAGE_A -D
#        STM32F103RC -D STM32_FLASH_SIZE=256 -D HSE_VALUE=25000000 -lCN
#        F:\iar\NC199B-100\Library\Project\IAR\..\..\..\Output\Lib\Relase-107C-APP\List\
#        -o
#        F:\iar\NC199B-100\Library\Project\IAR\..\..\..\Output\Lib\Relase-107C-APP\Obj\
#        --no_unroll --no_inline --no_tbaa --no_scheduling --debug
#        --endian=little --cpu=Cortex-M3 -e --fpu=None --dlib_config
#        "C:\Program Files (x86)\IAR Systems\Embedded Workbench
#        7.3\arm\INC\c\DLib_Config_Full.h" -I
#        F:\iar\NC199B-100\Library\Project\IAR\ -I
#        F:\iar\NC199B-100\Library\Project\IAR\..\..\Source\APP\ -I
#        F:\iar\NC199B-100\Library\Project\IAR\..\..\Source\APP\User\ -I
#        F:\iar\NC199B-100\Library\Project\IAR\..\..\Source\APP\AES\ -I
#        F:\iar\NC199B-100\Library\Project\IAR\..\..\Source\APP\Config\ -I
#        F:\iar\NC199B-100\Library\Project\IAR\..\..\Source\APP\OS\ -I
#        F:\iar\NC199B-100\Library\Project\IAR\..\..\Source\APP\User\ -I
#        F:\iar\NC199B-100\Library\Project\IAR\..\..\Source\APP\SIM900A\Source\
#        -I
#        F:\iar\NC199B-100\Library\Project\IAR\..\..\Source\APP\SIM900A\Port\
#        -I F:\iar\NC199B-100\Library\Project\IAR\..\..\Source\APP\SIM900A\OS\
#        -I
#        F:\iar\NC199B-100\Library\Project\IAR\..\..\Source\APP\SIM900A\Config\
#        -I F:\iar\NC199B-100\Library\Project\IAR\..\..\Source\APP\Protocol\ -I
#        F:\iar\NC199B-100\Library\Project\IAR\..\..\Source\APP\Iap\ -I
#        F:\iar\NC199B-100\Library\Project\IAR\..\..\Source\BSP\ -I
#        F:\iar\NC199B-100\Library\Project\IAR\..\..\Source\BSP\Driver\ -I
#        F:\iar\NC199B-100\Library\Project\IAR\..\..\Source\BSP\IAR\ -I
#        F:\iar\NC199B-100\Library\Project\IAR\..\..\Source\BSP\Os\ -I
#        F:\iar\NC199B-100\Library\Project\IAR\..\..\Source\BSP\Os\uCOS-III\ -I
#        F:\iar\NC199B-100\Library\Project\IAR\..\..\Source\BSP\St\ -I
#        F:\iar\NC199B-100\Library\Project\IAR\..\..\Source\BSP\St\FWLib\CMSIS\CM3\CoreSupport\
#        -I
#        F:\iar\NC199B-100\Library\Project\IAR\..\..\Source\BSP\St\FWLib\CMSIS\CM3\DeviceSupport\ST\STM32F10x\
#        -I
#        F:\iar\NC199B-100\Library\Project\IAR\..\..\Source\BSP\St\FWLib\STM32F10x_StdPeriph_Driver\inc\
#        -I F:\iar\NC199B-100\Library\Project\IAR\..\..\Source\Micrium\uC-CPU\
#        -I
#        F:\iar\NC199B-100\Library\Project\IAR\..\..\Source\Micrium\uC-CPU\ARM-Cortex-M3\IAR\
#        -I F:\iar\NC199B-100\Library\Project\IAR\..\..\Source\Micrium\uC-LIB\
#        -I F:\iar\NC199B-100\Library\Project\IAR\..\..\Source\BSP\Os\OSAL\ -I
#        F:\iar\NC199B-100\Library\Project\IAR\..\..\Source\OSAL\OS\ -I
#        F:\iar\NC199B-100\Library\Project\IAR\..\..\Source\Micrium\uC-MB\ -I
#        F:\iar\NC199B-100\Library\Project\IAR\..\..\Source\Micrium\uC-MB\Cfg\Template\
#        -I
#        F:\iar\NC199B-100\Library\Project\IAR\..\..\Source\Micrium\uC-MB\OS\uCOS-III\
#        -I
#        F:\iar\NC199B-100\Library\Project\IAR\..\..\Source\Micrium\uC-MB\Source\
#        -I
#        F:\iar\NC199B-100\Library\Project\IAR\..\..\Source\Micrium\uC-OS-III\
#        -I
#        F:\iar\NC199B-100\Library\Project\IAR\..\..\Source\Micrium\uC-OS-III\Ports\ARM-Cortex-M3\Generic\IAR\
#        -I
#        F:\iar\NC199B-100\Library\Project\IAR\..\..\Source\Micrium\uC-OS-III\Source\
#        -I F:\iar\NC199B-100\Library\Project\IAR\..\..\Source\FatFs\ -I
#        F:\iar\NC199B-100\Library\Project\IAR\..\..\Source\FatFs\option\ -Om
#        --use_c++_inline -I "C:\Program Files (x86)\IAR Systems\Embedded
#        Workbench 7.3\arm\CMSIS\Include\"
#    List file    =  
#        F:\iar\NC199B-100\Library\Project\IAR\..\..\..\Output\Lib\Relase-107C-APP\List\app_var.lst
#    Object file  =  
#        F:\iar\NC199B-100\Library\Project\IAR\..\..\..\Output\Lib\Relase-107C-APP\Obj\app_var.o
#
###############################################################################

F:\iar\NC199B-100\Library\Source\APP\User\app_var.c
      1          /*******************************************************************************
      2           *   Filename:       app_var.c
      3           *   Revised:        $Date: 2014-07-30$
      4           *   Revision:       $
      5           *	 Writer:		 Wuming Shen.
      6           *
      7           *   Description:
      8           *   Notes:
      9           *					QQ:276193028
     10           *     				E-mail:shenchangwei945@163.com
     11           *
     12           *   All copyrights reserved to Wuming Shen.
     13           *
     14           *******************************************************************************/
     15          
     16          #define   APP_GLOBALS
     17          /*******************************************************************************
     18           * INCLUDES
     19           */
     20          #define  SNL_APP_SOURCE
     21          #include <app.h>
     22          #include <app_ctrl.h>
     23          
     24          
     25          #ifdef VSC_INCLUDE_SOURCE_FILE_NAMES
     26          const  CPU_CHAR  *app_var__c = "$Id: $";
     27          #endif
     28          /*******************************************************************************
     29           * CONSTANTS
     30           */

   \                                 In section .rodata, align 4, keep-with-next
     31           const StrCtrlPara MbsParaAtrIdx  = {
   \                     MbsParaAtrIdx:
   \   00000000   0x0000             DC16 0
   \   00000002   0x00 0x00          DC8 0, 0, 0, 0, 0, 0, 0, 0, 0, 0, 0, 0, 0, 0, 0, 0
   \              0x00 0x00    
   \              0x00 0x00    
   \              0x00 0x00    
   \              0x00 0x00    
   \              0x00 0x00    
   \              0x00 0x00    
   \              0x00 0x00    
   \   00000012   0x00 0x00          DC8 0, 0, 0, 0, 0, 0, 0, 0, 0, 0, 0, 0, 0, 0, 0, 0
   \              0x00 0x00    
   \              0x00 0x00    
   \              0x00 0x00    
   \              0x00 0x00    
   \              0x00 0x00    
   \              0x00 0x00    
   \              0x00 0x00    
   \   00000022   0x00 0x00          DC8 0, 0, 0, 0, 0, 0, 0, 0, 0, 0, 0, 0, 0, 0, 0, 0
   \              0x00 0x00    
   \              0x00 0x00    
   \              0x00 0x00    
   \              0x00 0x00    
   \              0x00 0x00    
   \              0x00 0x00    
   \              0x00 0x00    
   \   00000032   0x00 0x00          DC8 0, 0, 0, 0, 0, 0, 0, 0, 0, 0, 0, 0, 0, 0, 0, 0
   \              0x00 0x00    
   \              0x00 0x00    
   \              0x00 0x00    
   \              0x00 0x00    
   \              0x00 0x00    
   \              0x00 0x00    
   \              0x00 0x00    
   \   00000042   0x00 0x00          DC8 0, 0, 0, 0, 0, 0, 0, 0, 0, 0, 0, 0, 0, 0, 0, 0
   \              0x00 0x00    
   \              0x00 0x00    
   \              0x00 0x00    
   \              0x00 0x00    
   \              0x00 0x00    
   \              0x00 0x00    
   \              0x00 0x00    
   \   00000052   0x00 0x00          DC8 0, 0, 0, 0, 0, 0, 0, 0, 0, 0, 0, 0, 0, 0, 0, 0
   \              0x00 0x00    
   \              0x00 0x00    
   \              0x00 0x00    
   \              0x00 0x00    
   \              0x00 0x00    
   \              0x00 0x00    
   \              0x00 0x00    
   \   00000062   0x00 0x00          DC8 0, 0, 0, 0, 0, 0, 0, 0, 0, 0, 0, 0, 0, 0, 0, 0
   \              0x00 0x00    
   \              0x00 0x00    
   \              0x00 0x00    
   \              0x00 0x00    
   \              0x00 0x00    
   \              0x00 0x00    
   \              0x00 0x00    
   \   00000072   0x00 0x00          DC8 0, 0, 0, 0, 0, 0, 0, 0, 0, 0, 0, 0, 0, 0, 0, 0
   \              0x00 0x00    
   \              0x00 0x00    
   \              0x00 0x00    
   \              0x00 0x00    
   \              0x00 0x00    
   \              0x00 0x00    
   \              0x00 0x00    
   \   00000082   0x00 0x00          DC8 0, 0, 0, 0, 0, 0, 0, 0, 0, 0, 0, 0, 0, 0, 0, 0
   \              0x00 0x00    
   \              0x00 0x00    
   \              0x00 0x00    
   \              0x00 0x00    
   \              0x00 0x00    
   \              0x00 0x00    
   \              0x00 0x00    
   \   00000092   0x00 0x00          DC8 0, 0, 0, 0, 0, 0, 0, 0, 0, 0, 0, 0, 0, 0, 0, 0
   \              0x00 0x00    
   \              0x00 0x00    
   \              0x00 0x00    
   \              0x00 0x00    
   \              0x00 0x00    
   \              0x00 0x00    
   \              0x00 0x00    
   \   000000A2   0x00 0x00          DC8 0, 0, 0, 0, 0, 0, 0, 0, 0, 0, 0, 0, 0, 0, 0, 0
   \              0x00 0x00    
   \              0x00 0x00    
   \              0x00 0x00    
   \              0x00 0x00    
   \              0x00 0x00    
   \              0x00 0x00    
   \              0x00 0x00    
   \   000000B2   0x00 0x00          DC8 0, 0, 0, 0, 0, 0, 0, 0, 0, 0, 0, 0, 0, 0, 0, 0
   \              0x00 0x00    
   \              0x00 0x00    
   \              0x00 0x00    
   \              0x00 0x00    
   \              0x00 0x00    
   \              0x00 0x00    
   \              0x00 0x00    
   \   000000C2   0x00 0x00          DC8 0, 0, 0, 0, 0, 0, 0, 0, 0, 0, 0, 0, 0, 0, 0, 0
   \              0x00 0x00    
   \              0x00 0x00    
   \              0x00 0x00    
   \              0x00 0x00    
   \              0x00 0x00    
   \              0x00 0x00    
   \              0x00 0x00    
   \   000000D2   0x00 0x00          DC8 0, 0, 0, 0, 0, 0, 0, 0, 0, 0, 0, 0, 0, 0, 0, 0
   \              0x00 0x00    
   \              0x00 0x00    
   \              0x00 0x00    
   \              0x00 0x00    
   \              0x00 0x00    
   \              0x00 0x00    
   \              0x00 0x00    
   \   000000E2   0x00 0x00          DC8 0, 0, 0, 0, 0, 0, 0, 0, 0, 0, 0, 0, 0, 0
   \              0x00 0x00    
   \              0x00 0x00    
   \              0x00 0x00    
   \              0x00 0x00    
   \              0x00 0x00    
   \              0x00 0x00    
     32          //序号
     33             0,                                               // 
     34          //   1,                                               // 
     35          //   2,                                               // 
     36          //   3,                                               // 
     37          //   4,                                               // 
     38          //   5,                                               // 
     39          //   6,                                                  
     40          //   7,                                               // 
     41          //   8,                                               // 
     42          //   9,                                               // 
     43          //  10,                                               // 
     44          //  11,                                               // 
     45          //  12,                                               // 
     46          //  13,                                               // 
     47          //  14,                                               // 
     48          //  15,                                               // 
     49          //  16,                                               // 
     50          //  17,                                               // 
     51          //  18,                                               // 
     52          //  19,                                               // 
     53          //  20,                                               // 
     54          //  21,                                               // 
     55          //  22,                                               // 
     56          //  23,                                               // 
     57          //  24,                                               // 
     58          //  25,                                               // 
     59          //  26,                                               // 
     60          //  27,                                               // 
     61          //  28,                                               // 
     62          //  29,                                               // 
     63          //  30,                                               // 
     64          //  31,                                               // 
     65          //  32,                                               // 
     66          //  33,                                               // 
     67          //  34,                                               // 
     68          //  35,                                               // 
     69          //  36, 
     70          //  37, 
     71          //  38, 
     72          //  39, 
     73          //  40, 
     74          //  41, 
     75          //  42, 
     76          //  43, 
     77          //  44,
     78          //  45,
     79          //  46, 
     80          //  47, 
     81          //  48, 
     82          //  49, 
     83          //  50,  
     84          //  51,  
     85          //  52,  
     86          //  53,  
     87          //  54,  
     88          //  55,  
     89          //  56,  
     90          //  57,  
     91          //  58,  
     92          //  59,  
     93          //  60,  
     94          //  61,  
     95          //  62,  
     96          //  63,
     97          //  64,
     98          //  65,
     99          //  66,
    100          //  67,
    101          //  68,
    102          //  69,
    103          //  70,
    104          //  71,
    105          //  72,
    106          //  73,
    107          //  74,
    108          //  75,
    109          //  76,
    110          //  77,
    111          //  78,
    112          //  79,
    113          //  80,
    114          //  81,
    115          //  82,
    116          //  83,
    117          //  84,
    118          //  85,
    119          //  86,
    120          //  87,
    121          //  88,
    122          //  89,
    123          //  90,
    124          //  91,
    125          //  92,
    126          //  93,
    127          //  94,
    128          //  95,
    129          //  96,
    130          //  97,
    131          //  98,
    132          //  99,
    133          //  100,
    134          //  101,
    135          //  102,
    136          //  103,
    137          //  104,
    138          //  105,
    139          //  107,
    140          //  106,
    141          //  108,
    142          //  109,
    143          //  110,
    144          ////  111,
    145          ////  112,
    146          ////  113,
    147          ////  114,
    148          ////  115,
    149          ////  117,
    150          ////  116,
    151          ////  118,
    152          ////  119,
    153          ////  120,
    154          //  //121,
    155          //  //122,
    156          //  //123,
    157          //  //124,
    158          //  //125,
    159          //  //127,
    160          //  //126,
    161          //#if ( PARA_TYPE == PARA_TYPE_INT08U ) || ( PARA_TYPE == PARA_TYPE_INT08S )
    162          //  128,
    163          //  129,
    164          //  130,
    165          //  131,
    166          //  132,
    167          //  133,
    168          //  134,
    169          //  135,
    170          //  137,
    171          //  136,
    172          //  138,
    173          //  139,
    174          //  140,
    175          //  141,
    176          //  142,
    177          //  143,
    178          //  144,
    179          //  145,
    180          //  146,
    181          //  147,
    182          //  148,
    183          //  149,
    184          //  150,
    185          //  151,
    186          //  152,
    187          //  153,
    188          //  154,
    189          //  155,
    190          //  156,
    191          //  157,
    192          //  158,
    193          //  159,
    194          //  160,
    195          //  161,
    196          //  162,
    197          //  163,
    198          //  164,
    199          //  165,
    200          //  166,
    201          //  167,
    202          //  168,
    203          //  169,
    204          //  170,
    205          //  171,
    206          //  172,
    207          //  173,
    208          //  174,
    209          //  175,
    210          //  176,
    211          //  177,
    212          //  178,
    213          //  179,
    214          //  180,
    215          //  181,
    216          //  182,
    217          //  183,
    218          //  184,
    219          //  185,
    220          //  186,
    221          //  187,
    222          //  188,
    223          //  189,
    224          //  190,
    225          //  191,
    226          //  192,
    227          //  193,
    228          //  194,
    229          //  195,
    230          //  196,
    231          //  197,
    232          //  198,
    233          //  199,
    234          //  200,
    235          //  201,
    236          //  202,
    237          //  203,
    238          //  204,
    239          //  205,
    240          //  206,
    241          //  207,
    242          //  208,
    243          //  209,
    244          //  210,
    245          //  211,
    246          //  212,
    247          //  213,
    248          //  214,
    249          //  215,
    250          //  216,
    251          //  217,
    252          //  218,
    253          //  219,
    254          //  220,
    255          //  221,
    256          //  222,
    257          //  223,
    258          //  224,
    259          //  225,
    260          //  226,
    261          //  227,
    262          //  228,
    263          //  229,
    264          //  230,
    265          //  231,
    266          //  232,
    267          //  233,
    268          //  234,
    269          //  235,
    270          //  236,
    271          //  237,
    272          //  238,
    273          //  239,
    274          //  240,
    275          //  241,
    276          //  242,
    277          //  243,
    278          //  244,
    279          //  245,
    280          //  246,
    281          //  247,
    282          //  248,
    283          //  249,
    284          //  250,
    285          //  251,
    286          //  252,
    287          //  253,
    288          //  254,
    289          //  255,  
    290          //#endif
    291          };

   \                                 In section .bss, align 4
    292          StrNcProtocol   ComPackCtrl[4];
   \                     ComPackCtrl:
   \   00000000                      DS8 40
    293          /*******************************************************************************
    294           * GLOBAL VARIABLES
    295           */
    296          /*************************************************
    297          * 描述：
    298          */

   \                                 In section .bss, align 4
    299          stcCtrlDCB       Ctrl = {0
   \                     Ctrl:
   \   00000000                      DS8 1220
    300              /***************************************************************************
    301              * 描述： 参数：Para
    302              */
    303          //    {
    304          //    /***************************************************
    305          //    * 描述： （2）：系统参数：起始地址 = 000
    306          //    */      
    307          //    0,
    308          //    0.8500,  
    309          //    15,
    310          //    9.7915,
    311          //    0.85,
    312          //    9.7915,
    313          //    {0},
    314          //    {0},
    315          //    {0},
    316          //#if defined( DISPLAY )
    317          //    {{0,                                                // 传感器滤波级别选择： 0~4
    318          //    3,                                                  // 传感器选择:          0低、1高、2平均、3智能
    319          //    0,                                                  // 密度选择：           0设定、1测量、2设定测量平均值、3智能
    320          //    0,                                                  // 重力加速度选择：     0设定、1测量、2设定测量平均、3智能
    321          //    0,                                                  // 计算方法选择：       0A-I-P、1A-P
    322          //    0,                                                  // 显示模式：           0连接显示油量，断开显示高度；1显示高度；2；轮流显示 3：关闭显示
    323          //    2}},                                                // 设备类型：           0双通道测量模块；1单通道测量模块；2扩展显示模块
    324          //#else
    325          //    {{0,3,0,0,0,0,0}},
    326          //#endif
    327          //    /***************************************************************************
    328          //    * 描述： Tab
    329          //    */
    330          //    {
    331          //        // 表1
    332          //        0,                                              // 偏置
    333          //        3,                                              // 点数
    334          //        {
    335          //            { 0,    2800 },                             // 高度1、体积1
    336          //            { 690,  3800 },
    337          //            { 6239, 9000 },
    338          //        }
    339          //    },
    340          //    /***************************************************
    341          //    * 描述： （2）：系统参数：起始地址 = 020 
    342          //    */
    343          //    /***************************************************
    344          //    * 描述： （2）：系统参数：起始地址 = 040
    345          //    */ 
    346          //    /***************************************************
    347          //    * 描述： （2）：系统参数：起始地址 = 060
    348          //    */
    349          //    /***************************************************
    350          //    * 描述： （2）：系统参数：起始地址 = 080
    351          //    */
    352          //    /***************************************************
    353          //    * 描述： （1）：用户参数：起始地址 = 100
    354          //    */
    355          //    /***************************************************
    356          //    * 描述： （2）：系统参数：起始地址 = 120 
    357          //    */
    358          //    /***************************************************
    359          //    * 描述： （2）：系统参数：起始地址 = 140
    360          //    */
    361          //    /***************************************************
    362          //    * 描述： （2）：系统参数：起始地址 = 160
    363          //    */
    364          //    /***************************************************
    365          //    * 描述： （2）：系统参数：起始地址 = 180
    366          //    */
    367          //    /***************************************************
    368          //    * 描述： （1）：用户参数：起始地址 = 200
    369          //    */
    370          //    /***************************************************
    371          //    * 描述： 设备类型选择：起始地址 = 254
    372          //    */
    373          //    /***************************************************
    374          //    * 描述： 恢复出厂设置：起始地址 = 255
    375          //    */
    376          //    },
    377          //    /***************************************************************************
    378          //    * 描述： Sen
    379          //    */
    380          //    {
    381          //        {0},                                            // H
    382          //        {0},                                            // L
    383          //        {0},                                            // C
    384          //        {
    385          //        /***************************************************
    386          //        * 描述： （2）：系统参数：起始地址 = 000
    387          //        */    
    388          //        800,        //CPU_FP32                ChkedDiffHight;             // 校准高度差
    389          //        0,          //CPU_FP32                DiffPNbr;                   // 压强差数据组个数
    390          //        0,          //CPU_FP32                PINbr;                      // 压强电流数据组个数    
    391          //        0.85,       //CPU_FP32                TestDensity;                // 测试密度
    392          //        9.7915,     //CPU_FP32                TestGravity;                // 测试加速度
    393          //        0,          //INT32U                  SenId;                      // 传感器编号，上在前，下在后
    394          //        0,          //CPU_FP32                Offset;                     // 保留5个参数
    395          //        /***************************************************
    396          //        * 描述： 校准参数：起始地址 = 116
    397          //        */
    398          //        {//union __uSENSOR_CHECK_TYPE2 {
    399          //        //    struct __sSENSOR_CHECK_TYPE2 {
    400          //        //        INT16U      ChkType             : 4;        // 高位传感器校准类型：0不校准；1压强差分段；2：压强差线性；3：压力电流分段；4：压力电流线性
    401          //        //        INT16U      Test                : 4;        // 低位传感器校准类型：0不校准；1压强差分段；2：压强差线性；3：压力电流分段；4：压力电流线性
    402          //        //        INT16U      Rst                 : 4;        // 复位标志
    403          //        //        INT16U      Rsv                 : 4;
    404          //        //    }udat;
    405          //        0,//    INT32U dat;
    406          //        },//} SenSts;
    407          //        //{0},        //CPU_FP32                RSV1[2];                    // 保留5个参数
    408          //        1,
    409          //        0,
    410          //        /***************************************************
    411          //        * 描述： （2）：系统参数：起始地址 = 020 
    412          //        */
    413          //        {0},        //CPU_FP32                DiffP[10];
    414          //        /***************************************************
    415          //        * 描述： （3）：系统参数：起始地址 = 100
    416          //        */ 
    417          //        {0},        //CPU_FP32                PI[2][6][2];
    418          //        /***************************************************
    419          //        * 描述： （4）：系统参数：起始地址 = 184
    420          //        */ 
    421          //        //StrIToPSenChk           Check[2];
    422          //        /***************************************************
    423          //        * 描述： （1）：用户参数：起始地址 = 232
    424          //        */
    425          //        //CPU_FP32                RSV2[8];                     // 保留5个参数
    426          //
    427          //        /***************************************************
    428          //        * 描述： 校验码：起始地址 = 252
    429          //        */
    430          //        //INT16U                  ReadFlag;                   // 已读取标志，0X5A为新数据，0XA5为已读，其他为无效
    431          //        /***************************************************
    432          //        * 描述： 校验码：起始地址 = 254
    433          //        */
    434          //        //INT16U                  CheckSum;                   // 校验码
    435          //        },                                            // Para
    436          //    },
    437          //    /***************************************************************************
    438          //    * 描述： Tab
    439          //    */
    440          //    {
    441          //        // 表1
    442          //        0,                                              // 偏置
    443          //        3,                                              // 点数
    444          //        {
    445          //            { 0,    2800 },                             // 高度1、体积1
    446          //            { 690,  3800 },
    447          //            { 6239, 9000 },
    448          //        }
    449          //    },
    450          //    /***************************************************************************
    451          //    * 描述： Comm
    452          //    */
    453          //    {
    454          //        0,
    455          //    },
    456              /***************************************************
    457              * 描述： 
    458              */
    459          };
    460          

   \                                 In section .rodata, align 4, keep-with-next
    461           const StrParaRange MbsParaRange[127]  = {
   \                     MbsParaRange:
   \   00000000   0x8000 0x7FFF      DC16 -32768, 32767, -32768, 32767, 0, 15, -32768, 32767, 0, 32767, 0
   \              0x8000 0x7FFF
   \              0x0000 0x000F
   \              0x8000 0x7FFF
   \              0x0000 0x7FFF
   \              0x0000       
   \   00000016   0x7FFF 0x8000      DC16 32767, -32768, 32767, -32768, 32767, 0, 32767, 0, 32767, -200, 200
   \              0x7FFF 0x8000
   \              0x7FFF 0x0000
   \              0x7FFF 0x0000
   \              0x7FFF 0xFF38
   \              0x00C8       
   \   0000002C   0xFF38 0x00C8      DC16 -200, 200, 0, 1000, 0, 1000, 0, 4096, 0, 4096, 0, 32767, 0, 32767
   \              0x0000 0x03E8
   \              0x0000 0x03E8
   \              0x0000 0x1000
   \              0x0000 0x1000
   \              0x0000 0x7FFF
   \              0x0000 0x7FFF
   \   00000048   0x0000 0x7FFF      DC16 0, 32767, 0, 32767, 0, 32767, 0, 32767, 0, 32767, 0, 32767, 0
   \              0x0000 0x7FFF
   \              0x0000 0x7FFF
   \              0x0000 0x7FFF
   \              0x0000 0x7FFF
   \              0x0000 0x7FFF
   \              0x0000       
   \   00000062   0x7FFF 0x0000      DC16 32767, 0, 32767, 0, 32767, 0, 32767, 0, 32767, 0, 32767, 0, 32767
   \              0x7FFF 0x0000
   \              0x7FFF 0x0000
   \              0x7FFF 0x0000
   \              0x7FFF 0x0000
   \              0x7FFF 0x0000
   \              0x7FFF       
   \   0000007C   0x0000 0x7FFF      DC16 0, 32767, 0, 32767, 0, 32767, 0, 32767, 0, 32767, 0, 32767, 0
   \              0x0000 0x7FFF
   \              0x0000 0x7FFF
   \              0x0000 0x7FFF
   \              0x0000 0x7FFF
   \              0x0000 0x7FFF
   \              0x0000       
   \   00000096   0x7FFF 0x0000      DC16 32767, 0, 32767, 0, 32767, 0, 32767, 0, 32767, 0, 32767, 0, 32767
   \              0x7FFF 0x0000
   \              0x7FFF 0x0000
   \              0x7FFF 0x0000
   \              0x7FFF 0x0000
   \              0x7FFF 0x0000
   \              0x7FFF       
   \   000000B0   0x0000 0x7FFF      DC16 0, 32767, 0, 32767, 0, 32767, 0, 32767, 0, 32767, 0, 32767, 0
   \              0x0000 0x7FFF
   \              0x0000 0x7FFF
   \              0x0000 0x7FFF
   \              0x0000 0x7FFF
   \              0x0000 0x7FFF
   \              0x0000       
   \   000000CA   0x7FFF 0x0000      DC16 32767, 0, 32767, 0, 32767, 0, 32767, 0, 32767, 0, 32767, 0, 32767
   \              0x7FFF 0x0000
   \              0x7FFF 0x0000
   \              0x7FFF 0x0000
   \              0x7FFF 0x0000
   \              0x7FFF 0x0000
   \              0x7FFF       
   \   000000E4   0x0000 0x7FFF      DC16 0, 32767, 0, 32767, 0, 32767, 0, 32767, 0, 32767, 0, 32767, 0
   \              0x0000 0x7FFF
   \              0x0000 0x7FFF
   \              0x0000 0x7FFF
   \              0x0000 0x7FFF
   \              0x0000 0x7FFF
   \              0x0000       
   \   000000FE   0x7FFF 0x0000      DC16 32767, 0, 32767, 0, 32767, 0, 32767, 0, 32767, 0, 32767, 0, 32767
   \              0x7FFF 0x0000
   \              0x7FFF 0x0000
   \              0x7FFF 0x0000
   \              0x7FFF 0x0000
   \              0x7FFF 0x0000
   \              0x7FFF       
   \   00000118   0x0000 0x7FFF      DC16 0, 32767, 0, 32767, 0, 32767, 0, 32767, 0, 32767, 0, 32767, 0
   \              0x0000 0x7FFF
   \              0x0000 0x7FFF
   \              0x0000 0x7FFF
   \              0x0000 0x7FFF
   \              0x0000 0x7FFF
   \              0x0000       
   \   00000132   0x7FFF 0x0000      DC16 32767, 0, 32767, 0, 32767, 0, 32767, 0, 32767, 0, 32767, 0, 32767
   \              0x7FFF 0x0000
   \              0x7FFF 0x0000
   \              0x7FFF 0x0000
   \              0x7FFF 0x0000
   \              0x7FFF 0x0000
   \              0x7FFF       
   \   0000014C   0x0000 0x7FFF      DC16 0, 32767, 0, 32767, 0, 32767, 0, 32767, 0, 32767, 0, 32767, 0
   \              0x0000 0x7FFF
   \              0x0000 0x7FFF
   \              0x0000 0x7FFF
   \              0x0000 0x7FFF
   \              0x0000 0x7FFF
   \              0x0000       
   \   00000166   0x7FFF 0x0000      DC16 32767, 0, 32767, 0, 32767, 0, 32767, 0, 32767, 0, 32767, 0, 32767
   \              0x7FFF 0x0000
   \              0x7FFF 0x0000
   \              0x7FFF 0x0000
   \              0x7FFF 0x0000
   \              0x7FFF 0x0000
   \              0x7FFF       
   \   00000180   0x0000 0x7FFF      DC16 0, 32767, 0, 32767, 0, 32767, 0, 32767, 0, 32767, 0, 32767, 0
   \              0x0000 0x7FFF
   \              0x0000 0x7FFF
   \              0x0000 0x7FFF
   \              0x0000 0x7FFF
   \              0x0000 0x7FFF
   \              0x0000       
   \   0000019A   0x7FFF 0x0000      DC16 32767, 0, 32767, 0, 32767, 0, 32767, 0, 32767, 0, 32767, 0, 32767
   \              0x7FFF 0x0000
   \              0x7FFF 0x0000
   \              0x7FFF 0x0000
   \              0x7FFF 0x0000
   \              0x7FFF 0x0000
   \              0x7FFF       
   \   000001B4   0x0000 0x7FFF      DC16 0, 32767, 0, 32767, 0, 32767, 0, 32767, 0, 32767, 0, 32767, 0
   \              0x0000 0x7FFF
   \              0x0000 0x7FFF
   \              0x0000 0x7FFF
   \              0x0000 0x7FFF
   \              0x0000 0x7FFF
   \              0x0000       
   \   000001CE   0x7FFF 0x0000      DC16 32767, 0, 32767, 0, 32767, 0, 32767, 0, 32767, -32768, 32767
   \              0x7FFF 0x0000
   \              0x7FFF 0x0000
   \              0x7FFF 0x0000
   \              0x7FFF 0x8000
   \              0x7FFF       
   \   000001E4   0x8000 0x7FFF      DC16 -32768, 32767, -32768, 32767, -32768, 32767, -32768, 32767, -32768
   \              0x8000 0x7FFF
   \              0x8000 0x7FFF
   \              0x8000 0x7FFF
   \              0x8000       
   \   000001F6   0x7FFF 0x8000      DC16 32767, -32768, 32767
   \              0x7FFF       
    462          //序号  最小值  最大值
    463              /***************************************************
    464              * 描述： （2）：系统参数：起始地址 = 000
    465              */
    466              {0x8000,    0x7FFF},                                //
    467              {0x8000,    0x7FFF},                                //
    468              {0,         0x000F},                                //
    469              {0x8000,    0x7FFF},                                //
    470              {0,         0x7FFF},                                //
    471              {0,         0x7FFF},                                //
    472              {0x8000,    0x7FFF},                                //
    473              {0x8000,    0x7FFF},                                //
    474              {0,         0x7FFF},                                //
    475              {0,         0x7FFF},                                //
    476                                                                  //
    477              {-200,      200   },                                //
    478              {-200,      200   },                                //
    479              {0,         1000  },                                //
    480              {0,         1000  },                                //
    481              {0,         4096  },                                //
    482              {0,         4096  },                                //
    483              {0,         0X7FFF},                                //
    484              {0,         0X7FFF},                                //
    485              {0,         0X7FFF},                                //
    486              {0,         0X7FFF},                                //
    487              /***************************************************
    488              * 描述： （2）：系统参数：起始地址 = 020 
    489              */
    490              {0,  0x7FFF},                                       //
    491              {0,  0X7FFF},                                       //
    492              {0,  0X7FFF},                                       //
    493              {0,  0X7FFF},                                       //
    494              {0,  0X7FFF},                                       //
    495              {0,  0X7FFF},                                       //
    496              {0,  0X7FFF},                                       //
    497              {0,  0X7FFF},                                       //
    498              {0,  0X7FFF},                                       //
    499              {0,  0X7FFF},                                       //
    500                                                                  //
    501              {0,  0x7FFF},                                       //
    502              {0,  0X7FFF},                                       //
    503              {0,  0X7FFF},                                       //
    504              {0,  0X7FFF},                                       //
    505              {0,  0X7FFF},                                       //
    506              {0,  0X7FFF},                                       //
    507              {0,  0X7FFF},                                       //
    508              {0,  0X7FFF},                                       //
    509              {0,  0X7FFF},                                       //
    510              {0,  0X7FFF},                                       //
    511              /***************************************************
    512              * 描述： （2）：系统参数：起始地址 = 040
    513              */ 
    514              {0,  0x7FFF},                                       //
    515              {0,  0X7FFF},                                       //
    516              {0,  0X7FFF},                                       //
    517              {0,  0X7FFF},                                       //
    518              {0,  0X7FFF},                                       //
    519              {0,  0X7FFF},                                       //
    520              {0,  0X7FFF},                                       //
    521              {0,  0X7FFF},                                       //
    522              {0,  0X7FFF},                                       //
    523              {0,  0X7FFF},                                       //
    524                                                                  //
    525              {0,  0x7FFF},                                       //
    526              {0,  0X7FFF},                                       //
    527              {0,  0X7FFF},                                       //
    528              {0,  0X7FFF},                                       //
    529              {0,  0X7FFF},                                       //
    530              {0,  0X7FFF},                                       //
    531              {0,  0X7FFF},                                       //
    532              {0,  0X7FFF},                                       //
    533              {0,  0X7FFF},                                       //
    534              {0,  0X7FFF},                                       //
    535              /***************************************************
    536              * 描述： （2）：系统参数：起始地址 = 060
    537              */
    538              {0,  0x7FFF},                                       //
    539              {0,  0X7FFF},                                       //
    540              {0,  0X7FFF},                                       //
    541              {0,  0X7FFF},                                       //
    542              {0,  0X7FFF},                                       //
    543              {0,  0X7FFF},                                       //
    544              {0,  0X7FFF},                                       //
    545              {0,  0X7FFF},                                       //
    546              {0,  0X7FFF},                                       //
    547              {0,  0X7FFF},                                       //
    548                                                                  //
    549              {0,  0x7FFF},                                       //
    550              {0,  0X7FFF},                                       //
    551              {0,  0X7FFF},                                       //
    552              {0,  0X7FFF},                                       //
    553              {0,  0X7FFF},                                       //
    554              {0,  0X7FFF},                                       //
    555              {0,  0X7FFF},                                       //
    556              {0,  0X7FFF},                                       //
    557              {0,  0X7FFF},                                       //
    558              {0,  0X7FFF},                                       //
    559              /***************************************************
    560              * 描述： （2）：系统参数：起始地址 = 080
    561              */
    562              {0,  0x7FFF},                                       //
    563              {0,  0X7FFF},                                       //
    564              {0,  0X7FFF},                                       //
    565              {0,  0X7FFF},                                       //
    566              {0,  0X7FFF},                                       //
    567              {0,  0X7FFF},                                       //
    568              {0,  0X7FFF},                                       //
    569              {0,  0X7FFF},                                       //
    570              {0,  0X7FFF},                                       //
    571              {0,  0X7FFF},                                       //
    572                                                                  //
    573              {0,  0x7FFF},                                       //
    574              {0,  0X7FFF},                                       //
    575              {0,  0X7FFF},                                       //
    576              {0,  0X7FFF},                                       //
    577              {0,  0X7FFF},                                       //
    578              {0,  0X7FFF},                                       //
    579              {0,  0X7FFF},                                       //
    580              {0,  0X7FFF},                                       //
    581              {0,  0X7FFF},                                       //
    582              {0,  0X7FFF},                                       //
    583              /***************************************************
    584              * 描述： （1）：用户参数：起始地址 = 100
    585              */
    586              {0,  0x7FFF},                                       //
    587              {0,  0X7FFF},                                       //
    588              {0,  0X7FFF},                                       //
    589              {0,  0X7FFF},                                       //
    590              {0,  0X7FFF},                                       //
    591              {0,  0X7FFF},                                       //
    592              {0,  0X7FFF},                                       //
    593              {0,  0X7FFF},                                       //
    594              {0,  0X7FFF},                                       //
    595              {0,  0X7FFF},                                       //
    596                                                                  //
    597              {0,  0x7FFF},                                       //
    598              {0,  0X7FFF},                                       //
    599              {0,  0X7FFF},                                       //
    600              {0,  0X7FFF},                                       //
    601              {0,  0X7FFF},                                       //
    602              {0,  0X7FFF},                                       //
    603              {0,  0X7FFF},                                       //
    604              {0,  0X7FFF},                                       //
    605              {0,  0X7FFF},                                       //
    606              {0,  0X7FFF},                                       //
    607              /***************************************************
    608              * 描述： （2）：系统参数：起始地址 = 120 
    609              */
    610              //              参数	                            描述	                范围	标准
    611              {0X8000,0X7FFF}, {0X8000,0X7FFF}, {0X8000,0X7FFF}, {0X8000,0X7FFF}, {0X8000,0X7FFF},
    612              {0X8000,0X7FFF}, {0X8000,0X7FFF}, 
    613              
    614          //    {0,    99}, {0,    99}, {0,    99},
    615          //    
    616          //    {0,    99}, {0,    99}, {0,    99}, {0,    99}, {0,    99},
    617          //    {0,    99}, {0,    99}, {0,    99}, {0,    99}, {0,    99},
    618          //    /***************************************************
    619          //    * 描述： （2）：系统参数：起始地址 = 140
    620          //    */
    621          //    //              参数	                            描述	                范围	标准
    622          //    {0,    99}, {0,    99}, {0,    99}, {0,    99}, {0,    99},
    623          //    {0,    99}, {0,    99}, {0,    99}, {0,    99}, {0,    99},
    624          //    {0,    99}, {0,    99}, {0,    99}, {0,    99}, {0,    99},
    625          //    {0,    99}, {0,    99}, {0,    99}, {0,    99}, {0,    99},
    626          //    /***************************************************
    627          //    * 描述： （2）：系统参数：起始地址 = 160
    628          //    */
    629          //    //              参数	                            描述	                范围	标准
    630          //    {0,    99}, {0,    99}, {0,    99}, {0,    99}, {0,    99},
    631          //    {0,    99}, {0,    99}, {0,    99}, {0,    99}, {0,    99},
    632          //    {0,    99}, {0,    99}, {0,    99}, {0,    99}, {0,    99},
    633          //    {0,    99}, {0,    99}, {0,    99}, {0,    99}, {0,    99},
    634          //    /***************************************************
    635          //    * 描述： （2）：系统参数：起始地址 = 180
    636          //    */
    637          //    //              参数	                            描述	                范围	标准
    638          //    {0,    99}, {0,    99}, {0,    99}, {0,    99}, {0,    99},
    639          //    {0,    99}, {0,    99}, {0,    99}, {0,    99}, {0,    99},
    640          //    {0,    99}, {0,    99}, {0,    99}, {0,    99}, {0,    99},
    641          //    {0,    99}, {0,    99}, {0,    99}, {0,    99}, {0,    99},
    642          //    /***************************************************
    643          //    * 描述： （1）：用户参数：起始地址 = 200
    644          //    */
    645          //    {0,     255}, {0,  255}, {0,   255}, {0,   255}, {0,   255}, {0,   255}, {0,   255}, {0,   255}, {0,   255}, {0,   255},
    646          //    {0,     255}, {0,  255}, {0,   255}, {0,   255}, {0,   255}, {0,   255}, {0,   255}, {0,   255}, {0,   255}, {0,   255},
    647          //    {0,     255}, {0,  255}, {0,   255}, {0,   255}, {0,   255}, {0,   255}, {0,   255}, {0,   255}, {0,   255}, {0,   255},
    648          //    {0,     255}, {0,  255}, {0,   255}, {0,   255}, {0,   255}, {0,   255}, {0,   255}, {0,   255}, {0,   255}, {0,   255},
    649          //    {0,     255}, {0,  255}, {0,   255}, {0,   255}, {0,   255}, {0,   255}, {0,   255}, {0,   255},
    650          //    
    651          //    {0,     255},                                         //
    652          //    {0,     255},                                         //
    653          //    {0,     255},                                         //
    654          //    {0,     255},                                         //
    655          //    {0,     255},                                         //
    656          //    {0,     255},                                         //
    657          //    /***************************************************
    658          //    * 描述： 设备类型选择：起始地址 = 254
    659          //    */
    660          //    {0,     255},
    661              /***************************************************
    662              * 描述： 恢复出厂设置：起始地址 = 255
    663              */
    664           };
    665          
    666           
    667          
    668          // StrOilTab  OilTab  = {
    669          //    {
    670          //        // 表1
    671          //        0,                                              // 序号
    672          //        0,                                              // 偏置
    673          //        3,                                              // 点数
    674          //        {
    675          //            { 0,    2800 },                             // 高度1、体积1
    676          //            { 690,  3800 },
    677          //            { 6239, 9000 },
    678          //        },
    679          //        // 表2
    680          //        0,                                              // 序号
    681          //        0,                                              // 偏置
    682          //        3,                                              // 点数
    683          //        {
    684          //            { 0,    2800 },                             // 高度1、体积1
    685          //            { 690,  3800 },
    686          //            { 6239, 9000 },
    687          //        },
    688          //        // 表3
    689          //        0,                                              // 序号
    690          //        0,                                              // 偏置
    691          //        3,                                              // 点数
    692          //        {
    693          //            { 0,    2800 },                             // 高度1、体积1
    694          //            { 690,  3800 },
    695          //            { 6239, 9000 },
    696          //        },
    697          //        // 表4
    698          //        0,                                              // 序号
    699          //        0,                                              // 偏置
    700          //        3,                                              // 点数
    701          //        {
    702          //            { 0,    2800 },                             // 高度1、体积1
    703          //            { 690,  3800 },
    704          //            { 6239, 9000 },
    705          //        },
    706          //        // 表5
    707          //        0,                                              // 序号
    708          //        0,                                              // 偏置
    709          //        3,                                              // 点数
    710          //        {
    711          //            { 0,    2800 },                             // 高度1、体积1
    712          //            { 690,  3800 },
    713          //            { 6239, 9000 },
    714          //        },
    715          //    },
    716          // };
    717          /*******************************************************************************
    718           *              end of file                                                    *
    719           *******************************************************************************/


   Section sizes:

   Bytes  Function/Label
   -----  --------------
      40  ComPackCtrl
    1220  Ctrl
     240  MbsParaAtrIdx
     508  MbsParaRange

 
 1 260 bytes in section .bss
   748 bytes in section .rodata
 
   748 bytes of CONST memory
 1 260 bytes of DATA  memory

Errors: none
Warnings: none
