###############################################################################
#
# IAR ANSI C/C++ Compiler V7.50.1.10123/W32 for ARM       26/Dec/2017  20:53:41
# Copyright 1999-2015 IAR Systems AB.
#
#    Cpu mode     =  thumb
#    Endian       =  little
#    Source file  =  F:\iar\NC199B-100\Library\Source\APP\Tasks\app_task_comm.c
#    Command line =  
#        F:\iar\NC199B-100\Library\Source\APP\Tasks\app_task_comm.c -D
#        USE_STDPERIPH_DRIVER -D STM32F10X_CL -D RELEASE -D IMAGE_A -D
#        STM32F103RC -D STM32_FLASH_SIZE=256 -D HSE_VALUE=25000000 -lCN
#        F:\iar\NC199B-100\Library\Project\IAR\..\..\..\Output\Lib\Relase-107C-APP\List\
#        -o
#        F:\iar\NC199B-100\Library\Project\IAR\..\..\..\Output\Lib\Relase-107C-APP\Obj\
#        --no_unroll --no_inline --no_tbaa --no_scheduling --debug
#        --endian=little --cpu=Cortex-M3 -e --fpu=None --dlib_config
#        "C:\Program Files (x86)\IAR Systems\Embedded Workbench
#        7.3\arm\INC\c\DLib_Config_Full.h" -I
#        F:\iar\NC199B-100\Library\Project\IAR\ -I
#        F:\iar\NC199B-100\Library\Project\IAR\..\..\Source\APP\ -I
#        F:\iar\NC199B-100\Library\Project\IAR\..\..\Source\APP\User\ -I
#        F:\iar\NC199B-100\Library\Project\IAR\..\..\Source\APP\AES\ -I
#        F:\iar\NC199B-100\Library\Project\IAR\..\..\Source\APP\Config\ -I
#        F:\iar\NC199B-100\Library\Project\IAR\..\..\Source\APP\OS\ -I
#        F:\iar\NC199B-100\Library\Project\IAR\..\..\Source\APP\User\ -I
#        F:\iar\NC199B-100\Library\Project\IAR\..\..\Source\APP\SIM900A\Source\
#        -I
#        F:\iar\NC199B-100\Library\Project\IAR\..\..\Source\APP\SIM900A\Port\
#        -I F:\iar\NC199B-100\Library\Project\IAR\..\..\Source\APP\SIM900A\OS\
#        -I
#        F:\iar\NC199B-100\Library\Project\IAR\..\..\Source\APP\SIM900A\Config\
#        -I F:\iar\NC199B-100\Library\Project\IAR\..\..\Source\APP\Protocol\ -I
#        F:\iar\NC199B-100\Library\Project\IAR\..\..\Source\APP\Iap\ -I
#        F:\iar\NC199B-100\Library\Project\IAR\..\..\Source\BSP\ -I
#        F:\iar\NC199B-100\Library\Project\IAR\..\..\Source\BSP\Driver\ -I
#        F:\iar\NC199B-100\Library\Project\IAR\..\..\Source\BSP\IAR\ -I
#        F:\iar\NC199B-100\Library\Project\IAR\..\..\Source\BSP\Os\ -I
#        F:\iar\NC199B-100\Library\Project\IAR\..\..\Source\BSP\Os\uCOS-III\ -I
#        F:\iar\NC199B-100\Library\Project\IAR\..\..\Source\BSP\St\ -I
#        F:\iar\NC199B-100\Library\Project\IAR\..\..\Source\BSP\St\FWLib\CMSIS\CM3\CoreSupport\
#        -I
#        F:\iar\NC199B-100\Library\Project\IAR\..\..\Source\BSP\St\FWLib\CMSIS\CM3\DeviceSupport\ST\STM32F10x\
#        -I
#        F:\iar\NC199B-100\Library\Project\IAR\..\..\Source\BSP\St\FWLib\STM32F10x_StdPeriph_Driver\inc\
#        -I F:\iar\NC199B-100\Library\Project\IAR\..\..\Source\Micrium\uC-CPU\
#        -I
#        F:\iar\NC199B-100\Library\Project\IAR\..\..\Source\Micrium\uC-CPU\ARM-Cortex-M3\IAR\
#        -I F:\iar\NC199B-100\Library\Project\IAR\..\..\Source\Micrium\uC-LIB\
#        -I F:\iar\NC199B-100\Library\Project\IAR\..\..\Source\BSP\Os\OSAL\ -I
#        F:\iar\NC199B-100\Library\Project\IAR\..\..\Source\OSAL\OS\ -I
#        F:\iar\NC199B-100\Library\Project\IAR\..\..\Source\Micrium\uC-MB\ -I
#        F:\iar\NC199B-100\Library\Project\IAR\..\..\Source\Micrium\uC-MB\Cfg\Template\
#        -I
#        F:\iar\NC199B-100\Library\Project\IAR\..\..\Source\Micrium\uC-MB\OS\uCOS-III\
#        -I
#        F:\iar\NC199B-100\Library\Project\IAR\..\..\Source\Micrium\uC-MB\Source\
#        -I
#        F:\iar\NC199B-100\Library\Project\IAR\..\..\Source\Micrium\uC-OS-III\
#        -I
#        F:\iar\NC199B-100\Library\Project\IAR\..\..\Source\Micrium\uC-OS-III\Ports\ARM-Cortex-M3\Generic\IAR\
#        -I
#        F:\iar\NC199B-100\Library\Project\IAR\..\..\Source\Micrium\uC-OS-III\Source\
#        -I F:\iar\NC199B-100\Library\Project\IAR\..\..\Source\FatFs\ -I
#        F:\iar\NC199B-100\Library\Project\IAR\..\..\Source\FatFs\option\ -Om
#        --use_c++_inline -I "C:\Program Files (x86)\IAR Systems\Embedded
#        Workbench 7.3\arm\CMSIS\Include\"
#    List file    =  
#        F:\iar\NC199B-100\Library\Project\IAR\..\..\..\Output\Lib\Relase-107C-APP\List\app_task_comm.lst
#    Object file  =  
#        F:\iar\NC199B-100\Library\Project\IAR\..\..\..\Output\Lib\Relase-107C-APP\Obj\app_task_comm.o
#
###############################################################################

F:\iar\NC199B-100\Library\Source\APP\Tasks\app_task_comm.c
      1          /*******************************************************************************
      2          *   Filename:       app_task_comm.c
      3          *   Revised:        All copyrights reserved to wumingshen.
      4          *   Revision:       v1.0
      5          *   Writer:	     wumingshen.
      6          *
      7          *   Description:    双击选中 comm 按 Ctrl + H, 钩选 Match the case, Replace with
      8          *                   输入您要的名字，点击 Replace All
      9          *                   双击选中 Comm 按 Ctrl + H, 钩选 Match the case, Replace with
     10          *                   输入您要的名字，点击 Replace All
     11          *                   双击选中 COMM 按 Ctrl + H, 钩选 Match the case, Replace with
     12          *                   输入您要的名字，点击 Replace All
     13          *                   在 app_cfg.h 中指定本任务的 优先级  （ APP_TASK_COMM_PRIO     ）
     14          *                                            和 任务堆栈（ APP_TASK_COMM_STK_SIZE ）大小
     15          *
     16          *   Notes:
     17          *     				E-mail: shenchangwei945@163.com
     18          *
     19          *******************************************************************************/
     20          
     21          /*******************************************************************************
     22          * INCLUDES
     23          */
     24          #define  SNL_APP_SOURCE
     25          #include <includes.h>
     26          #include <app_comm_protocol.h>
     27          #include <app_ctrl.h>
     28          #include <os_cfg_app.h>
     29          #include <bsp_timer.h>
     30          #include "csnc_package_deal.h"
     31          #include "app_chk.h"
     32          
     33          //#include <bsp_flash.h>
     34          //#include <iap.h>
     35          
     36          #ifdef VSC_INCLUDE_SOURCE_FILE_NAMES
     37          const  CPU_CHAR  *app_task_comm__c = "$Id: $";
     38          #endif
     39          
     40          #define APP_TASK_COMM_EN     DEF_ENABLED
     41          #if APP_TASK_COMM_EN == DEF_ENABLED
     42          /*******************************************************************************
     43          * CONSTANTS
     44          */
     45          
     46          /*******************************************************************************
     47          * MACROS
     48          */
     49          #define CYCLE_TIME_TICKS            (OS_TICKS_PER_SEC * 1)
     50          
     51          /*******************************************************************************
     52          * TYPEDEFS
     53          */
     54          
     55          
     56          
     57          /***********************************************
     58          * 描述： 任务控制块（TCB）
     59          */

   \                                 In section .bss, align 4
     60          static  OS_TCB   AppTaskCommTCB;
   \                     AppTaskCommTCB:
   \   00000000                      DS8 184
   \   000000B8                      DS8 1024
     61          
     62          /***********************************************
     63          * 描述： 任务堆栈（STACKS）
     64          */
     65          static  CPU_STK  AppTaskCommStk[ APP_TASK_COMM_STK_SIZE ];
     66          
     67          //StrCtrlDCB       Ctrl;
     68          

   \                                 In section .bss, align 4
     69          OS_Q             MTR_RxQ;
   \                     MTR_RxQ:
   \   00000000                      DS8 36
     70          /*******************************************************************************
     71          * LOCAL VARIABLES
     72          */
     73          
     74          /*******************************************************************************
     75          * GLOBAL VARIABLES
     76          */
     77          
     78          /***********************************************
     79          * 描述： 软定时器声明
     80          */

   \                                 In section .bss, align 4
     81          OS_TMR          OSTmr1;                         //定时器1
   \                     OSTmr1:
   \   00000000                      DS8 44
     82          
     83          /***********************************************
     84          * 描述： 软定时器回调函数
     85          */
     86          void            OSTmr1_callback             (OS_TMR *ptmr,void *p_arg);
     87          CPU_BOOLEAN     APP_CSNC_CommHandler        (MODBUS_CH  *pch);
     88          CPU_BOOLEAN     APP_MaterCommHandler        (MODBUS_CH  *pch);
     89          
     90          /*******************************************************************************
     91          * LOCAL FUNCTIONS
     92          */
     93          static void    AppTaskComm                 (void *p_arg);
     94          static void    APP_CommInit                (void);
     95          INT08U          APP_CommRxDataDealCB        (MODBUS_CH  *pch);
     96          INT08U          IAP_CommRxDataDealCB        (MODBUS_CH  *pch);
     97          /*******************************************************************************
     98          * GLOBAL FUNCTIONS
     99          */
    100          
    101          /*******************************************************************************
    102          * EXTERN VARIABLES
    103          */
    104          
    105          /*******************************************************************************
    106          * EXTERN FUNCTIONS
    107          */
    108          extern  void    app_comm_mtr(void);
    109          extern  void    app_comm_dtu(void);
    110          extern  void    app_comm_otr(void);
    111          
    112          
    113          /*******************************************************************************
    114          * 入口参数： 无
    115          * 出口参数： 无
    116          * 作　 　者： redmoringcn.
    117          * 创建日期： 2017-11-17
    118          * 修    改：
    119          * 修改日期：
    120          * 备    注： 任务创建函数需要在app.h文件中声明
    121          *******************************************************************************/

   \                                 In section .text, align 2, keep-with-next
    122          void  App_TaskCommCreate(void)
    123          {
   \                     App_TaskCommCreate: (+1)
   \   00000000   0xB500             PUSH     {LR}
   \   00000002   0xB08B             SUB      SP,SP,#+44
    124              OS_ERR  err;
    125              
    126              /***********************************************
    127              * 描述： 任务创建
    128              */
    129              OSTaskCreate((OS_TCB     *)&AppTaskCommTCB,                     // 任务控制块  （当前文件中定义）
    130                           (CPU_CHAR   *)"App Task Comm",                     // 任务名称
    131                           (OS_TASK_PTR ) AppTaskComm,                        // 任务函数指针（当前文件中定义）
    132                           (void       *) 0,                                  // 任务函数参数
    133                           (OS_PRIO     ) APP_TASK_COMM_PRIO,                 // 任务优先级，不同任务优先级可以相同，0 < 优先级 < OS_CFG_PRIO_MAX - 2（app_cfg.h中定义）
    134                           (CPU_STK    *)&AppTaskCommStk[0],                  // 任务栈顶
    135                           (CPU_STK_SIZE) APP_TASK_COMM_STK_SIZE / 10,        // 任务栈溢出报警值
    136                           (CPU_STK_SIZE) APP_TASK_COMM_STK_SIZE,             // 任务栈大小（CPU数据宽度 * 8 * size = 4 * 8 * size(字节)）（app_cfg.h中定义）
    137                           (OS_MSG_QTY  ) 0u,                                 // 可以发送给任务的最大消息队列数量
    138                           (OS_TICK     ) 0u,                                 // 相同优先级任务的轮循时间（ms），0为默认
    139                           (void       *) 0,                                  // 是一个指向它被用作一个TCB扩展用户提供的存储器位置
    140                           (OS_OPT      )(OS_OPT_TASK_STK_CHK |               // 允许堆栈检查该任务
    141                                          OS_OPT_TASK_STK_CLR),               // 创建任务时堆栈清零
    142                           (OS_ERR     *)&err);                               // 指向错误代码的指针，用于创建结果处理
   \   00000004   0x....             LDR.N    R0,??DataTable7
   \   00000006   0xA909             ADD      R1,SP,#+36
   \   00000008   0x9108             STR      R1,[SP, #+32]
   \   0000000A   0x2103             MOVS     R1,#+3
   \   0000000C   0x9107             STR      R1,[SP, #+28]
   \   0000000E   0x2100             MOVS     R1,#+0
   \   00000010   0x9106             STR      R1,[SP, #+24]
   \   00000012   0x9105             STR      R1,[SP, #+20]
   \   00000014   0x9104             STR      R1,[SP, #+16]
   \   00000016   0xF44F 0x7180      MOV      R1,#+256
   \   0000001A   0x9103             STR      R1,[SP, #+12]
   \   0000001C   0x2119             MOVS     R1,#+25
   \   0000001E   0x9102             STR      R1,[SP, #+8]
   \   00000020   0xF100 0x01B8      ADD      R1,R0,#+184
   \   00000024   0x9101             STR      R1,[SP, #+4]
   \   00000026   0x2112             MOVS     R1,#+18
   \   00000028   0x9100             STR      R1,[SP, #+0]
   \   0000002A   0x2300             MOVS     R3,#+0
   \   0000002C   0x.... 0x....      ADR.W    R2,AppTaskComm
   \   00000030   0x.... 0x....      ADR.W    R1,?_0
   \   00000034   0x.... 0x....      BL       OSTaskCreate
    143              
    144          }
   \   00000038   0xB00B             ADD      SP,SP,#+44
   \   0000003A   0xBD00             POP      {PC}             ;; return
    145          
    146          /*******************************************************************************
    147          * 名    称： AppTaskComm
    148          * 功    能： 控制任务
    149          * 入口参数： p_arg - 由任务创建函数传入
    150          * 出口参数： 无
    151          * 作　 　者： wumingshen.
    152          * 创建日期： 2015-02-05
    153          * 修    改：
    154          * 修改日期：
    155          *******************************************************************************/

   \                                 In section .text, align 4, keep-with-next
    156          static  void  AppTaskComm (void *p_arg)
    157          {
   \                     AppTaskComm: (+1)
   \   00000000   0xB5FE             PUSH     {R1-R7,LR}
    158              OS_ERR      err;
    159              
    160              OS_TICK     dly     = CYCLE_TIME_TICKS;
    161              OS_TICK     ticks;
    162              /***********************************************
    163              * 描述： 任务初始化
    164              */
    165              APP_CommInit();         
   \   00000002   0x.... 0x....      BL       APP_CommInit
    166              
    167              /***********************************************
    168              * 描述： Task body, always written as an infinite loop.
    169              */
    170              OSRegWdtFlag( WDT_FLAG_COMM );
   \   00000006   0x2002             MOVS     R0,#+2
   \   00000008   0x.... 0x....      BL       OSRegWdtFlag
   \   0000000C   0x....             LDR.N    R4,??DataTable7_1
   \   0000000E   0xF204 0x4562      ADDW     R5,R4,#+1122
   \   00000012   0xE00A             B.N      ??AppTaskComm_0
    171                  
    172              while (DEF_TRUE) {
    173                  
    174                  OSSetWdtFlag( WDT_FLAG_COMM );
    175                      /***********************************************
    176                  * 描述： 本任务看门狗标志置位
    177                  */
    178                
    179                  OS_ERR      terr;
    180                  
    181                  ticks   = OSTimeGet(&terr);                        // 获取当前OSTick
    182                  /***********************************************
    183                  * 描述： 等待COMM的标识组
    184                  */
    185                  OS_FLAGS    flags = 
    186                  OSFlagPend( ( OS_FLAG_GRP *)&Ctrl.Os.CommEvtFlagGrp,
    187                             ( OS_FLAGS     ) Ctrl.Os.CommEvtFlag,
    188                             ( OS_TICK      ) dly,
    189                             ( OS_OPT       ) OS_OPT_PEND_FLAG_SET_ANY,
    190                             ( CPU_TS      *) NULL,
    191                             ( OS_ERR      *)&err);
    192                  
    193                  
    194                  /***********************************************
    195                  * 描述： 没有错误,有事件发生
    196                  */
    197                  if ( err == OS_ERR_NONE ) {
    198                      OS_FLAGS    flagClr = 0;
    199                      /***********************************************
    200                      * 和测量某块通讯有关事件发生，调用MTR通讯处理函数
    201                      */           
    202                      if(   flags & COMM_EVT_FLAG_MTR_TIMEOUT ) {
    203                          
    204                          Ctrl.Para.dat.sRunPara.SysSta.mtrsend = 1;
    205                          app_comm_mtr();                             
    206                          
    207                          flagClr |= COMM_EVT_FLAG_MTR_TIMEOUT;   //超时，清接收数据标示
    208                      }
    209                      
    210                      /***********************************************
    211                      * 和无线发送模块事件发生，调用DTU通讯处理函数
    212                      */           
    213                      //else  
    214                      if(    flags & COMM_EVT_FLAG_DTU_RX 
    215                         ||  flags & COMM_EVT_FLAG_DTU_TIMEOUT ) {
    216                             
    217                             //调用DTU通讯处理函数
    218                             app_comm_dtu();                            
    219                             
    220                             if( flags &    COMM_EVT_FLAG_DTU_RX) {      
    221                                 flagClr |= COMM_EVT_FLAG_DTU_RX;        //接收到数据，清接收数据标示
    222                             }else{
    223                                 flagClr |= COMM_EVT_FLAG_DTU_TIMEOUT;   //接收到数据，清接收数据标示
   \                     ??AppTaskComm_1: (+1)
   \   00000014   0xF047 0x0710      ORR      R7,R7,#0x10
    224                             }
    225                         }
    226                      
    227                      /***********************************************
    228                      * 描述： 清除标志
    229                      */
    230                      if ( !flagClr ) {
   \                     ??AppTaskComm_2: (+1)
   \   00000018   0x2F00             CMP      R7,#+0
   \   0000001A   0xD100             BNE.N    ??AppTaskComm_3
    231                          flagClr = flags;
   \   0000001C   0x4637             MOV      R7,R6
    232                      }
    233                      
    234                      /***********************************************
    235                      * 描述： 清除标志位
    236                      */
    237                      OSFlagPost( ( OS_FLAG_GRP  *)&Ctrl.Os.CommEvtFlagGrp,
    238                                 ( OS_FLAGS      )flagClr,
    239                                 ( OS_OPT        )OS_OPT_POST_FLAG_CLR,
    240                                 ( OS_ERR       *)&err);
   \                     ??AppTaskComm_3: (+1)
   \   0000001E   0xAB02             ADD      R3,SP,#+8
   \   00000020   0x2201             MOVS     R2,#+1
   \   00000022   0x4639             MOV      R1,R7
   \   00000024   0x4628             MOV      R0,R5
   \   00000026   0x.... 0x....      BL       OSFlagPost
   \                     ??AppTaskComm_0: (+1)
   \   0000002A   0x2002             MOVS     R0,#+2
   \   0000002C   0x.... 0x....      BL       OSSetWdtFlag
   \   00000030   0xF10D 0x000A      ADD      R0,SP,#+10
   \   00000034   0x.... 0x....      BL       OSTimeGet
   \   00000038   0xA802             ADD      R0,SP,#+8
   \   0000003A   0x9001             STR      R0,[SP, #+4]
   \   0000003C   0x2000             MOVS     R0,#+0
   \   0000003E   0x9000             STR      R0,[SP, #+0]
   \   00000040   0x2308             MOVS     R3,#+8
   \   00000042   0xF44F 0x727A      MOV      R2,#+1000
   \   00000046   0xF8D4 0x147E      LDR      R1,[R4, #+1150]
   \   0000004A   0x4628             MOV      R0,R5
   \   0000004C   0x.... 0x....      BL       OSFlagPend
   \   00000050   0x4606             MOV      R6,R0
   \   00000052   0xF8BD 0x0008      LDRH     R0,[SP, #+8]
   \   00000056   0x2800             CMP      R0,#+0
   \   00000058   0xD1E7             BNE.N    ??AppTaskComm_0
   \   0000005A   0x2700             MOVS     R7,#+0
   \   0000005C   0x0730             LSLS     R0,R6,#+28
   \   0000005E   0xD508             BPL.N    ??AppTaskComm_4
   \   00000060   0xF894 0x004C      LDRB     R0,[R4, #+76]
   \   00000064   0xF040 0x0040      ORR      R0,R0,#0x40
   \   00000068   0xF884 0x004C      STRB     R0,[R4, #+76]
   \   0000006C   0x.... 0x....      BL       app_comm_mtr
   \   00000070   0x2708             MOVS     R7,#+8
   \                     ??AppTaskComm_4: (+1)
   \   00000072   0xF016 0x0F12      TST      R6,#0x12
   \   00000076   0xD0CF             BEQ.N    ??AppTaskComm_2
   \   00000078   0x.... 0x....      BL       app_comm_dtu
   \   0000007C   0x07B0             LSLS     R0,R6,#+30
   \   0000007E   0xD5C9             BPL.N    ??AppTaskComm_1
   \   00000080   0xF047 0x0702      ORR      R7,R7,#0x2
   \   00000084   0xE7C8             B.N      ??AppTaskComm_2
    241                  }
    242              }
    243          }
    244          
    245          /*******************************************************************************
    246          * 名    称： APP_ModbusInit
    247          * 功    能： MODBUS初始化
    248          * 入口参数： 无
    249          * 出口参数： 无
    250          * 作　 　者： 无名沈
    251          * 创建日期： 2015-03-28
    252          * 修    改：
    253          * 修改日期：
    254          * 备    注： 该初始化会创建Modbus任务。
    255          *******************************************************************************/

   \                                 In section .text, align 2, keep-with-next
    256          void App_ModbusInit(void)
    257          {
   \                     App_ModbusInit: (+1)
   \   00000000   0xB570             PUSH     {R4-R6,LR}
   \   00000002   0xB086             SUB      SP,SP,#+24
    258              MODBUS_CH   *pch;
    259              /***********************************************
    260              * 描述： uCModBus初始化，RTU时钟频率为1000HZ
    261              *        使用了定时器2（TIM2）
    262              */
    263              MB_Init(1000);
   \   00000004   0xF44F 0x707A      MOV      R0,#+1000
   \   00000008   0x.... 0x....      BL       MB_Init
    264              
    265              // UART1
    266              /***********************************************
    267              * 描述：  UART1串口和测量装置连接。master
    268              *        用作主机。
    269              */
    270          //#if MODBUS_CFG_MASTER_EN == DEF_TRUE
    271          //    pch         = MB_CfgCh( ModbusNode,             // ... Modbus Node # for this slave channel
    272          //                           MODBUS_SLAVE,          // ... This is a MASTER
    273          //                           500,                    // ... 0 when a slave
    274          //                           MODBUS_MODE_RTU,        // ... Modbus Mode (_ASCII or _RTU)
    275          //                           1,                      // ... Specify UART #1
    276          //                           9600,                   // ... Baud Rate
    277          //                           USART_WordLength_8b,         // ... Number of data bits 7 or 8
    278          //                           USART_Parity_No,       // ... Parity: _NONE, _ODD or _EVEN
    279          //                           USART_StopBits_1,         // ... Number of stop bits 1 or 2
    280          //                           MODBUS_WR_EN);          // ... Enable (_EN) or disable (_DIS) writes
    281          //    pch->AesEn          = DEF_DISABLED;             // ... AES加密禁止
    282          //    pch->NonModbusEn    = DEF_ENABLED;              // ... 支持非MODBUS通信
    283          //    pch->IapModbusEn    = DEF_ENABLED;              // ... 支持IAP MODBUS通信
    284          //    
    285          //    pch->RxFrameHead    = 0x1028;                   // ... 添加匹配帧头
    286          //    pch->RxFrameTail    = 0x102C;                   // ... 添加匹配帧尾
    287          //    
    288          //    Ctrl.Mtr.pch       = pch;                      // ... modbus控制块和全局结构体建立连接
    289          //    
    290          //#endif
    291              // UART2
    292              /***********************************************
    293              * 描述:   UART2串口和测量装置通讯。master
    294              */
    295              
    296          #if MODBUS_CFG_MASTER_EN == DEF_TRUE
    297              pch         = MB_CfgCh( ModbusNode,             // ... Modbus Node # for this slave channel
    298                                     MODBUS_MASTER,           // ... This is a MASTER
    299                                     500,                    // ... 0 when a slave
    300                                     MODBUS_MODE_RTU,        // ... Modbus Mode (_ASCII or _RTU)
    301                                     1,                      // ... Specify UART #3
    302                                     9600,                  // ... Baud Rate
    303                                     USART_WordLength_8b,         // ... Number of data bits 7 or 8
    304                                     USART_Parity_No,       // ... Parity: _NONE, _ODD or _EVEN
    305                                     USART_StopBits_1,         // ... Number of stop bits 1 or 2
    306                                     MODBUS_WR_EN);          // ... Enable (_EN) or disable (_DIS) writes
   \   0000000C   0x2001             MOVS     R0,#+1
   \   0000000E   0x9005             STR      R0,[SP, #+20]
   \   00000010   0x2000             MOVS     R0,#+0
   \   00000012   0x9004             STR      R0,[SP, #+16]
   \   00000014   0x9003             STR      R0,[SP, #+12]
   \   00000016   0x9002             STR      R0,[SP, #+8]
   \   00000018   0xF44F 0x5016      MOV      R0,#+9600
   \   0000001C   0x9001             STR      R0,[SP, #+4]
   \   0000001E   0x2001             MOVS     R0,#+1
   \   00000020   0x9000             STR      R0,[SP, #+0]
   \   00000022   0x2300             MOVS     R3,#+0
   \   00000024   0xF44F 0x72FA      MOV      R2,#+500
   \   00000028   0x4601             MOV      R1,R0
   \   0000002A   0x.... 0x....      BL       MB_CfgCh
    307              pch->AesEn          =   DEF_DISABLED;           // ... AES加密禁止
   \   0000002E   0xF890 0x1452      LDRB     R1,[R0, #+1106]
   \   00000032   0xF001 0x01FE      AND      R1,R1,#0xFE
   \   00000036   0xF880 0x1452      STRB     R1,[R0, #+1106]
    308              pch->NonModbusEn    =   DEF_ENABLED;            // ... 支持非MODBUS通信
   \   0000003A   0xF041 0x0102      ORR      R1,R1,#0x2
   \   0000003E   0xF880 0x1452      STRB     R1,[R0, #+1106]
    309              pch->IapModbusEn    =   DEF_ENABLED;            // ... 支持IAP MODBUS通信
   \   00000042   0xF041 0x0104      ORR      R1,R1,#0x4
   \   00000046   0xF880 0x1452      STRB     R1,[R0, #+1106]
    310              
    311              pch->RxFrameHead    = 0x1028;                   // ... 添加匹配帧头
   \   0000004A   0xF200 0x314A      ADDW     R1,R0,#+842
   \   0000004E   0xF241 0x0428      MOVW     R4,#+4136
   \   00000052   0x800C             STRH     R4,[R1, #+0]
    312              pch->RxFrameTail    = 0x102C;                   // ... 添加匹配帧尾
   \   00000054   0xF241 0x052C      MOVW     R5,#+4140
   \   00000058   0x804D             STRH     R5,[R1, #+2]
    313              
    314              
    315              Ctrl.Mtr.pch       = pch;                      // ... modbus控制块和全局结构体建立连接
   \   0000005A   0x....             LDR.N    R6,??DataTable7_1
   \   0000005C   0xF8C6 0x02DC      STR      R0,[R6, #+732]
    316          #endif
    317              
    318              // UART3
    319              /***********************************************
    320              * 描述：  UART3串口和无线发送模块连接。master
    321              *        
    322              */
    323          #if MODBUS_CFG_MASTER_EN == DEF_TRUE
    324              
    325              pch         = MB_CfgCh( ModbusNode,             // ... Modbus Node # for this slave channel
    326                                     MODBUS_SLAVE,           // ... This is a SLAVE
    327                                     500,                    // ... 0 when a slave
    328                                     MODBUS_MODE_RTU,        // ... Modbus Mode (_ASCII or _RTU)
    329                                     2,                      // ... Specify UART #3
    330                                     57600,                   // ... Baud Rate
    331                                     USART_WordLength_8b,         // ... Number of data bits 7 or 8
    332                                     USART_Parity_No,       // ... Parity: _NONE, _ODD or _EVEN
    333                                     USART_StopBits_1,         // ... Number of stop bits 1 or 2
    334                                     MODBUS_WR_EN);          // ... Enable (_EN) or disable (_DIS) writes
   \   00000060   0x2001             MOVS     R0,#+1
   \   00000062   0x9005             STR      R0,[SP, #+20]
   \   00000064   0x2000             MOVS     R0,#+0
   \   00000066   0x9004             STR      R0,[SP, #+16]
   \   00000068   0x9003             STR      R0,[SP, #+12]
   \   0000006A   0x9002             STR      R0,[SP, #+8]
   \   0000006C   0xF44F 0x4061      MOV      R0,#+57600
   \   00000070   0x9001             STR      R0,[SP, #+4]
   \   00000072   0x2002             MOVS     R0,#+2
   \   00000074   0x9000             STR      R0,[SP, #+0]
   \   00000076   0x2300             MOVS     R3,#+0
   \   00000078   0xF44F 0x72FA      MOV      R2,#+500
   \   0000007C   0x4619             MOV      R1,R3
   \   0000007E   0x2001             MOVS     R0,#+1
   \   00000080   0x.... 0x....      BL       MB_CfgCh
    335              pch->AesEn          = DEF_DISABLED;             // ... AES加密禁止
   \   00000084   0xF890 0x1452      LDRB     R1,[R0, #+1106]
   \   00000088   0xF001 0x01FE      AND      R1,R1,#0xFE
   \   0000008C   0xF880 0x1452      STRB     R1,[R0, #+1106]
    336              pch->NonModbusEn    = DEF_ENABLED;              // ... 支持非MODBUS通信
   \   00000090   0xF041 0x0102      ORR      R1,R1,#0x2
   \   00000094   0xF880 0x1452      STRB     R1,[R0, #+1106]
    337              pch->IapModbusEn    = DEF_ENABLED;              // ... 支持IAP MODBUS通信
   \   00000098   0xF041 0x0104      ORR      R1,R1,#0x4
   \   0000009C   0xF880 0x1452      STRB     R1,[R0, #+1106]
    338              
    339              pch->RxFrameHead    = 0x1028;                   // ... 添加匹配帧头
   \   000000A0   0xF200 0x314A      ADDW     R1,R0,#+842
   \   000000A4   0x800C             STRH     R4,[R1, #+0]
    340              pch->RxFrameTail    = 0x102C;                   // ... 添加匹配帧尾
   \   000000A6   0x804D             STRH     R5,[R1, #+2]
    341              
    342              Ctrl.Dtu.pch       = pch;                      // ... modbus控制块和全局结构体建立连接
   \   000000A8   0xF8C6 0x043D      STR      R0,[R6, #+1085]
    343          #endif
    344              
    345              // UART3
    346              /***********************************************
    347              * 描述：  UART0串口和TAX连接。slave
    348              *        
    349              */
    350          //#if MODBUS_CFG_MASTER_EN == DEF_TRUE
    351          //    
    352          //    pch         = MB_CfgCh( ModbusNode,             // ... Modbus Node # for this slave channel
    353          //                           MODBUS_SLAVE,           // ... This is a SLAVE
    354          //                           500,                    // ... 0 when a slave
    355          //                           MODBUS_MODE_RTU,        // ... Modbus Mode (_ASCII or _RTU)
    356          //                           0,                      // ... Specify UART #0
    357          //                           28800,                   // ... Baud Rate
    358          //                           USART_WordLength_8b,         // ... Number of data bits 7 or 8
    359          //                           //UART_PARITY_NONE,       // ... Parity: _NONE, _ODD or _EVEN
    360          //                           USART_Parity_No,
    361          //                           USART_StopBits_1,         // ... Number of stop bits 1 or 2
    362          //                           MODBUS_WR_EN);          // ... Enable (_EN) or disable (_DIS) writes
    363          //    pch->AesEn          = DEF_DISABLED;             // ... AES加密禁止
    364          //    pch->NonModbusEn    = DEF_ENABLED;              // ... 支持非MODBUS通信
    365          //    pch->IapModbusEn    = DEF_ENABLED;              // ... 支持IAP MODBUS通信
    366          //    
    367          //    pch->RxFrameHead    = 0x1028;                   // ... 添加匹配帧头
    368          //    pch->RxFrameTail    = 0x102C;                   // ... 添加匹配帧尾
    369          //    
    370          //    pch->RTU_TimeoutCnts = 50;
    371          //    pch->RTU_TimeoutCtr  = 50;
    372          //    
    373          //    Ctrl.DevTax.pch    = pch;                      // ... modbus控制块和全局结构体建立连接
    374          //#endif
    375              
    376          }
   \   000000AC   0xB006             ADD      SP,SP,#+24
   \   000000AE   0xBD70             POP      {R4-R6,PC}       ;; return
    377          
    378          
    379          /*******************************************************************************
    380          * 名    称： APP_CommInit
    381          * 功    能： 任务初始化
    382          * 入口参数： 无
    383          * 出口参数： 无
    384          * 作　 　者： wumingshen.
    385          * 创建日期： 2015-03-28
    386          * 修    改：
    387          * 修改日期：
    388          *******************************************************************************/

   \                                 In section .text, align 2, keep-with-next
    389          void APP_CommInit(void)
    390          {
   \                     APP_CommInit: (+1)
   \   00000000   0xB510             PUSH     {R4,LR}
   \   00000002   0xB082             SUB      SP,SP,#+8
    391              OS_ERR err;
    392              
    393              /***********************************************
    394              * 描述： 创建事件标志组,协调comm收发
    395              */
    396              OSFlagCreate(( OS_FLAG_GRP  *)&Ctrl.Os.CommEvtFlagGrp,
    397                           ( CPU_CHAR     *)"App_CommFlag",
    398                           ( OS_FLAGS      )0,
    399                           ( OS_ERR       *)&err);
   \   00000004   0x....             LDR.N    R4,??DataTable7_1
   \   00000006   0x466B             MOV      R3,SP
   \   00000008   0x2200             MOVS     R2,#+0
   \   0000000A   0x.... 0x....      ADR.W    R1,?_1
   \   0000000E   0xF204 0x4062      ADDW     R0,R4,#+1122
   \   00000012   0x.... 0x....      BL       OSFlagCreate
    400              
    401              Ctrl.Os.CommEvtFlag= 
    402                  //COMM_EVT_FLAG_MTR_RX        // MTR 接收事件
    403                   COMM_EVT_FLAG_DTU_RX          // DTU 接收事件
    404                  //    + COMM_EVT_FLAG_OTR_RX        // OTR 接收事件
    405                          + COMM_EVT_FLAG_MTR_TIMEOUT   // MTR 操作超时，定时发送使用
    406                              + COMM_EVT_FLAG_DTU_TIMEOUT   // DTU 操作超时，定时发送使用
    407                 //                 + COMM_EVT_FLAG_OTR_TIMEOUT  // OTR 操作超时，定时发送使用   
    408                  //                    + COMM_EVT_FLAG_TAX_RX   // TAX 操作超时，定时发送使用
    409                  //                        + COMM_EVT_FLAG_TAX_TIMEOUT;  // TAX 操作超时，定时发送使用  
    410                                              ;
   \   00000016   0x201A             MOVS     R0,#+26
   \   00000018   0xF8C4 0x047E      STR      R0,[R4, #+1150]
    411              
    412              /***********************************************
    413              * 描述： 初始化MODBUS通信
    414              */        
    415              App_ModbusInit();
   \   0000001C   0x.... 0x....      BL       App_ModbusInit
    416              
    417              
    418              /***********************************************
    419              * 描述： 在看门狗标志组注册本任务的看门狗标志
    420              */
    421              
    422              
    423              //WdtFlags |= WDT_FLAG_COMM;
    424          }
   \   00000020   0xBD13             POP      {R0,R1,R4,PC}    ;; return
    425          

   \                                 In section .bss, align 4
    426          uint8       g_recbuf[256];
   \                     g_recbuf:
   \   00000000                      DS8 256
    427          
    428          /*******************************************************************************
    429          * 名    称： APP_CommRxDataDealCB
    430          * 功    能： 串口数据处理回调函数，由MB_DATA.C调用
    431          * 入口参数： 无
    432          * 出口参数： 无
    433          * 作    者： 无名沈
    434          * 创建日期： 2016-01-04
    435          * 修    改：
    436          * 修改日期：
    437          * 备    注： 
    438          *******************************************************************************/

   \                                 In section .text, align 2, keep-with-next
    439          INT08U APP_CommRxDataDealCB(MODBUS_CH  *pch)
    440          {
   \                     APP_CommRxDataDealCB: (+1)
   \   00000000   0xB530             PUSH     {R4,R5,LR}
   \   00000002   0xB087             SUB      SP,SP,#+28
   \   00000004   0x4605             MOV      R5,R0
    441              /***********************************************
    442              * 描述： 2016/01/08增加，用于非MODBBUS IAP升级通信
    443              */
    444          #if MB_IAPMODBUS_EN == DEF_ENABLED
    445              //    /***********************************************
    446              //    * 描述： 如果程序处在升级模式
    447              //    */
    448              //    if ( ( Iap.Status != IAP_STS_DEF ) && 
    449              //         ( Iap.Status != IAP_STS_SUCCEED ) &&
    450              //         ( Iap.Status != IAP_STS_FAILED ) ) {
    451              //        return IAP_CommRxDataDealCB(pch);
    452              //    }
    453          #endif
    454              /***********************************************
    455              * 描述： 获取帧头
    456              */
    457              //CPU_SR_ALLOC();
    458              
    459              //redmorningcn 数据复制功能由MBS_RTU_Task 已经执行。此处无需重复拷贝。
    460              
    461              //    CPU_CRITICAL_ENTER();
    462              //    //u8  Len     = pch->RxBufByteCtr;
    463              //u8  Len     = pch->RxBufByteCnt;
    464              //    memcpy( (INT08U *)&pch->RxFrameData, (INT08U *)pch->RxBuf, Len );
    465              //    CPU_CRITICAL_EXIT();
    466              
    467              OS_ERR      err;
    468              
    469              //DataBuf = pch->RxFrameData;
    470              
    471              //INT08U  *DataBuf = 0 ;
    472              /***********************************************
    473              * 描述： 接收数据处理,
    474              * 根据协议，返回数据是            源地址
    475              *           目标地址由           GetRecSlaveAddr （）获得。
    476              *           数据区长度在          Len
    477              *           数据区                 DataBuf
    478              *           接收序号            GetRecvFrameNbr（）
    479              */  
    480              
    481               //在此增加新的V2.0   
    482              stcCsncProtocolPara sCsncPara;      //csnsY
    483              sCsncPara.destaddr = 0;             //地址赋值
   \   00000006   0x2000             MOVS     R0,#+0
   \   00000008   0xF88D 0x0009      STRB     R0,[SP, #+9]
    484              
    485              uint8       flg; 
    486              sCsncPara.databuf = g_recbuf;
   \   0000000C   0x....             LDR.N    R4,??DataTable7_2
   \   0000000E   0x9403             STR      R4,[SP, #+12]
    487              sCsncPara.rxtxbuf = (uint8 *)pch->RxFrameData;
   \   00000010   0xF505 0x7011      ADD      R0,R5,#+580
   \   00000014   0x9004             STR      R0,[SP, #+16]
    488              sCsncPara.rxtxlen = pch->RxBufByteCnt;
   \   00000016   0x8E68             LDRH     R0,[R5, #+50]
   \   00000018   0xF88D 0x0015      STRB     R0,[SP, #+21]
    489              flg = DataUnpack_CSNC(&sCsncPara);   
   \   0000001C   0xA802             ADD      R0,SP,#+8
   \   0000001E   0x.... 0x....      BL       DataUnpack_CSNC
    490          //   
    491          //    //fhV1.0
    492          //    uint8   DataPos;
    493          //    u8  SourceAddr = 
    494          //        CSNC_GetData(	(uint8 *)pch->RxFrameData,      //RecBuf,
    495          //                     (uint16 )Len,                      //RecLen, 
    496          //                     (uint8 *)&DataPos,                 //DataBuf,
    497          //                     (uint16 *)&Len);                   //InfoLen)
    498              /***********************************************
    499              * 描述： 如果接收地址和装置地址不符，则不处理，接收数据错误。
    500              */
    501              
    502          //    if ( MASTE_ADDR_HOST != GetRecSlaveAddr() ) 
    503          //        return FALSE;
    504              //fhDl考]
    505              if ( MASTE_ADDR_HOST != sCsncPara.destaddr || flg == 0 ) //解析错误、地址错误，退出。
   \   00000022   0xF89D 0x1009      LDRB     R1,[SP, #+9]
   \   00000026   0x2982             CMP      R1,#+130
   \   00000028   0xD101             BNE.N    ??APP_CommRxDataDealCB_0
   \   0000002A   0x2800             CMP      R0,#+0
   \   0000002C   0xD101             BNE.N    ??APP_CommRxDataDealCB_1
    506                  return FALSE;
   \                     ??APP_CommRxDataDealCB_0: (+1)
   \   0000002E   0x2000             MOVS     R0,#+0
   \   00000030   0xE054             B.N      ??APP_CommRxDataDealCB_2
    507              
    508              /***********************************************
    509              * 描述： 根据 地址  pch来源  判断数据是 否 合理 ，
    510              *       并赋值。
    511              */
    512              //switch  (pch->Ch )
    513              switch  (pch->PortNbr )     //根据端口号定义
   \                     ??APP_CommRxDataDealCB_1: (+1)
   \   00000032   0x7A68             LDRB     R0,[R5, #+9]
   \   00000034   0x2802             CMP      R0,#+2
   \   00000036   0xD150             BNE.N    ??APP_CommRxDataDealCB_3
    514              {
    515                  /***********************************************
    516                  * 描述： UART0接收到数据
    517                  */
    518              case 0:
    519                  break;
    520                  
    521                  /***********************************************
    522                  * 描述： UART1接收到数据。数据发送地址：A1、A2
    523                  *                         数据接收地址：80
    524                  */        
    525              case 1:
    526          ////        if(     SLAVE_ADDR_DIP1 == SourceAddr 
    527          ////           ||   SLAVE_ADDR_DIP2 == SourceAddr    
    528          //        if(     SLAVE_ADDR_DIP1 == sCsncPara.sourceaddr 
    529          //           ||   SLAVE_ADDR_DIP2 == sCsncPara.sourceaddr                   
    530          //               
    531          //               )   
    532          //        {
    533          ////            Ctrl.Mtr.RxCtrl.SourceAddr = SourceAddr;           //源地址
    534          ////            Ctrl.Mtr.RxCtrl.DestAddr   = GetRecSlaveAddr();    //目标地址
    535          ////            Ctrl.Mtr.RxCtrl.FramNum    = GetRecvFrameNbr();    //接收到的帧号
    536          ////            Ctrl.Mtr.RxCtrl.Code       = 0;                    //指令码 ，测量装置未定义 
    537          ////            Ctrl.Mtr.RxCtrl.Len        = Len;                  //数据区长度
    538          //            
    539          //            Ctrl.Mtr.RxCtrl.SourceAddr = sCsncPara.sourceaddr;   	//源地址
    540          //            Ctrl.Mtr.RxCtrl.DestAddr   = sCsncPara.destaddr;    	//目标地址
    541          //            Ctrl.Mtr.RxCtrl.FramNum    = sCsncPara.framnum;    	//接收到的帧号
    542          //            Ctrl.Mtr.RxCtrl.FrameCode  = (uint8)sCsncPara.framcode & (0x0f);//指令码 ，测量装置未定义 
    543          //            Ctrl.Mtr.RxCtrl.Len        = sCsncPara.datalen;       	//数据区长度    
    544          //            
    545          //            //取数据记录，将数据记录保存到接收区
    546          //            //OS_CRITICAL_ENTER();
    547          ////            memcpy( (INT08U *)&Ctrl.Mtr.Rd.Buf[0], (INT08U *)&pch->RxFrameData[DataPos], Len );
    548          //            //memcpy( (INT08U *)&Ctrl.Mtr.Rd.Buf[0], buf, Len );
    549          //            memcpy( (INT08U *)&Ctrl.Mtr.Rd.Buf[0], buf, sCsncPara.datalen );
    550          //            //OS_CRITICAL_EXIT();
    551          //            
    552          //            /***********************************************
    553          //            * 描述： UART1连接状态描述
    554          //            */       
    555          //            for(uint8 i = 0;i< COMM_DEV_MTR_CONN_NUM;i++)
    556          //            {
    557          ////                if( Ctrl.Mtr.ConnCtrl[i].SlaveAddr == SourceAddr)
    558          //                if( Ctrl.Mtr.ConnCtrl[i].SlaveAddr == sCsncPara.sourceaddr )
    559          //                {
    560          //                    Ctrl.Mtr.ConnCtrl[i].RecvEndFlg   = 1;      //接收到数据，置1。数据处理后置0
    561          //                    Ctrl.Mtr.ConnCtrl[i].TimeOut      = 0;      //超时计数器清零。
    562          //                }
    563          //            }
    564          //            
    565          //            OS_FlagPost(( OS_FLAG_GRP *)&Ctrl.Os.CommEvtFlagGrp,
    566          //                        ( OS_FLAGS     ) COMM_EVT_FLAG_MTR_RX,
    567          //                        ( OS_OPT       ) OS_OPT_POST_FLAG_SET,
    568          //                        ( CPU_TS       ) 0,
    569          //                        ( OS_ERR      *) &err);       
    570          //        }
    571          //        
    572          //        Ctrl.Mtr.ConnectFlag       = 1;
    573          //        Ctrl.Mtr.ConnectTimeOut    = 0;   
    574                  
    575                  break;
    576                  
    577                  /***********************************************
    578                  * 描述： UART3接收到数据。数据发送地址：CA、C2
    579                  *                         数据接收地址:80
    580                  */   
    581              case 2:
    582                  if(        SLAVE_ADDR_DTU   == sCsncPara.sourceaddr 
    583                     ||      SLAVE_ADDR_SET   == sCsncPara.sourceaddr    
    584                         )   
   \   00000038   0xF89D 0x0008      LDRB     R0,[SP, #+8]
   \   0000003C   0x28CA             CMP      R0,#+202
   \   0000003E   0xD001             BEQ.N    ??APP_CommRxDataDealCB_4
   \   00000040   0x28C2             CMP      R0,#+194
   \   00000042   0xD146             BNE.N    ??APP_CommRxDataDealCB_5
    585                  {
    586                      Ctrl.Dtu.RxCtrl.SourceAddr = sCsncPara.sourceaddr;   	//源地址
   \                     ??APP_CommRxDataDealCB_4: (+1)
   \   00000044   0x....             LDR.N    R5,??DataTable7_1
   \   00000046   0xF205 0x4021      ADDW     R0,R5,#+1057
   \   0000004A   0xF89D 0x2008      LDRB     R2,[SP, #+8]
   \   0000004E   0x7042             STRB     R2,[R0, #+1]
    587                      Ctrl.Dtu.RxCtrl.DestAddr   = sCsncPara.destaddr;    	//目标地址
   \   00000050   0x7001             STRB     R1,[R0, #+0]
    588                      Ctrl.Dtu.RxCtrl.FramNum    = sCsncPara.framnum;    	//接收到的帧号
   \   00000052   0xF89D 0x100A      LDRB     R1,[SP, #+10]
   \   00000056   0x7081             STRB     R1,[R0, #+2]
    589                      Ctrl.Dtu.RxCtrl.FrameCode  = (uint8)sCsncPara.framcode & (0x0f);//指令码 ，测量装置未定义 
   \   00000058   0xF89D 0x100B      LDRB     R1,[SP, #+11]
   \   0000005C   0xF001 0x010F      AND      R1,R1,#0xF
   \   00000060   0x7101             STRB     R1,[R0, #+4]
    590                      Ctrl.Dtu.RxCtrl.Len        = sCsncPara.datalen;       	//数据区长度               
   \   00000062   0xF89D 0x2014      LDRB     R2,[SP, #+20]
   \   00000066   0x70C2             STRB     R2,[R0, #+3]
    591          
    592          			/***********************************************
    593                      * 描述：无线通讯及IC卡通讯，定义数据区的前 4 个字节为命令字，   
    594                      *                           ，4字节后才是真正的数据。                        
    595                      */                   
    596                      //if(Len >=4)     
    597                      if(sCsncPara.datalen >=4 && Ctrl.Dtu.RxCtrl.FrameCode == 0) 
   \   00000068   0x2A04             CMP      R2,#+4
   \   0000006A   0xDB12             BLT.N    ??APP_CommRxDataDealCB_6
   \   0000006C   0x2900             CMP      R1,#+0
   \   0000006E   0xD110             BNE.N    ??APP_CommRxDataDealCB_6
    598                      {
    599                          //Ctrl.Dtu.RxCtrl.Len        = Len - 4;                  //数据区长度
    600                          Ctrl.Dtu.RxCtrl.Len        = sCsncPara.datalen - 4;                  //数据区长度
   \   00000070   0x1F11             SUBS     R1,R2,#+4
   \   00000072   0x70C1             STRB     R1,[R0, #+3]
    601                          //取数据记录，将数据记录保存到接收区
    602                          //OS_CRITICAL_ENTER();
    603                          //memcpy( (INT08U *)&Ctrl.Dtu.RxCtrl.Code, (INT08U *)&pch->RxFrameData[DataPos], 4);        //功能码
    604                          //memcpy( (INT08U *)&Ctrl.Dtu.Rd.Buf[0],   (INT08U *)&pch->RxFrameData[DataPos+4], Len-4 );   //数据区
    605                          memcpy( (INT08U *)&Ctrl.Dtu.RxCtrl.DataCode, g_recbuf, 4);        //功能码
   \   00000074   0x2204             MOVS     R2,#+4
   \   00000076   0x4621             MOV      R1,R4
   \   00000078   0xF205 0x4029      ADDW     R0,R5,#+1065
   \   0000007C   0x.... 0x....      BL       __aeabi_memcpy
    606                          memcpy( (INT08U *)&Ctrl.Dtu.Rd.Buf[0],   (INT08U *)&g_recbuf[4], sCsncPara.datalen-4 );   //数据区
   \   00000080   0xF89D 0x0014      LDRB     R0,[SP, #+20]
   \   00000084   0x1F02             SUBS     R2,R0,#+4
   \   00000086   0x1D21             ADDS     R1,R4,#+4
   \   00000088   0xF205 0x20E1      ADDW     R0,R5,#+737
   \   0000008C   0x.... 0x....      BL       __aeabi_memcpy
    607          
    608                          //OS_CRITICAL_EXIT();                    
    609                      }
   \   00000090   0xE004             B.N      ??APP_CommRxDataDealCB_7
    610                      else        //V2.0协议操作  //将数据拷贝数据区，在根据协议解析   
    611                      {
    612                          memcpy( (INT08U *)&Ctrl.Dtu.Rd.Buf[0],   (INT08U *)&g_recbuf[0], sCsncPara.datalen );
   \                     ??APP_CommRxDataDealCB_6: (+1)
   \   00000092   0x4621             MOV      R1,R4
   \   00000094   0xF205 0x20E1      ADDW     R0,R5,#+737
   \   00000098   0x.... 0x....      BL       __aeabi_memcpy
    613                      }
    614                      /***********************************************
    615                      * 描述： UART3连接状态描述
    616                      */       
    617                      for(uint8 i = 0;i< COMM_DEV_DTU_CONN_NUM;i++)
   \                     ??APP_CommRxDataDealCB_7: (+1)
   \   0000009C   0x2000             MOVS     R0,#+0
   \   0000009E   0xE00D             B.N      ??APP_CommRxDataDealCB_8
    618                      {
    619                          //if( Ctrl.Dtu.ConnCtrl[i].SlaveAddr == SourceAddr)
    620                          if( Ctrl.Dtu.ConnCtrl[i].SlaveAddr == sCsncPara.sourceaddr)
   \                     ??APP_CommRxDataDealCB_9: (+1)
   \   000000A0   0xEB05 0x01C0      ADD      R1,R5,R0, LSL #+3
   \   000000A4   0xF201 0x412E      ADDW     R1,R1,#+1070
   \   000000A8   0x78CA             LDRB     R2,[R1, #+3]
   \   000000AA   0xF89D 0x3008      LDRB     R3,[SP, #+8]
   \   000000AE   0x429A             CMP      R2,R3
   \   000000B0   0xD103             BNE.N    ??APP_CommRxDataDealCB_10
    621                          {
    622                              Ctrl.Dtu.ConnCtrl[i].RecvEndFlg  = 1;              //接收到数据，置1。数据处理后置0
   \   000000B2   0x2201             MOVS     R2,#+1
   \   000000B4   0x700A             STRB     R2,[R1, #+0]
    623                              Ctrl.Dtu.ConnCtrl[i].TimeOut     = 0;              //超时计数器清零。
   \   000000B6   0x2200             MOVS     R2,#+0
   \   000000B8   0x704A             STRB     R2,[R1, #+1]
    624                          }
    625                      }
   \                     ??APP_CommRxDataDealCB_10: (+1)
   \   000000BA   0x1C40             ADDS     R0,R0,#+1
   \                     ??APP_CommRxDataDealCB_8: (+1)
   \   000000BC   0x2802             CMP      R0,#+2
   \   000000BE   0xDBEF             BLT.N    ??APP_CommRxDataDealCB_9
    626                      
    627                      OS_FlagPost(( OS_FLAG_GRP *)&Ctrl.Os.CommEvtFlagGrp,
    628                                  ( OS_FLAGS     ) COMM_EVT_FLAG_DTU_RX,
    629                                  ( OS_OPT       ) OS_OPT_POST_FLAG_SET,
    630                                  ( CPU_TS       ) 0,
    631                                  ( OS_ERR      *) &err);       
   \   000000C0   0xA801             ADD      R0,SP,#+4
   \   000000C2   0x9000             STR      R0,[SP, #+0]
   \   000000C4   0x2300             MOVS     R3,#+0
   \   000000C6   0x461A             MOV      R2,R3
   \   000000C8   0x2102             MOVS     R1,#+2
   \   000000CA   0xF205 0x4062      ADDW     R0,R5,#+1122
   \   000000CE   0x.... 0x....      BL       OS_FlagPost
    632                  }
    633                  
    634                  Ctrl.Dtu.ConnectFlag       = 1;
    635                  Ctrl.Dtu.ConnectTimeOut    = 0;   
   \                     ??APP_CommRxDataDealCB_5: (+1)
   \   000000D2   0x2080             MOVS     R0,#+128
   \   000000D4   0x....             LDR.N    R1,??DataTable7_1
   \   000000D6   0xF881 0x0441      STRB     R0,[R1, #+1089]
    636                  
    637                  break;
    638                  /***********************************************
    639                  * 描述： UART4接收到数据
    640                  */   
    641              case 3:
    642          ////        if(         SLAVE_ADDR_OTR == SourceAddr 
    643          ////           ||      SLAVE_ADDR_SET  == SourceAddr    
    644          ////               
    645          //        if(         SLAVE_ADDR_OTR == sCsncPara.sourceaddr 
    646          //           ||      SLAVE_ADDR_SET  == sCsncPara.sourceaddr    
    647          //               )   
    648          //        {
    649          ////            Ctrl.Otr.RxCtrl.SourceAddr = SourceAddr;           //源地址
    650          ////            Ctrl.Otr.RxCtrl.DestAddr   = GetRecSlaveAddr();    //目标地址
    651          ////            Ctrl.Otr.RxCtrl.FramNum    = GetRecvFrameNbr();    //接收到的帧号
    652          //
    653          //            Ctrl.Otr.RxCtrl.SourceAddr = sCsncPara.sourceaddr;   	//源地址
    654          //            Ctrl.Otr.RxCtrl.DestAddr   = sCsncPara.destaddr;    	//目标地址
    655          //            Ctrl.Otr.RxCtrl.FramNum    = sCsncPara.framnum;    	//接收到的帧号
    656          //            Ctrl.Otr.RxCtrl.FrameCode  = (uint8)sCsncPara.framcode & (0x0f);//指令码 ，测量装置未定义 
    657          //            Ctrl.Otr.RxCtrl.Len        = sCsncPara.datalen;       	//数据区长度               
    658          //
    659          //            /***********************************************
    660          //            * 描述：无线通讯及IC卡通讯，定义数据区的前 4 个字节为命令字，   
    661          //            *                           ，4字节后才是真正的数据。                        
    662          //            */                   
    663          //            //if(Len >=4)  //V1.0协议操作
    664          //            if(sCsncPara.datalen >=4 && Ctrl.Otr.RxCtrl.FrameCode == 0) 
    665          //            {
    666          //                //Ctrl.Otr.RxCtrl.Len        = Len - 4;                  //数据区长度
    667          //                Ctrl.Otr.RxCtrl.Len        = Ctrl.Otr.RxCtrl.Len  - 4;                  //数据区长度 - 4;                  //数据区长度
    668          //                //取数据记录，将数据记录保存到接收区
    669          //                //OS_CRITICAL_ENTER();
    670          //                //memcpy( (INT08U *)&Ctrl.Otr.RxCtrl.Code, (INT08U *)&pch->RxFrameData[DataPos], 4);        //功能码
    671          //                //memcpy( (INT08U *)&Ctrl.Otr.Rd.Buf[0],   (INT08U *)&pch->RxFrameData[DataPos+4], Len-4 );   //数据区
    672          //
    673          //                memcpy( (INT08U *)&Ctrl.Otr.RxCtrl.DataCode, buf, 4);        //功能码
    674          //                memcpy( (INT08U *)&Ctrl.Otr.Rd.Buf[0],   (INT08U *)&buf[4], sCsncPara.datalen-4 );   //数据区                //OS_CRITICAL_EXIT();                    
    675          //            }
    676          //            else        //V2.0协议操作    //将数据拷贝数据区，在根据协议解析 
    677          //            {
    678          //                memcpy( (INT08U *)&Ctrl.Otr.Rd.Buf[0],   (INT08U *)&buf[0], sCsncPara.datalen );
    679          //            }
    680          //            /***********************************************
    681          //            * 描述： UART2连接状态描述
    682          //            */       
    683          //            for(uint8 i = 0;i< COMM_DEV_OTR_CONN_NUM;i++)
    684          //            {
    685          //                //if( Ctrl.Otr.ConnCtrl[i].SlaveAddr == SourceAddr)
    686          //                if( Ctrl.Otr.ConnCtrl[i].SlaveAddr == sCsncPara.sourceaddr)
    687          //                {
    688          //                    Ctrl.Otr.ConnCtrl[i].RecvEndFlg  = 1;      //接收到数据，置1。数据处理后置0
    689          //                    Ctrl.Otr.ConnCtrl[i].TimeOut     = 0;      //超时计数器清零。
    690          //                }
    691          //            } 
    692          //            
    693          //            OS_FlagPost(( OS_FLAG_GRP *)&Ctrl.Os.CommEvtFlagGrp,
    694          //                        ( OS_FLAGS     ) COMM_EVT_FLAG_OTR_RX,
    695          //                        ( OS_OPT       ) OS_OPT_POST_FLAG_SET,
    696          //                        ( CPU_TS       ) 0,
    697          //                        ( OS_ERR      *) &err);       
    698          //        }
    699          //        
    700          //        Ctrl.Otr.ConnectFlag       = 1;
    701          //        Ctrl.Otr.ConnectTimeOut    = 0;   
    702          //        
    703                  break;
    704              }
    705              
    706              return TRUE;
   \                     ??APP_CommRxDataDealCB_3: (+1)
   \   000000DA   0x2001             MOVS     R0,#+1
   \                     ??APP_CommRxDataDealCB_2: (+1)
   \   000000DC   0xB007             ADD      SP,SP,#+28
   \   000000DE   0xBD30             POP      {R4,R5,PC}       ;; return
    707          }
    708          
    709          /***********************************************
    710          * 描述： 2016/01/08增加，用于非MODBBUS IAP升级通信
    711          */
    712          #if MB_IAPMODBUS_EN == DEF_ENABLED
    713          /*******************************************************************************
    714          * 名    称： APP_CommRxDataDealCB
    715          * 功    能： 串口数据处理回调函数，由MB_DATA.C调用
    716          * 入口参数： 无
    717          * 出口参数： 无
    718          * 作    者： 无名沈
    719          * 创建日期： 2016-01-04
    720          * 修    改：
    721          * 修改日期：
    722          * 备    注： 
    723          *******************************************************************************/

   \                                 In section .text, align 2, keep-with-next
    724          INT08U IAP_CommRxDataDealCB(MODBUS_CH  *pch)
    725          {
    726              //    CPU_SR_ALLOC();
    727              //    CPU_CRITICAL_ENTER();
    728              //    u8  Len     = pch->RxBufByteCtr;
    729              //    memcpy( (INT08U *)&pch->RxFrameData, (INT08U *)pch->RxBuf, Len );
    730              //    CPU_CRITICAL_EXIT();
    731              //    
    732              //    /***********************************************
    733              //    * 描述： 获取帧头
    734              //    */    
    735              //    INT08U  *DataBuf    = pch->RxFrameData;
    736              //    
    737              //    /***********************************************
    738              //    * 描述： 接收数据处理
    739              //    */
    740              //    u8  DstAddr = 
    741              //    CSNC_GetData(	(unsigned char *)pch->RxFrameData,          //RecBuf,
    742              //                    (unsigned char	 )Len,                       //RecLen, 
    743              //                    (unsigned char *)DataBuf,                   //DataBuf,
    744              //                    (unsigned short *)&Len);                    //InfoLen)
    745              //    /***********************************************
    746              //    * 描述： 检测接收结束
    747              //    */
    748              //    if ( ( Len == 16) && 
    749              //         ( 0 >= memcmp((const char *)"IAP_pragram end!",(const char *)&pch->RxFrameData[8], 16) ) ) {
    750              //        /***********************************************
    751              //        * 描述： 发送数据处理
    752              //        */
    753              //        CSNC_SendData(	(MODBUS_CH      *)Ctrl.Com.pch,
    754              //                        (unsigned char  ) Ctrl.Com.SlaveAddr,          // SourceAddr,
    755              //                        (unsigned char  ) Ctrl.Com.Rd.Head.SrcAddr,    // DistAddr,
    756              //                        (unsigned char *)&pch->RxFrameData[8],          // DataBuf,
    757              //                        (unsigned short ) Len); 
    758              //        /***********************************************
    759              //        * 描述： 置位IAP结束标志位
    760              //        */
    761              //        OS_ERR err;
    762              //        OS_FlagPost(( OS_FLAG_GRP *)&Ctrl.Os.CommEvtFlagGrp,
    763              //                    ( OS_FLAGS     ) COMM_EVT_FLAG_IAP_END,
    764              //                    ( OS_OPT       ) OS_OPT_POST_FLAG_SET,
    765              //                    ( CPU_TS       ) 0,
    766              //                    ( OS_ERR      *) &err);
    767              //        
    768              //        return TRUE;
    769              //    }
    770              //    
    771              //    if ( ( Len == 18) && 
    772              //         ( 0 >= memcmp((const char *)"IAP_pragram start!",(const char *)&pch->RxFrameData[8], 18) ) ) {
    773              //        
    774              //#if defined     (IMAGE_A) || defined   (IMAGE_B)
    775              //#else
    776              //        /***********************************************
    777              //        * 描述： 发送数据处理
    778              //        */
    779              //        CSNC_SendData(	(MODBUS_CH      *)Ctrl.Com.pch,
    780              //                        (unsigned char  ) Ctrl.Com.SlaveAddr,          // SourceAddr,
    781              //                        (unsigned char  ) Ctrl.Com.Rd.Head.SrcAddr,    // DistAddr,
    782              //                        (unsigned char *)&pch->RxFrameData[8],         // DataBuf,
    783              //                        (unsigned int	 ) Len);                        // DataLen 
    784              //#endif
    785              //        IAP_Restart();
    786              //        Iap.FrameIdx    = 0;
    787              //        return TRUE;
    788              //    }
    789              //    
    790              //    if ( Iap.Status < IAP_STS_START )
    791              //        return TRUE;
    792              //    /***********************************************
    793              //    * 描述： 写数据
    794              //    */
    795              //    /***********************************************
    796              //    * 描述： 将数据打包给发送结构
    797              //    */
    798              //    Ctrl.Com.Wr.Head.DataLen       = 0;
    799              //    /***********************************************
    800              //    * 描述： 编辑应答内容
    801              //    */
    802              //    char str[20];
    803              //    usprintf(str,"\n%d",Iap.FrameIdx);
    804              //    str[19]  = 0;
    805              //    /***********************************************
    806              //    * 描述： 写数据到Flash
    807              //    */
    808              //    IAP_Program((StrIapState *)&Iap, (INT16U *)&pch->RxFrameData[8], Len, (INT16U )GetRecvFrameNbr() );
    809              //    /***********************************************
    810              //    * 描述： 发送数据处理
    811              //    */
    812              //    CSNC_SendData(	(MODBUS_CH     *) Ctrl.Com.pch,
    813              //                    (unsigned char  ) Ctrl.Com.SlaveAddr,                    // SourceAddr,
    814              //                    (unsigned char  ) Ctrl.Com.Rd.Head.SrcAddr,              // DistAddr,
    815              //                    (unsigned char *) str,                                    // DataBuf,
    816              //                    (unsigned short ) strlen(str));                           // DataLen 
    817              //    if ( Len < 128 ) {
    818              //        /***********************************************
    819              //        * 描述： 置位IAP结束标志位
    820              //        */
    821              //        OS_ERR err;
    822              //        OS_FlagPost(( OS_FLAG_GRP *)&Ctrl.Os.CommEvtFlagGrp,
    823              //                    ( OS_FLAGS     ) COMM_EVT_FLAG_IAP_END,
    824              //                    ( OS_OPT       ) OS_OPT_POST_FLAG_SET,
    825              //                    ( CPU_TS       ) 0,
    826              //                    ( OS_ERR      *) &err);
    827              //    } else {
    828              //        IAP_Programing();                               // 复位超时计数器
    829              //    }
    830              //        
    831              //    /***********************************************
    832              //    * 描述： 串口接受COMM模组的消息并处理
    833              //    */
    834              //    Ctrl.Com.ConnectTimeOut    = 0;                // 超时计数器清零
    835              //    Ctrl.Com.ConnectFlag       = TRUE;             // 转连接成功标志
    836              //    
    837                  return TRUE;
   \                     IAP_CommRxDataDealCB: (+1)
   \   00000000   0x2001             MOVS     R0,#+1
   \   00000002   0x4770             BX       LR               ;; return
    838          }
    839          #endif
    840          
    841          /*******************************************************************************
    842          * 名    称： NMBS_FCxx_Handler
    843          * 功    能： 非MODBUS串口数据处理回调函数，由mbs_core.d调用。处理接收中断应答。
    844          * 入口参数： 无
    845          * 出口参数： 无
    846          * 作    者： 无名沈
    847          * 创建日期： 2017-02-03
    848          * 修    改：
    849          * 修改日期：
    850          * 备    注： 
    851          *******************************************************************************/
    852          extern OS_Q                MTR_RxQ;
    853          extern OS_Q                COM_RxQ;
    854          extern OS_Q                DTU_RxQ;

   \                                 In section .text, align 2, keep-with-next
    855          CPU_BOOLEAN  NMBS_FCxx_Handler (MODBUS_CH  *pch)
    856          {
   \                     NMBS_FCxx_Handler: (+1)
   \   00000000   0xB57C             PUSH     {R2-R6,LR}
   \   00000002   0x4604             MOV      R4,R0
    857              //OS_ERR      err;
    858              //   CPU_INT16U  head    = BUILD_INT16U(pch->RxBuf[1], pch->RxBuf[0]);
    859              //    CPU_INT16U  tail    = BUILD_INT16U(pch->RxBuf[pch->RxBufByteCtr-1],
    860              //                                       pch->RxBuf[pch->RxBufByteCtr-2]);
    861              CPU_INT16U  head    = BUILD_INT16U( pch->RxFrameData[1], pch->RxFrameData[0]);
   \   00000004   0xF504 0x7511      ADD      R5,R4,#+580
   \   00000008   0x7868             LDRB     R0,[R5, #+1]
   \   0000000A   0x7829             LDRB     R1,[R5, #+0]
   \   0000000C   0xEB00 0x2001      ADD      R0,R0,R1, LSL #+8
   \   00000010   0xB280             UXTH     R0,R0
    862              CPU_INT16U  tail    = BUILD_INT16U( pch->RxFrameData[pch->RxBufByteCnt-1],
    863                                                 pch->RxFrameData[pch->RxBufByteCnt-2]);           //20170526 RxBufByteCtr 中断函数中动态更新。
    864              
    865              /***********************************************
    866              * 描述： 长沙南车DTU协议处理
    867              */
    868              
    869              if ( ( pch->RxFrameHead == head ) &&              
    870                  ( pch->RxFrameTail == tail ) ) {
   \   00000012   0xF204 0x314A      ADDW     R1,R4,#+842
   \   00000016   0x880A             LDRH     R2,[R1, #+0]
   \   00000018   0x4282             CMP      R2,R0
   \   0000001A   0xD110             BNE.N    ??NMBS_FCxx_Handler_0
   \   0000001C   0x8E62             LDRH     R2,[R4, #+50]
   \   0000001E   0x1912             ADDS     R2,R2,R4
   \   00000020   0xF202 0x2242      ADDW     R2,R2,#+578
   \   00000024   0x8849             LDRH     R1,[R1, #+2]
   \   00000026   0x7853             LDRB     R3,[R2, #+1]
   \   00000028   0x7812             LDRB     R2,[R2, #+0]
   \   0000002A   0xEB03 0x2202      ADD      R2,R3,R2, LSL #+8
   \   0000002E   0xB292             UXTH     R2,R2
   \   00000030   0x4291             CMP      R1,R2
   \   00000032   0xD104             BNE.N    ??NMBS_FCxx_Handler_0
    871                      APP_CommRxDataDealCB(pch);
   \   00000034   0x4620             MOV      R0,R4
   \   00000036   0x.... 0x....      BL       APP_CommRxDataDealCB
    872                      /***********************************************
    873                      * 描述： 电表调试协议协议,电表协议协议处理处理
    874                      */
    875                  } else  if ( ( 0xAA55 == head ) || ( 0xAAAA == head ) ) {
    876                      OS_ERR  err;
    877                      
    878                      CPU_SR_ALLOC();
    879                      OS_CRITICAL_ENTER();
    880                      memcpy( (INT08U *)&pch->RxFrameData, (INT08U *)pch->RxBuf, pch->RxBufByteCnt );
    881                      OS_CRITICAL_EXIT();
    882                      
    883                      (void)OSQPost((OS_Q         *)&MTR_RxQ,
    884                                    (void         *) pch,
    885                                    //(OS_MSG_SIZE   ) pch->RxBufByteCtr,
    886                                    (OS_MSG_SIZE   ) pch->RxBufByteCnt,
    887                                    (OS_OPT        ) OS_OPT_POST_FIFO,
    888                                    (OS_ERR       *)&err);
    889                       //BSP_OS_TimeDly(5);
    890                       /***********************************************
    891                       * 描述： tax通讯协议
    892                       */  
    893                  } else {
    894          //            if(pch->PortNbr == 0)                       //串口0，做 
    895          //                if(TAX_FCxx_Handler(pch) == FALSE)     //tax通讯处理
    896                              return DEF_FALSE;
    897                  }
    898              return DEF_TRUE;
   \                     ??NMBS_FCxx_Handler_1: (+1)
   \   0000003A   0x2001             MOVS     R0,#+1
   \   0000003C   0xBD76             POP      {R1,R2,R4-R6,PC}  ;; return
   \                     ??NMBS_FCxx_Handler_0: (+1)
   \   0000003E   0xF64A 0x2155      MOVW     R1,#+43605
   \   00000042   0x4288             CMP      R0,R1
   \   00000044   0xD003             BEQ.N    ??NMBS_FCxx_Handler_2
   \   00000046   0xF64A 0x21AA      MOVW     R1,#+43690
   \   0000004A   0x4288             CMP      R0,R1
   \   0000004C   0xD118             BNE.N    ??NMBS_FCxx_Handler_3
   \                     ??NMBS_FCxx_Handler_2: (+1)
   \   0000004E   0x.... 0x....      BL       CPU_SR_Save
   \   00000052   0x4606             MOV      R6,R0
   \   00000054   0x.... 0x....      BL       CPU_IntDisMeasStart
   \   00000058   0x8E62             LDRH     R2,[R4, #+50]
   \   0000005A   0xF104 0x0138      ADD      R1,R4,#+56
   \   0000005E   0x4628             MOV      R0,R5
   \   00000060   0x.... 0x....      BL       __aeabi_memcpy
   \   00000064   0x.... 0x....      BL       CPU_IntDisMeasStop
   \   00000068   0x4630             MOV      R0,R6
   \   0000006A   0x.... 0x....      BL       CPU_SR_Restore
   \   0000006E   0xA801             ADD      R0,SP,#+4
   \   00000070   0x9000             STR      R0,[SP, #+0]
   \   00000072   0x2300             MOVS     R3,#+0
   \   00000074   0x8E62             LDRH     R2,[R4, #+50]
   \   00000076   0x4621             MOV      R1,R4
   \   00000078   0x....             LDR.N    R0,??DataTable7_3
   \   0000007A   0x.... 0x....      BL       OSQPost
   \   0000007E   0xE7DC             B.N      ??NMBS_FCxx_Handler_1
   \                     ??NMBS_FCxx_Handler_3: (+1)
   \   00000080   0x2000             MOVS     R0,#+0
   \   00000082   0xBD76             POP      {R1,R2,R4-R6,PC}
    899          }
    900          
    901          
    902          /*******************************************************************************
    903          * 名    称： APP_MaterCommHandler
    904          * 功    能： 电表串口数据处理函数
    905          * 入口参数： 无
    906          * 出口参数： 无
    907          * 作　　者： wumingshen.
    908          * 创建日期： 2015-03-28
    909          * 修    改：
    910          * 修改日期：
    911          *******************************************************************************/
    912          /***********************************************
    913          * 描述： 2015/12/07增加，用于非MODBBUS通信
    914          *        非MODBUS通信，带帧头帧尾的通信数据处理
    915          */
    916          #if MB_NONMODBUS_EN == DEF_ENABLED

   \                                 In section .text, align 2, keep-with-next
    917          CPU_BOOLEAN APP_MaterCommHandler (MODBUS_CH  *pch)
    918          {    
   \                     APP_MaterCommHandler: (+1)
   \   00000000   0xB570             PUSH     {R4-R6,LR}
    919          //    uint8_t     fram_clr[4]     = {0};
    920          //	uint8_t     IDBuf[4]        = {0};
    921          //	uint8_t     clear_buf[24]   = {0};
    922          //	uint32_t    ID              = 0;
    923          //	uint32_t    utemp;
    924              
    925          	//TIME        system; 
    926              
    927              /***********************************************
    928              * 描述： 拷贝数据到数据区
    929              */
    930              //CPU_SR_ALLOC();
    931              //CPU_CRITICAL_ENTER();
    932              //uint32_t  Len     = pch->RxBufByteCnt;
    933              //memcpy( (INT08U *)&pch->RxFrameData, (INT08U *)pch->RxBuf, Len );
    934              //CPU_CRITICAL_EXIT();
    935              uint32_t    Len       = pch->RxBufByteCnt;
   \   00000002   0xF100 0x0332      ADD      R3,R0,#+50
   \   00000006   0x881C             LDRH     R4,[R3, #+0]
   \   00000008   0x4621             MOV      R1,R4
    936              INT08U      *DataBuf  = pch->RxFrameData;
   \   0000000A   0xF500 0x7211      ADD      R2,R0,#+580
    937              
    938              
    939              CPU_INT16U  head    = BUILD_INT16U(pch->RxBuf[1], pch->RxBuf[0]);
   \   0000000E   0x79DD             LDRB     R5,[R3, #+7]
   \   00000010   0x799B             LDRB     R3,[R3, #+6]
   \   00000012   0xEB05 0x2303      ADD      R3,R5,R3, LSL #+8
    940              CPU_INT16U  tail    = BUILD_INT16U(pch->RxBuf[pch->RxBufByteCnt-1],
    941                                                 pch->RxBuf[pch->RxBufByteCnt-2]);
    942              /***********************************************
    943              * 描述： 长沙南车DTU协议处理
    944              */
    945              if ( ( pch->RxFrameHead == head ) &&
    946                  ( pch->RxFrameTail == tail ) ) {
   \   00000016   0xF200 0x354A      ADDW     R5,R0,#+842
   \   0000001A   0x882E             LDRH     R6,[R5, #+0]
   \   0000001C   0xB29B             UXTH     R3,R3
   \   0000001E   0x429E             CMP      R6,R3
   \   00000020   0xD10F             BNE.N    ??APP_MaterCommHandler_0
   \   00000022   0x1824             ADDS     R4,R4,R0
   \   00000024   0x3436             ADDS     R4,R4,#+54
   \   00000026   0x886D             LDRH     R5,[R5, #+2]
   \   00000028   0x7866             LDRB     R6,[R4, #+1]
   \   0000002A   0x7824             LDRB     R4,[R4, #+0]
   \   0000002C   0xEB06 0x2404      ADD      R4,R6,R4, LSL #+8
   \   00000030   0xB2A4             UXTH     R4,R4
   \   00000032   0x42A5             CMP      R5,R4
   \   00000034   0xD105             BNE.N    ??APP_MaterCommHandler_0
    947                      DataBuf = &pch->RxFrameData[8];
   \   00000036   0xF500 0x7213      ADD      R2,R0,#+588
    948                      //        Len     = Ctrl.Com.Rd.Head.DataLen;        
    949                      head    = BUILD_INT16U(DataBuf[1], DataBuf[0]);
   \   0000003A   0x7850             LDRB     R0,[R2, #+1]
   \   0000003C   0x7813             LDRB     R3,[R2, #+0]
   \   0000003E   0xEB00 0x2303      ADD      R3,R0,R3, LSL #+8
    950                  }
    951              
    952              /***********************************************
    953              * 描述： 
    954              序号    内容       字节数 内容说明
    955              1       帧头       2      0xAA 0xAA
    956              2       帧长度     1      0x08 帧长度固定为8字节
    957              3       命令类型   2      0x00 0x01
    958              4       预留       2      0x00 0x00
    959              5       累加和     1      前7个字节的累加和
    960              */ 
    961              if ( 0xAAAA == head ) {
   \                     ??APP_MaterCommHandler_0: (+1)
   \   00000042   0xB29B             UXTH     R3,R3
   \   00000044   0xF64A 0x20AA      MOVW     R0,#+43690
   \   00000048   0x4283             CMP      R3,R0
   \   0000004A   0xD103             BNE.N    ??APP_MaterCommHandler_1
    962                  Len            -= 1;
    963                  int8_t chkSum   = GetCheckSum(DataBuf,Len);
   \   0000004C   0x1E49             SUBS     R1,R1,#+1
   \   0000004E   0x4610             MOV      R0,R2
   \   00000050   0x.... 0x....      BL       GetCheckSum
    964                  
    965                  if ( chkSum ==  DataBuf[Len] ) {
    966                      //            pch->TxFrameData[0]     = 0xAA;
    967                      //            pch->TxFrameData[1]     = 0xAA;
    968                      //            pch->TxFrameData[2]     = 0x30;
    969                      //            pch->TxFrameData[3]     = 0x00;
    970                      //            pch->TxFrameData[4]     = 0x71;
    971                      //            
    972                      //            CPU_SR  cpu_sr;
    973                      //            OS_CRITICAL_ENTER();
    974                      //            memcpy(&pch->TxFrameData[5],(uint8_t *)&Mater.Energy, sizeof(StrEnergy));
    975                      //            OS_CRITICAL_EXIT();
    976                      //            
    977                      //            pch->TxFrameData[45]    = 0x00;
    978                      //            pch->TxFrameData[46]    = 0x00;
    979                      //            
    980                      //            pch->TxFrameData[47]    = GetCheckSum(pch->TxFrameData,47);
    981                      //            
    982                      //            NMB_Tx((MODBUS_CH   *)pch,
    983                      //                   (CPU_INT08U  *)pch->TxFrameData,
    984                      //                   (CPU_INT16U   )48);
    985                      return TRUE;
    986                  }
    987                  /***********************************************
    988                  * 描述： 调试参数
    989                  */
    990              } else if ( ( 0xAA55 == head ) && ( Len > 10 )) {
    991                  /***********************************************
    992                  * 描述： 检测是否有帧尾，没有帧尾则进行CRC校验
    993                  */
    994                  if ( tail != 0x55AA  ) {
    995                      //uint16_t crc16_Cal = crc16((uint8_t *)&DataBuf[0],9);
    996                      //uint16_t crc16_Rec = BUILD_INT16U(DataBuf[9],DataBuf[10]);
    997                      //if(crc16_Cal != crc16_Rec) {                
    998                      //    return TRUE;
    999                      //}
   1000                  }
   1001                  switch(DataBuf[2])
   1002                  {
   1003                      /***********************************************
   1004                      * 描述： 设置序列号
   1005                      */
   1006                  case 0xA1:
   1007                      //ID = BUILD_INT32U(DataBuf[3], DataBuf[4], DataBuf[5], DataBuf[6]);
   1008                      //WriteFM24CL64(64 , (uint8_t *)&ID , 4);
   1009                      //ReadFM24CL64(64 , (uint8_t *)&ID , 4);
   1010                      //uartprintf(pch,"\r\n 本装置ID设置为：%d\r\n" , ID);
   1011                      break;            
   1012                      /***********************************************
   1013                      * 描述： 设置机车型号/机车号
   1014                      */
   1015                  case 0xA2:	
   1016                      //Mater.LocoTyp   = BUILD_INT16U(DataBuf[3],DataBuf[4]);
   1017                      //Mater.LocoNbr   = BUILD_INT16U(DataBuf[5],DataBuf[6]);
   1018                      //WriteFM24CL64(68 , (uint8_t *)&Mater.LocoTyp, 2);
   1019                      //WriteFM24CL64(70 , (uint8_t *)&Mater.LocoNbr, 2);
   1020                      //ReadFM24CL64(68 ,  (uint8_t *)&Mater.LocoTyp, 2);
   1021                      //ReadFM24CL64(70 ,  (uint8_t *)&Mater.LocoNbr, 2);
   1022                      //uartprintf(pch,"\r\n 当前车型：%d；当前车号：%d\r\n", Mater.LocoTyp,Mater.LocoNbr);
   1023                      break; 
   1024                      /***********************************************
   1025                      * 描述： 设置时间
   1026                      */
   1027                  case 0xA3:
   1028                      //            system.Year     =DataBuf[3];
   1029                      //            system.Month    =DataBuf[4];
   1030                      //            system.Day      =DataBuf[5];
   1031                      //            system.Hour     =DataBuf[6];
   1032                      //            system.Min      =DataBuf[7];
   1033                      //            system.Sec      =DataBuf[8];
   1034                      //            WriteTime(system);
   1035                      //            GetTime((TIME *)&recordsfr.Time[0]);
   1036                      //            uartprintf(pch,"\r\n 当前时间为：20%02d-%02d-%02d  %02d:%02d:%02d", 
   1037                      //                       recordsfr.Time[0], recordsfr.Time[1], recordsfr.Time[2],
   1038                      //                       recordsfr.Time[3], recordsfr.Time[4], recordsfr.Time[5]);
   1039                      break;
   1040                      
   1041                  default:
   1042                      break;
   1043                  }
   1044              }
   1045              /***********************************************
   1046              * 描述： 调用串口数据处理回调函数
   1047              */ 
   1048              return TRUE;
   \                     ??APP_MaterCommHandler_1: (+1)
   \   00000054   0x2001             MOVS     R0,#+1
   \   00000056   0xBD70             POP      {R4-R6,PC}       ;; return
   1049          }
   1050          
   1051          /*******************************************************************************
   1052          * 名    称： APP_CSNC_CommHandler
   1053          * 功    能： 串口数据处理函数
   1054          * 入口参数： 无
   1055          * 出口参数： 无
   1056          * 作　　者： wumingshen.
   1057          * 创建日期： 2015-03-28
   1058          * 修    改：
   1059          * 修改日期：
   1060          *******************************************************************************/

   \                                 In section .text, align 2, keep-with-next
   1061          CPU_BOOLEAN APP_CSNC_CommHandler (MODBUS_CH  *pch)
   1062          {   
   1063              //    if ( pch->PortNbr == Ctrl.Dtu.pch->PortNbr ) {
   1064              //        if ( GetRecvFrameNbr() == Ctrl.Com.Rd.Head.PacketSn ) {
   1065              //            /***********************************************
   1066              //            * 描述： 清除定时上传标志
   1067              //            */
   1068              //            //SetSendFrameNbr();
   1069              //            //extern void UpdateRecordPoint(uint8_t storeflag);
   1070              //            //UpdateRecordPoint(1);
   1071              //            //pch->StatNoRespCtr  = 0;
   1072              //            
   1073              //            //osal_set_event( OS_TASK_ID_TMR, OS_EVT_TMR_MIN);
   1074              //        }
   1075              //    } else {
   1076              //        /***********************************************
   1077              //        * 描述： 将数据打包给发送结构
   1078              //        */ 
   1079              //        APP_MaterCommHandler(pch);
   1080              //    }
   1081              //    
   1082              //    /***********************************************
   1083              //    * 描述： 串口接受COMM模组的消息并处理
   1084              //    */
   1085              //    Ctrl.Com.ConnectTimeOut    = 0;                // 超时计数器清零
   1086              //    Ctrl.Com.ConnectFlag       = TRUE;             // 转连接成功标志
   1087              //    
   1088              return TRUE;
   \                     APP_CSNC_CommHandler: (+1)
   \   00000000   0x2001             MOVS     R0,#+1
   \   00000002   0x4770             BX       LR               ;; return
   1089          }

   \                                 In section .text, align 4, keep-with-next
   \                     ??DataTable7:
   \   00000000   0x........         DC32     AppTaskCommTCB

   \                                 In section .text, align 4, keep-with-next
   \                     ??DataTable7_1:
   \   00000000   0x........         DC32     Ctrl

   \                                 In section .text, align 4, keep-with-next
   \                     ??DataTable7_2:
   \   00000000   0x........         DC32     g_recbuf

   \                                 In section .text, align 4, keep-with-next
   \                     ??DataTable7_3:
   \   00000000   0x........         DC32     MTR_RxQ

   \                                 In section .text, align 4, keep-with-next
   \                     ?_0:
   \   00000000   0x41 0x70          DC8 "App Task Comm"
   \              0x70 0x20    
   \              0x54 0x61    
   \              0x73 0x6B    
   \              0x20 0x43    
   \              0x6F 0x6D    
   \              0x6D 0x00    
   \   0000000E   0x00 0x00          DC8 0, 0

   \                                 In section .text, align 4, keep-with-next
   \                     ?_1:
   \   00000000   0x41 0x70          DC8 "App_CommFlag"
   \              0x70 0x5F    
   \              0x43 0x6F    
   \              0x6D 0x6D    
   \              0x46 0x6C    
   \              0x61 0x67    
   \              0x00         
   \   0000000D   0x00 0x00          DC8 0, 0, 0
   \              0x00         
   1090          #endif
   1091          /*******************************************************************************
   1092          * 				end of file
   1093          *******************************************************************************/
   1094          #endif

   Maximum stack usage in bytes:

   .cstack Function
   ------- --------
       0   APP_CSNC_CommHandler
      16   APP_CommInit
        16   -> App_ModbusInit
        16   -> OSFlagCreate
      40   APP_CommRxDataDealCB
        40   -> DataUnpack_CSNC
        40   -> OS_FlagPost
        40   -> __aeabi_memcpy
      16   APP_MaterCommHandler
        16   -> GetCheckSum
      32   AppTaskComm
        32   -> APP_CommInit
        32   -> OSFlagPend
        32   -> OSFlagPost
        32   -> OSRegWdtFlag
        32   -> OSSetWdtFlag
        32   -> OSTimeGet
        32   -> app_comm_dtu
        32   -> app_comm_mtr
      40   App_ModbusInit
        40   -> MB_CfgCh
        40   -> MB_Init
      48   App_TaskCommCreate
        48   -> OSTaskCreate
       0   IAP_CommRxDataDealCB
      24   NMBS_FCxx_Handler
        24   -> APP_CommRxDataDealCB
        24   -> CPU_IntDisMeasStart
        24   -> CPU_IntDisMeasStop
        24   -> CPU_SR_Restore
        24   -> CPU_SR_Save
        24   -> OSQPost
        24   -> __aeabi_memcpy


   Section sizes:

   Bytes  Function/Label
   -----  --------------
       4  ??DataTable7
       4  ??DataTable7_1
       4  ??DataTable7_2
       4  ??DataTable7_3
      16  ?_0
      16  ?_1
       4  APP_CSNC_CommHandler
      34  APP_CommInit
     224  APP_CommRxDataDealCB
      88  APP_MaterCommHandler
     134  AppTaskComm
    1208  AppTaskCommTCB
          AppTaskCommStk
     176  App_ModbusInit
      60  App_TaskCommCreate
       4  IAP_CommRxDataDealCB
      36  MTR_RxQ
     132  NMBS_FCxx_Handler
      44  OSTmr1
     256  g_recbuf

 
 1 544 bytes in section .bss
   904 bytes in section .text
 
   904 bytes of CODE memory
 1 544 bytes of DATA memory

Errors: none
Warnings: 1
