###############################################################################
#
# IAR ANSI C/C++ Compiler V7.50.1.10123/W32 for ARM       26/Dec/2017  20:53:54
# Copyright 1999-2015 IAR Systems AB.
#
#    Cpu mode     =  thumb
#    Endian       =  little
#    Source file  =  
#        F:\iar\NC199B-100\Library\Source\Micrium\uC-OS-III\Source\os_tick.c
#    Command line =  
#        F:\iar\NC199B-100\Library\Source\Micrium\uC-OS-III\Source\os_tick.c -D
#        USE_STDPERIPH_DRIVER -D STM32F10X_CL -D RELEASE -D IMAGE_A -D
#        STM32F103RC -D STM32_FLASH_SIZE=256 -D HSE_VALUE=25000000 -lCN
#        F:\iar\NC199B-100\Library\Project\IAR\..\..\..\Output\Lib\Relase-107C-APP\List\
#        -o
#        F:\iar\NC199B-100\Library\Project\IAR\..\..\..\Output\Lib\Relase-107C-APP\Obj\
#        --no_unroll --no_inline --no_tbaa --no_scheduling --debug
#        --endian=little --cpu=Cortex-M3 -e --fpu=None --dlib_config
#        "C:\Program Files (x86)\IAR Systems\Embedded Workbench
#        7.3\arm\INC\c\DLib_Config_Full.h" -I
#        F:\iar\NC199B-100\Library\Project\IAR\ -I
#        F:\iar\NC199B-100\Library\Project\IAR\..\..\Source\APP\ -I
#        F:\iar\NC199B-100\Library\Project\IAR\..\..\Source\APP\User\ -I
#        F:\iar\NC199B-100\Library\Project\IAR\..\..\Source\APP\AES\ -I
#        F:\iar\NC199B-100\Library\Project\IAR\..\..\Source\APP\Config\ -I
#        F:\iar\NC199B-100\Library\Project\IAR\..\..\Source\APP\OS\ -I
#        F:\iar\NC199B-100\Library\Project\IAR\..\..\Source\APP\User\ -I
#        F:\iar\NC199B-100\Library\Project\IAR\..\..\Source\APP\SIM900A\Source\
#        -I
#        F:\iar\NC199B-100\Library\Project\IAR\..\..\Source\APP\SIM900A\Port\
#        -I F:\iar\NC199B-100\Library\Project\IAR\..\..\Source\APP\SIM900A\OS\
#        -I
#        F:\iar\NC199B-100\Library\Project\IAR\..\..\Source\APP\SIM900A\Config\
#        -I F:\iar\NC199B-100\Library\Project\IAR\..\..\Source\APP\Protocol\ -I
#        F:\iar\NC199B-100\Library\Project\IAR\..\..\Source\APP\Iap\ -I
#        F:\iar\NC199B-100\Library\Project\IAR\..\..\Source\BSP\ -I
#        F:\iar\NC199B-100\Library\Project\IAR\..\..\Source\BSP\Driver\ -I
#        F:\iar\NC199B-100\Library\Project\IAR\..\..\Source\BSP\IAR\ -I
#        F:\iar\NC199B-100\Library\Project\IAR\..\..\Source\BSP\Os\ -I
#        F:\iar\NC199B-100\Library\Project\IAR\..\..\Source\BSP\Os\uCOS-III\ -I
#        F:\iar\NC199B-100\Library\Project\IAR\..\..\Source\BSP\St\ -I
#        F:\iar\NC199B-100\Library\Project\IAR\..\..\Source\BSP\St\FWLib\CMSIS\CM3\CoreSupport\
#        -I
#        F:\iar\NC199B-100\Library\Project\IAR\..\..\Source\BSP\St\FWLib\CMSIS\CM3\DeviceSupport\ST\STM32F10x\
#        -I
#        F:\iar\NC199B-100\Library\Project\IAR\..\..\Source\BSP\St\FWLib\STM32F10x_StdPeriph_Driver\inc\
#        -I F:\iar\NC199B-100\Library\Project\IAR\..\..\Source\Micrium\uC-CPU\
#        -I
#        F:\iar\NC199B-100\Library\Project\IAR\..\..\Source\Micrium\uC-CPU\ARM-Cortex-M3\IAR\
#        -I F:\iar\NC199B-100\Library\Project\IAR\..\..\Source\Micrium\uC-LIB\
#        -I F:\iar\NC199B-100\Library\Project\IAR\..\..\Source\BSP\Os\OSAL\ -I
#        F:\iar\NC199B-100\Library\Project\IAR\..\..\Source\OSAL\OS\ -I
#        F:\iar\NC199B-100\Library\Project\IAR\..\..\Source\Micrium\uC-MB\ -I
#        F:\iar\NC199B-100\Library\Project\IAR\..\..\Source\Micrium\uC-MB\Cfg\Template\
#        -I
#        F:\iar\NC199B-100\Library\Project\IAR\..\..\Source\Micrium\uC-MB\OS\uCOS-III\
#        -I
#        F:\iar\NC199B-100\Library\Project\IAR\..\..\Source\Micrium\uC-MB\Source\
#        -I
#        F:\iar\NC199B-100\Library\Project\IAR\..\..\Source\Micrium\uC-OS-III\
#        -I
#        F:\iar\NC199B-100\Library\Project\IAR\..\..\Source\Micrium\uC-OS-III\Ports\ARM-Cortex-M3\Generic\IAR\
#        -I
#        F:\iar\NC199B-100\Library\Project\IAR\..\..\Source\Micrium\uC-OS-III\Source\
#        -I F:\iar\NC199B-100\Library\Project\IAR\..\..\Source\FatFs\ -I
#        F:\iar\NC199B-100\Library\Project\IAR\..\..\Source\FatFs\option\ -Om
#        --use_c++_inline -I "C:\Program Files (x86)\IAR Systems\Embedded
#        Workbench 7.3\arm\CMSIS\Include\"
#    List file    =  
#        F:\iar\NC199B-100\Library\Project\IAR\..\..\..\Output\Lib\Relase-107C-APP\List\os_tick.lst
#    Object file  =  
#        F:\iar\NC199B-100\Library\Project\IAR\..\..\..\Output\Lib\Relase-107C-APP\Obj\os_tick.o
#
###############################################################################

F:\iar\NC199B-100\Library\Source\Micrium\uC-OS-III\Source\os_tick.c
      1          /*
      2          ***********************************************************************************************************************
      3          *                                                      uC/OS-III
      4          *                                                 The Real-Time Kernel
      5          *
      6          *                                  (c) Copyright 2009-2012; Micrium, Inc.; Weston, FL
      7          *                           All rights reserved.  Protected by international copyright laws.
      8          *
      9          *                                                   TICK MANAGEMENT
     10          *
     11          * File    : OS_TICK.C
     12          * By      : JJL
     13          * Version : V3.03.01
     14          *
     15          * LICENSING TERMS:
     16          * ---------------
     17          *           uC/OS-III is provided in source form for FREE short-term evaluation, for educational use or 
     18          *           for peaceful research.  If you plan or intend to use uC/OS-III in a commercial application/
     19          *           product then, you need to contact Micrium to properly license uC/OS-III for its use in your 
     20          *           application/product.   We provide ALL the source code for your convenience and to help you 
     21          *           experience uC/OS-III.  The fact that the source is provided does NOT mean that you can use 
     22          *           it commercially without paying a licensing fee.
     23          *
     24          *           Knowledge of the source code may NOT be used to develop a similar product.
     25          *
     26          *           Please help us continue to provide the embedded community with the finest software available.
     27          *           Your honesty is greatly appreciated.
     28          *
     29          *           You can contact us at www.micrium.com, or by phone at +1 (954) 217-2036.
     30          ************************************************************************************************************************
     31          */
     32          
     33          #define  MICRIUM_SOURCE
     34          #include <os.h>
     35          
     36          #ifdef VSC_INCLUDE_SOURCE_FILE_NAMES
     37          const  CPU_CHAR  *os_tick__c = "$Id: $";
     38          #endif
     39          
     40          /*
     41          ************************************************************************************************************************
     42          *                                                  LOCAL PROTOTYPES
     43          ************************************************************************************************************************
     44          */
     45          
     46          
     47          /*
     48          ************************************************************************************************************************
     49          *                                                      TICK TASK
     50          *
     51          * Description: This task is internal to uC/OS-III and is triggered by the tick interrupt.
     52          *
     53          * Arguments  : p_arg     is an argument passed to the task when the task is created (unused).
     54          *
     55          * Returns    : none
     56          *
     57          * Note(s)    : This function is INTERNAL to uC/OS-III and your application should not call it.
     58          ************************************************************************************************************************
     59          */
     60          

   \                                 In section .text, align 2, keep-with-next
     61          void  OS_TickTask (void  *p_arg)
     62          {
   \                     OS_TickTask: (+1)
   \   00000000   0xB500             PUSH     {LR}
   \   00000002   0xB083             SUB      SP,SP,#+12
     63              OS_ERR  err;
     64              CPU_TS  ts;
     65          
     66          
     67              p_arg = p_arg;                                          /* Prevent compiler warning                               */
     68          
     69              while (DEF_ON) {
     70                  (void)OSTaskSemPend((OS_TICK  )0,
     71                                      (OS_OPT   )OS_OPT_PEND_BLOCKING,
     72                                      (CPU_TS  *)&ts,
     73                                      (OS_ERR  *)&err);               /* Wait for signal from tick interrupt                    */
   \                     ??OS_TickTask_0: (+1)
   \   00000004   0x466B             MOV      R3,SP
   \   00000006   0xAA01             ADD      R2,SP,#+4
   \   00000008   0x2100             MOVS     R1,#+0
   \   0000000A   0x4608             MOV      R0,R1
   \   0000000C   0x.... 0x....      BL       OSTaskSemPend
     74                  if (err == OS_ERR_NONE) {
   \   00000010   0xF8BD 0x0000      LDRH     R0,[SP, #+0]
   \   00000014   0x2800             CMP      R0,#+0
   \   00000016   0xD1F5             BNE.N    ??OS_TickTask_0
     75                      if (OSRunning == OS_STATE_OS_RUNNING) {
   \   00000018   0x....             LDR.N    R0,??DataTable6
   \   0000001A   0x7800             LDRB     R0,[R0, #+0]
   \   0000001C   0x2801             CMP      R0,#+1
   \   0000001E   0xD1F1             BNE.N    ??OS_TickTask_0
     76                          OS_TickListUpdate();                        /* Update all tasks waiting for time                      */
   \   00000020   0x.... 0x....      BL       OS_TickListUpdate
   \   00000024   0xE7EE             B.N      ??OS_TickTask_0
     77                      }
     78                  }
     79              }
     80          }
     81          
     82          /*$PAGE*/
     83          /*
     84          ************************************************************************************************************************
     85          *                                                 INITIALIZE TICK TASK
     86          *
     87          * Description: This function is called by OSInit() to create the tick task.
     88          *
     89          * Arguments  : p_err   is a pointer to a variable that will hold the value of an error code:
     90          *
     91          *                          OS_ERR_TICK_STK_INVALID   if the pointer to the tick task stack is a NULL pointer
     92          *                          OS_ERR_TICK_STK_SIZE      indicates that the specified stack size
     93          *                          OS_ERR_PRIO_INVALID       if the priority you specified in the configuration is invalid
     94          *                                                      (There could be only one task at the Idle Task priority)
     95          *                                                      (Maybe the priority you specified is higher than OS_CFG_PRIO_MAX-1
     96          *                          OS_ERR_??                 other error code returned by OSTaskCreate()
     97          *
     98          * Returns    : none
     99          *
    100          * Note(s)    : This function is INTERNAL to uC/OS-III and your application should not call it.
    101          ************************************************************************************************************************
    102          */
    103          

   \                                 In section .text, align 2, keep-with-next
    104          void  OS_TickTaskInit (OS_ERR  *p_err)
    105          {
   \                     OS_TickTaskInit: (+1)
   \   00000000   0xB510             PUSH     {R4,LR}
   \   00000002   0xB08A             SUB      SP,SP,#+40
   \   00000004   0x4604             MOV      R4,R0
    106          #ifdef OS_SAFETY_CRITICAL
    107              if (p_err == (OS_ERR *)0) {
    108                  OS_SAFETY_CRITICAL_EXCEPTION();
    109                  return;
    110              }
    111          #endif
    112          
    113              OSTickCtr         = (OS_TICK)0u;                        /* Clear the tick counter                                 */
   \   00000006   0x2000             MOVS     R0,#+0
   \   00000008   0x....             LDR.N    R1,??DataTable6_1
   \   0000000A   0x6008             STR      R0,[R1, #+0]
    114          
    115              OSTickTaskTimeMax = (CPU_TS)0u;
   \   0000000C   0x....             LDR.N    R1,??DataTable6_2
   \   0000000E   0x6008             STR      R0,[R1, #+0]
    116          
    117          
    118              OS_TickListInit();                                      /* Initialize the tick list data structures               */
   \   00000010   0x.... 0x....      BL       OS_TickListInit
    119          
    120                                                                      /* ---------------- CREATE THE TICK TASK ---------------- */
    121              if (OSCfg_TickTaskStkBasePtr == (CPU_STK *)0) {
   \   00000014   0x....             LDR.N    R0,??DataTable6_3
   \   00000016   0x6800             LDR      R0,[R0, #+0]
   \   00000018   0x2800             CMP      R0,#+0
   \   0000001A   0xD103             BNE.N    ??OS_TickTaskInit_0
    122                 *p_err = OS_ERR_TICK_STK_INVALID;
   \   0000001C   0xF247 0x2012      MOVW     R0,#+29202
   \   00000020   0x8020             STRH     R0,[R4, #+0]
    123                  return;
   \   00000022   0xE024             B.N      ??OS_TickTaskInit_1
    124              }
    125          
    126              if (OSCfg_TickTaskStkSize < OSCfg_StkSizeMin) {
   \                     ??OS_TickTaskInit_0: (+1)
   \   00000024   0x....             LDR.N    R1,??DataTable6_4
   \   00000026   0x6809             LDR      R1,[R1, #+0]
   \   00000028   0x....             LDR.N    R2,??DataTable6_5
   \   0000002A   0x6812             LDR      R2,[R2, #+0]
   \   0000002C   0x4291             CMP      R1,R2
   \   0000002E   0xD203             BCS.N    ??OS_TickTaskInit_2
    127                 *p_err = OS_ERR_TICK_STK_SIZE_INVALID;
   \   00000030   0xF247 0x2013      MOVW     R0,#+29203
   \   00000034   0x8020             STRH     R0,[R4, #+0]
    128                  return;
   \   00000036   0xE01A             B.N      ??OS_TickTaskInit_1
    129              }
    130          
    131              if (OSCfg_TickTaskPrio >= (OS_CFG_PRIO_MAX - 1u)) {     /* Only one task at the 'Idle Task' priority              */
   \                     ??OS_TickTaskInit_2: (+1)
   \   00000038   0x....             LDR.N    R2,??DataTable6_6
   \   0000003A   0x7812             LDRB     R2,[R2, #+0]
   \   0000003C   0x2A1F             CMP      R2,#+31
   \   0000003E   0xD303             BCC.N    ??OS_TickTaskInit_3
    132                 *p_err = OS_ERR_TICK_PRIO_INVALID;
   \   00000040   0xF247 0x2011      MOVW     R0,#+29201
   \   00000044   0x8020             STRH     R0,[R4, #+0]
    133                  return;
   \   00000046   0xE012             B.N      ??OS_TickTaskInit_1
    134              }
    135          
    136              OSTaskCreate((OS_TCB     *)&OSTickTaskTCB,
    137                           (CPU_CHAR   *)((void *)"uC/OS-III Tick Task"),
    138                           (OS_TASK_PTR )OS_TickTask,
    139                           (void       *)0,
    140                           (OS_PRIO     )OSCfg_TickTaskPrio,
    141                           (CPU_STK    *)OSCfg_TickTaskStkBasePtr,
    142                           (CPU_STK_SIZE)OSCfg_TickTaskStkLimit,
    143                           (CPU_STK_SIZE)OSCfg_TickTaskStkSize,
    144                           (OS_MSG_QTY  )0u,
    145                           (OS_TICK     )0u,
    146                           (void       *)0,
    147                           (OS_OPT      )(OS_OPT_TASK_STK_CHK | OS_OPT_TASK_STK_CLR | OS_OPT_TASK_NO_TLS),
    148                           (OS_ERR     *)p_err);
   \                     ??OS_TickTaskInit_3: (+1)
   \   00000048   0x9408             STR      R4,[SP, #+32]
   \   0000004A   0x230B             MOVS     R3,#+11
   \   0000004C   0x9307             STR      R3,[SP, #+28]
   \   0000004E   0x2300             MOVS     R3,#+0
   \   00000050   0x9306             STR      R3,[SP, #+24]
   \   00000052   0x9305             STR      R3,[SP, #+20]
   \   00000054   0x9304             STR      R3,[SP, #+16]
   \   00000056   0x9103             STR      R1,[SP, #+12]
   \   00000058   0x....             LDR.N    R1,??DataTable6_7
   \   0000005A   0x6809             LDR      R1,[R1, #+0]
   \   0000005C   0x9102             STR      R1,[SP, #+8]
   \   0000005E   0x9001             STR      R0,[SP, #+4]
   \   00000060   0x9200             STR      R2,[SP, #+0]
   \   00000062   0x....             LDR.N    R2,??DataTable6_8
   \   00000064   0x.... 0x....      ADR.W    R1,?_0
   \   00000068   0x....             LDR.N    R0,??DataTable6_9
   \   0000006A   0x.... 0x....      BL       OSTaskCreate
    149          }
   \                     ??OS_TickTaskInit_1: (+1)
   \   0000006E   0xB00A             ADD      SP,SP,#+40
   \   00000070   0xBD10             POP      {R4,PC}          ;; return
    150          
    151          /*$PAGE*/
    152          /*
    153          ************************************************************************************************************************
    154          *                                               INITIALIZE THE TICK LIST
    155          *
    156          * Description: This function initializes the tick handling data structures of uC/OS-III.
    157          *
    158          * Arguments  : none
    159          *
    160          * Returns    : None
    161          *
    162          * Note(s)    : This function is INTERNAL to uC/OS-III and your application MUST NOT call it.
    163          ************************************************************************************************************************
    164          */
    165          

   \                                 In section .text, align 2, keep-with-next
    166          void  OS_TickListInit (void)
    167          {
    168              OS_TICK_SPOKE_IX   i;
    169              OS_TICK_SPOKE     *p_spoke;
    170          
    171          
    172          
    173              for (i = 0u; i < OSCfg_TickWheelSize; i++) {
   \                     OS_TickListInit: (+1)
   \   00000000   0x2000             MOVS     R0,#+0
   \   00000002   0x4602             MOV      R2,R0
   \   00000004   0xE006             B.N      ??OS_TickListInit_0
    174                  p_spoke                = (OS_TICK_SPOKE *)&OSCfg_TickWheel[i];
   \                     ??OS_TickListInit_1: (+1)
   \   00000006   0x....             LDR.N    R1,??DataTable6_10
   \   00000008   0xEB01 0x01C0      ADD      R1,R1,R0, LSL #+3
    175                  p_spoke->FirstPtr      = (OS_TCB        *)0;
   \   0000000C   0x600A             STR      R2,[R1, #+0]
    176                  p_spoke->NbrEntries    = (OS_OBJ_QTY     )0u;
   \   0000000E   0x808A             STRH     R2,[R1, #+4]
    177                  p_spoke->NbrEntriesMax = (OS_OBJ_QTY     )0u;
   \   00000010   0x80CA             STRH     R2,[R1, #+6]
    178              }
   \   00000012   0x1C40             ADDS     R0,R0,#+1
   \                     ??OS_TickListInit_0: (+1)
   \   00000014   0x....             LDR.N    R1,??DataTable6_11
   \   00000016   0x8809             LDRH     R1,[R1, #+0]
   \   00000018   0xB280             UXTH     R0,R0
   \   0000001A   0x4288             CMP      R0,R1
   \   0000001C   0xD3F3             BCC.N    ??OS_TickListInit_1
    179          }
   \   0000001E   0x4770             BX       LR               ;; return
    180          
    181          /*$PAGE*/
    182          /*
    183          ************************************************************************************************************************
    184          *                                                ADD TASK TO TICK LIST
    185          *
    186          * Description: This function is called to place a task in a list of task waiting for either time to expire or waiting to
    187          *              timeout on a pend call.
    188          *
    189          * Arguments  : p_tcb          is a pointer to the OS_TCB of the task to add to the tick list
    190          *              -----
    191          *
    192          *              time           represents either the 'match' value of OSTickCtr or a relative time from the current
    193          *                             value of OSTickCtr as specified by the 'opt' argument..
    194          *
    195          *                             relative when 'opt' is set to OS_OPT_TIME_DLY
    196          *                             relative when 'opt' is set to OS_OPT_TIME_TIMEOUT
    197          *                             match    when 'opt' is set to OS_OPT_TIME_MATCH
    198          *                             periodic when 'opt' is set to OS_OPT_TIME_PERIODIC
    199          *
    200          *              opt            is an option specifying how to calculate time.  The valid values are:
    201          *              ---
    202          *                                 OS_OPT_TIME_DLY
    203          *                                 OS_OPT_TIME_TIMEOUT
    204          *                                 OS_OPT_TIME_PERIODIC
    205          *                                 OS_OPT_TIME_MATCH
    206          *
    207          *              p_err          is a pointer to a variable that will contain an error code returned by this function.
    208          *              -----
    209          *                                 OS_ERR_NONE           the call was successful and the time delay was scheduled.
    210          *                                 OS_ERR_TIME_ZERO_DLY  if delay is zero or already occurred.
    211          *
    212          * Returns    : None
    213          *
    214          * Note(s)    : 1) This function is INTERNAL to uC/OS-III and your application MUST NOT call it.
    215          *
    216          *              2) This function is assumed to be called with interrupts disabled.
    217          ************************************************************************************************************************
    218          */
    219          

   \                                 In section .text, align 2, keep-with-next
    220          void  OS_TickListInsert (OS_TCB   *p_tcb,
    221                                   OS_TICK   time,
    222                                   OS_OPT    opt,
    223                                   OS_ERR   *p_err)
    224          {
   \                     OS_TickListInsert: (+1)
   \   00000000   0xB470             PUSH     {R4-R6}
    225              OS_TICK            tick_delta;
    226              OS_TICK            tick_next;
    227              OS_TICK_SPOKE     *p_spoke;
    228              OS_TCB            *p_tcb0;
    229              OS_TCB            *p_tcb1;
    230              OS_TICK_SPOKE_IX   spoke;
    231          
    232          
    233          
    234              if (opt == OS_OPT_TIME_MATCH) {                              /* Task time is absolute.                            */
   \   00000002   0x2A04             CMP      R2,#+4
   \   00000004   0xD11E             BNE.N    ??OS_TickListInsert_0
    235                  tick_delta = time - OSTickCtr - 1u;
   \   00000006   0x....             LDR.N    R2,??DataTable6_1
   \   00000008   0x6812             LDR      R2,[R2, #+0]
   \   0000000A   0x1A8A             SUBS     R2,R1,R2
   \   0000000C   0x1E52             SUBS     R2,R2,#+1
    236                  if (tick_delta > OS_TICK_TH_RDY) {                       /* If delay already occurred, ...                    */
   \   0000000E   0x....             LDR.N    R4,??DataTable6_12  ;; 0xffff0001
   \   00000010   0x42A2             CMP      R2,R4
   \   00000012   0xD232             BCS.N    ??OS_TickListInsert_1
    237                      p_tcb->TickCtrMatch = (OS_TICK        )0u;
    238                      p_tcb->TickRemain   = (OS_TICK        )0u;
    239                      p_tcb->TickSpokePtr = (OS_TICK_SPOKE *)0;
    240                     *p_err               =  OS_ERR_TIME_ZERO_DLY;         /* ... do NOT delay.                                 */
    241                      return;
    242                  }
    243                  p_tcb->TickCtrMatch = time;
   \   00000014   0x64C1             STR      R1,[R0, #+76]
    244                  p_tcb->TickRemain   = tick_delta + 1u;
   \   00000016   0x1C51             ADDS     R1,R2,#+1
   \   00000018   0x6501             STR      R1,[R0, #+80]
    245          
    246              } else if (time > (OS_TICK)0u) {
    247                  if (opt == OS_OPT_TIME_PERIODIC) {                       /* Task time is periodic.                            */
    248                      tick_next  = p_tcb->TickCtrPrev + time;
    249                      tick_delta = tick_next - OSTickCtr - 1u;
    250                      if (tick_delta < time) {                             /* If next periodic delay did NOT already occur, ... */
    251                          p_tcb->TickCtrMatch = tick_next;                 /* ... set  next  periodic delay;                ... */
    252                      } else {
    253                          p_tcb->TickCtrMatch = OSTickCtr + time;          /* ... else reset periodic delay.                    */
    254                      }
    255                      p_tcb->TickRemain   = p_tcb->TickCtrMatch - OSTickCtr;
    256                      p_tcb->TickCtrPrev  = p_tcb->TickCtrMatch;
    257          
    258                  } else {                                                 /* Task time is relative to current.                 */
    259                      p_tcb->TickCtrMatch = OSTickCtr + time;
    260                      p_tcb->TickRemain   = time;
    261                  }
    262          
    263              } else {                                                     /* Zero time delay; ...                              */
    264                  p_tcb->TickCtrMatch = (OS_TICK        )0u;
    265                  p_tcb->TickRemain   = (OS_TICK        )0u;
    266                  p_tcb->TickSpokePtr = (OS_TICK_SPOKE *)0;
    267                 *p_err               =  OS_ERR_TIME_ZERO_DLY;             /* ... do NOT delay.                                 */
    268                  return;
    269              }
    270          
    271          
    272              spoke   = (OS_TICK_SPOKE_IX)(p_tcb->TickCtrMatch % OSCfg_TickWheelSize);
   \                     ??OS_TickListInsert_2: (+1)
   \   0000001A   0x6CC1             LDR      R1,[R0, #+76]
   \   0000001C   0x....             LDR.N    R2,??DataTable6_11
   \   0000001E   0x8812             LDRH     R2,[R2, #+0]
   \   00000020   0xFBB1 0xF4F2      UDIV     R4,R1,R2
   \   00000024   0xFB02 0x1114      MLS      R1,R2,R4,R1
    273              p_spoke = &OSCfg_TickWheel[spoke];
   \   00000028   0x....             LDR.N    R2,??DataTable6_10
   \   0000002A   0xB289             UXTH     R1,R1
   \   0000002C   0xEB02 0x01C1      ADD      R1,R2,R1, LSL #+3
    274          
    275              if (p_spoke->NbrEntries == (OS_OBJ_QTY)0u) {                 /* First entry in the spoke                          */
   \   00000030   0x888A             LDRH     R2,[R1, #+4]
   \   00000032   0x2A00             CMP      R2,#+0
   \   00000034   0xD129             BNE.N    ??OS_TickListInsert_3
    276                  p_tcb->TickNextPtr   = (OS_TCB   *)0;
   \   00000036   0x2200             MOVS     R2,#+0
   \   00000038   0x6142             STR      R2,[R0, #+20]
    277                  p_tcb->TickPrevPtr   = (OS_TCB   *)0;
   \   0000003A   0x6182             STR      R2,[R0, #+24]
    278                  p_spoke->FirstPtr    =  p_tcb;
   \   0000003C   0x6008             STR      R0,[R1, #+0]
    279                  p_spoke->NbrEntries  = (OS_OBJ_QTY)1u;
   \   0000003E   0x2201             MOVS     R2,#+1
   \   00000040   0x808A             STRH     R2,[R1, #+4]
   \   00000042   0xE04A             B.N      ??OS_TickListInsert_4
    280              } else {
   \                     ??OS_TickListInsert_0: (+1)
   \   00000044   0x2900             CMP      R1,#+0
   \   00000046   0xD018             BEQ.N    ??OS_TickListInsert_1
   \   00000048   0x....             LDR.N    R4,??DataTable6_1
   \   0000004A   0x6825             LDR      R5,[R4, #+0]
   \   0000004C   0x2A08             CMP      R2,#+8
   \   0000004E   0xD110             BNE.N    ??OS_TickListInsert_5
   \   00000050   0x6C82             LDR      R2,[R0, #+72]
   \   00000052   0x188A             ADDS     R2,R1,R2
   \   00000054   0x1B56             SUBS     R6,R2,R5
   \   00000056   0x1E76             SUBS     R6,R6,#+1
   \   00000058   0x428E             CMP      R6,R1
   \   0000005A   0xD201             BCS.N    ??OS_TickListInsert_6
   \   0000005C   0x64C2             STR      R2,[R0, #+76]
   \   0000005E   0xE001             B.N      ??OS_TickListInsert_7
   \                     ??OS_TickListInsert_6: (+1)
   \   00000060   0x1949             ADDS     R1,R1,R5
   \   00000062   0x64C1             STR      R1,[R0, #+76]
   \                     ??OS_TickListInsert_7: (+1)
   \   00000064   0x6CC1             LDR      R1,[R0, #+76]
   \   00000066   0x6822             LDR      R2,[R4, #+0]
   \   00000068   0x1A89             SUBS     R1,R1,R2
   \   0000006A   0x6501             STR      R1,[R0, #+80]
   \   0000006C   0x6CC1             LDR      R1,[R0, #+76]
   \   0000006E   0x6481             STR      R1,[R0, #+72]
   \   00000070   0xE7D3             B.N      ??OS_TickListInsert_2
   \                     ??OS_TickListInsert_5: (+1)
   \   00000072   0x194A             ADDS     R2,R1,R5
   \   00000074   0x64C2             STR      R2,[R0, #+76]
   \   00000076   0x6501             STR      R1,[R0, #+80]
   \   00000078   0xE7CF             B.N      ??OS_TickListInsert_2
   \                     ??OS_TickListInsert_1: (+1)
   \   0000007A   0x2100             MOVS     R1,#+0
   \   0000007C   0x64C1             STR      R1,[R0, #+76]
   \   0000007E   0x6501             STR      R1,[R0, #+80]
   \   00000080   0x61C1             STR      R1,[R0, #+28]
   \   00000082   0xF247 0x207E      MOVW     R0,#+29310
   \   00000086   0x8018             STRH     R0,[R3, #+0]
   \   00000088   0xE030             B.N      ??OS_TickListInsert_8
    281                  p_tcb1     = p_spoke->FirstPtr;                          /* Point to current first TCB in the list            */
   \                     ??OS_TickListInsert_3: (+1)
   \   0000008A   0x680A             LDR      R2,[R1, #+0]
   \   0000008C   0xE004             B.N      ??OS_TickListInsert_9
    282                  while (p_tcb1 != (OS_TCB *)0) {
    283                      p_tcb1->TickRemain = p_tcb1->TickCtrMatch            /* Compute time remaining of current TCB in list     */
    284                                         - OSTickCtr;
    285                      if (p_tcb->TickRemain > p_tcb1->TickRemain) {        /* Do we need to insert AFTER current TCB in list?   */
    286                          if (p_tcb1->TickNextPtr != (OS_TCB *)0) {        /* Yes, are we pointing at the last TCB in the list? */
    287                              p_tcb1               =  p_tcb1->TickNextPtr; /* No,  Point to next TCB in the list                */
    288                          } else {
    289                              p_tcb->TickNextPtr   = (OS_TCB *)0;
    290                              p_tcb->TickPrevPtr   =  p_tcb1;
    291                              p_tcb1->TickNextPtr  =  p_tcb;               /* Yes, TCB to add is now new last entry in the list */
    292                              p_tcb1               = (OS_TCB *)0;          /* Break loop                                        */
    293                          }
    294                      } else {                                             /* Insert before the current TCB                     */
    295                          if (p_tcb1->TickPrevPtr == (OS_TCB *)0) {        /* Are we inserting before the first TCB?            */
    296                              p_tcb->TickPrevPtr   = (OS_TCB *)0;
    297                              p_tcb->TickNextPtr   =  p_tcb1;
    298                              p_tcb1->TickPrevPtr  =  p_tcb;
    299                              p_spoke->FirstPtr    =  p_tcb;
    300                          } else {                                         /* Insert in between 2 TCBs already in the list      */
    301                              p_tcb0               =  p_tcb1->TickPrevPtr;
    302                              p_tcb->TickPrevPtr   =  p_tcb0;
   \                     ??OS_TickListInsert_10: (+1)
   \   0000008E   0x6184             STR      R4,[R0, #+24]
    303                              p_tcb->TickNextPtr   =  p_tcb1;
   \   00000090   0x6142             STR      R2,[R0, #+20]
    304                              p_tcb0->TickNextPtr  =  p_tcb;
   \   00000092   0x6160             STR      R0,[R4, #+20]
    305                              p_tcb1->TickPrevPtr  =  p_tcb;
   \   00000094   0x6190             STR      R0,[R2, #+24]
    306                          }
    307                          p_tcb1 = (OS_TCB *)0;                            /* Break loop                                        */
   \                     ??OS_TickListInsert_11: (+1)
   \   00000096   0x2200             MOVS     R2,#+0
   \                     ??OS_TickListInsert_9: (+1)
   \   00000098   0x2A00             CMP      R2,#+0
   \   0000009A   0xD01B             BEQ.N    ??OS_TickListInsert_12
   \   0000009C   0x....             LDR.N    R4,??DataTable6_1
   \   0000009E   0x6CD5             LDR      R5,[R2, #+76]
   \   000000A0   0x6824             LDR      R4,[R4, #+0]
   \   000000A2   0x1B2C             SUBS     R4,R5,R4
   \   000000A4   0x6514             STR      R4,[R2, #+80]
   \   000000A6   0x6D05             LDR      R5,[R0, #+80]
   \   000000A8   0x42AC             CMP      R4,R5
   \   000000AA   0xD20A             BCS.N    ??OS_TickListInsert_13
   \   000000AC   0x6954             LDR      R4,[R2, #+20]
   \   000000AE   0x2C00             CMP      R4,#+0
   \   000000B0   0xD001             BEQ.N    ??OS_TickListInsert_14
   \   000000B2   0x4622             MOV      R2,R4
   \   000000B4   0xE7F0             B.N      ??OS_TickListInsert_9
   \                     ??OS_TickListInsert_14: (+1)
   \   000000B6   0x2400             MOVS     R4,#+0
   \   000000B8   0x6144             STR      R4,[R0, #+20]
   \   000000BA   0x6182             STR      R2,[R0, #+24]
   \   000000BC   0x6150             STR      R0,[R2, #+20]
   \   000000BE   0x4622             MOV      R2,R4
   \   000000C0   0xE7EA             B.N      ??OS_TickListInsert_9
   \                     ??OS_TickListInsert_13: (+1)
   \   000000C2   0x6994             LDR      R4,[R2, #+24]
   \   000000C4   0x2C00             CMP      R4,#+0
   \   000000C6   0xD1E2             BNE.N    ??OS_TickListInsert_10
   \   000000C8   0x2400             MOVS     R4,#+0
   \   000000CA   0x6184             STR      R4,[R0, #+24]
   \   000000CC   0x6142             STR      R2,[R0, #+20]
   \   000000CE   0x6190             STR      R0,[R2, #+24]
   \   000000D0   0x6008             STR      R0,[R1, #+0]
   \   000000D2   0xE7E0             B.N      ??OS_TickListInsert_11
    308                      }
    309                  }
    310                  p_spoke->NbrEntries++;
   \                     ??OS_TickListInsert_12: (+1)
   \   000000D4   0x888A             LDRH     R2,[R1, #+4]
   \   000000D6   0x1C52             ADDS     R2,R2,#+1
   \   000000D8   0x808A             STRH     R2,[R1, #+4]
    311              }
    312              if (p_spoke->NbrEntriesMax < p_spoke->NbrEntries) {          /* Keep track of maximum # of entries in each spoke  */
   \                     ??OS_TickListInsert_4: (+1)
   \   000000DA   0x88CA             LDRH     R2,[R1, #+6]
   \   000000DC   0x888C             LDRH     R4,[R1, #+4]
   \   000000DE   0x42A2             CMP      R2,R4
   \   000000E0   0xD200             BCS.N    ??OS_TickListInsert_15
   \   000000E2   0x4622             MOV      R2,R4
   \                     ??OS_TickListInsert_15: (+1)
   \   000000E4   0x80CA             STRH     R2,[R1, #+6]
    313                  p_spoke->NbrEntriesMax = p_spoke->NbrEntries;
    314              }
    315              p_tcb->TickSpokePtr = p_spoke;                               /* Link back to tick spoke                           */
   \   000000E6   0x61C1             STR      R1,[R0, #+28]
    316             *p_err               = OS_ERR_NONE;
   \   000000E8   0x2000             MOVS     R0,#+0
   \   000000EA   0x8018             STRH     R0,[R3, #+0]
    317          }
   \                     ??OS_TickListInsert_8: (+1)
   \   000000EC   0xBC70             POP      {R4-R6}
   \   000000EE   0x4770             BX       LR               ;; return
    318          
    319          /*$PAGE*/
    320          /*
    321          ************************************************************************************************************************
    322          *                                         REMOVE A TASK FROM THE TICK LIST
    323          *
    324          * Description: This function is called to remove a task from the tick list
    325          *
    326          * Arguments  : p_tcb          Is a pointer to the OS_TCB to remove.
    327          *              -----
    328          *
    329          * Returns    : none
    330          *
    331          * Note(s)    : 1) This function is INTERNAL to uC/OS-III and your application MUST NOT call it.
    332          *
    333          *              2) This function is assumed to be called with interrupts disabled.
    334          ************************************************************************************************************************
    335          */
    336          

   \                                 In section .text, align 2, keep-with-next
    337          void  OS_TickListRemove (OS_TCB  *p_tcb)
    338          {
    339              OS_TICK_SPOKE  *p_spoke;
    340              OS_TCB         *p_tcb1;
    341              OS_TCB         *p_tcb2;
    342          
    343          
    344          
    345              p_spoke = p_tcb->TickSpokePtr;
   \                     OS_TickListRemove: (+1)
   \   00000000   0x69C1             LDR      R1,[R0, #+28]
    346              if (p_spoke != (OS_TICK_SPOKE *)0) {                              /* Confirm that task is in tick list            */
   \   00000002   0x2900             CMP      R1,#+0
   \   00000004   0xD018             BEQ.N    ??OS_TickListRemove_0
    347                  p_tcb->TickRemain = (OS_TICK)0u;
   \   00000006   0x2200             MOVS     R2,#+0
   \   00000008   0x6502             STR      R2,[R0, #+80]
    348                  if (p_spoke->FirstPtr == p_tcb) {                             /* Is timer to remove at the beginning of list? */
   \   0000000A   0x6942             LDR      R2,[R0, #+20]
   \   0000000C   0x680B             LDR      R3,[R1, #+0]
   \   0000000E   0x4283             CMP      R3,R0
   \   00000010   0xD105             BNE.N    ??OS_TickListRemove_1
    349                      p_tcb1            = (OS_TCB *)p_tcb->TickNextPtr;         /* Yes                                          */
   \   00000012   0x0013             MOVS     R3,R2
    350                      p_spoke->FirstPtr = p_tcb1;
   \   00000014   0x600B             STR      R3,[R1, #+0]
    351                      if (p_tcb1 != (OS_TCB *)0) {
   \   00000016   0xD007             BEQ.N    ??OS_TickListRemove_2
    352                          p_tcb1->TickPrevPtr = (OS_TCB *)0;
   \   00000018   0x2200             MOVS     R2,#+0
   \   0000001A   0x619A             STR      R2,[R3, #+24]
   \   0000001C   0xE004             B.N      ??OS_TickListRemove_2
    353                      }
    354                  } else {
    355                      p_tcb1              = p_tcb->TickPrevPtr;                 /* No, remove timer from somewhere in the list  */
   \                     ??OS_TickListRemove_1: (+1)
   \   0000001E   0x6983             LDR      R3,[R0, #+24]
    356                      p_tcb2              = p_tcb->TickNextPtr;
    357                      p_tcb1->TickNextPtr = p_tcb2;
   \   00000020   0x615A             STR      R2,[R3, #+20]
    358                      if (p_tcb2 != (OS_TCB *)0) {
   \   00000022   0x2A00             CMP      R2,#+0
   \   00000024   0xD000             BEQ.N    ??OS_TickListRemove_2
    359                          p_tcb2->TickPrevPtr = p_tcb1;
   \   00000026   0x6193             STR      R3,[R2, #+24]
    360                      }
    361                  }
    362                  p_tcb->TickNextPtr  = (OS_TCB        *)0;
   \                     ??OS_TickListRemove_2: (+1)
   \   00000028   0x2200             MOVS     R2,#+0
   \   0000002A   0x6142             STR      R2,[R0, #+20]
    363                  p_tcb->TickPrevPtr  = (OS_TCB        *)0;
   \   0000002C   0x6182             STR      R2,[R0, #+24]
    364                  p_tcb->TickSpokePtr = (OS_TICK_SPOKE *)0;
   \   0000002E   0x61C2             STR      R2,[R0, #+28]
    365                  p_tcb->TickCtrMatch = (OS_TICK        )0u;
   \   00000030   0x64C2             STR      R2,[R0, #+76]
    366                  p_spoke->NbrEntries--;
   \   00000032   0x8888             LDRH     R0,[R1, #+4]
   \   00000034   0x1E40             SUBS     R0,R0,#+1
   \   00000036   0x8088             STRH     R0,[R1, #+4]
    367              }
    368          }
   \                     ??OS_TickListRemove_0: (+1)
   \   00000038   0x4770             BX       LR               ;; return
    369          
    370          /*$PAGE*/
    371          /*
    372          ************************************************************************************************************************
    373          *                                              RESET TICK LIST PEAK DETECTOR
    374          *
    375          * Description: This function is used to reset the peak detector for the number of entries in each spoke.
    376          *
    377          * Arguments  : void
    378          *
    379          * Returns    : none
    380          *
    381          * Note(s)    : This function is INTERNAL to uC/OS-III and your application should not call it.
    382          ************************************************************************************************************************
    383          */
    384          
    385          

   \                                 In section .text, align 2, keep-with-next
    386          void  OS_TickListResetPeak (void)
    387          {
    388              OS_TICK_SPOKE_IX   i;
    389              OS_TICK_SPOKE     *p_spoke;
    390          
    391          
    392          
    393              for (i = 0u; i < OSCfg_TickWheelSize; i++) {
   \                     OS_TickListResetPeak: (+1)
   \   00000000   0x2000             MOVS     R0,#+0
   \   00000002   0xE005             B.N      ??OS_TickListResetPeak_0
    394                  p_spoke                = (OS_TICK_SPOKE *)&OSCfg_TickWheel[i];
    395                  p_spoke->NbrEntriesMax = (OS_OBJ_QTY     )0u;
   \                     ??OS_TickListResetPeak_1: (+1)
   \   00000004   0x2100             MOVS     R1,#+0
   \   00000006   0x....             LDR.N    R2,??DataTable6_10
   \   00000008   0xEB02 0x02C0      ADD      R2,R2,R0, LSL #+3
   \   0000000C   0x80D1             STRH     R1,[R2, #+6]
    396              }
   \   0000000E   0x1C40             ADDS     R0,R0,#+1
   \                     ??OS_TickListResetPeak_0: (+1)
   \   00000010   0x....             LDR.N    R1,??DataTable6_11
   \   00000012   0x8809             LDRH     R1,[R1, #+0]
   \   00000014   0xB280             UXTH     R0,R0
   \   00000016   0x4288             CMP      R0,R1
   \   00000018   0xD3F4             BCC.N    ??OS_TickListResetPeak_1
    397          }
   \   0000001A   0x4770             BX       LR               ;; return
    398          
    399          /*$PAGE*/
    400          /*
    401          ************************************************************************************************************************
    402          *                                                UPDATE THE TICK LIST
    403          *
    404          * Description: This function is called when a tick occurs and determines if the timeout waiting for a kernel object has
    405          *              expired or a delay has expired.
    406          *
    407          * Arguments  : non
    408          *
    409          * Returns    : none
    410          *
    411          * Note(s)    : 1) This function is INTERNAL to uC/OS-III and your application MUST NOT call it.
    412          ************************************************************************************************************************
    413          */
    414          

   \                                 In section .text, align 2, keep-with-next
    415          void  OS_TickListUpdate (void)
    416          {
   \                     OS_TickListUpdate: (+1)
   \   00000000   0xE92D 0x43F8      PUSH     {R3-R9,LR}
    417              CPU_BOOLEAN        done;
    418              OS_TICK_SPOKE     *p_spoke;
    419              OS_TCB            *p_tcb;
    420              OS_TCB            *p_tcb_next;
    421              OS_TICK_SPOKE_IX   spoke;
    422              CPU_TS             ts_start;
    423              CPU_TS             ts_end;
    424              CPU_SR_ALLOC();
    425          
    426          
    427              OS_CRITICAL_ENTER();
   \   00000004   0x.... 0x....      BL       CPU_SR_Save
   \   00000008   0x4604             MOV      R4,R0
   \   0000000A   0x.... 0x....      BL       CPU_IntDisMeasStart
    428              ts_start = OS_TS_GET();
    429              OSTickCtr++;                                                       /* Keep track of the number of ticks           */
   \   0000000E   0x....             LDR.N    R5,??DataTable6_1
   \   00000010   0x6828             LDR      R0,[R5, #+0]
   \   00000012   0x1C40             ADDS     R0,R0,#+1
   \   00000014   0x6028             STR      R0,[R5, #+0]
    430              spoke    = (OS_TICK_SPOKE_IX)(OSTickCtr % OSCfg_TickWheelSize);
   \   00000016   0x....             LDR.N    R1,??DataTable6_11
   \   00000018   0x8809             LDRH     R1,[R1, #+0]
   \   0000001A   0xFBB0 0xF2F1      UDIV     R2,R0,R1
   \   0000001E   0xFB01 0x0012      MLS      R0,R1,R2,R0
    431              p_spoke  = &OSCfg_TickWheel[spoke];
    432              p_tcb    = p_spoke->FirstPtr;
   \   00000022   0x....             LDR.N    R1,??DataTable6_10
   \   00000024   0xB280             UXTH     R0,R0
   \   00000026   0xF851 0x7030      LDR      R7,[R1, R0, LSL #+3]
    433              done     = DEF_FALSE;
   \   0000002A   0x2600             MOVS     R6,#+0
   \   0000002C   0xE001             B.N      ??OS_TickListUpdate_0
    434              while (done == DEF_FALSE) {
    435                  if (p_tcb != (OS_TCB *)0) {
    436                      p_tcb_next = p_tcb->TickNextPtr;                           /* Point to next TCB to update                 */
    437                      switch (p_tcb->TaskState) {
    438                          case OS_TASK_STATE_RDY:
    439                          case OS_TASK_STATE_PEND:
    440                          case OS_TASK_STATE_SUSPENDED:
    441                          case OS_TASK_STATE_PEND_SUSPENDED:
    442                               break;
    443          
    444                          case OS_TASK_STATE_DLY:
    445                               p_tcb->TickRemain = p_tcb->TickCtrMatch           /* Compute time remaining of current TCB       */
    446                                                 - OSTickCtr;
    447                               if (OSTickCtr == p_tcb->TickCtrMatch) {           /* Process each TCB that expires               */
    448                                   p_tcb->TaskState = OS_TASK_STATE_RDY;
    449                                   OS_TaskRdy(p_tcb);                            /* Make task ready to run                      */
    450                               } else {
    451                                   done             = DEF_TRUE;                  /* Don't find a match, we're done!             */
    452                               }
    453                               break;
    454          
    455                          case OS_TASK_STATE_PEND_TIMEOUT:
    456                               p_tcb->TickRemain = p_tcb->TickCtrMatch           /* Compute time remaining of current TCB       */
    457                                                 - OSTickCtr;
    458                               if (OSTickCtr == p_tcb->TickCtrMatch) {           /* Process each TCB that expires               */
    459          #if (OS_MSG_EN > 0u)
    460                                   p_tcb->MsgPtr     = (void      *)0;
    461                                   p_tcb->MsgSize    = (OS_MSG_SIZE)0u;
    462          #endif
    463                                   p_tcb->TS         = OS_TS_GET();
    464                                   OS_PendListRemove(p_tcb);                     /* Remove from wait list                       */
    465                                   OS_TaskRdy(p_tcb);
    466                                   p_tcb->TaskState  = OS_TASK_STATE_RDY;
    467                                   p_tcb->PendStatus = OS_STATUS_PEND_TIMEOUT;   /* Indicate pend timed out                     */
    468                                   p_tcb->PendOn     = OS_TASK_PEND_ON_NOTHING;  /* Indicate no longer pending                  */
    469                               } else {
    470                                   done              = DEF_TRUE;                 /* Don't find a match, we're done!             */
    471                               }
    472                               break;
    473          
    474                          case OS_TASK_STATE_DLY_SUSPENDED:
    475                               p_tcb->TickRemain = p_tcb->TickCtrMatch           /* Compute time remaining of current TCB       */
    476                                                 - OSTickCtr;
    477                               if (OSTickCtr == p_tcb->TickCtrMatch) {           /* Process each TCB that expires               */
    478                                   p_tcb->TaskState  = OS_TASK_STATE_SUSPENDED;
    479                                   OS_TickListRemove(p_tcb);                     /* Remove from current wheel spoke             */
    480                               } else {
    481                                   done              = DEF_TRUE;                 /* Don't find a match, we're done!             */
    482                               }
    483                               break;
    484          
    485                          case OS_TASK_STATE_PEND_TIMEOUT_SUSPENDED:
    486                               p_tcb->TickRemain = p_tcb->TickCtrMatch           /* Compute time remaining of current TCB       */
    487                                                 - OSTickCtr;
    488                               if (OSTickCtr == p_tcb->TickCtrMatch) {           /* Process each TCB that expires               */
    489          #if (OS_MSG_EN > 0u)
    490                                   p_tcb->MsgPtr     = (void      *)0;
    491                                   p_tcb->MsgSize    = (OS_MSG_SIZE)0u;
    492          #endif
    493                                   p_tcb->TS         = OS_TS_GET();
    494                                   OS_PendListRemove(p_tcb);                     /* Remove from wait list                       */
    495                                   OS_TickListRemove(p_tcb);                     /* Remove from current wheel spoke             */
    496                                   p_tcb->TaskState  = OS_TASK_STATE_SUSPENDED;
    497                                   p_tcb->PendStatus = OS_STATUS_PEND_TIMEOUT;   /* Indicate pend timed out                     */
    498                                   p_tcb->PendOn     = OS_TASK_PEND_ON_NOTHING;  /* Indicate no longer pending                  */
    499                               } else {
    500                                   done              = DEF_TRUE;                 /* Don't find a match, we're done!             */
   \                     ??OS_TickListUpdate_1: (+1)
   \   0000002E   0x2601             MOVS     R6,#+1
    501                               }
    502                               break;
    503          
    504                          default:
    505                               break;
    506                      }
    507                      p_tcb = p_tcb_next;
   \                     ??OS_TickListUpdate_2: (+1)
   \   00000030   0x4647             MOV      R7,R8
   \                     ??OS_TickListUpdate_0: (+1)
   \   00000032   0x2E00             CMP      R6,#+0
   \   00000034   0xF040 0x8081      BNE.W    ??OS_TickListUpdate_3
   \   00000038   0x2F00             CMP      R7,#+0
   \   0000003A   0xD07C             BEQ.N    ??OS_TickListUpdate_4
   \   0000003C   0xF8D7 0x8014      LDR      R8,[R7, #+20]
   \   00000040   0xF107 0x0934      ADD      R9,R7,#+52
   \   00000044   0xF899 0x0002      LDRB     R0,[R9, #+2]
   \   00000048   0x2801             CMP      R0,#+1
   \   0000004A   0xD006             BEQ.N    ??OS_TickListUpdate_5
   \   0000004C   0x2803             CMP      R0,#+3
   \   0000004E   0xD018             BEQ.N    ??OS_TickListUpdate_6
   \   00000050   0x2805             CMP      R0,#+5
   \   00000052   0xD03A             BEQ.N    ??OS_TickListUpdate_7
   \   00000054   0x2807             CMP      R0,#+7
   \   00000056   0xD04C             BEQ.N    ??OS_TickListUpdate_8
   \   00000058   0xE7EA             B.N      ??OS_TickListUpdate_2
   \                     ??OS_TickListUpdate_5: (+1)
   \   0000005A   0xF8D9 0x0018      LDR      R0,[R9, #+24]
   \   0000005E   0x6829             LDR      R1,[R5, #+0]
   \   00000060   0x1A40             SUBS     R0,R0,R1
   \   00000062   0xF8C9 0x001C      STR      R0,[R9, #+28]
   \   00000066   0x6828             LDR      R0,[R5, #+0]
   \   00000068   0xF8D9 0x1018      LDR      R1,[R9, #+24]
   \   0000006C   0x4288             CMP      R0,R1
   \   0000006E   0xD106             BNE.N    ??OS_TickListUpdate_9
   \   00000070   0x2000             MOVS     R0,#+0
   \   00000072   0xF889 0x0002      STRB     R0,[R9, #+2]
   \   00000076   0x4638             MOV      R0,R7
   \   00000078   0x.... 0x....      BL       OS_TaskRdy
   \   0000007C   0xE7D8             B.N      ??OS_TickListUpdate_2
   \                     ??OS_TickListUpdate_9: (+1)
   \   0000007E   0x2601             MOVS     R6,#+1
   \   00000080   0xE7D6             B.N      ??OS_TickListUpdate_2
   \                     ??OS_TickListUpdate_6: (+1)
   \   00000082   0xF8D9 0x0018      LDR      R0,[R9, #+24]
   \   00000086   0x6829             LDR      R1,[R5, #+0]
   \   00000088   0x1A40             SUBS     R0,R0,R1
   \   0000008A   0xF8C9 0x001C      STR      R0,[R9, #+28]
   \   0000008E   0x6828             LDR      R0,[R5, #+0]
   \   00000090   0xF8D9 0x1018      LDR      R1,[R9, #+24]
   \   00000094   0x4288             CMP      R0,R1
   \   00000096   0xD116             BNE.N    ??OS_TickListUpdate_10
   \   00000098   0x2000             MOVS     R0,#+0
   \   0000009A   0xF8C9 0x0028      STR      R0,[R9, #+40]
   \   0000009E   0xF8A9 0x002C      STRH     R0,[R9, #+44]
   \   000000A2   0xF8C9 0x000C      STR      R0,[R9, #+12]
   \   000000A6   0x4638             MOV      R0,R7
   \   000000A8   0x.... 0x....      BL       OS_PendListRemove
   \   000000AC   0x4638             MOV      R0,R7
   \   000000AE   0x.... 0x....      BL       OS_TaskRdy
   \   000000B2   0x2000             MOVS     R0,#+0
   \   000000B4   0xF889 0x0002      STRB     R0,[R9, #+2]
   \   000000B8   0x2003             MOVS     R0,#+3
   \   000000BA   0xF889 0x0001      STRB     R0,[R9, #+1]
   \   000000BE   0x2000             MOVS     R0,#+0
   \   000000C0   0xF889 0x0000      STRB     R0,[R9, #+0]
   \   000000C4   0xE7B4             B.N      ??OS_TickListUpdate_2
   \                     ??OS_TickListUpdate_10: (+1)
   \   000000C6   0x2601             MOVS     R6,#+1
   \   000000C8   0xE7B2             B.N      ??OS_TickListUpdate_2
   \                     ??OS_TickListUpdate_7: (+1)
   \   000000CA   0xF8D9 0x0018      LDR      R0,[R9, #+24]
   \   000000CE   0x6829             LDR      R1,[R5, #+0]
   \   000000D0   0x1A40             SUBS     R0,R0,R1
   \   000000D2   0xF8C9 0x001C      STR      R0,[R9, #+28]
   \   000000D6   0x6828             LDR      R0,[R5, #+0]
   \   000000D8   0xF8D9 0x1018      LDR      R1,[R9, #+24]
   \   000000DC   0x4288             CMP      R0,R1
   \   000000DE   0xD106             BNE.N    ??OS_TickListUpdate_11
   \   000000E0   0x2004             MOVS     R0,#+4
   \   000000E2   0xF889 0x0002      STRB     R0,[R9, #+2]
   \   000000E6   0x4638             MOV      R0,R7
   \   000000E8   0x.... 0x....      BL       OS_TickListRemove
   \   000000EC   0xE7A0             B.N      ??OS_TickListUpdate_2
   \                     ??OS_TickListUpdate_11: (+1)
   \   000000EE   0x2601             MOVS     R6,#+1
   \   000000F0   0xE79E             B.N      ??OS_TickListUpdate_2
   \                     ??OS_TickListUpdate_8: (+1)
   \   000000F2   0xF8D9 0x0018      LDR      R0,[R9, #+24]
   \   000000F6   0x6829             LDR      R1,[R5, #+0]
   \   000000F8   0x1A40             SUBS     R0,R0,R1
   \   000000FA   0xF8C9 0x001C      STR      R0,[R9, #+28]
   \   000000FE   0x6828             LDR      R0,[R5, #+0]
   \   00000100   0xF8D9 0x1018      LDR      R1,[R9, #+24]
   \   00000104   0x4288             CMP      R0,R1
   \   00000106   0xD192             BNE.N    ??OS_TickListUpdate_1
   \   00000108   0x2000             MOVS     R0,#+0
   \   0000010A   0xF8C9 0x0028      STR      R0,[R9, #+40]
   \   0000010E   0xF8A9 0x002C      STRH     R0,[R9, #+44]
   \   00000112   0xF8C9 0x000C      STR      R0,[R9, #+12]
   \   00000116   0x4638             MOV      R0,R7
   \   00000118   0x.... 0x....      BL       OS_PendListRemove
   \   0000011C   0x4638             MOV      R0,R7
   \   0000011E   0x.... 0x....      BL       OS_TickListRemove
   \   00000122   0x2004             MOVS     R0,#+4
   \   00000124   0xF889 0x0002      STRB     R0,[R9, #+2]
   \   00000128   0x2003             MOVS     R0,#+3
   \   0000012A   0xF889 0x0001      STRB     R0,[R9, #+1]
   \   0000012E   0x2000             MOVS     R0,#+0
   \   00000130   0xF889 0x0000      STRB     R0,[R9, #+0]
   \   00000134   0xE77C             B.N      ??OS_TickListUpdate_2
    508                  } else {
    509                      done  = DEF_TRUE;
   \                     ??OS_TickListUpdate_4: (+1)
   \   00000136   0x2601             MOVS     R6,#+1
   \   00000138   0xE77B             B.N      ??OS_TickListUpdate_0
    510                  }
    511              }
    512              ts_end = OS_TS_GET() - ts_start;                                   /* Measure execution time of tick task         */
    513              if (OSTickTaskTimeMax < ts_end) {
    514                  OSTickTaskTimeMax = ts_end;
    515              }
    516              OS_CRITICAL_EXIT();
   \                     ??OS_TickListUpdate_3: (+1)
   \   0000013A   0x.... 0x....      BL       CPU_IntDisMeasStop
   \   0000013E   0x4620             MOV      R0,R4
   \   00000140   0xE8BD 0x43F2      POP      {R1,R4-R9,LR}
   \   00000144   0x.... 0x....      B.W      CPU_SR_Restore
    517          }

   \                                 In section .text, align 4, keep-with-next
   \                     ??DataTable6:
   \   00000000   0x........         DC32     OSRunning

   \                                 In section .text, align 4, keep-with-next
   \                     ??DataTable6_1:
   \   00000000   0x........         DC32     OSTickCtr

   \                                 In section .text, align 4, keep-with-next
   \                     ??DataTable6_2:
   \   00000000   0x........         DC32     OSTickTaskTimeMax

   \                                 In section .text, align 4, keep-with-next
   \                     ??DataTable6_3:
   \   00000000   0x........         DC32     OSCfg_TickTaskStkBasePtr

   \                                 In section .text, align 4, keep-with-next
   \                     ??DataTable6_4:
   \   00000000   0x........         DC32     OSCfg_TickTaskStkSize

   \                                 In section .text, align 4, keep-with-next
   \                     ??DataTable6_5:
   \   00000000   0x........         DC32     OSCfg_StkSizeMin

   \                                 In section .text, align 4, keep-with-next
   \                     ??DataTable6_6:
   \   00000000   0x........         DC32     OSCfg_TickTaskPrio

   \                                 In section .text, align 4, keep-with-next
   \                     ??DataTable6_7:
   \   00000000   0x........         DC32     OSCfg_TickTaskStkLimit

   \                                 In section .text, align 4, keep-with-next
   \                     ??DataTable6_8:
   \   00000000   0x........         DC32     OS_TickTask

   \                                 In section .text, align 4, keep-with-next
   \                     ??DataTable6_9:
   \   00000000   0x........         DC32     OSTickTaskTCB

   \                                 In section .text, align 4, keep-with-next
   \                     ??DataTable6_10:
   \   00000000   0x........         DC32     OSCfg_TickWheel

   \                                 In section .text, align 4, keep-with-next
   \                     ??DataTable6_11:
   \   00000000   0x........         DC32     OSCfg_TickWheelSize

   \                                 In section .text, align 4, keep-with-next
   \                     ??DataTable6_12:
   \   00000000   0xFFFF0001         DC32     0xffff0001

   \                                 In section .text, align 4, keep-with-next
   \                     ?_0:
   \   00000000   0x75 0x43          DC8 "uC/OS-III Tick Task"
   \              0x2F 0x4F    
   \              0x53 0x2D    
   \              0x49 0x49    
   \              0x49 0x20    
   \              0x54 0x69    
   \              0x63 0x6B    
   \              0x20 0x54    
   \              0x61 0x73    
   \              0x6B 0x00    

   Maximum stack usage in bytes:

   .cstack Function
   ------- --------
       0   OS_TickListInit
      12   OS_TickListInsert
       0   OS_TickListRemove
       0   OS_TickListResetPeak
      32   OS_TickListUpdate
        32   -> CPU_IntDisMeasStart
        32   -> CPU_IntDisMeasStop
         0   -> CPU_SR_Restore
        32   -> CPU_SR_Save
        32   -> OS_PendListRemove
        32   -> OS_TaskRdy
        32   -> OS_TickListRemove
      16   OS_TickTask
        16   -> OSTaskSemPend
        16   -> OS_TickListUpdate
      48   OS_TickTaskInit
        48   -> OSTaskCreate
        48   -> OS_TickListInit


   Section sizes:

   Bytes  Function/Label
   -----  --------------
       4  ??DataTable6
       4  ??DataTable6_1
       4  ??DataTable6_10
       4  ??DataTable6_11
       4  ??DataTable6_12
       4  ??DataTable6_2
       4  ??DataTable6_3
       4  ??DataTable6_4
       4  ??DataTable6_5
       4  ??DataTable6_6
       4  ??DataTable6_7
       4  ??DataTable6_8
       4  ??DataTable6_9
      20  ?_0
      32  OS_TickListInit
     240  OS_TickListInsert
      58  OS_TickListRemove
      28  OS_TickListResetPeak
     328  OS_TickListUpdate
      38  OS_TickTask
     114  OS_TickTaskInit

 
 910 bytes in section .text
 
 910 bytes of CODE memory

Errors: none
Warnings: none
